[0.837s] Invoking command in '/home/unitree/go2_ros2_ws/build/unitree_go': CMAKE_PREFIX_PATH=${CMAKE_PREFIX_PATH}:/opt/ros/foxy /usr/bin/cmake --build /home/unitree/go2_ros2_ws/build/unitree_go -- -j6 -l6
[1.025s] [  1%] Built target unitree_go__dds_connext_idl
[1.030s] [  1%] Built target unitree_go__cpp
[1.044s] [ 13%] Built target unitree_go__rosidl_generator_c
[1.155s] [ 25%] Built target unitree_go__rosidl_typesupport_fastrtps_cpp
[1.167s] [ 47%] Built target unitree_go__rosidl_typesupport_introspection_cpp
[1.168s] [ 49%] Built target unitree_go__rosidl_typesupport_introspection_c
[1.170s] [ 61%] Built target unitree_go__rosidl_typesupport_cpp
[1.191s] [ 73%] Built target unitree_go__rosidl_typesupport_c
[1.251s] [ 85%] Built target unitree_go__rosidl_typesupport_fastrtps_c
[1.300s] [ 85%] Built target unitree_go
[1.356s] [ 85%] Built target unitree_go__py
[1.451s] [ 97%] Built target unitree_go__python
[1.520s] [ 98%] Built target unitree_go__rosidl_typesupport_fastrtps_c__pyext
[1.520s] [ 99%] Built target unitree_go__rosidl_typesupport_c__pyext
[1.527s] [100%] Built target unitree_go__rosidl_typesupport_introspection_c__pyext
[1.848s] Invoked command in '/home/unitree/go2_ros2_ws/build/unitree_go' returned '0': CMAKE_PREFIX_PATH=${CMAKE_PREFIX_PATH}:/opt/ros/foxy /usr/bin/cmake --build /home/unitree/go2_ros2_ws/build/unitree_go -- -j6 -l6
[3.028s] Invoking command in '/home/unitree/go2_ros2_ws/build/unitree_go': CMAKE_PREFIX_PATH=${CMAKE_PREFIX_PATH}:/opt/ros/foxy /usr/bin/cmake --install /home/unitree/go2_ros2_ws/build/unitree_go
[3.050s] -- Install configuration: ""
[3.051s] -- Up-to-date: /home/unitree/go2_ros2_ws/install/unitree_go/share/ament_index/resource_index/rosidl_interfaces/unitree_go
[3.051s] -- Up-to-date: /home/unitree/go2_ros2_ws/install/unitree_go/include/unitree_go
[3.052s] -- Up-to-date: /home/unitree/go2_ros2_ws/install/unitree_go/include/unitree_go/msg
[3.052s] -- Up-to-date: /home/unitree/go2_ros2_ws/install/unitree_go/include/unitree_go/msg/sport_mode_cmd.h
[3.052s] -- Up-to-date: /home/unitree/go2_ros2_ws/install/unitree_go/include/unitree_go/msg/path_point.h
[3.052s] -- Up-to-date: /home/unitree/go2_ros2_ws/install/unitree_go/include/unitree_go/msg/lidar_state.h
[3.053s] -- Up-to-date: /home/unitree/go2_ros2_ws/install/unitree_go/include/unitree_go/msg/time_spec.h
[3.053s] -- Up-to-date: /home/unitree/go2_ros2_ws/install/unitree_go/include/unitree_go/msg/low_cmd.h
[3.053s] -- Up-to-date: /home/unitree/go2_ros2_ws/install/unitree_go/include/unitree_go/msg/interface_config.h
[3.054s] -- Up-to-date: /home/unitree/go2_ros2_ws/install/unitree_go/include/unitree_go/msg/bms_state.h
[3.054s] -- Up-to-date: /home/unitree/go2_ros2_ws/install/unitree_go/include/unitree_go/msg/rosidl_generator_c__visibility_control.h
[3.055s] -- Up-to-date: /home/unitree/go2_ros2_ws/install/unitree_go/include/unitree_go/msg/req.h
[3.055s] -- Up-to-date: /home/unitree/go2_ros2_ws/install/unitree_go/include/unitree_go/msg/audio_data.h
[3.056s] -- Up-to-date: /home/unitree/go2_ros2_ws/install/unitree_go/include/unitree_go/msg/motor_cmd.h
[3.056s] -- Up-to-date: /home/unitree/go2_ros2_ws/install/unitree_go/include/unitree_go/msg/detail
[3.056s] -- Up-to-date: /home/unitree/go2_ros2_ws/install/unitree_go/include/unitree_go/msg/detail/height_map__struct.h
[3.057s] -- Up-to-date: /home/unitree/go2_ros2_ws/install/unitree_go/include/unitree_go/msg/detail/motor_cmd__functions.c
[3.057s] -- Up-to-date: /home/unitree/go2_ros2_ws/install/unitree_go/include/unitree_go/msg/detail/imu_state__functions.c
[3.057s] -- Up-to-date: /home/unitree/go2_ros2_ws/install/unitree_go/include/unitree_go/msg/detail/res__functions.h
[3.057s] -- Up-to-date: /home/unitree/go2_ros2_ws/install/unitree_go/include/unitree_go/msg/detail/bms_cmd__struct.h
[3.058s] -- Up-to-date: /home/unitree/go2_ros2_ws/install/unitree_go/include/unitree_go/msg/detail/audio_data__functions.h
[3.058s] -- Up-to-date: /home/unitree/go2_ros2_ws/install/unitree_go/include/unitree_go/msg/detail/lidar_state__type_support.h
[3.058s] -- Up-to-date: /home/unitree/go2_ros2_ws/install/unitree_go/include/unitree_go/msg/detail/time_spec__type_support.h
[3.058s] -- Up-to-date: /home/unitree/go2_ros2_ws/install/unitree_go/include/unitree_go/msg/detail/go2_front_video_data__type_support.h
[3.058s] -- Up-to-date: /home/unitree/go2_ros2_ws/install/unitree_go/include/unitree_go/msg/detail/error__type_support.h
[3.058s] -- Up-to-date: /home/unitree/go2_ros2_ws/install/unitree_go/include/unitree_go/msg/detail/req__functions.c
[3.059s] -- Up-to-date: /home/unitree/go2_ros2_ws/install/unitree_go/include/unitree_go/msg/detail/interface_config__type_support.h
[3.059s] -- Up-to-date: /home/unitree/go2_ros2_ws/install/unitree_go/include/unitree_go/msg/detail/wireless_controller__functions.h
[3.059s] -- Up-to-date: /home/unitree/go2_ros2_ws/install/unitree_go/include/unitree_go/msg/detail/low_state__struct.h
[3.060s] -- Up-to-date: /home/unitree/go2_ros2_ws/install/unitree_go/include/unitree_go/msg/detail/go2_front_video_data__struct.h
[3.061s] -- Up-to-date: /home/unitree/go2_ros2_ws/install/unitree_go/include/unitree_go/msg/detail/low_state__type_support.h
[3.061s] -- Up-to-date: /home/unitree/go2_ros2_ws/install/unitree_go/include/unitree_go/msg/detail/lidar_state__functions.c
[3.062s] -- Up-to-date: /home/unitree/go2_ros2_ws/install/unitree_go/include/unitree_go/msg/detail/height_map__type_support.h
[3.062s] -- Up-to-date: /home/unitree/go2_ros2_ws/install/unitree_go/include/unitree_go/msg/detail/uwb_switch__functions.c
[3.062s] -- Up-to-date: /home/unitree/go2_ros2_ws/install/unitree_go/include/unitree_go/msg/detail/interface_config__functions.c
[3.063s] -- Up-to-date: /home/unitree/go2_ros2_ws/install/unitree_go/include/unitree_go/msg/detail/motor_state__struct.h
[3.063s] -- Up-to-date: /home/unitree/go2_ros2_ws/install/unitree_go/include/unitree_go/msg/detail/low_cmd__type_support.h
[3.063s] -- Up-to-date: /home/unitree/go2_ros2_ws/install/unitree_go/include/unitree_go/msg/detail/audio_data__functions.c
[3.063s] -- Up-to-date: /home/unitree/go2_ros2_ws/install/unitree_go/include/unitree_go/msg/detail/go2_front_video_data__functions.c
[3.063s] -- Up-to-date: /home/unitree/go2_ros2_ws/install/unitree_go/include/unitree_go/msg/detail/path_point__functions.h
[3.063s] -- Up-to-date: /home/unitree/go2_ros2_ws/install/unitree_go/include/unitree_go/msg/detail/wireless_controller__struct.h
[3.064s] -- Up-to-date: /home/unitree/go2_ros2_ws/install/unitree_go/include/unitree_go/msg/detail/height_map__functions.c
[3.064s] -- Up-to-date: /home/unitree/go2_ros2_ws/install/unitree_go/include/unitree_go/msg/detail/uwb_state__functions.h
[3.064s] -- Up-to-date: /home/unitree/go2_ros2_ws/install/unitree_go/include/unitree_go/msg/detail/time_spec__struct.h
[3.064s] -- Up-to-date: /home/unitree/go2_ros2_ws/install/unitree_go/include/unitree_go/msg/detail/uwb_state__functions.c
[3.064s] -- Up-to-date: /home/unitree/go2_ros2_ws/install/unitree_go/include/unitree_go/msg/detail/path_point__struct.h
[3.064s] -- Up-to-date: /home/unitree/go2_ros2_ws/install/unitree_go/include/unitree_go/msg/detail/bms_cmd__type_support.h
[3.065s] -- Up-to-date: /home/unitree/go2_ros2_ws/install/unitree_go/include/unitree_go/msg/detail/motor_cmd__type_support.h
[3.065s] -- Up-to-date: /home/unitree/go2_ros2_ws/install/unitree_go/include/unitree_go/msg/detail/sport_mode_cmd__type_support.h
[3.066s] -- Up-to-date: /home/unitree/go2_ros2_ws/install/unitree_go/include/unitree_go/msg/detail/uwb_switch__functions.h
[3.066s] -- Up-to-date: /home/unitree/go2_ros2_ws/install/unitree_go/include/unitree_go/msg/detail/go2_front_video_data__functions.h
[3.067s] -- Up-to-date: /home/unitree/go2_ros2_ws/install/unitree_go/include/unitree_go/msg/detail/bms_cmd__functions.h
[3.067s] -- Up-to-date: /home/unitree/go2_ros2_ws/install/unitree_go/include/unitree_go/msg/detail/uwb_switch__type_support.h
[3.067s] -- Up-to-date: /home/unitree/go2_ros2_ws/install/unitree_go/include/unitree_go/msg/detail/bms_state__functions.c
[3.067s] -- Up-to-date: /home/unitree/go2_ros2_ws/install/unitree_go/include/unitree_go/msg/detail/motor_state__functions.h
[3.067s] -- Up-to-date: /home/unitree/go2_ros2_ws/install/unitree_go/include/unitree_go/msg/detail/sport_mode_cmd__functions.h
[3.067s] -- Up-to-date: /home/unitree/go2_ros2_ws/install/unitree_go/include/unitree_go/msg/detail/low_state__functions.c
[3.067s] -- Up-to-date: /home/unitree/go2_ros2_ws/install/unitree_go/include/unitree_go/msg/detail/lidar_state__struct.h
[3.068s] -- Up-to-date: /home/unitree/go2_ros2_ws/install/unitree_go/include/unitree_go/msg/detail/imu_state__type_support.h
[3.068s] -- Up-to-date: /home/unitree/go2_ros2_ws/install/unitree_go/include/unitree_go/msg/detail/sport_mode_state__type_support.h
[3.068s] -- Up-to-date: /home/unitree/go2_ros2_ws/install/unitree_go/include/unitree_go/msg/detail/low_cmd__functions.h
[3.069s] -- Up-to-date: /home/unitree/go2_ros2_ws/install/unitree_go/include/unitree_go/msg/detail/motor_cmd__functions.h
[3.069s] -- Up-to-date: /home/unitree/go2_ros2_ws/install/unitree_go/include/unitree_go/msg/detail/res__type_support.h
[3.070s] -- Up-to-date: /home/unitree/go2_ros2_ws/install/unitree_go/include/unitree_go/msg/detail/req__type_support.h
[3.070s] -- Up-to-date: /home/unitree/go2_ros2_ws/install/unitree_go/include/unitree_go/msg/detail/time_spec__functions.h
[3.070s] -- Up-to-date: /home/unitree/go2_ros2_ws/install/unitree_go/include/unitree_go/msg/detail/sport_mode_cmd__functions.c
[3.071s] -- Up-to-date: /home/unitree/go2_ros2_ws/install/unitree_go/include/unitree_go/msg/detail/bms_state__struct.h
[3.071s] -- Up-to-date: /home/unitree/go2_ros2_ws/install/unitree_go/include/unitree_go/msg/detail/bms_state__type_support.h
[3.071s] -- Up-to-date: /home/unitree/go2_ros2_ws/install/unitree_go/include/unitree_go/msg/detail/uwb_switch__struct.h
[3.071s] -- Up-to-date: /home/unitree/go2_ros2_ws/install/unitree_go/include/unitree_go/msg/detail/path_point__functions.c
[3.071s] -- Up-to-date: /home/unitree/go2_ros2_ws/install/unitree_go/include/unitree_go/msg/detail/sport_mode_state__functions.c
[3.071s] -- Up-to-date: /home/unitree/go2_ros2_ws/install/unitree_go/include/unitree_go/msg/detail/req__functions.h
[3.072s] -- Up-to-date: /home/unitree/go2_ros2_ws/install/unitree_go/include/unitree_go/msg/detail/wireless_controller__type_support.h
[3.072s] -- Up-to-date: /home/unitree/go2_ros2_ws/install/unitree_go/include/unitree_go/msg/detail/lidar_state__functions.h
[3.072s] -- Up-to-date: /home/unitree/go2_ros2_ws/install/unitree_go/include/unitree_go/msg/detail/time_spec__functions.c
[3.072s] -- Up-to-date: /home/unitree/go2_ros2_ws/install/unitree_go/include/unitree_go/msg/detail/bms_state__functions.h
[3.072s] -- Up-to-date: /home/unitree/go2_ros2_ws/install/unitree_go/include/unitree_go/msg/detail/res__struct.h
[3.072s] -- Up-to-date: /home/unitree/go2_ros2_ws/install/unitree_go/include/unitree_go/msg/detail/error__functions.h
[3.072s] -- Up-to-date: /home/unitree/go2_ros2_ws/install/unitree_go/include/unitree_go/msg/detail/error__struct.h
[3.073s] -- Up-to-date: /home/unitree/go2_ros2_ws/install/unitree_go/include/unitree_go/msg/detail/req__struct.h
[3.073s] -- Up-to-date: /home/unitree/go2_ros2_ws/install/unitree_go/include/unitree_go/msg/detail/sport_mode_state__struct.h
[3.073s] -- Up-to-date: /home/unitree/go2_ros2_ws/install/unitree_go/include/unitree_go/msg/detail/low_cmd__struct.h
[3.073s] -- Up-to-date: /home/unitree/go2_ros2_ws/install/unitree_go/include/unitree_go/msg/detail/interface_config__functions.h
[3.074s] -- Up-to-date: /home/unitree/go2_ros2_ws/install/unitree_go/include/unitree_go/msg/detail/imu_state__functions.h
[3.074s] -- Up-to-date: /home/unitree/go2_ros2_ws/install/unitree_go/include/unitree_go/msg/detail/audio_data__type_support.h
[3.074s] -- Up-to-date: /home/unitree/go2_ros2_ws/install/unitree_go/include/unitree_go/msg/detail/sport_mode_state__functions.h
[3.075s] -- Up-to-date: /home/unitree/go2_ros2_ws/install/unitree_go/include/unitree_go/msg/detail/bms_cmd__functions.c
[3.075s] -- Up-to-date: /home/unitree/go2_ros2_ws/install/unitree_go/include/unitree_go/msg/detail/uwb_state__type_support.h
[3.076s] -- Up-to-date: /home/unitree/go2_ros2_ws/install/unitree_go/include/unitree_go/msg/detail/path_point__type_support.h
[3.076s] -- Up-to-date: /home/unitree/go2_ros2_ws/install/unitree_go/include/unitree_go/msg/detail/low_cmd__functions.c
[3.076s] -- Up-to-date: /home/unitree/go2_ros2_ws/install/unitree_go/include/unitree_go/msg/detail/res__functions.c
[3.078s] -- Up-to-date: /home/unitree/go2_ros2_ws/install/unitree_go/include/unitree_go/msg/detail/imu_state__struct.h
[3.079s] -- Up-to-date: /home/unitree/go2_ros2_ws/install/unitree_go/include/unitree_go/msg/detail/motor_state__functions.c
[3.080s] -- Up-to-date: /home/unitree/go2_ros2_ws/install/unitree_go/include/unitree_go/msg/detail/height_map__functions.h
[3.080s] -- Up-to-date: /home/unitree/go2_ros2_ws/install/unitree_go/include/unitree_go/msg/detail/sport_mode_cmd__struct.h
[3.081s] -- Up-to-date: /home/unitree/go2_ros2_ws/install/unitree_go/include/unitree_go/msg/detail/wireless_controller__functions.c
[3.081s] -- Up-to-date: /home/unitree/go2_ros2_ws/install/unitree_go/include/unitree_go/msg/detail/uwb_state__struct.h
[3.081s] -- Up-to-date: /home/unitree/go2_ros2_ws/install/unitree_go/include/unitree_go/msg/detail/audio_data__struct.h
[3.082s] -- Up-to-date: /home/unitree/go2_ros2_ws/install/unitree_go/include/unitree_go/msg/detail/low_state__functions.h
[3.082s] -- Up-to-date: /home/unitree/go2_ros2_ws/install/unitree_go/include/unitree_go/msg/detail/motor_state__type_support.h
[3.082s] -- Up-to-date: /home/unitree/go2_ros2_ws/install/unitree_go/include/unitree_go/msg/detail/motor_cmd__struct.h
[3.082s] -- Up-to-date: /home/unitree/go2_ros2_ws/install/unitree_go/include/unitree_go/msg/detail/interface_config__struct.h
[3.082s] -- Up-to-date: /home/unitree/go2_ros2_ws/install/unitree_go/include/unitree_go/msg/detail/error__functions.c
[3.082s] -- Up-to-date: /home/unitree/go2_ros2_ws/install/unitree_go/include/unitree_go/msg/low_state.h
[3.083s] -- Up-to-date: /home/unitree/go2_ros2_ws/install/unitree_go/include/unitree_go/msg/uwb_state.h
[3.083s] -- Up-to-date: /home/unitree/go2_ros2_ws/install/unitree_go/include/unitree_go/msg/go2_front_video_data.h
[3.083s] -- Up-to-date: /home/unitree/go2_ros2_ws/install/unitree_go/include/unitree_go/msg/bms_cmd.h
[3.083s] -- Up-to-date: /home/unitree/go2_ros2_ws/install/unitree_go/include/unitree_go/msg/imu_state.h
[3.083s] -- Up-to-date: /home/unitree/go2_ros2_ws/install/unitree_go/include/unitree_go/msg/sport_mode_state.h
[3.083s] -- Up-to-date: /home/unitree/go2_ros2_ws/install/unitree_go/include/unitree_go/msg/error.h
[3.084s] -- Up-to-date: /home/unitree/go2_ros2_ws/install/unitree_go/include/unitree_go/msg/motor_state.h
[3.084s] -- Up-to-date: /home/unitree/go2_ros2_ws/install/unitree_go/include/unitree_go/msg/res.h
[3.084s] -- Up-to-date: /home/unitree/go2_ros2_ws/install/unitree_go/include/unitree_go/msg/wireless_controller.h
[3.084s] -- Up-to-date: /home/unitree/go2_ros2_ws/install/unitree_go/include/unitree_go/msg/uwb_switch.h
[3.084s] -- Up-to-date: /home/unitree/go2_ros2_ws/install/unitree_go/include/unitree_go/msg/height_map.h
[3.084s] -- Up-to-date: /home/unitree/go2_ros2_ws/install/unitree_go/share/unitree_go/environment/library_path.sh
[3.085s] -- Up-to-date: /home/unitree/go2_ros2_ws/install/unitree_go/share/unitree_go/environment/library_path.dsv
[3.085s] -- Up-to-date: /home/unitree/go2_ros2_ws/install/unitree_go/lib/libunitree_go__rosidl_generator_c.so
[3.085s] -- Up-to-date: /home/unitree/go2_ros2_ws/install/unitree_go/include/unitree_go
[3.085s] -- Up-to-date: /home/unitree/go2_ros2_ws/install/unitree_go/include/unitree_go/msg
[3.085s] -- Up-to-date: /home/unitree/go2_ros2_ws/install/unitree_go/include/unitree_go/msg/rosidl_typesupport_fastrtps_c__visibility_control.h
[3.085s] -- Up-to-date: /home/unitree/go2_ros2_ws/install/unitree_go/include/unitree_go/msg/detail
[3.086s] -- Up-to-date: /home/unitree/go2_ros2_ws/install/unitree_go/include/unitree_go/msg/detail/error__rosidl_typesupport_fastrtps_c.h
[3.086s] -- Up-to-date: /home/unitree/go2_ros2_ws/install/unitree_go/include/unitree_go/msg/detail/uwb_switch__rosidl_typesupport_fastrtps_c.h
[3.086s] -- Up-to-date: /home/unitree/go2_ros2_ws/install/unitree_go/include/unitree_go/msg/detail/imu_state__rosidl_typesupport_fastrtps_c.h
[3.086s] -- Up-to-date: /home/unitree/go2_ros2_ws/install/unitree_go/include/unitree_go/msg/detail/res__rosidl_typesupport_fastrtps_c.h
[3.086s] -- Up-to-date: /home/unitree/go2_ros2_ws/install/unitree_go/include/unitree_go/msg/detail/height_map__rosidl_typesupport_fastrtps_c.h
[3.086s] -- Up-to-date: /home/unitree/go2_ros2_ws/install/unitree_go/include/unitree_go/msg/detail/sport_mode_state__rosidl_typesupport_fastrtps_c.h
[3.086s] -- Up-to-date: /home/unitree/go2_ros2_ws/install/unitree_go/include/unitree_go/msg/detail/go2_front_video_data__rosidl_typesupport_fastrtps_c.h
[3.087s] -- Up-to-date: /home/unitree/go2_ros2_ws/install/unitree_go/include/unitree_go/msg/detail/low_cmd__rosidl_typesupport_fastrtps_c.h
[3.087s] -- Up-to-date: /home/unitree/go2_ros2_ws/install/unitree_go/include/unitree_go/msg/detail/audio_data__rosidl_typesupport_fastrtps_c.h
[3.087s] -- Up-to-date: /home/unitree/go2_ros2_ws/install/unitree_go/include/unitree_go/msg/detail/bms_state__rosidl_typesupport_fastrtps_c.h
[3.087s] -- Up-to-date: /home/unitree/go2_ros2_ws/install/unitree_go/include/unitree_go/msg/detail/path_point__rosidl_typesupport_fastrtps_c.h
[3.087s] -- Up-to-date: /home/unitree/go2_ros2_ws/install/unitree_go/include/unitree_go/msg/detail/motor_cmd__rosidl_typesupport_fastrtps_c.h
[3.087s] -- Up-to-date: /home/unitree/go2_ros2_ws/install/unitree_go/include/unitree_go/msg/detail/req__rosidl_typesupport_fastrtps_c.h
[3.087s] -- Up-to-date: /home/unitree/go2_ros2_ws/install/unitree_go/include/unitree_go/msg/detail/uwb_state__rosidl_typesupport_fastrtps_c.h
[3.088s] -- Up-to-date: /home/unitree/go2_ros2_ws/install/unitree_go/include/unitree_go/msg/detail/interface_config__rosidl_typesupport_fastrtps_c.h
[3.088s] -- Up-to-date: /home/unitree/go2_ros2_ws/install/unitree_go/include/unitree_go/msg/detail/low_state__rosidl_typesupport_fastrtps_c.h
[3.088s] -- Up-to-date: /home/unitree/go2_ros2_ws/install/unitree_go/include/unitree_go/msg/detail/time_spec__rosidl_typesupport_fastrtps_c.h
[3.088s] -- Up-to-date: /home/unitree/go2_ros2_ws/install/unitree_go/include/unitree_go/msg/detail/wireless_controller__rosidl_typesupport_fastrtps_c.h
[3.088s] -- Up-to-date: /home/unitree/go2_ros2_ws/install/unitree_go/include/unitree_go/msg/detail/motor_state__rosidl_typesupport_fastrtps_c.h
[3.088s] -- Up-to-date: /home/unitree/go2_ros2_ws/install/unitree_go/include/unitree_go/msg/detail/bms_cmd__rosidl_typesupport_fastrtps_c.h
[3.088s] -- Up-to-date: /home/unitree/go2_ros2_ws/install/unitree_go/include/unitree_go/msg/detail/lidar_state__rosidl_typesupport_fastrtps_c.h
[3.089s] -- Up-to-date: /home/unitree/go2_ros2_ws/install/unitree_go/include/unitree_go/msg/detail/sport_mode_cmd__rosidl_typesupport_fastrtps_c.h
[3.089s] -- Up-to-date: /home/unitree/go2_ros2_ws/install/unitree_go/lib/libunitree_go__rosidl_typesupport_fastrtps_c.so
[3.089s] -- Up-to-date: /home/unitree/go2_ros2_ws/install/unitree_go/include/unitree_go
[3.089s] -- Up-to-date: /home/unitree/go2_ros2_ws/install/unitree_go/include/unitree_go/msg
[3.089s] -- Up-to-date: /home/unitree/go2_ros2_ws/install/unitree_go/include/unitree_go/msg/rosidl_typesupport_fastrtps_cpp__visibility_control.h
[3.089s] -- Up-to-date: /home/unitree/go2_ros2_ws/install/unitree_go/include/unitree_go/msg/detail
[3.089s] -- Up-to-date: /home/unitree/go2_ros2_ws/install/unitree_go/include/unitree_go/msg/detail/error__rosidl_typesupport_fastrtps_cpp.hpp
[3.089s] -- Up-to-date: /home/unitree/go2_ros2_ws/install/unitree_go/include/unitree_go/msg/detail/path_point__rosidl_typesupport_fastrtps_cpp.hpp
[3.090s] -- Up-to-date: /home/unitree/go2_ros2_ws/install/unitree_go/include/unitree_go/msg/detail/uwb_state__rosidl_typesupport_fastrtps_cpp.hpp
[3.090s] -- Up-to-date: /home/unitree/go2_ros2_ws/install/unitree_go/include/unitree_go/msg/detail/go2_front_video_data__rosidl_typesupport_fastrtps_cpp.hpp
[3.090s] -- Up-to-date: /home/unitree/go2_ros2_ws/install/unitree_go/include/unitree_go/msg/detail/low_state__rosidl_typesupport_fastrtps_cpp.hpp
[3.090s] -- Up-to-date: /home/unitree/go2_ros2_ws/install/unitree_go/include/unitree_go/msg/detail/uwb_switch__rosidl_typesupport_fastrtps_cpp.hpp
[3.090s] -- Up-to-date: /home/unitree/go2_ros2_ws/install/unitree_go/include/unitree_go/msg/detail/bms_cmd__rosidl_typesupport_fastrtps_cpp.hpp
[3.091s] -- Up-to-date: /home/unitree/go2_ros2_ws/install/unitree_go/include/unitree_go/msg/detail/bms_state__rosidl_typesupport_fastrtps_cpp.hpp
[3.091s] -- Up-to-date: /home/unitree/go2_ros2_ws/install/unitree_go/include/unitree_go/msg/detail/lidar_state__rosidl_typesupport_fastrtps_cpp.hpp
[3.091s] -- Up-to-date: /home/unitree/go2_ros2_ws/install/unitree_go/include/unitree_go/msg/detail/wireless_controller__rosidl_typesupport_fastrtps_cpp.hpp
[3.091s] -- Up-to-date: /home/unitree/go2_ros2_ws/install/unitree_go/include/unitree_go/msg/detail/interface_config__rosidl_typesupport_fastrtps_cpp.hpp
[3.091s] -- Up-to-date: /home/unitree/go2_ros2_ws/install/unitree_go/include/unitree_go/msg/detail/sport_mode_cmd__rosidl_typesupport_fastrtps_cpp.hpp
[3.091s] -- Up-to-date: /home/unitree/go2_ros2_ws/install/unitree_go/include/unitree_go/msg/detail/dds_fastrtps
[3.091s] -- Up-to-date: /home/unitree/go2_ros2_ws/install/unitree_go/include/unitree_go/msg/detail/motor_state__rosidl_typesupport_fastrtps_cpp.hpp
[3.092s] -- Up-to-date: /home/unitree/go2_ros2_ws/install/unitree_go/include/unitree_go/msg/detail/motor_cmd__rosidl_typesupport_fastrtps_cpp.hpp
[3.092s] -- Up-to-date: /home/unitree/go2_ros2_ws/install/unitree_go/include/unitree_go/msg/detail/imu_state__rosidl_typesupport_fastrtps_cpp.hpp
[3.092s] -- Up-to-date: /home/unitree/go2_ros2_ws/install/unitree_go/include/unitree_go/msg/detail/time_spec__rosidl_typesupport_fastrtps_cpp.hpp
[3.092s] -- Up-to-date: /home/unitree/go2_ros2_ws/install/unitree_go/include/unitree_go/msg/detail/req__rosidl_typesupport_fastrtps_cpp.hpp
[3.092s] -- Up-to-date: /home/unitree/go2_ros2_ws/install/unitree_go/include/unitree_go/msg/detail/sport_mode_state__rosidl_typesupport_fastrtps_cpp.hpp
[3.092s] -- Up-to-date: /home/unitree/go2_ros2_ws/install/unitree_go/include/unitree_go/msg/detail/audio_data__rosidl_typesupport_fastrtps_cpp.hpp
[3.092s] -- Up-to-date: /home/unitree/go2_ros2_ws/install/unitree_go/include/unitree_go/msg/detail/res__rosidl_typesupport_fastrtps_cpp.hpp
[3.093s] -- Up-to-date: /home/unitree/go2_ros2_ws/install/unitree_go/include/unitree_go/msg/detail/height_map__rosidl_typesupport_fastrtps_cpp.hpp
[3.093s] -- Up-to-date: /home/unitree/go2_ros2_ws/install/unitree_go/include/unitree_go/msg/detail/low_cmd__rosidl_typesupport_fastrtps_cpp.hpp
[3.093s] -- Up-to-date: /home/unitree/go2_ros2_ws/install/unitree_go/lib/libunitree_go__rosidl_typesupport_fastrtps_cpp.so
[3.093s] -- Up-to-date: /home/unitree/go2_ros2_ws/install/unitree_go/include/unitree_go
[3.093s] -- Up-to-date: /home/unitree/go2_ros2_ws/install/unitree_go/include/unitree_go/msg
[3.093s] -- Up-to-date: /home/unitree/go2_ros2_ws/install/unitree_go/include/unitree_go/msg/detail
[3.093s] -- Up-to-date: /home/unitree/go2_ros2_ws/install/unitree_go/include/unitree_go/msg/detail/sport_mode_cmd__type_support.c
[3.094s] -- Up-to-date: /home/unitree/go2_ros2_ws/install/unitree_go/include/unitree_go/msg/detail/go2_front_video_data__type_support.c
[3.094s] -- Up-to-date: /home/unitree/go2_ros2_ws/install/unitree_go/include/unitree_go/msg/detail/bms_cmd__type_support.c
[3.094s] -- Up-to-date: /home/unitree/go2_ros2_ws/install/unitree_go/include/unitree_go/msg/detail/low_state__type_support.c
[3.094s] -- Up-to-date: /home/unitree/go2_ros2_ws/install/unitree_go/include/unitree_go/msg/detail/height_map__rosidl_typesupport_introspection_c.h
[3.094s] -- Up-to-date: /home/unitree/go2_ros2_ws/install/unitree_go/include/unitree_go/msg/detail/interface_config__type_support.c
[3.094s] -- Up-to-date: /home/unitree/go2_ros2_ws/install/unitree_go/include/unitree_go/msg/detail/imu_state__type_support.c
[3.094s] -- Up-to-date: /home/unitree/go2_ros2_ws/install/unitree_go/include/unitree_go/msg/detail/req__type_support.c
[3.095s] -- Up-to-date: /home/unitree/go2_ros2_ws/install/unitree_go/include/unitree_go/msg/detail/sport_mode_cmd__rosidl_typesupport_introspection_c.h
[3.095s] -- Up-to-date: /home/unitree/go2_ros2_ws/install/unitree_go/include/unitree_go/msg/detail/sport_mode_state__rosidl_typesupport_introspection_c.h
[3.095s] -- Up-to-date: /home/unitree/go2_ros2_ws/install/unitree_go/include/unitree_go/msg/detail/time_spec__type_support.c
[3.095s] -- Up-to-date: /home/unitree/go2_ros2_ws/install/unitree_go/include/unitree_go/msg/detail/lidar_state__type_support.c
[3.095s] -- Up-to-date: /home/unitree/go2_ros2_ws/install/unitree_go/include/unitree_go/msg/detail/bms_cmd__rosidl_typesupport_introspection_c.h
[3.095s] -- Up-to-date: /home/unitree/go2_ros2_ws/install/unitree_go/include/unitree_go/msg/detail/path_point__type_support.c
[3.095s] -- Up-to-date: /home/unitree/go2_ros2_ws/install/unitree_go/include/unitree_go/msg/detail/low_cmd__type_support.c
[3.095s] -- Up-to-date: /home/unitree/go2_ros2_ws/install/unitree_go/include/unitree_go/msg/detail/sport_mode_state__type_support.c
[3.096s] -- Up-to-date: /home/unitree/go2_ros2_ws/install/unitree_go/include/unitree_go/msg/detail/low_state__rosidl_typesupport_introspection_c.h
[3.096s] -- Up-to-date: /home/unitree/go2_ros2_ws/install/unitree_go/include/unitree_go/msg/detail/time_spec__rosidl_typesupport_introspection_c.h
[3.096s] -- Up-to-date: /home/unitree/go2_ros2_ws/install/unitree_go/include/unitree_go/msg/detail/audio_data__type_support.c
[3.096s] -- Up-to-date: /home/unitree/go2_ros2_ws/install/unitree_go/include/unitree_go/msg/detail/wireless_controller__type_support.c
[3.096s] -- Up-to-date: /home/unitree/go2_ros2_ws/install/unitree_go/include/unitree_go/msg/detail/motor_cmd__rosidl_typesupport_introspection_c.h
[3.096s] -- Up-to-date: /home/unitree/go2_ros2_ws/install/unitree_go/include/unitree_go/msg/detail/uwb_state__type_support.c
[3.096s] -- Up-to-date: /home/unitree/go2_ros2_ws/install/unitree_go/include/unitree_go/msg/detail/interface_config__rosidl_typesupport_introspection_c.h
[3.096s] -- Up-to-date: /home/unitree/go2_ros2_ws/install/unitree_go/include/unitree_go/msg/detail/audio_data__rosidl_typesupport_introspection_c.h
[3.097s] -- Up-to-date: /home/unitree/go2_ros2_ws/install/unitree_go/include/unitree_go/msg/detail/path_point__rosidl_typesupport_introspection_c.h
[3.097s] -- Up-to-date: /home/unitree/go2_ros2_ws/install/unitree_go/include/unitree_go/msg/detail/motor_state__type_support.c
[3.097s] -- Up-to-date: /home/unitree/go2_ros2_ws/install/unitree_go/include/unitree_go/msg/detail/error__rosidl_typesupport_introspection_c.h
[3.097s] -- Up-to-date: /home/unitree/go2_ros2_ws/install/unitree_go/include/unitree_go/msg/detail/imu_state__rosidl_typesupport_introspection_c.h
[3.097s] -- Up-to-date: /home/unitree/go2_ros2_ws/install/unitree_go/include/unitree_go/msg/detail/req__rosidl_typesupport_introspection_c.h
[3.097s] -- Up-to-date: /home/unitree/go2_ros2_ws/install/unitree_go/include/unitree_go/msg/detail/error__type_support.c
[3.098s] -- Up-to-date: /home/unitree/go2_ros2_ws/install/unitree_go/include/unitree_go/msg/detail/uwb_state__rosidl_typesupport_introspection_c.h
[3.098s] -- Up-to-date: /home/unitree/go2_ros2_ws/install/unitree_go/include/unitree_go/msg/detail/motor_cmd__type_support.c
[3.098s] -- Up-to-date: /home/unitree/go2_ros2_ws/install/unitree_go/include/unitree_go/msg/detail/lidar_state__rosidl_typesupport_introspection_c.h
[3.098s] -- Up-to-date: /home/unitree/go2_ros2_ws/install/unitree_go/include/unitree_go/msg/detail/bms_state__type_support.c
[3.099s] -- Up-to-date: /home/unitree/go2_ros2_ws/install/unitree_go/include/unitree_go/msg/detail/low_cmd__rosidl_typesupport_introspection_c.h
[3.099s] -- Up-to-date: /home/unitree/go2_ros2_ws/install/unitree_go/include/unitree_go/msg/detail/res__rosidl_typesupport_introspection_c.h
[3.099s] -- Up-to-date: /home/unitree/go2_ros2_ws/install/unitree_go/include/unitree_go/msg/detail/go2_front_video_data__rosidl_typesupport_introspection_c.h
[3.099s] -- Up-to-date: /home/unitree/go2_ros2_ws/install/unitree_go/include/unitree_go/msg/detail/height_map__type_support.c
[3.099s] -- Up-to-date: /home/unitree/go2_ros2_ws/install/unitree_go/include/unitree_go/msg/detail/wireless_controller__rosidl_typesupport_introspection_c.h
[3.099s] -- Up-to-date: /home/unitree/go2_ros2_ws/install/unitree_go/include/unitree_go/msg/detail/uwb_switch__rosidl_typesupport_introspection_c.h
[3.099s] -- Up-to-date: /home/unitree/go2_ros2_ws/install/unitree_go/include/unitree_go/msg/detail/uwb_switch__type_support.c
[3.100s] -- Up-to-date: /home/unitree/go2_ros2_ws/install/unitree_go/include/unitree_go/msg/detail/res__type_support.c
[3.100s] -- Up-to-date: /home/unitree/go2_ros2_ws/install/unitree_go/include/unitree_go/msg/detail/bms_state__rosidl_typesupport_introspection_c.h
[3.100s] -- Up-to-date: /home/unitree/go2_ros2_ws/install/unitree_go/include/unitree_go/msg/detail/motor_state__rosidl_typesupport_introspection_c.h
[3.100s] -- Up-to-date: /home/unitree/go2_ros2_ws/install/unitree_go/include/unitree_go/msg/rosidl_typesupport_introspection_c__visibility_control.h
[3.100s] -- Up-to-date: /home/unitree/go2_ros2_ws/install/unitree_go/lib/libunitree_go__rosidl_typesupport_introspection_c.so
[3.100s] -- Up-to-date: /home/unitree/go2_ros2_ws/install/unitree_go/lib/libunitree_go__rosidl_typesupport_c.so
[3.100s] -- Up-to-date: /home/unitree/go2_ros2_ws/install/unitree_go/include/unitree_go
[3.100s] -- Up-to-date: /home/unitree/go2_ros2_ws/install/unitree_go/include/unitree_go/msg
[3.101s] -- Up-to-date: /home/unitree/go2_ros2_ws/install/unitree_go/include/unitree_go/msg/audio_data.hpp
[3.101s] -- Up-to-date: /home/unitree/go2_ros2_ws/install/unitree_go/include/unitree_go/msg/motor_cmd.hpp
[3.101s] -- Up-to-date: /home/unitree/go2_ros2_ws/install/unitree_go/include/unitree_go/msg/time_spec.hpp
[3.101s] -- Up-to-date: /home/unitree/go2_ros2_ws/install/unitree_go/include/unitree_go/msg/motor_state.hpp
[3.101s] -- Up-to-date: /home/unitree/go2_ros2_ws/install/unitree_go/include/unitree_go/msg/bms_cmd.hpp
[3.101s] -- Up-to-date: /home/unitree/go2_ros2_ws/install/unitree_go/include/unitree_go/msg/low_cmd.hpp
[3.101s] -- Up-to-date: /home/unitree/go2_ros2_ws/install/unitree_go/include/unitree_go/msg/imu_state.hpp
[3.102s] -- Up-to-date: /home/unitree/go2_ros2_ws/install/unitree_go/include/unitree_go/msg/height_map.hpp
[3.102s] -- Up-to-date: /home/unitree/go2_ros2_ws/install/unitree_go/include/unitree_go/msg/go2_front_video_data.hpp
[3.102s] -- Up-to-date: /home/unitree/go2_ros2_ws/install/unitree_go/include/unitree_go/msg/error.hpp
[3.102s] -- Up-to-date: /home/unitree/go2_ros2_ws/install/unitree_go/include/unitree_go/msg/detail
[3.102s] -- Up-to-date: /home/unitree/go2_ros2_ws/install/unitree_go/include/unitree_go/msg/detail/sport_mode_cmd__traits.hpp
[3.102s] -- Up-to-date: /home/unitree/go2_ros2_ws/install/unitree_go/include/unitree_go/msg/detail/error__builder.hpp
[3.103s] -- Up-to-date: /home/unitree/go2_ros2_ws/install/unitree_go/include/unitree_go/msg/detail/motor_cmd__traits.hpp
[3.103s] -- Up-to-date: /home/unitree/go2_ros2_ws/install/unitree_go/include/unitree_go/msg/detail/wireless_controller__struct.hpp
[3.103s] -- Up-to-date: /home/unitree/go2_ros2_ws/install/unitree_go/include/unitree_go/msg/detail/res__type_support.hpp
[3.103s] -- Up-to-date: /home/unitree/go2_ros2_ws/install/unitree_go/include/unitree_go/msg/detail/interface_config__type_support.hpp
[3.103s] -- Up-to-date: /home/unitree/go2_ros2_ws/install/unitree_go/include/unitree_go/msg/detail/audio_data__type_support.hpp
[3.103s] -- Up-to-date: /home/unitree/go2_ros2_ws/install/unitree_go/include/unitree_go/msg/detail/path_point__traits.hpp
[3.103s] -- Up-to-date: /home/unitree/go2_ros2_ws/install/unitree_go/include/unitree_go/msg/detail/low_cmd__type_support.hpp
[3.103s] -- Up-to-date: /home/unitree/go2_ros2_ws/install/unitree_go/include/unitree_go/msg/detail/req__builder.hpp
[3.104s] -- Up-to-date: /home/unitree/go2_ros2_ws/install/unitree_go/include/unitree_go/msg/detail/bms_cmd__builder.hpp
[3.104s] -- Up-to-date: /home/unitree/go2_ros2_ws/install/unitree_go/include/unitree_go/msg/detail/path_point__type_support.hpp
[3.104s] -- Up-to-date: /home/unitree/go2_ros2_ws/install/unitree_go/include/unitree_go/msg/detail/low_state__builder.hpp
[3.104s] -- Up-to-date: /home/unitree/go2_ros2_ws/install/unitree_go/include/unitree_go/msg/detail/motor_state__struct.hpp
[3.104s] -- Up-to-date: /home/unitree/go2_ros2_ws/install/unitree_go/include/unitree_go/msg/detail/audio_data__struct.hpp
[3.104s] -- Up-to-date: /home/unitree/go2_ros2_ws/install/unitree_go/include/unitree_go/msg/detail/error__type_support.hpp
[3.104s] -- Up-to-date: /home/unitree/go2_ros2_ws/install/unitree_go/include/unitree_go/msg/detail/low_state__struct.hpp
[3.105s] -- Up-to-date: /home/unitree/go2_ros2_ws/install/unitree_go/include/unitree_go/msg/detail/imu_state__type_support.hpp
[3.105s] -- Up-to-date: /home/unitree/go2_ros2_ws/install/unitree_go/include/unitree_go/msg/detail/req__traits.hpp
[3.105s] -- Up-to-date: /home/unitree/go2_ros2_ws/install/unitree_go/include/unitree_go/msg/detail/sport_mode_cmd__builder.hpp
[3.105s] -- Up-to-date: /home/unitree/go2_ros2_ws/install/unitree_go/include/unitree_go/msg/detail/low_cmd__builder.hpp
[3.105s] -- Up-to-date: /home/unitree/go2_ros2_ws/install/unitree_go/include/unitree_go/msg/detail/motor_cmd__type_support.hpp
[3.105s] -- Up-to-date: /home/unitree/go2_ros2_ws/install/unitree_go/include/unitree_go/msg/detail/path_point__builder.hpp
[3.105s] -- Up-to-date: /home/unitree/go2_ros2_ws/install/unitree_go/include/unitree_go/msg/detail/uwb_state__type_support.hpp
[3.106s] -- Up-to-date: /home/unitree/go2_ros2_ws/install/unitree_go/include/unitree_go/msg/detail/time_spec__traits.hpp
[3.106s] -- Up-to-date: /home/unitree/go2_ros2_ws/install/unitree_go/include/unitree_go/msg/detail/sport_mode_cmd__struct.hpp
[3.106s] -- Up-to-date: /home/unitree/go2_ros2_ws/install/unitree_go/include/unitree_go/msg/detail/wireless_controller__builder.hpp
[3.106s] -- Up-to-date: /home/unitree/go2_ros2_ws/install/unitree_go/include/unitree_go/msg/detail/error__traits.hpp
[3.106s] -- Up-to-date: /home/unitree/go2_ros2_ws/install/unitree_go/include/unitree_go/msg/detail/uwb_state__traits.hpp
[3.106s] -- Up-to-date: /home/unitree/go2_ros2_ws/install/unitree_go/include/unitree_go/msg/detail/imu_state__struct.hpp
[3.106s] -- Up-to-date: /home/unitree/go2_ros2_ws/install/unitree_go/include/unitree_go/msg/detail/time_spec__builder.hpp
[3.106s] -- Up-to-date: /home/unitree/go2_ros2_ws/install/unitree_go/include/unitree_go/msg/detail/go2_front_video_data__builder.hpp
[3.106s] -- Up-to-date: /home/unitree/go2_ros2_ws/install/unitree_go/include/unitree_go/msg/detail/req__struct.hpp
[3.107s] -- Up-to-date: /home/unitree/go2_ros2_ws/install/unitree_go/include/unitree_go/msg/detail/bms_state__type_support.hpp
[3.107s] -- Up-to-date: /home/unitree/go2_ros2_ws/install/unitree_go/include/unitree_go/msg/detail/lidar_state__struct.hpp
[3.107s] -- Up-to-date: /home/unitree/go2_ros2_ws/install/unitree_go/include/unitree_go/msg/detail/bms_cmd__traits.hpp
[3.107s] -- Up-to-date: /home/unitree/go2_ros2_ws/install/unitree_go/include/unitree_go/msg/detail/sport_mode_cmd__type_support.hpp
[3.107s] -- Up-to-date: /home/unitree/go2_ros2_ws/install/unitree_go/include/unitree_go/msg/detail/bms_state__builder.hpp
[3.107s] -- Up-to-date: /home/unitree/go2_ros2_ws/install/unitree_go/include/unitree_go/msg/detail/lidar_state__traits.hpp
[3.107s] -- Up-to-date: /home/unitree/go2_ros2_ws/install/unitree_go/include/unitree_go/msg/detail/sport_mode_state__builder.hpp
[3.108s] -- Up-to-date: /home/unitree/go2_ros2_ws/install/unitree_go/include/unitree_go/msg/detail/interface_config__traits.hpp
[3.108s] -- Up-to-date: /home/unitree/go2_ros2_ws/install/unitree_go/include/unitree_go/msg/detail/lidar_state__builder.hpp
[3.108s] -- Up-to-date: /home/unitree/go2_ros2_ws/install/unitree_go/include/unitree_go/msg/detail/low_cmd__struct.hpp
[3.108s] -- Up-to-date: /home/unitree/go2_ros2_ws/install/unitree_go/include/unitree_go/msg/detail/motor_state__type_support.hpp
[3.108s] -- Up-to-date: /home/unitree/go2_ros2_ws/install/unitree_go/include/unitree_go/msg/detail/height_map__type_support.hpp
[3.108s] -- Up-to-date: /home/unitree/go2_ros2_ws/install/unitree_go/include/unitree_go/msg/detail/sport_mode_state__type_support.hpp
[3.108s] -- Up-to-date: /home/unitree/go2_ros2_ws/install/unitree_go/include/unitree_go/msg/detail/uwb_switch__struct.hpp
[3.109s] -- Up-to-date: /home/unitree/go2_ros2_ws/install/unitree_go/include/unitree_go/msg/detail/req__type_support.hpp
[3.109s] -- Up-to-date: /home/unitree/go2_ros2_ws/install/unitree_go/include/unitree_go/msg/detail/go2_front_video_data__traits.hpp
[3.109s] -- Up-to-date: /home/unitree/go2_ros2_ws/install/unitree_go/include/unitree_go/msg/detail/motor_cmd__builder.hpp
[3.109s] -- Up-to-date: /home/unitree/go2_ros2_ws/install/unitree_go/include/unitree_go/msg/detail/lidar_state__type_support.hpp
[3.109s] -- Up-to-date: /home/unitree/go2_ros2_ws/install/unitree_go/include/unitree_go/msg/detail/motor_cmd__struct.hpp
[3.109s] -- Up-to-date: /home/unitree/go2_ros2_ws/install/unitree_go/include/unitree_go/msg/detail/bms_state__traits.hpp
[3.110s] -- Up-to-date: /home/unitree/go2_ros2_ws/install/unitree_go/include/unitree_go/msg/detail/motor_state__builder.hpp
[3.110s] -- Up-to-date: /home/unitree/go2_ros2_ws/install/unitree_go/include/unitree_go/msg/detail/res__builder.hpp
[3.110s] -- Up-to-date: /home/unitree/go2_ros2_ws/install/unitree_go/include/unitree_go/msg/detail/sport_mode_state__struct.hpp
[3.110s] -- Up-to-date: /home/unitree/go2_ros2_ws/install/unitree_go/include/unitree_go/msg/detail/bms_cmd__type_support.hpp
[3.110s] -- Up-to-date: /home/unitree/go2_ros2_ws/install/unitree_go/include/unitree_go/msg/detail/uwb_switch__builder.hpp
[3.110s] -- Up-to-date: /home/unitree/go2_ros2_ws/install/unitree_go/include/unitree_go/msg/detail/time_spec__type_support.hpp
[3.110s] -- Up-to-date: /home/unitree/go2_ros2_ws/install/unitree_go/include/unitree_go/msg/detail/audio_data__builder.hpp
[3.110s] -- Up-to-date: /home/unitree/go2_ros2_ws/install/unitree_go/include/unitree_go/msg/detail/time_spec__struct.hpp
[3.111s] -- Up-to-date: /home/unitree/go2_ros2_ws/install/unitree_go/include/unitree_go/msg/detail/height_map__traits.hpp
[3.111s] -- Up-to-date: /home/unitree/go2_ros2_ws/install/unitree_go/include/unitree_go/msg/detail/low_state__type_support.hpp
[3.111s] -- Up-to-date: /home/unitree/go2_ros2_ws/install/unitree_go/include/unitree_go/msg/detail/low_cmd__traits.hpp
[3.111s] -- Up-to-date: /home/unitree/go2_ros2_ws/install/unitree_go/include/unitree_go/msg/detail/uwb_switch__traits.hpp
[3.111s] -- Up-to-date: /home/unitree/go2_ros2_ws/install/unitree_go/include/unitree_go/msg/detail/go2_front_video_data__struct.hpp
[3.111s] -- Up-to-date: /home/unitree/go2_ros2_ws/install/unitree_go/include/unitree_go/msg/detail/uwb_state__builder.hpp
[3.111s] -- Up-to-date: /home/unitree/go2_ros2_ws/install/unitree_go/include/unitree_go/msg/detail/interface_config__struct.hpp
[3.111s] -- Up-to-date: /home/unitree/go2_ros2_ws/install/unitree_go/include/unitree_go/msg/detail/motor_state__traits.hpp
[3.112s] -- Up-to-date: /home/unitree/go2_ros2_ws/install/unitree_go/include/unitree_go/msg/detail/height_map__struct.hpp
[3.112s] -- Up-to-date: /home/unitree/go2_ros2_ws/install/unitree_go/include/unitree_go/msg/detail/path_point__struct.hpp
[3.112s] -- Up-to-date: /home/unitree/go2_ros2_ws/install/unitree_go/include/unitree_go/msg/detail/imu_state__builder.hpp
[3.112s] -- Up-to-date: /home/unitree/go2_ros2_ws/install/unitree_go/include/unitree_go/msg/detail/go2_front_video_data__type_support.hpp
[3.112s] -- Up-to-date: /home/unitree/go2_ros2_ws/install/unitree_go/include/unitree_go/msg/detail/res__struct.hpp
[3.112s] -- Up-to-date: /home/unitree/go2_ros2_ws/install/unitree_go/include/unitree_go/msg/detail/low_state__traits.hpp
[3.112s] -- Up-to-date: /home/unitree/go2_ros2_ws/install/unitree_go/include/unitree_go/msg/detail/interface_config__builder.hpp
[3.113s] -- Up-to-date: /home/unitree/go2_ros2_ws/install/unitree_go/include/unitree_go/msg/detail/audio_data__traits.hpp
[3.113s] -- Up-to-date: /home/unitree/go2_ros2_ws/install/unitree_go/include/unitree_go/msg/detail/res__traits.hpp
[3.113s] -- Up-to-date: /home/unitree/go2_ros2_ws/install/unitree_go/include/unitree_go/msg/detail/wireless_controller__type_support.hpp
[3.113s] -- Up-to-date: /home/unitree/go2_ros2_ws/install/unitree_go/include/unitree_go/msg/detail/sport_mode_state__traits.hpp
[3.113s] -- Up-to-date: /home/unitree/go2_ros2_ws/install/unitree_go/include/unitree_go/msg/detail/error__struct.hpp
[3.113s] -- Up-to-date: /home/unitree/go2_ros2_ws/install/unitree_go/include/unitree_go/msg/detail/bms_state__struct.hpp
[3.113s] -- Up-to-date: /home/unitree/go2_ros2_ws/install/unitree_go/include/unitree_go/msg/detail/uwb_switch__type_support.hpp
[3.114s] -- Up-to-date: /home/unitree/go2_ros2_ws/install/unitree_go/include/unitree_go/msg/detail/imu_state__traits.hpp
[3.114s] -- Up-to-date: /home/unitree/go2_ros2_ws/install/unitree_go/include/unitree_go/msg/detail/height_map__builder.hpp
[3.114s] -- Up-to-date: /home/unitree/go2_ros2_ws/install/unitree_go/include/unitree_go/msg/detail/wireless_controller__traits.hpp
[3.114s] -- Up-to-date: /home/unitree/go2_ros2_ws/install/unitree_go/include/unitree_go/msg/detail/bms_cmd__struct.hpp
[3.114s] -- Up-to-date: /home/unitree/go2_ros2_ws/install/unitree_go/include/unitree_go/msg/detail/uwb_state__struct.hpp
[3.114s] -- Up-to-date: /home/unitree/go2_ros2_ws/install/unitree_go/include/unitree_go/msg/res.hpp
[3.114s] -- Up-to-date: /home/unitree/go2_ros2_ws/install/unitree_go/include/unitree_go/msg/uwb_switch.hpp
[3.115s] -- Up-to-date: /home/unitree/go2_ros2_ws/install/unitree_go/include/unitree_go/msg/sport_mode_state.hpp
[3.115s] -- Up-to-date: /home/unitree/go2_ros2_ws/install/unitree_go/include/unitree_go/msg/uwb_state.hpp
[3.115s] -- Up-to-date: /home/unitree/go2_ros2_ws/install/unitree_go/include/unitree_go/msg/bms_state.hpp
[3.115s] -- Up-to-date: /home/unitree/go2_ros2_ws/install/unitree_go/include/unitree_go/msg/rosidl_generator_cpp__visibility_control.hpp
[3.115s] -- Up-to-date: /home/unitree/go2_ros2_ws/install/unitree_go/include/unitree_go/msg/lidar_state.hpp
[3.116s] -- Up-to-date: /home/unitree/go2_ros2_ws/install/unitree_go/include/unitree_go/msg/sport_mode_cmd.hpp
[3.116s] -- Up-to-date: /home/unitree/go2_ros2_ws/install/unitree_go/include/unitree_go/msg/path_point.hpp
[3.116s] -- Up-to-date: /home/unitree/go2_ros2_ws/install/unitree_go/include/unitree_go/msg/interface_config.hpp
[3.117s] -- Up-to-date: /home/unitree/go2_ros2_ws/install/unitree_go/include/unitree_go/msg/wireless_controller.hpp
[3.118s] -- Up-to-date: /home/unitree/go2_ros2_ws/install/unitree_go/include/unitree_go/msg/req.hpp
[3.118s] -- Up-to-date: /home/unitree/go2_ros2_ws/install/unitree_go/include/unitree_go/msg/low_state.hpp
[3.118s] -- Up-to-date: /home/unitree/go2_ros2_ws/install/unitree_go/include/unitree_go
[3.118s] -- Up-to-date: /home/unitree/go2_ros2_ws/install/unitree_go/include/unitree_go/msg
[3.118s] -- Up-to-date: /home/unitree/go2_ros2_ws/install/unitree_go/include/unitree_go/msg/detail
[3.119s] -- Up-to-date: /home/unitree/go2_ros2_ws/install/unitree_go/include/unitree_go/msg/detail/low_state__type_support.cpp
[3.119s] -- Up-to-date: /home/unitree/go2_ros2_ws/install/unitree_go/include/unitree_go/msg/detail/lidar_state__type_support.cpp
[3.119s] -- Up-to-date: /home/unitree/go2_ros2_ws/install/unitree_go/include/unitree_go/msg/detail/wireless_controller__type_support.cpp
[3.120s] -- Up-to-date: /home/unitree/go2_ros2_ws/install/unitree_go/include/unitree_go/msg/detail/sport_mode_state__type_support.cpp
[3.120s] -- Up-to-date: /home/unitree/go2_ros2_ws/install/unitree_go/include/unitree_go/msg/detail/motor_cmd__rosidl_typesupport_introspection_cpp.hpp
[3.120s] -- Up-to-date: /home/unitree/go2_ros2_ws/install/unitree_go/include/unitree_go/msg/detail/audio_data__type_support.cpp
[3.120s] -- Up-to-date: /home/unitree/go2_ros2_ws/install/unitree_go/include/unitree_go/msg/detail/lidar_state__rosidl_typesupport_introspection_cpp.hpp
[3.120s] -- Up-to-date: /home/unitree/go2_ros2_ws/install/unitree_go/include/unitree_go/msg/detail/uwb_switch__type_support.cpp
[3.121s] -- Up-to-date: /home/unitree/go2_ros2_ws/install/unitree_go/include/unitree_go/msg/detail/bms_state__rosidl_typesupport_introspection_cpp.hpp
[3.121s] -- Up-to-date: /home/unitree/go2_ros2_ws/install/unitree_go/include/unitree_go/msg/detail/motor_state__type_support.cpp
[3.121s] -- Up-to-date: /home/unitree/go2_ros2_ws/install/unitree_go/include/unitree_go/msg/detail/motor_state__rosidl_typesupport_introspection_cpp.hpp
[3.121s] -- Up-to-date: /home/unitree/go2_ros2_ws/install/unitree_go/include/unitree_go/msg/detail/height_map__type_support.cpp
[3.121s] -- Up-to-date: /home/unitree/go2_ros2_ws/install/unitree_go/include/unitree_go/msg/detail/low_cmd__type_support.cpp
[3.121s] -- Up-to-date: /home/unitree/go2_ros2_ws/install/unitree_go/include/unitree_go/msg/detail/error__rosidl_typesupport_introspection_cpp.hpp
[3.121s] -- Up-to-date: /home/unitree/go2_ros2_ws/install/unitree_go/include/unitree_go/msg/detail/interface_config__rosidl_typesupport_introspection_cpp.hpp
[3.121s] -- Up-to-date: /home/unitree/go2_ros2_ws/install/unitree_go/include/unitree_go/msg/detail/low_cmd__rosidl_typesupport_introspection_cpp.hpp
[3.122s] -- Up-to-date: /home/unitree/go2_ros2_ws/install/unitree_go/include/unitree_go/msg/detail/time_spec__type_support.cpp
[3.122s] -- Up-to-date: /home/unitree/go2_ros2_ws/install/unitree_go/include/unitree_go/msg/detail/req__type_support.cpp
[3.122s] -- Up-to-date: /home/unitree/go2_ros2_ws/install/unitree_go/include/unitree_go/msg/detail/sport_mode_cmd__rosidl_typesupport_introspection_cpp.hpp
[3.122s] -- Up-to-date: /home/unitree/go2_ros2_ws/install/unitree_go/include/unitree_go/msg/detail/uwb_state__rosidl_typesupport_introspection_cpp.hpp
[3.122s] -- Up-to-date: /home/unitree/go2_ros2_ws/install/unitree_go/include/unitree_go/msg/detail/time_spec__rosidl_typesupport_introspection_cpp.hpp
[3.122s] -- Up-to-date: /home/unitree/go2_ros2_ws/install/unitree_go/include/unitree_go/msg/detail/sport_mode_state__rosidl_typesupport_introspection_cpp.hpp
[3.122s] -- Up-to-date: /home/unitree/go2_ros2_ws/install/unitree_go/include/unitree_go/msg/detail/interface_config__type_support.cpp
[3.123s] -- Up-to-date: /home/unitree/go2_ros2_ws/install/unitree_go/include/unitree_go/msg/detail/uwb_switch__rosidl_typesupport_introspection_cpp.hpp
[3.123s] -- Up-to-date: /home/unitree/go2_ros2_ws/install/unitree_go/include/unitree_go/msg/detail/go2_front_video_data__type_support.cpp
[3.123s] -- Up-to-date: /home/unitree/go2_ros2_ws/install/unitree_go/include/unitree_go/msg/detail/sport_mode_cmd__type_support.cpp
[3.123s] -- Up-to-date: /home/unitree/go2_ros2_ws/install/unitree_go/include/unitree_go/msg/detail/motor_cmd__type_support.cpp
[3.123s] -- Up-to-date: /home/unitree/go2_ros2_ws/install/unitree_go/include/unitree_go/msg/detail/req__rosidl_typesupport_introspection_cpp.hpp
[3.123s] -- Up-to-date: /home/unitree/go2_ros2_ws/install/unitree_go/include/unitree_go/msg/detail/error__type_support.cpp
[3.123s] -- Up-to-date: /home/unitree/go2_ros2_ws/install/unitree_go/include/unitree_go/msg/detail/res__type_support.cpp
[3.123s] -- Up-to-date: /home/unitree/go2_ros2_ws/install/unitree_go/include/unitree_go/msg/detail/res__rosidl_typesupport_introspection_cpp.hpp
[3.124s] -- Up-to-date: /home/unitree/go2_ros2_ws/install/unitree_go/include/unitree_go/msg/detail/go2_front_video_data__rosidl_typesupport_introspection_cpp.hpp
[3.124s] -- Up-to-date: /home/unitree/go2_ros2_ws/install/unitree_go/include/unitree_go/msg/detail/low_state__rosidl_typesupport_introspection_cpp.hpp
[3.124s] -- Up-to-date: /home/unitree/go2_ros2_ws/install/unitree_go/include/unitree_go/msg/detail/audio_data__rosidl_typesupport_introspection_cpp.hpp
[3.124s] -- Up-to-date: /home/unitree/go2_ros2_ws/install/unitree_go/include/unitree_go/msg/detail/bms_cmd__rosidl_typesupport_introspection_cpp.hpp
[3.124s] -- Up-to-date: /home/unitree/go2_ros2_ws/install/unitree_go/include/unitree_go/msg/detail/bms_state__type_support.cpp
[3.125s] -- Up-to-date: /home/unitree/go2_ros2_ws/install/unitree_go/include/unitree_go/msg/detail/uwb_state__type_support.cpp
[3.125s] -- Up-to-date: /home/unitree/go2_ros2_ws/install/unitree_go/include/unitree_go/msg/detail/bms_cmd__type_support.cpp
[3.125s] -- Up-to-date: /home/unitree/go2_ros2_ws/install/unitree_go/include/unitree_go/msg/detail/wireless_controller__rosidl_typesupport_introspection_cpp.hpp
[3.125s] -- Up-to-date: /home/unitree/go2_ros2_ws/install/unitree_go/include/unitree_go/msg/detail/imu_state__rosidl_typesupport_introspection_cpp.hpp
[3.125s] -- Up-to-date: /home/unitree/go2_ros2_ws/install/unitree_go/include/unitree_go/msg/detail/path_point__rosidl_typesupport_introspection_cpp.hpp
[3.125s] -- Up-to-date: /home/unitree/go2_ros2_ws/install/unitree_go/include/unitree_go/msg/detail/imu_state__type_support.cpp
[3.125s] -- Up-to-date: /home/unitree/go2_ros2_ws/install/unitree_go/include/unitree_go/msg/detail/path_point__type_support.cpp
[3.126s] -- Up-to-date: /home/unitree/go2_ros2_ws/install/unitree_go/include/unitree_go/msg/detail/height_map__rosidl_typesupport_introspection_cpp.hpp
[3.126s] -- Up-to-date: /home/unitree/go2_ros2_ws/install/unitree_go/lib/libunitree_go__rosidl_typesupport_introspection_cpp.so
[3.126s] -- Up-to-date: /home/unitree/go2_ros2_ws/install/unitree_go/lib/libunitree_go__rosidl_typesupport_cpp.so
[3.126s] -- Up-to-date: /home/unitree/go2_ros2_ws/install/unitree_go/share/unitree_go/environment/pythonpath.sh
[3.126s] -- Up-to-date: /home/unitree/go2_ros2_ws/install/unitree_go/share/unitree_go/environment/pythonpath.dsv
[3.126s] -- Up-to-date: /home/unitree/go2_ros2_ws/install/unitree_go/lib/python3.8/site-packages/unitree_go/__init__.py
[3.159s] -- Up-to-date: /home/unitree/go2_ros2_ws/install/unitree_go/lib/python3.8/site-packages/unitree_go/msg
[3.159s] -- Up-to-date: /home/unitree/go2_ros2_ws/install/unitree_go/lib/python3.8/site-packages/unitree_go/msg/_motor_cmd_s.c
[3.160s] -- Up-to-date: /home/unitree/go2_ros2_ws/install/unitree_go/lib/python3.8/site-packages/unitree_go/msg/_sport_mode_cmd_s.c
[3.160s] -- Up-to-date: /home/unitree/go2_ros2_ws/install/unitree_go/lib/python3.8/site-packages/unitree_go/msg/_interface_config_s.c
[3.160s] -- Up-to-date: /home/unitree/go2_ros2_ws/install/unitree_go/lib/python3.8/site-packages/unitree_go/msg/_wireless_controller.py
[3.160s] -- Up-to-date: /home/unitree/go2_ros2_ws/install/unitree_go/lib/python3.8/site-packages/unitree_go/msg/_height_map_s.c
[3.161s] -- Up-to-date: /home/unitree/go2_ros2_ws/install/unitree_go/lib/python3.8/site-packages/unitree_go/msg/_time_spec.py
[3.161s] -- Up-to-date: /home/unitree/go2_ros2_ws/install/unitree_go/lib/python3.8/site-packages/unitree_go/msg/_audio_data_s.c
[3.161s] -- Up-to-date: /home/unitree/go2_ros2_ws/install/unitree_go/lib/python3.8/site-packages/unitree_go/msg/_low_cmd.py
[3.161s] -- Up-to-date: /home/unitree/go2_ros2_ws/install/unitree_go/lib/python3.8/site-packages/unitree_go/msg/_go2_front_video_data_s.c
[3.161s] -- Up-to-date: /home/unitree/go2_ros2_ws/install/unitree_go/lib/python3.8/site-packages/unitree_go/msg/_error_s.c
[3.162s] -- Up-to-date: /home/unitree/go2_ros2_ws/install/unitree_go/lib/python3.8/site-packages/unitree_go/msg/_lidar_state_s.c
[3.163s] -- Up-to-date: /home/unitree/go2_ros2_ws/install/unitree_go/lib/python3.8/site-packages/unitree_go/msg/_req.py
[3.163s] -- Up-to-date: /home/unitree/go2_ros2_ws/install/unitree_go/lib/python3.8/site-packages/unitree_go/msg/_imu_state.py
[3.163s] -- Up-to-date: /home/unitree/go2_ros2_ws/install/unitree_go/lib/python3.8/site-packages/unitree_go/msg/_uwb_switch.py
[3.163s] -- Up-to-date: /home/unitree/go2_ros2_ws/install/unitree_go/lib/python3.8/site-packages/unitree_go/msg/_low_state.py
[3.163s] -- Up-to-date: /home/unitree/go2_ros2_ws/install/unitree_go/lib/python3.8/site-packages/unitree_go/msg/_lidar_state.py
[3.164s] -- Up-to-date: /home/unitree/go2_ros2_ws/install/unitree_go/lib/python3.8/site-packages/unitree_go/msg/_motor_state.py
[3.164s] -- Up-to-date: /home/unitree/go2_ros2_ws/install/unitree_go/lib/python3.8/site-packages/unitree_go/msg/_path_point_s.c
[3.164s] -- Up-to-date: /home/unitree/go2_ros2_ws/install/unitree_go/lib/python3.8/site-packages/unitree_go/msg/_imu_state_s.c
[3.164s] -- Up-to-date: /home/unitree/go2_ros2_ws/install/unitree_go/lib/python3.8/site-packages/unitree_go/msg/_low_state_s.c
[3.164s] -- Up-to-date: /home/unitree/go2_ros2_ws/install/unitree_go/lib/python3.8/site-packages/unitree_go/msg/_res_s.c
[3.164s] -- Up-to-date: /home/unitree/go2_ros2_ws/install/unitree_go/lib/python3.8/site-packages/unitree_go/msg/__init__.py
[3.164s] -- Up-to-date: /home/unitree/go2_ros2_ws/install/unitree_go/lib/python3.8/site-packages/unitree_go/msg/_res.py
[3.165s] -- Up-to-date: /home/unitree/go2_ros2_ws/install/unitree_go/lib/python3.8/site-packages/unitree_go/msg/_time_spec_s.c
[3.165s] -- Up-to-date: /home/unitree/go2_ros2_ws/install/unitree_go/lib/python3.8/site-packages/unitree_go/msg/_uwb_state_s.c
[3.165s] -- Up-to-date: /home/unitree/go2_ros2_ws/install/unitree_go/lib/python3.8/site-packages/unitree_go/msg/_uwb_switch_s.c
[3.165s] -- Up-to-date: /home/unitree/go2_ros2_ws/install/unitree_go/lib/python3.8/site-packages/unitree_go/msg/_bms_state.py
[3.165s] -- Up-to-date: /home/unitree/go2_ros2_ws/install/unitree_go/lib/python3.8/site-packages/unitree_go/msg/_go2_front_video_data.py
[3.165s] -- Up-to-date: /home/unitree/go2_ros2_ws/install/unitree_go/lib/python3.8/site-packages/unitree_go/msg/_path_point.py
[3.165s] -- Up-to-date: /home/unitree/go2_ros2_ws/install/unitree_go/lib/python3.8/site-packages/unitree_go/msg/_bms_cmd.py
[3.165s] -- Up-to-date: /home/unitree/go2_ros2_ws/install/unitree_go/lib/python3.8/site-packages/unitree_go/msg/_wireless_controller_s.c
[3.166s] -- Up-to-date: /home/unitree/go2_ros2_ws/install/unitree_go/lib/python3.8/site-packages/unitree_go/msg/_bms_state_s.c
[3.166s] -- Up-to-date: /home/unitree/go2_ros2_ws/install/unitree_go/lib/python3.8/site-packages/unitree_go/msg/_bms_cmd_s.c
[3.166s] -- Up-to-date: /home/unitree/go2_ros2_ws/install/unitree_go/lib/python3.8/site-packages/unitree_go/msg/_interface_config.py
[3.167s] -- Up-to-date: /home/unitree/go2_ros2_ws/install/unitree_go/lib/python3.8/site-packages/unitree_go/msg/_req_s.c
[3.167s] -- Up-to-date: /home/unitree/go2_ros2_ws/install/unitree_go/lib/python3.8/site-packages/unitree_go/msg/_uwb_state.py
[3.167s] -- Up-to-date: /home/unitree/go2_ros2_ws/install/unitree_go/lib/python3.8/site-packages/unitree_go/msg/_low_cmd_s.c
[3.167s] -- Up-to-date: /home/unitree/go2_ros2_ws/install/unitree_go/lib/python3.8/site-packages/unitree_go/msg/_sport_mode_cmd.py
[3.168s] -- Up-to-date: /home/unitree/go2_ros2_ws/install/unitree_go/lib/python3.8/site-packages/unitree_go/msg/_sport_mode_state.py
[3.168s] -- Up-to-date: /home/unitree/go2_ros2_ws/install/unitree_go/lib/python3.8/site-packages/unitree_go/msg/_height_map.py
[3.168s] -- Up-to-date: /home/unitree/go2_ros2_ws/install/unitree_go/lib/python3.8/site-packages/unitree_go/msg/_sport_mode_state_s.c
[3.168s] -- Up-to-date: /home/unitree/go2_ros2_ws/install/unitree_go/lib/python3.8/site-packages/unitree_go/msg/_audio_data.py
[3.168s] -- Up-to-date: /home/unitree/go2_ros2_ws/install/unitree_go/lib/python3.8/site-packages/unitree_go/msg/_motor_cmd.py
[3.169s] -- Up-to-date: /home/unitree/go2_ros2_ws/install/unitree_go/lib/python3.8/site-packages/unitree_go/msg/_motor_state_s.c
[3.169s] -- Up-to-date: /home/unitree/go2_ros2_ws/install/unitree_go/lib/python3.8/site-packages/unitree_go/msg/_error.py
[3.169s] -- Up-to-date: /home/unitree/go2_ros2_ws/install/unitree_go/lib/python3.8/site-packages/unitree_go/unitree_go_s__rosidl_typesupport_fastrtps_c.cpython-38-aarch64-linux-gnu.so
[3.169s] -- Up-to-date: /home/unitree/go2_ros2_ws/install/unitree_go/lib/python3.8/site-packages/unitree_go/unitree_go_s__rosidl_typesupport_introspection_c.cpython-38-aarch64-linux-gnu.so
[3.170s] -- Up-to-date: /home/unitree/go2_ros2_ws/install/unitree_go/lib/python3.8/site-packages/unitree_go/unitree_go_s__rosidl_typesupport_c.cpython-38-aarch64-linux-gnu.so
[3.170s] -- Up-to-date: /home/unitree/go2_ros2_ws/install/unitree_go/lib/libunitree_go__python.so
[3.170s] -- Up-to-date: /home/unitree/go2_ros2_ws/install/unitree_go/share/unitree_go/msg/AudioData.idl
[3.170s] -- Up-to-date: /home/unitree/go2_ros2_ws/install/unitree_go/share/unitree_go/msg/BmsCmd.idl
[3.171s] -- Up-to-date: /home/unitree/go2_ros2_ws/install/unitree_go/share/unitree_go/msg/BmsState.idl
[3.171s] -- Up-to-date: /home/unitree/go2_ros2_ws/install/unitree_go/share/unitree_go/msg/Error.idl
[3.171s] -- Up-to-date: /home/unitree/go2_ros2_ws/install/unitree_go/share/unitree_go/msg/Go2FrontVideoData.idl
[3.171s] -- Up-to-date: /home/unitree/go2_ros2_ws/install/unitree_go/share/unitree_go/msg/HeightMap.idl
[3.171s] -- Up-to-date: /home/unitree/go2_ros2_ws/install/unitree_go/share/unitree_go/msg/IMUState.idl
[3.172s] -- Up-to-date: /home/unitree/go2_ros2_ws/install/unitree_go/share/unitree_go/msg/InterfaceConfig.idl
[3.172s] -- Up-to-date: /home/unitree/go2_ros2_ws/install/unitree_go/share/unitree_go/msg/LidarState.idl
[3.173s] -- Up-to-date: /home/unitree/go2_ros2_ws/install/unitree_go/share/unitree_go/msg/LowCmd.idl
[3.173s] -- Up-to-date: /home/unitree/go2_ros2_ws/install/unitree_go/share/unitree_go/msg/LowState.idl
[3.173s] -- Up-to-date: /home/unitree/go2_ros2_ws/install/unitree_go/share/unitree_go/msg/MotorCmd.idl
[3.173s] -- Up-to-date: /home/unitree/go2_ros2_ws/install/unitree_go/share/unitree_go/msg/MotorState.idl
[3.174s] -- Up-to-date: /home/unitree/go2_ros2_ws/install/unitree_go/share/unitree_go/msg/PathPoint.idl
[3.174s] -- Up-to-date: /home/unitree/go2_ros2_ws/install/unitree_go/share/unitree_go/msg/Req.idl
[3.174s] -- Up-to-date: /home/unitree/go2_ros2_ws/install/unitree_go/share/unitree_go/msg/Res.idl
[3.174s] -- Up-to-date: /home/unitree/go2_ros2_ws/install/unitree_go/share/unitree_go/msg/SportModeCmd.idl
[3.174s] -- Up-to-date: /home/unitree/go2_ros2_ws/install/unitree_go/share/unitree_go/msg/SportModeState.idl
[3.175s] -- Up-to-date: /home/unitree/go2_ros2_ws/install/unitree_go/share/unitree_go/msg/TimeSpec.idl
[3.175s] -- Up-to-date: /home/unitree/go2_ros2_ws/install/unitree_go/share/unitree_go/msg/UwbState.idl
[3.175s] -- Up-to-date: /home/unitree/go2_ros2_ws/install/unitree_go/share/unitree_go/msg/UwbSwitch.idl
[3.175s] -- Up-to-date: /home/unitree/go2_ros2_ws/install/unitree_go/share/unitree_go/msg/WirelessController.idl
[3.175s] -- Up-to-date: /home/unitree/go2_ros2_ws/install/unitree_go/share/unitree_go/msg/AudioData.msg
[3.175s] -- Up-to-date: /home/unitree/go2_ros2_ws/install/unitree_go/share/unitree_go/msg/BmsCmd.msg
[3.176s] -- Up-to-date: /home/unitree/go2_ros2_ws/install/unitree_go/share/unitree_go/msg/BmsState.msg
[3.176s] -- Up-to-date: /home/unitree/go2_ros2_ws/install/unitree_go/share/unitree_go/msg/Error.msg
[3.176s] -- Up-to-date: /home/unitree/go2_ros2_ws/install/unitree_go/share/unitree_go/msg/Go2FrontVideoData.msg
[3.176s] -- Up-to-date: /home/unitree/go2_ros2_ws/install/unitree_go/share/unitree_go/msg/HeightMap.msg
[3.176s] -- Up-to-date: /home/unitree/go2_ros2_ws/install/unitree_go/share/unitree_go/msg/IMUState.msg
[3.177s] -- Up-to-date: /home/unitree/go2_ros2_ws/install/unitree_go/share/unitree_go/msg/InterfaceConfig.msg
[3.177s] -- Up-to-date: /home/unitree/go2_ros2_ws/install/unitree_go/share/unitree_go/msg/LidarState.msg
[3.177s] -- Up-to-date: /home/unitree/go2_ros2_ws/install/unitree_go/share/unitree_go/msg/LowCmd.msg
[3.177s] -- Up-to-date: /home/unitree/go2_ros2_ws/install/unitree_go/share/unitree_go/msg/LowState.msg
[3.178s] -- Up-to-date: /home/unitree/go2_ros2_ws/install/unitree_go/share/unitree_go/msg/MotorCmd.msg
[3.178s] -- Up-to-date: /home/unitree/go2_ros2_ws/install/unitree_go/share/unitree_go/msg/MotorState.msg
[3.178s] -- Up-to-date: /home/unitree/go2_ros2_ws/install/unitree_go/share/unitree_go/msg/PathPoint.msg
[3.178s] -- Up-to-date: /home/unitree/go2_ros2_ws/install/unitree_go/share/unitree_go/msg/Req.msg
[3.178s] -- Up-to-date: /home/unitree/go2_ros2_ws/install/unitree_go/share/unitree_go/msg/Res.msg
[3.179s] -- Up-to-date: /home/unitree/go2_ros2_ws/install/unitree_go/share/unitree_go/msg/SportModeCmd.msg
[3.179s] -- Up-to-date: /home/unitree/go2_ros2_ws/install/unitree_go/share/unitree_go/msg/SportModeState.msg
[3.179s] -- Up-to-date: /home/unitree/go2_ros2_ws/install/unitree_go/share/unitree_go/msg/TimeSpec.msg
[3.179s] -- Up-to-date: /home/unitree/go2_ros2_ws/install/unitree_go/share/unitree_go/msg/UwbState.msg
[3.180s] -- Up-to-date: /home/unitree/go2_ros2_ws/install/unitree_go/share/unitree_go/msg/UwbSwitch.msg
[3.180s] -- Up-to-date: /home/unitree/go2_ros2_ws/install/unitree_go/share/unitree_go/msg/WirelessController.msg
[3.180s] -- Up-to-date: /home/unitree/go2_ros2_ws/install/unitree_go/share/unitree_go/msg/dds_connext
[3.180s] -- Up-to-date: /home/unitree/go2_ros2_ws/install/unitree_go/share/unitree_go/msg/dds_connext/InterfaceConfig_.idl
[3.181s] -- Up-to-date: /home/unitree/go2_ros2_ws/install/unitree_go/share/unitree_go/msg/dds_connext/WirelessController_.idl
[3.181s] -- Up-to-date: /home/unitree/go2_ros2_ws/install/unitree_go/share/unitree_go/msg/dds_connext/SportModeCmd_.idl
[3.182s] -- Up-to-date: /home/unitree/go2_ros2_ws/install/unitree_go/share/unitree_go/msg/dds_connext/MotorState_.idl
[3.182s] -- Up-to-date: /home/unitree/go2_ros2_ws/install/unitree_go/share/unitree_go/msg/dds_connext/AudioData_.idl
[3.182s] -- Up-to-date: /home/unitree/go2_ros2_ws/install/unitree_go/share/unitree_go/msg/dds_connext/HeightMap_.idl
[3.182s] -- Up-to-date: /home/unitree/go2_ros2_ws/install/unitree_go/share/unitree_go/msg/dds_connext/BmsState_.idl
[3.182s] -- Up-to-date: /home/unitree/go2_ros2_ws/install/unitree_go/share/unitree_go/msg/dds_connext/LowState_.idl
[3.183s] -- Up-to-date: /home/unitree/go2_ros2_ws/install/unitree_go/share/unitree_go/msg/dds_connext/MotorCmd_.idl
[3.183s] -- Up-to-date: /home/unitree/go2_ros2_ws/install/unitree_go/share/unitree_go/msg/dds_connext/UwbState_.idl
[3.183s] -- Up-to-date: /home/unitree/go2_ros2_ws/install/unitree_go/share/unitree_go/msg/dds_connext/Error_.idl
[3.183s] -- Up-to-date: /home/unitree/go2_ros2_ws/install/unitree_go/share/unitree_go/msg/dds_connext/Res_.idl
[3.183s] -- Up-to-date: /home/unitree/go2_ros2_ws/install/unitree_go/share/unitree_go/msg/dds_connext/UwbSwitch_.idl
[3.184s] -- Up-to-date: /home/unitree/go2_ros2_ws/install/unitree_go/share/unitree_go/msg/dds_connext/PathPoint_.idl
[3.184s] -- Up-to-date: /home/unitree/go2_ros2_ws/install/unitree_go/share/unitree_go/msg/dds_connext/TimeSpec_.idl
[3.184s] -- Up-to-date: /home/unitree/go2_ros2_ws/install/unitree_go/share/unitree_go/msg/dds_connext/LowCmd_.idl
[3.184s] -- Up-to-date: /home/unitree/go2_ros2_ws/install/unitree_go/share/unitree_go/msg/dds_connext/SportModeState_.idl
[3.184s] -- Up-to-date: /home/unitree/go2_ros2_ws/install/unitree_go/share/unitree_go/msg/dds_connext/LidarState_.idl
[3.184s] -- Up-to-date: /home/unitree/go2_ros2_ws/install/unitree_go/share/unitree_go/msg/dds_connext/IMUState_.idl
[3.185s] -- Up-to-date: /home/unitree/go2_ros2_ws/install/unitree_go/share/unitree_go/msg/dds_connext/Req_.idl
[3.185s] -- Up-to-date: /home/unitree/go2_ros2_ws/install/unitree_go/share/unitree_go/msg/dds_connext/Go2FrontVideoData_.idl
[3.185s] -- Up-to-date: /home/unitree/go2_ros2_ws/install/unitree_go/share/unitree_go/msg/dds_connext/BmsCmd_.idl
[3.185s] -- Up-to-date: /home/unitree/go2_ros2_ws/install/unitree_go/share/ament_index/resource_index/package_run_dependencies/unitree_go
[3.185s] -- Up-to-date: /home/unitree/go2_ros2_ws/install/unitree_go/share/ament_index/resource_index/parent_prefix_path/unitree_go
[3.185s] -- Up-to-date: /home/unitree/go2_ros2_ws/install/unitree_go/share/unitree_go/environment/ament_prefix_path.sh
[3.186s] -- Up-to-date: /home/unitree/go2_ros2_ws/install/unitree_go/share/unitree_go/environment/ament_prefix_path.dsv
[3.186s] -- Up-to-date: /home/unitree/go2_ros2_ws/install/unitree_go/share/unitree_go/environment/path.sh
[3.186s] -- Up-to-date: /home/unitree/go2_ros2_ws/install/unitree_go/share/unitree_go/environment/path.dsv
[3.186s] -- Up-to-date: /home/unitree/go2_ros2_ws/install/unitree_go/share/unitree_go/local_setup.bash
[3.186s] -- Up-to-date: /home/unitree/go2_ros2_ws/install/unitree_go/share/unitree_go/local_setup.sh
[3.187s] -- Up-to-date: /home/unitree/go2_ros2_ws/install/unitree_go/share/unitree_go/local_setup.zsh
[3.187s] -- Up-to-date: /home/unitree/go2_ros2_ws/install/unitree_go/share/unitree_go/local_setup.dsv
[3.187s] -- Installing: /home/unitree/go2_ros2_ws/install/unitree_go/share/unitree_go/package.dsv
[3.187s] -- Up-to-date: /home/unitree/go2_ros2_ws/install/unitree_go/share/ament_index/resource_index/packages/unitree_go
[3.187s] -- Up-to-date: /home/unitree/go2_ros2_ws/install/unitree_go/share/unitree_go/cmake/unitree_go__rosidl_generator_cExport.cmake
[3.188s] -- Up-to-date: /home/unitree/go2_ros2_ws/install/unitree_go/share/unitree_go/cmake/unitree_go__rosidl_generator_cExport-noconfig.cmake
[3.188s] -- Up-to-date: /home/unitree/go2_ros2_ws/install/unitree_go/share/unitree_go/cmake/unitree_go__rosidl_typesupport_introspection_cExport.cmake
[3.188s] -- Up-to-date: /home/unitree/go2_ros2_ws/install/unitree_go/share/unitree_go/cmake/unitree_go__rosidl_typesupport_introspection_cExport-noconfig.cmake
[3.188s] -- Up-to-date: /home/unitree/go2_ros2_ws/install/unitree_go/share/unitree_go/cmake/unitree_go__rosidl_typesupport_cExport.cmake
[3.188s] -- Up-to-date: /home/unitree/go2_ros2_ws/install/unitree_go/share/unitree_go/cmake/unitree_go__rosidl_typesupport_cExport-noconfig.cmake
[3.188s] -- Up-to-date: /home/unitree/go2_ros2_ws/install/unitree_go/share/unitree_go/cmake/unitree_go__rosidl_generator_cppExport.cmake
[3.188s] -- Up-to-date: /home/unitree/go2_ros2_ws/install/unitree_go/share/unitree_go/cmake/unitree_go__rosidl_typesupport_introspection_cppExport.cmake
[3.189s] -- Up-to-date: /home/unitree/go2_ros2_ws/install/unitree_go/share/unitree_go/cmake/unitree_go__rosidl_typesupport_introspection_cppExport-noconfig.cmake
[3.189s] -- Up-to-date: /home/unitree/go2_ros2_ws/install/unitree_go/share/unitree_go/cmake/unitree_go__rosidl_typesupport_cppExport.cmake
[3.189s] -- Up-to-date: /home/unitree/go2_ros2_ws/install/unitree_go/share/unitree_go/cmake/unitree_go__rosidl_typesupport_cppExport-noconfig.cmake
[3.189s] -- Up-to-date: /home/unitree/go2_ros2_ws/install/unitree_go/share/unitree_go/cmake/rosidl_cmake-extras.cmake
[3.189s] -- Up-to-date: /home/unitree/go2_ros2_ws/install/unitree_go/share/unitree_go/cmake/ament_cmake_export_dependencies-extras.cmake
[3.189s] -- Up-to-date: /home/unitree/go2_ros2_ws/install/unitree_go/share/unitree_go/cmake/ament_cmake_export_libraries-extras.cmake
[3.190s] -- Up-to-date: /home/unitree/go2_ros2_ws/install/unitree_go/share/unitree_go/cmake/ament_cmake_export_targets-extras.cmake
[3.190s] -- Up-to-date: /home/unitree/go2_ros2_ws/install/unitree_go/share/unitree_go/cmake/ament_cmake_export_include_directories-extras.cmake
[3.190s] -- Up-to-date: /home/unitree/go2_ros2_ws/install/unitree_go/share/unitree_go/cmake/rosidl_cmake_export_typesupport_libraries-extras.cmake
[3.190s] -- Up-to-date: /home/unitree/go2_ros2_ws/install/unitree_go/share/unitree_go/cmake/rosidl_cmake_export_typesupport_targets-extras.cmake
[3.190s] -- Up-to-date: /home/unitree/go2_ros2_ws/install/unitree_go/share/unitree_go/cmake/unitree_goConfig.cmake
[3.190s] -- Up-to-date: /home/unitree/go2_ros2_ws/install/unitree_go/share/unitree_go/cmake/unitree_goConfig-version.cmake
[3.191s] -- Up-to-date: /home/unitree/go2_ros2_ws/install/unitree_go/share/unitree_go/package.xml
[3.193s] Invoked command in '/home/unitree/go2_ros2_ws/build/unitree_go' returned '0': CMAKE_PREFIX_PATH=${CMAKE_PREFIX_PATH}:/opt/ros/foxy /usr/bin/cmake --install /home/unitree/go2_ros2_ws/build/unitree_go
