[4.545s] DEBUG:colcon:Command line arguments: ['/usr/bin/colcon', 'build', '--packages-up-to', 'go2_navigation']
[4.545s] DEBUG:colcon:Parsed command line arguments: Namespace(allow_overriding=[], ament_cmake_args=None, base_paths=['.'], build_base='build', catkin_cmake_args=None, catkin_skip_building_tests=False, cmake_args=None, cmake_clean_cache=False, cmake_clean_first=False, cmake_force_configure=False, cmake_target=None, cmake_target_skip_unavailable=False, continue_on_error=False, event_handlers=None, executor='parallel', ignore_user_meta=False, install_base='install', log_base=None, log_level=None, main=<bound method BuildVerb.main of <colcon_core.verb.build.BuildVerb object at 0xffffb1908970>>, merge_install=False, metas=['./colcon.meta'], packages_above=None, packages_above_and_dependencies=None, packages_above_depth=None, packages_end=None, packages_ignore=None, packages_ignore_regex=None, packages_select=None, packages_select_build_failed=False, packages_select_by_dep=None, packages_select_regex=None, packages_select_test_failures=False, packages_skip=None, packages_skip_build_finished=False, packages_skip_by_dep=None, packages_skip_regex=None, packages_skip_test_passed=False, packages_skip_up_to=None, packages_start=None, packages_up_to=['go2_navigation'], packages_up_to_regex=None, parallel_workers=6, paths=None, symlink_install=False, test_result_base=None, verb_extension=<colcon_core.verb.build.BuildVerb object at 0xffffb1908970>, verb_name='build', verb_parser=<colcon_defaults.argument_parser.defaults.DefaultArgumentsDecorator object at 0xffffb1836370>)
[4.742s] Level 1:colcon.colcon_core.package_discovery:discover_packages(colcon_meta) check parameters
[4.742s] Level 1:colcon.colcon_core.package_discovery:discover_packages(recursive) check parameters
[4.742s] Level 1:colcon.colcon_core.package_discovery:discover_packages(ignore) check parameters
[4.742s] Level 1:colcon.colcon_core.package_discovery:discover_packages(path) check parameters
[4.742s] Level 1:colcon.colcon_core.package_discovery:discover_packages(colcon_meta) discover
[4.742s] Level 1:colcon.colcon_core.package_discovery:discover_packages(recursive) discover
[4.742s] INFO:colcon.colcon_core.package_discovery:Crawling recursively for packages in '/home/unitree/go2_ros2_ws'
[4.743s] Level 1:colcon.colcon_core.package_identification:_identify(.) by extensions ['ignore', 'ignore_ament_install']
[4.743s] Level 1:colcon.colcon_core.package_identification:_identify(.) by extension 'ignore'
[4.743s] Level 1:colcon.colcon_core.package_identification:_identify(.) by extension 'ignore_ament_install'
[4.743s] Level 1:colcon.colcon_core.package_identification:_identify(.) by extensions ['colcon_pkg']
[4.743s] Level 1:colcon.colcon_core.package_identification:_identify(.) by extension 'colcon_pkg'
[4.743s] Level 1:colcon.colcon_core.package_identification:_identify(.) by extensions ['colcon_meta']
[4.743s] Level 1:colcon.colcon_core.package_identification:_identify(.) by extension 'colcon_meta'
[4.743s] Level 1:colcon.colcon_core.package_identification:_identify(.) by extensions ['ros']
[4.743s] Level 1:colcon.colcon_core.package_identification:_identify(.) by extension 'ros'
[4.788s] Level 1:colcon.colcon_core.package_identification:_identify(.) by extensions ['cmake', 'python']
[4.789s] Level 1:colcon.colcon_core.package_identification:_identify(.) by extension 'cmake'
[4.789s] Level 1:colcon.colcon_core.package_identification:_identify(.) by extension 'python'
[4.789s] Level 1:colcon.colcon_core.package_identification:_identify(.) by extensions ['python_setup_py']
[4.789s] Level 1:colcon.colcon_core.package_identification:_identify(.) by extension 'python_setup_py'
[4.789s] Level 1:colcon.colcon_core.package_identification:_identify(build) by extensions ['ignore', 'ignore_ament_install']
[4.789s] Level 1:colcon.colcon_core.package_identification:_identify(build) by extension 'ignore'
[4.790s] Level 1:colcon.colcon_core.package_identification:_identify(build) ignored
[4.790s] Level 1:colcon.colcon_core.package_identification:_identify(install) by extensions ['ignore', 'ignore_ament_install']
[4.790s] Level 1:colcon.colcon_core.package_identification:_identify(install) by extension 'ignore'
[4.790s] Level 1:colcon.colcon_core.package_identification:_identify(install) ignored
[4.790s] Level 1:colcon.colcon_core.package_identification:_identify(log) by extensions ['ignore', 'ignore_ament_install']
[4.791s] Level 1:colcon.colcon_core.package_identification:_identify(log) by extension 'ignore'
[4.791s] Level 1:colcon.colcon_core.package_identification:_identify(log) ignored
[4.791s] Level 1:colcon.colcon_core.package_identification:_identify(src) by extensions ['ignore', 'ignore_ament_install']
[4.791s] Level 1:colcon.colcon_core.package_identification:_identify(src) by extension 'ignore'
[4.791s] Level 1:colcon.colcon_core.package_identification:_identify(src) by extension 'ignore_ament_install'
[4.791s] Level 1:colcon.colcon_core.package_identification:_identify(src) by extensions ['colcon_pkg']
[4.791s] Level 1:colcon.colcon_core.package_identification:_identify(src) by extension 'colcon_pkg'
[4.791s] Level 1:colcon.colcon_core.package_identification:_identify(src) by extensions ['colcon_meta']
[4.792s] Level 1:colcon.colcon_core.package_identification:_identify(src) by extension 'colcon_meta'
[4.792s] Level 1:colcon.colcon_core.package_identification:_identify(src) by extensions ['ros']
[4.792s] Level 1:colcon.colcon_core.package_identification:_identify(src) by extension 'ros'
[4.792s] Level 1:colcon.colcon_core.package_identification:_identify(src) by extensions ['cmake', 'python']
[4.792s] Level 1:colcon.colcon_core.package_identification:_identify(src) by extension 'cmake'
[4.792s] Level 1:colcon.colcon_core.package_identification:_identify(src) by extension 'python'
[4.792s] Level 1:colcon.colcon_core.package_identification:_identify(src) by extensions ['python_setup_py']
[4.792s] Level 1:colcon.colcon_core.package_identification:_identify(src) by extension 'python_setup_py'
[4.792s] Level 1:colcon.colcon_core.package_identification:_identify(src/go2_ros2_toolbox) by extensions ['ignore', 'ignore_ament_install']
[4.793s] Level 1:colcon.colcon_core.package_identification:_identify(src/go2_ros2_toolbox) by extension 'ignore'
[4.793s] Level 1:colcon.colcon_core.package_identification:_identify(src/go2_ros2_toolbox) by extension 'ignore_ament_install'
[4.793s] Level 1:colcon.colcon_core.package_identification:_identify(src/go2_ros2_toolbox) by extensions ['colcon_pkg']
[4.793s] Level 1:colcon.colcon_core.package_identification:_identify(src/go2_ros2_toolbox) by extension 'colcon_pkg'
[4.793s] Level 1:colcon.colcon_core.package_identification:_identify(src/go2_ros2_toolbox) by extensions ['colcon_meta']
[4.793s] Level 1:colcon.colcon_core.package_identification:_identify(src/go2_ros2_toolbox) by extension 'colcon_meta'
[4.793s] Level 1:colcon.colcon_core.package_identification:_identify(src/go2_ros2_toolbox) by extensions ['ros']
[4.793s] Level 1:colcon.colcon_core.package_identification:_identify(src/go2_ros2_toolbox) by extension 'ros'
[4.793s] Level 1:colcon.colcon_core.package_identification:_identify(src/go2_ros2_toolbox) by extensions ['cmake', 'python']
[4.794s] Level 1:colcon.colcon_core.package_identification:_identify(src/go2_ros2_toolbox) by extension 'cmake'
[4.794s] Level 1:colcon.colcon_core.package_identification:_identify(src/go2_ros2_toolbox) by extension 'python'
[4.794s] Level 1:colcon.colcon_core.package_identification:_identify(src/go2_ros2_toolbox) by extensions ['python_setup_py']
[4.794s] Level 1:colcon.colcon_core.package_identification:_identify(src/go2_ros2_toolbox) by extension 'python_setup_py'
[4.794s] Level 1:colcon.colcon_core.package_identification:_identify(src/go2_ros2_toolbox/asset) by extensions ['ignore', 'ignore_ament_install']
[4.794s] Level 1:colcon.colcon_core.package_identification:_identify(src/go2_ros2_toolbox/asset) by extension 'ignore'
[4.794s] Level 1:colcon.colcon_core.package_identification:_identify(src/go2_ros2_toolbox/asset) by extension 'ignore_ament_install'
[4.794s] Level 1:colcon.colcon_core.package_identification:_identify(src/go2_ros2_toolbox/asset) by extensions ['colcon_pkg']
[4.794s] Level 1:colcon.colcon_core.package_identification:_identify(src/go2_ros2_toolbox/asset) by extension 'colcon_pkg'
[4.795s] Level 1:colcon.colcon_core.package_identification:_identify(src/go2_ros2_toolbox/asset) by extensions ['colcon_meta']
[4.795s] Level 1:colcon.colcon_core.package_identification:_identify(src/go2_ros2_toolbox/asset) by extension 'colcon_meta'
[4.795s] Level 1:colcon.colcon_core.package_identification:_identify(src/go2_ros2_toolbox/asset) by extensions ['ros']
[4.795s] Level 1:colcon.colcon_core.package_identification:_identify(src/go2_ros2_toolbox/asset) by extension 'ros'
[4.795s] Level 1:colcon.colcon_core.package_identification:_identify(src/go2_ros2_toolbox/asset) by extensions ['cmake', 'python']
[4.795s] Level 1:colcon.colcon_core.package_identification:_identify(src/go2_ros2_toolbox/asset) by extension 'cmake'
[4.795s] Level 1:colcon.colcon_core.package_identification:_identify(src/go2_ros2_toolbox/asset) by extension 'python'
[4.795s] Level 1:colcon.colcon_core.package_identification:_identify(src/go2_ros2_toolbox/asset) by extensions ['python_setup_py']
[4.795s] Level 1:colcon.colcon_core.package_identification:_identify(src/go2_ros2_toolbox/asset) by extension 'python_setup_py'
[4.795s] Level 1:colcon.colcon_core.package_identification:_identify(src/go2_ros2_toolbox/go2_core) by extensions ['ignore', 'ignore_ament_install']
[4.796s] Level 1:colcon.colcon_core.package_identification:_identify(src/go2_ros2_toolbox/go2_core) by extension 'ignore'
[4.796s] Level 1:colcon.colcon_core.package_identification:_identify(src/go2_ros2_toolbox/go2_core) by extension 'ignore_ament_install'
[4.796s] Level 1:colcon.colcon_core.package_identification:_identify(src/go2_ros2_toolbox/go2_core) by extensions ['colcon_pkg']
[4.796s] Level 1:colcon.colcon_core.package_identification:_identify(src/go2_ros2_toolbox/go2_core) by extension 'colcon_pkg'
[4.796s] Level 1:colcon.colcon_core.package_identification:_identify(src/go2_ros2_toolbox/go2_core) by extensions ['colcon_meta']
[4.796s] Level 1:colcon.colcon_core.package_identification:_identify(src/go2_ros2_toolbox/go2_core) by extension 'colcon_meta'
[4.796s] Level 1:colcon.colcon_core.package_identification:_identify(src/go2_ros2_toolbox/go2_core) by extensions ['ros']
[4.796s] Level 1:colcon.colcon_core.package_identification:_identify(src/go2_ros2_toolbox/go2_core) by extension 'ros'
[4.802s] DEBUG:colcon.colcon_core.package_identification:Package 'src/go2_ros2_toolbox/go2_core' with type 'ros.ament_cmake' and name 'go2_core'
[4.803s] Level 1:colcon.colcon_core.package_identification:_identify(src/go2_ros2_toolbox/go2_navigation) by extensions ['ignore', 'ignore_ament_install']
[4.803s] Level 1:colcon.colcon_core.package_identification:_identify(src/go2_ros2_toolbox/go2_navigation) by extension 'ignore'
[4.803s] Level 1:colcon.colcon_core.package_identification:_identify(src/go2_ros2_toolbox/go2_navigation) by extension 'ignore_ament_install'
[4.803s] Level 1:colcon.colcon_core.package_identification:_identify(src/go2_ros2_toolbox/go2_navigation) by extensions ['colcon_pkg']
[4.803s] Level 1:colcon.colcon_core.package_identification:_identify(src/go2_ros2_toolbox/go2_navigation) by extension 'colcon_pkg'
[4.803s] Level 1:colcon.colcon_core.package_identification:_identify(src/go2_ros2_toolbox/go2_navigation) by extensions ['colcon_meta']
[4.803s] Level 1:colcon.colcon_core.package_identification:_identify(src/go2_ros2_toolbox/go2_navigation) by extension 'colcon_meta'
[4.803s] Level 1:colcon.colcon_core.package_identification:_identify(src/go2_ros2_toolbox/go2_navigation) by extensions ['ros']
[4.804s] Level 1:colcon.colcon_core.package_identification:_identify(src/go2_ros2_toolbox/go2_navigation) by extension 'ros'
[4.805s] DEBUG:colcon.colcon_core.package_identification:Package 'src/go2_ros2_toolbox/go2_navigation' with type 'ros.ament_cmake' and name 'go2_navigation'
[4.805s] Level 1:colcon.colcon_core.package_identification:_identify(src/go2_ros2_toolbox/go2_perception) by extensions ['ignore', 'ignore_ament_install']
[4.805s] Level 1:colcon.colcon_core.package_identification:_identify(src/go2_ros2_toolbox/go2_perception) by extension 'ignore'
[4.805s] Level 1:colcon.colcon_core.package_identification:_identify(src/go2_ros2_toolbox/go2_perception) by extension 'ignore_ament_install'
[4.805s] Level 1:colcon.colcon_core.package_identification:_identify(src/go2_ros2_toolbox/go2_perception) by extensions ['colcon_pkg']
[4.805s] Level 1:colcon.colcon_core.package_identification:_identify(src/go2_ros2_toolbox/go2_perception) by extension 'colcon_pkg'
[4.805s] Level 1:colcon.colcon_core.package_identification:_identify(src/go2_ros2_toolbox/go2_perception) by extensions ['colcon_meta']
[4.806s] Level 1:colcon.colcon_core.package_identification:_identify(src/go2_ros2_toolbox/go2_perception) by extension 'colcon_meta'
[4.806s] Level 1:colcon.colcon_core.package_identification:_identify(src/go2_ros2_toolbox/go2_perception) by extensions ['ros']
[4.806s] Level 1:colcon.colcon_core.package_identification:_identify(src/go2_ros2_toolbox/go2_perception) by extension 'ros'
[4.807s] DEBUG:colcon.colcon_core.package_identification:Package 'src/go2_ros2_toolbox/go2_perception' with type 'ros.ament_cmake' and name 'go2_perception'
[4.807s] Level 1:colcon.colcon_core.package_identification:_identify(src/go2_ros2_toolbox/go2_slam) by extensions ['ignore', 'ignore_ament_install']
[4.807s] Level 1:colcon.colcon_core.package_identification:_identify(src/go2_ros2_toolbox/go2_slam) by extension 'ignore'
[4.807s] Level 1:colcon.colcon_core.package_identification:_identify(src/go2_ros2_toolbox/go2_slam) by extension 'ignore_ament_install'
[4.807s] Level 1:colcon.colcon_core.package_identification:_identify(src/go2_ros2_toolbox/go2_slam) by extensions ['colcon_pkg']
[4.807s] Level 1:colcon.colcon_core.package_identification:_identify(src/go2_ros2_toolbox/go2_slam) by extension 'colcon_pkg'
[4.807s] Level 1:colcon.colcon_core.package_identification:_identify(src/go2_ros2_toolbox/go2_slam) by extensions ['colcon_meta']
[4.807s] Level 1:colcon.colcon_core.package_identification:_identify(src/go2_ros2_toolbox/go2_slam) by extension 'colcon_meta'
[4.808s] Level 1:colcon.colcon_core.package_identification:_identify(src/go2_ros2_toolbox/go2_slam) by extensions ['ros']
[4.808s] Level 1:colcon.colcon_core.package_identification:_identify(src/go2_ros2_toolbox/go2_slam) by extension 'ros'
[4.808s] DEBUG:colcon.colcon_core.package_identification:Package 'src/go2_ros2_toolbox/go2_slam' with type 'ros.ament_cmake' and name 'go2_slam'
[4.809s] Level 1:colcon.colcon_core.package_identification:_identify(src/go2_ros2_toolbox/unitree_pkgs) by extensions ['ignore', 'ignore_ament_install']
[4.809s] Level 1:colcon.colcon_core.package_identification:_identify(src/go2_ros2_toolbox/unitree_pkgs) by extension 'ignore'
[4.809s] Level 1:colcon.colcon_core.package_identification:_identify(src/go2_ros2_toolbox/unitree_pkgs) by extension 'ignore_ament_install'
[4.809s] Level 1:colcon.colcon_core.package_identification:_identify(src/go2_ros2_toolbox/unitree_pkgs) by extensions ['colcon_pkg']
[4.809s] Level 1:colcon.colcon_core.package_identification:_identify(src/go2_ros2_toolbox/unitree_pkgs) by extension 'colcon_pkg'
[4.809s] Level 1:colcon.colcon_core.package_identification:_identify(src/go2_ros2_toolbox/unitree_pkgs) by extensions ['colcon_meta']
[4.809s] Level 1:colcon.colcon_core.package_identification:_identify(src/go2_ros2_toolbox/unitree_pkgs) by extension 'colcon_meta'
[4.810s] Level 1:colcon.colcon_core.package_identification:_identify(src/go2_ros2_toolbox/unitree_pkgs) by extensions ['ros']
[4.810s] Level 1:colcon.colcon_core.package_identification:_identify(src/go2_ros2_toolbox/unitree_pkgs) by extension 'ros'
[4.810s] Level 1:colcon.colcon_core.package_identification:_identify(src/go2_ros2_toolbox/unitree_pkgs) by extensions ['cmake', 'python']
[4.810s] Level 1:colcon.colcon_core.package_identification:_identify(src/go2_ros2_toolbox/unitree_pkgs) by extension 'cmake'
[4.810s] Level 1:colcon.colcon_core.package_identification:_identify(src/go2_ros2_toolbox/unitree_pkgs) by extension 'python'
[4.810s] Level 1:colcon.colcon_core.package_identification:_identify(src/go2_ros2_toolbox/unitree_pkgs) by extensions ['python_setup_py']
[4.810s] Level 1:colcon.colcon_core.package_identification:_identify(src/go2_ros2_toolbox/unitree_pkgs) by extension 'python_setup_py'
[4.810s] Level 1:colcon.colcon_core.package_identification:_identify(src/go2_ros2_toolbox/unitree_pkgs/go2_h264_repub) by extensions ['ignore', 'ignore_ament_install']
[4.811s] Level 1:colcon.colcon_core.package_identification:_identify(src/go2_ros2_toolbox/unitree_pkgs/go2_h264_repub) by extension 'ignore'
[4.811s] Level 1:colcon.colcon_core.package_identification:_identify(src/go2_ros2_toolbox/unitree_pkgs/go2_h264_repub) by extension 'ignore_ament_install'
[4.811s] Level 1:colcon.colcon_core.package_identification:_identify(src/go2_ros2_toolbox/unitree_pkgs/go2_h264_repub) by extensions ['colcon_pkg']
[4.811s] Level 1:colcon.colcon_core.package_identification:_identify(src/go2_ros2_toolbox/unitree_pkgs/go2_h264_repub) by extension 'colcon_pkg'
[4.811s] Level 1:colcon.colcon_core.package_identification:_identify(src/go2_ros2_toolbox/unitree_pkgs/go2_h264_repub) by extensions ['colcon_meta']
[4.811s] Level 1:colcon.colcon_core.package_identification:_identify(src/go2_ros2_toolbox/unitree_pkgs/go2_h264_repub) by extension 'colcon_meta'
[4.811s] Level 1:colcon.colcon_core.package_identification:_identify(src/go2_ros2_toolbox/unitree_pkgs/go2_h264_repub) by extensions ['ros']
[4.811s] Level 1:colcon.colcon_core.package_identification:_identify(src/go2_ros2_toolbox/unitree_pkgs/go2_h264_repub) by extension 'ros'
[4.813s] DEBUG:colcon.colcon_core.package_identification:Package 'src/go2_ros2_toolbox/unitree_pkgs/go2_h264_repub' with type 'ros.ament_cmake' and name 'go2_h264_repub'
[4.813s] Level 1:colcon.colcon_core.package_identification:_identify(src/go2_ros2_toolbox/unitree_pkgs/go2_sport_api) by extensions ['ignore', 'ignore_ament_install']
[4.813s] Level 1:colcon.colcon_core.package_identification:_identify(src/go2_ros2_toolbox/unitree_pkgs/go2_sport_api) by extension 'ignore'
[4.813s] Level 1:colcon.colcon_core.package_identification:_identify(src/go2_ros2_toolbox/unitree_pkgs/go2_sport_api) by extension 'ignore_ament_install'
[4.813s] Level 1:colcon.colcon_core.package_identification:_identify(src/go2_ros2_toolbox/unitree_pkgs/go2_sport_api) by extensions ['colcon_pkg']
[4.813s] Level 1:colcon.colcon_core.package_identification:_identify(src/go2_ros2_toolbox/unitree_pkgs/go2_sport_api) by extension 'colcon_pkg'
[4.814s] Level 1:colcon.colcon_core.package_identification:_identify(src/go2_ros2_toolbox/unitree_pkgs/go2_sport_api) by extensions ['colcon_meta']
[4.814s] Level 1:colcon.colcon_core.package_identification:_identify(src/go2_ros2_toolbox/unitree_pkgs/go2_sport_api) by extension 'colcon_meta'
[4.814s] Level 1:colcon.colcon_core.package_identification:_identify(src/go2_ros2_toolbox/unitree_pkgs/go2_sport_api) by extensions ['ros']
[4.814s] Level 1:colcon.colcon_core.package_identification:_identify(src/go2_ros2_toolbox/unitree_pkgs/go2_sport_api) by extension 'ros'
[4.815s] DEBUG:colcon.colcon_core.package_identification:Package 'src/go2_ros2_toolbox/unitree_pkgs/go2_sport_api' with type 'ros.ament_cmake' and name 'go2_sport_api'
[4.816s] Level 1:colcon.colcon_core.package_identification:_identify(src/go2_ros2_toolbox/unitree_pkgs/unitree_api) by extensions ['ignore', 'ignore_ament_install']
[4.816s] Level 1:colcon.colcon_core.package_identification:_identify(src/go2_ros2_toolbox/unitree_pkgs/unitree_api) by extension 'ignore'
[4.816s] Level 1:colcon.colcon_core.package_identification:_identify(src/go2_ros2_toolbox/unitree_pkgs/unitree_api) by extension 'ignore_ament_install'
[4.816s] Level 1:colcon.colcon_core.package_identification:_identify(src/go2_ros2_toolbox/unitree_pkgs/unitree_api) by extensions ['colcon_pkg']
[4.816s] Level 1:colcon.colcon_core.package_identification:_identify(src/go2_ros2_toolbox/unitree_pkgs/unitree_api) by extension 'colcon_pkg'
[4.816s] Level 1:colcon.colcon_core.package_identification:_identify(src/go2_ros2_toolbox/unitree_pkgs/unitree_api) by extensions ['colcon_meta']
[4.816s] Level 1:colcon.colcon_core.package_identification:_identify(src/go2_ros2_toolbox/unitree_pkgs/unitree_api) by extension 'colcon_meta'
[4.816s] Level 1:colcon.colcon_core.package_identification:_identify(src/go2_ros2_toolbox/unitree_pkgs/unitree_api) by extensions ['ros']
[4.816s] Level 1:colcon.colcon_core.package_identification:_identify(src/go2_ros2_toolbox/unitree_pkgs/unitree_api) by extension 'ros'
[4.817s] DEBUG:colcon.colcon_core.package_identification:Package 'src/go2_ros2_toolbox/unitree_pkgs/unitree_api' with type 'ros.ament_cmake' and name 'unitree_api'
[4.818s] Level 1:colcon.colcon_core.package_identification:_identify(src/go2_ros2_toolbox/unitree_pkgs/unitree_go) by extensions ['ignore', 'ignore_ament_install']
[4.818s] Level 1:colcon.colcon_core.package_identification:_identify(src/go2_ros2_toolbox/unitree_pkgs/unitree_go) by extension 'ignore'
[4.818s] Level 1:colcon.colcon_core.package_identification:_identify(src/go2_ros2_toolbox/unitree_pkgs/unitree_go) by extension 'ignore_ament_install'
[4.818s] Level 1:colcon.colcon_core.package_identification:_identify(src/go2_ros2_toolbox/unitree_pkgs/unitree_go) by extensions ['colcon_pkg']
[4.818s] Level 1:colcon.colcon_core.package_identification:_identify(src/go2_ros2_toolbox/unitree_pkgs/unitree_go) by extension 'colcon_pkg'
[4.818s] Level 1:colcon.colcon_core.package_identification:_identify(src/go2_ros2_toolbox/unitree_pkgs/unitree_go) by extensions ['colcon_meta']
[4.818s] Level 1:colcon.colcon_core.package_identification:_identify(src/go2_ros2_toolbox/unitree_pkgs/unitree_go) by extension 'colcon_meta'
[4.819s] Level 1:colcon.colcon_core.package_identification:_identify(src/go2_ros2_toolbox/unitree_pkgs/unitree_go) by extensions ['ros']
[4.819s] Level 1:colcon.colcon_core.package_identification:_identify(src/go2_ros2_toolbox/unitree_pkgs/unitree_go) by extension 'ros'
[4.820s] DEBUG:colcon.colcon_core.package_identification:Package 'src/go2_ros2_toolbox/unitree_pkgs/unitree_go' with type 'ros.ament_cmake' and name 'unitree_go'
[4.820s] Level 1:colcon.colcon_core.package_discovery:discover_packages(recursive) using defaults
[4.820s] Level 1:colcon.colcon_core.package_discovery:discover_packages(ignore) discover
[4.820s] Level 1:colcon.colcon_core.package_discovery:discover_packages(ignore) using defaults
[4.820s] Level 1:colcon.colcon_core.package_discovery:discover_packages(path) discover
[4.820s] Level 1:colcon.colcon_core.package_discovery:discover_packages(path) using defaults
[5.084s] INFO:colcon.colcon_core.package_selection:Skipping package 'go2_slam' in 'src/go2_ros2_toolbox/go2_slam'
[5.084s] INFO:colcon.colcon_core.package_selection:Skipping package 'go2_h264_repub' in 'src/go2_ros2_toolbox/unitree_pkgs/go2_h264_repub'
[5.234s] Level 1:colcon.colcon_core.package_discovery:discover_packages(prefix_path) check parameters
[5.234s] Level 1:colcon.colcon_core.package_discovery:discover_packages(prefix_path) discover
[5.389s] DEBUG:colcon.colcon_installed_package_information.package_discovery:Found 8 installed packages in /home/unitree/go2_ros2_ws/install
[5.466s] DEBUG:colcon.colcon_installed_package_information.package_discovery:Found 2 installed packages in /home/unitree/cyclonedds_ws/install
[5.543s] DEBUG:colcon.colcon_installed_package_information.package_discovery:Found 298 installed packages in /opt/ros/foxy
[5.546s] Level 1:colcon.colcon_core.package_discovery:discover_packages(prefix_path) using defaults
[5.876s] Level 5:colcon.colcon_core.verb:set package 'go2_perception' build argument 'cmake_args' from command line to 'None'
[5.876s] Level 5:colcon.colcon_core.verb:set package 'go2_perception' build argument 'cmake_target' from command line to 'None'
[5.876s] Level 5:colcon.colcon_core.verb:set package 'go2_perception' build argument 'cmake_target_skip_unavailable' from command line to 'False'
[5.877s] Level 5:colcon.colcon_core.verb:set package 'go2_perception' build argument 'cmake_clean_cache' from command line to 'False'
[5.877s] Level 5:colcon.colcon_core.verb:set package 'go2_perception' build argument 'cmake_clean_first' from command line to 'False'
[5.877s] Level 5:colcon.colcon_core.verb:set package 'go2_perception' build argument 'cmake_force_configure' from command line to 'False'
[5.877s] Level 5:colcon.colcon_core.verb:set package 'go2_perception' build argument 'ament_cmake_args' from command line to 'None'
[5.877s] Level 5:colcon.colcon_core.verb:set package 'go2_perception' build argument 'catkin_cmake_args' from command line to 'None'
[5.877s] Level 5:colcon.colcon_core.verb:set package 'go2_perception' build argument 'catkin_skip_building_tests' from command line to 'False'
[5.877s] DEBUG:colcon.colcon_core.verb:Building package 'go2_perception' with the following arguments: {'ament_cmake_args': None, 'build_base': '/home/unitree/go2_ros2_ws/build/go2_perception', 'catkin_cmake_args': None, 'catkin_skip_building_tests': False, 'cmake_args': None, 'cmake_clean_cache': False, 'cmake_clean_first': False, 'cmake_force_configure': False, 'cmake_target': None, 'cmake_target_skip_unavailable': False, 'install_base': '/home/unitree/go2_ros2_ws/install/go2_perception', 'merge_install': False, 'path': '/home/unitree/go2_ros2_ws/src/go2_ros2_toolbox/go2_perception', 'symlink_install': False, 'test_result_base': None}
[5.952s] Level 5:colcon.colcon_core.verb:set package 'unitree_api' build argument 'cmake_args' from command line to 'None'
[5.952s] Level 5:colcon.colcon_core.verb:set package 'unitree_api' build argument 'cmake_target' from command line to 'None'
[5.952s] Level 5:colcon.colcon_core.verb:set package 'unitree_api' build argument 'cmake_target_skip_unavailable' from command line to 'False'
[5.952s] Level 5:colcon.colcon_core.verb:set package 'unitree_api' build argument 'cmake_clean_cache' from command line to 'False'
[5.952s] Level 5:colcon.colcon_core.verb:set package 'unitree_api' build argument 'cmake_clean_first' from command line to 'False'
[5.952s] Level 5:colcon.colcon_core.verb:set package 'unitree_api' build argument 'cmake_force_configure' from command line to 'False'
[5.952s] Level 5:colcon.colcon_core.verb:set package 'unitree_api' build argument 'ament_cmake_args' from command line to 'None'
[5.952s] Level 5:colcon.colcon_core.verb:set package 'unitree_api' build argument 'catkin_cmake_args' from command line to 'None'
[5.953s] Level 5:colcon.colcon_core.verb:set package 'unitree_api' build argument 'catkin_skip_building_tests' from command line to 'False'
[5.953s] DEBUG:colcon.colcon_core.verb:Building package 'unitree_api' with the following arguments: {'ament_cmake_args': None, 'build_base': '/home/unitree/go2_ros2_ws/build/unitree_api', 'catkin_cmake_args': None, 'catkin_skip_building_tests': False, 'cmake_args': None, 'cmake_clean_cache': False, 'cmake_clean_first': False, 'cmake_force_configure': False, 'cmake_target': None, 'cmake_target_skip_unavailable': False, 'install_base': '/home/unitree/go2_ros2_ws/install/unitree_api', 'merge_install': False, 'path': '/home/unitree/go2_ros2_ws/src/go2_ros2_toolbox/unitree_pkgs/unitree_api', 'symlink_install': False, 'test_result_base': None}
[6.028s] Level 5:colcon.colcon_core.verb:set package 'unitree_go' build argument 'cmake_args' from command line to 'None'
[6.028s] Level 5:colcon.colcon_core.verb:set package 'unitree_go' build argument 'cmake_target' from command line to 'None'
[6.028s] Level 5:colcon.colcon_core.verb:set package 'unitree_go' build argument 'cmake_target_skip_unavailable' from command line to 'False'
[6.028s] Level 5:colcon.colcon_core.verb:set package 'unitree_go' build argument 'cmake_clean_cache' from command line to 'False'
[6.028s] Level 5:colcon.colcon_core.verb:set package 'unitree_go' build argument 'cmake_clean_first' from command line to 'False'
[6.028s] Level 5:colcon.colcon_core.verb:set package 'unitree_go' build argument 'cmake_force_configure' from command line to 'False'
[6.028s] Level 5:colcon.colcon_core.verb:set package 'unitree_go' build argument 'ament_cmake_args' from command line to 'None'
[6.028s] Level 5:colcon.colcon_core.verb:set package 'unitree_go' build argument 'catkin_cmake_args' from command line to 'None'
[6.028s] Level 5:colcon.colcon_core.verb:set package 'unitree_go' build argument 'catkin_skip_building_tests' from command line to 'False'
[6.028s] DEBUG:colcon.colcon_core.verb:Building package 'unitree_go' with the following arguments: {'ament_cmake_args': None, 'build_base': '/home/unitree/go2_ros2_ws/build/unitree_go', 'catkin_cmake_args': None, 'catkin_skip_building_tests': False, 'cmake_args': None, 'cmake_clean_cache': False, 'cmake_clean_first': False, 'cmake_force_configure': False, 'cmake_target': None, 'cmake_target_skip_unavailable': False, 'install_base': '/home/unitree/go2_ros2_ws/install/unitree_go', 'merge_install': False, 'path': '/home/unitree/go2_ros2_ws/src/go2_ros2_toolbox/unitree_pkgs/unitree_go', 'symlink_install': False, 'test_result_base': None}
[6.103s] Level 5:colcon.colcon_core.verb:set package 'go2_sport_api' build argument 'cmake_args' from command line to 'None'
[6.104s] Level 5:colcon.colcon_core.verb:set package 'go2_sport_api' build argument 'cmake_target' from command line to 'None'
[6.104s] Level 5:colcon.colcon_core.verb:set package 'go2_sport_api' build argument 'cmake_target_skip_unavailable' from command line to 'False'
[6.104s] Level 5:colcon.colcon_core.verb:set package 'go2_sport_api' build argument 'cmake_clean_cache' from command line to 'False'
[6.104s] Level 5:colcon.colcon_core.verb:set package 'go2_sport_api' build argument 'cmake_clean_first' from command line to 'False'
[6.104s] Level 5:colcon.colcon_core.verb:set package 'go2_sport_api' build argument 'cmake_force_configure' from command line to 'False'
[6.104s] Level 5:colcon.colcon_core.verb:set package 'go2_sport_api' build argument 'ament_cmake_args' from command line to 'None'
[6.104s] Level 5:colcon.colcon_core.verb:set package 'go2_sport_api' build argument 'catkin_cmake_args' from command line to 'None'
[6.104s] Level 5:colcon.colcon_core.verb:set package 'go2_sport_api' build argument 'catkin_skip_building_tests' from command line to 'False'
[6.104s] DEBUG:colcon.colcon_core.verb:Building package 'go2_sport_api' with the following arguments: {'ament_cmake_args': None, 'build_base': '/home/unitree/go2_ros2_ws/build/go2_sport_api', 'catkin_cmake_args': None, 'catkin_skip_building_tests': False, 'cmake_args': None, 'cmake_clean_cache': False, 'cmake_clean_first': False, 'cmake_force_configure': False, 'cmake_target': None, 'cmake_target_skip_unavailable': False, 'install_base': '/home/unitree/go2_ros2_ws/install/go2_sport_api', 'merge_install': False, 'path': '/home/unitree/go2_ros2_ws/src/go2_ros2_toolbox/unitree_pkgs/go2_sport_api', 'symlink_install': False, 'test_result_base': None}
[6.179s] Level 5:colcon.colcon_core.verb:set package 'go2_core' build argument 'cmake_args' from command line to 'None'
[6.179s] Level 5:colcon.colcon_core.verb:set package 'go2_core' build argument 'cmake_target' from command line to 'None'
[6.179s] Level 5:colcon.colcon_core.verb:set package 'go2_core' build argument 'cmake_target_skip_unavailable' from command line to 'False'
[6.179s] Level 5:colcon.colcon_core.verb:set package 'go2_core' build argument 'cmake_clean_cache' from command line to 'False'
[6.179s] Level 5:colcon.colcon_core.verb:set package 'go2_core' build argument 'cmake_clean_first' from command line to 'False'
[6.179s] Level 5:colcon.colcon_core.verb:set package 'go2_core' build argument 'cmake_force_configure' from command line to 'False'
[6.179s] Level 5:colcon.colcon_core.verb:set package 'go2_core' build argument 'ament_cmake_args' from command line to 'None'
[6.179s] Level 5:colcon.colcon_core.verb:set package 'go2_core' build argument 'catkin_cmake_args' from command line to 'None'
[6.179s] Level 5:colcon.colcon_core.verb:set package 'go2_core' build argument 'catkin_skip_building_tests' from command line to 'False'
[6.180s] DEBUG:colcon.colcon_core.verb:Building package 'go2_core' with the following arguments: {'ament_cmake_args': None, 'build_base': '/home/unitree/go2_ros2_ws/build/go2_core', 'catkin_cmake_args': None, 'catkin_skip_building_tests': False, 'cmake_args': None, 'cmake_clean_cache': False, 'cmake_clean_first': False, 'cmake_force_configure': False, 'cmake_target': None, 'cmake_target_skip_unavailable': False, 'install_base': '/home/unitree/go2_ros2_ws/install/go2_core', 'merge_install': False, 'path': '/home/unitree/go2_ros2_ws/src/go2_ros2_toolbox/go2_core', 'symlink_install': False, 'test_result_base': None}
[6.254s] Level 5:colcon.colcon_core.verb:set package 'go2_navigation' build argument 'cmake_args' from command line to 'None'
[6.254s] Level 5:colcon.colcon_core.verb:set package 'go2_navigation' build argument 'cmake_target' from command line to 'None'
[6.254s] Level 5:colcon.colcon_core.verb:set package 'go2_navigation' build argument 'cmake_target_skip_unavailable' from command line to 'False'
[6.254s] Level 5:colcon.colcon_core.verb:set package 'go2_navigation' build argument 'cmake_clean_cache' from command line to 'False'
[6.254s] Level 5:colcon.colcon_core.verb:set package 'go2_navigation' build argument 'cmake_clean_first' from command line to 'False'
[6.254s] Level 5:colcon.colcon_core.verb:set package 'go2_navigation' build argument 'cmake_force_configure' from command line to 'False'
[6.254s] Level 5:colcon.colcon_core.verb:set package 'go2_navigation' build argument 'ament_cmake_args' from command line to 'None'
[6.254s] Level 5:colcon.colcon_core.verb:set package 'go2_navigation' build argument 'catkin_cmake_args' from command line to 'None'
[6.255s] Level 5:colcon.colcon_core.verb:set package 'go2_navigation' build argument 'catkin_skip_building_tests' from command line to 'False'
[6.255s] DEBUG:colcon.colcon_core.verb:Building package 'go2_navigation' with the following arguments: {'ament_cmake_args': None, 'build_base': '/home/unitree/go2_ros2_ws/build/go2_navigation', 'catkin_cmake_args': None, 'catkin_skip_building_tests': False, 'cmake_args': None, 'cmake_clean_cache': False, 'cmake_clean_first': False, 'cmake_force_configure': False, 'cmake_target': None, 'cmake_target_skip_unavailable': False, 'install_base': '/home/unitree/go2_ros2_ws/install/go2_navigation', 'merge_install': False, 'path': '/home/unitree/go2_ros2_ws/src/go2_ros2_toolbox/go2_navigation', 'symlink_install': False, 'test_result_base': None}
[6.329s] INFO:colcon.colcon_core.executor:Executing jobs using 'parallel' executor
[6.407s] DEBUG:colcon.colcon_parallel_executor.executor.parallel:run_until_complete
[6.408s] INFO:colcon.colcon_ros.task.ament_cmake.build:Building ROS package in '/home/unitree/go2_ros2_ws/src/go2_ros2_toolbox/unitree_pkgs/unitree_api' with build type 'ament_cmake'
[6.408s] INFO:colcon.colcon_cmake.task.cmake.build:Building CMake package in '/home/unitree/go2_ros2_ws/src/go2_ros2_toolbox/unitree_pkgs/unitree_api'
[6.491s] INFO:colcon.colcon_core.plugin_system:Skipping extension 'colcon_core.shell.bat': Not used on non-Windows systems
[6.491s] INFO:colcon.colcon_core.shell:Skip shell extension 'powershell' for command environment: Not usable outside of PowerShell
[6.491s] DEBUG:colcon.colcon_core.shell:Skip shell extension 'dsv' for command environment
[6.814s] INFO:colcon.colcon_ros.task.ament_cmake.build:Building ROS package in '/home/unitree/go2_ros2_ws/src/go2_ros2_toolbox/unitree_pkgs/unitree_go' with build type 'ament_cmake'
[6.815s] INFO:colcon.colcon_cmake.task.cmake.build:Building CMake package in '/home/unitree/go2_ros2_ws/src/go2_ros2_toolbox/unitree_pkgs/unitree_go'
[6.897s] INFO:colcon.colcon_core.shell:Skip shell extension 'powershell' for command environment: Not usable outside of PowerShell
[6.897s] DEBUG:colcon.colcon_core.shell:Skip shell extension 'dsv' for command environment
[7.218s] INFO:colcon.colcon_ros.task.ament_cmake.build:Building ROS package in '/home/unitree/go2_ros2_ws/src/go2_ros2_toolbox/go2_perception' with build type 'ament_cmake'
[7.219s] INFO:colcon.colcon_cmake.task.cmake.build:Building CMake package in '/home/unitree/go2_ros2_ws/src/go2_ros2_toolbox/go2_perception'
[7.301s] INFO:colcon.colcon_core.shell:Skip shell extension 'powershell' for command environment: Not usable outside of PowerShell
[7.301s] DEBUG:colcon.colcon_core.shell:Skip shell extension 'dsv' for command environment
[7.636s] DEBUG:colcon.colcon_core.event_handler.log_command:Invoking command in '/home/unitree/go2_ros2_ws/build/unitree_api': CMAKE_PREFIX_PATH=${CMAKE_PREFIX_PATH}:/opt/ros/foxy /usr/bin/cmake --build /home/unitree/go2_ros2_ws/build/unitree_api -- -j6 -l6
[7.652s] DEBUG:colcon.colcon_core.event_handler.log_command:Invoking command in '/home/unitree/go2_ros2_ws/build/unitree_go': CMAKE_PREFIX_PATH=${CMAKE_PREFIX_PATH}:/opt/ros/foxy /usr/bin/cmake --build /home/unitree/go2_ros2_ws/build/unitree_go -- -j6 -l6
[7.670s] DEBUG:colcon.colcon_core.event_handler.log_command:Invoking command in '/home/unitree/go2_ros2_ws/build/go2_perception': CMAKE_PREFIX_PATH=${CMAKE_PREFIX_PATH}:/opt/ros/foxy /usr/bin/cmake --build /home/unitree/go2_ros2_ws/build/go2_perception -- -j6 -l6
[7.998s] DEBUG:colcon.colcon_core.event_handler.log_command:Invoked command in '/home/unitree/go2_ros2_ws/build/go2_perception' returned '0': CMAKE_PREFIX_PATH=${CMAKE_PREFIX_PATH}:/opt/ros/foxy /usr/bin/cmake --build /home/unitree/go2_ros2_ws/build/go2_perception -- -j6 -l6
[8.097s] DEBUG:colcon.colcon_core.event_handler.log_command:Invoking command in '/home/unitree/go2_ros2_ws/build/go2_perception': CMAKE_PREFIX_PATH=${CMAKE_PREFIX_PATH}:/opt/ros/foxy /usr/bin/cmake --install /home/unitree/go2_ros2_ws/build/go2_perception
[8.204s] Level 1:colcon.colcon_core.environment:create_environment_scripts_only(go2_perception)
[8.205s] DEBUG:colcon.colcon_core.event_handler.log_command:Invoked command in '/home/unitree/go2_ros2_ws/build/go2_perception' returned '0': CMAKE_PREFIX_PATH=${CMAKE_PREFIX_PATH}:/opt/ros/foxy /usr/bin/cmake --install /home/unitree/go2_ros2_ws/build/go2_perception
[8.297s] Level 1:colcon.colcon_core.environment:checking '/home/unitree/go2_ros2_ws/install/go2_perception' for CMake module files
[8.299s] Level 1:colcon.colcon_core.environment:checking '/home/unitree/go2_ros2_ws/install/go2_perception' for CMake config files
[8.300s] Level 1:colcon.colcon_core.shell:create_environment_hook('go2_perception', 'cmake_prefix_path')
[8.385s] INFO:colcon.colcon_core.shell:Creating environment hook '/home/unitree/go2_ros2_ws/install/go2_perception/share/go2_perception/hook/cmake_prefix_path.ps1'
[8.387s] INFO:colcon.colcon_core.shell:Creating environment descriptor '/home/unitree/go2_ros2_ws/install/go2_perception/share/go2_perception/hook/cmake_prefix_path.dsv'
[8.388s] INFO:colcon.colcon_core.shell:Creating environment hook '/home/unitree/go2_ros2_ws/install/go2_perception/share/go2_perception/hook/cmake_prefix_path.sh'
[8.390s] Level 1:colcon.colcon_core.environment:checking '/home/unitree/go2_ros2_ws/install/go2_perception/lib'
[8.390s] Level 1:colcon.colcon_core.shell:create_environment_hook('go2_perception', 'ld_library_path_lib')
[8.470s] INFO:colcon.colcon_core.shell:Creating environment hook '/home/unitree/go2_ros2_ws/install/go2_perception/share/go2_perception/hook/ld_library_path_lib.ps1'
[8.471s] INFO:colcon.colcon_core.shell:Creating environment descriptor '/home/unitree/go2_ros2_ws/install/go2_perception/share/go2_perception/hook/ld_library_path_lib.dsv'
[8.472s] INFO:colcon.colcon_core.shell:Creating environment hook '/home/unitree/go2_ros2_ws/install/go2_perception/share/go2_perception/hook/ld_library_path_lib.sh'
[8.473s] Level 1:colcon.colcon_core.environment:checking '/home/unitree/go2_ros2_ws/install/go2_perception/bin'
[8.473s] Level 1:colcon.colcon_core.environment:checking '/home/unitree/go2_ros2_ws/install/go2_perception/lib/pkgconfig/go2_perception.pc'
[8.473s] Level 1:colcon.colcon_core.environment:checking '/home/unitree/go2_ros2_ws/install/go2_perception/lib/python3.8/site-packages'
[8.474s] Level 1:colcon.colcon_core.shell:create_environment_hook('go2_perception', 'pythonpath')
[8.554s] INFO:colcon.colcon_core.shell:Creating environment hook '/home/unitree/go2_ros2_ws/install/go2_perception/share/go2_perception/hook/pythonpath.ps1'
[8.556s] INFO:colcon.colcon_core.shell:Creating environment descriptor '/home/unitree/go2_ros2_ws/install/go2_perception/share/go2_perception/hook/pythonpath.dsv'
[8.557s] INFO:colcon.colcon_core.shell:Creating environment hook '/home/unitree/go2_ros2_ws/install/go2_perception/share/go2_perception/hook/pythonpath.sh'
[8.558s] Level 1:colcon.colcon_core.environment:checking '/home/unitree/go2_ros2_ws/install/go2_perception/bin'
[8.637s] INFO:colcon.colcon_core.shell:Creating package script '/home/unitree/go2_ros2_ws/install/go2_perception/share/go2_perception/package.ps1'
[8.639s] INFO:colcon.colcon_core.shell:Creating package descriptor '/home/unitree/go2_ros2_ws/install/go2_perception/share/go2_perception/package.dsv'
[8.640s] INFO:colcon.colcon_core.shell:Creating package script '/home/unitree/go2_ros2_ws/install/go2_perception/share/go2_perception/package.sh'
[8.641s] INFO:colcon.colcon_core.shell:Creating package script '/home/unitree/go2_ros2_ws/install/go2_perception/share/go2_perception/package.bash'
[8.643s] INFO:colcon.colcon_core.shell:Creating package script '/home/unitree/go2_ros2_ws/install/go2_perception/share/go2_perception/package.zsh'
[8.644s] Level 1:colcon.colcon_core.environment:create_file_with_runtime_dependencies(/home/unitree/go2_ros2_ws/install/go2_perception/share/colcon-core/packages/go2_perception)
[8.655s] DEBUG:colcon.colcon_core.event_handler.log_command:Invoked command in '/home/unitree/go2_ros2_ws/build/unitree_api' returned '0': CMAKE_PREFIX_PATH=${CMAKE_PREFIX_PATH}:/opt/ros/foxy /usr/bin/cmake --build /home/unitree/go2_ros2_ws/build/unitree_api -- -j6 -l6
[8.663s] DEBUG:colcon.colcon_core.event_handler.log_command:Invoked command in '/home/unitree/go2_ros2_ws/build/unitree_go' returned '0': CMAKE_PREFIX_PATH=${CMAKE_PREFIX_PATH}:/opt/ros/foxy /usr/bin/cmake --build /home/unitree/go2_ros2_ws/build/unitree_go -- -j6 -l6
[8.837s] Level 1:colcon.colcon_core.environment:create_environment_scripts_only(go2_perception)
[8.918s] Level 1:colcon.colcon_core.environment:checking '/home/unitree/go2_ros2_ws/install/go2_perception' for CMake module files
[8.919s] Level 1:colcon.colcon_core.environment:checking '/home/unitree/go2_ros2_ws/install/go2_perception' for CMake config files
[8.920s] Level 1:colcon.colcon_core.shell:create_environment_hook('go2_perception', 'cmake_prefix_path')
[9.001s] INFO:colcon.colcon_core.shell:Creating environment hook '/home/unitree/go2_ros2_ws/install/go2_perception/share/go2_perception/hook/cmake_prefix_path.ps1'
[9.003s] INFO:colcon.colcon_core.shell:Creating environment descriptor '/home/unitree/go2_ros2_ws/install/go2_perception/share/go2_perception/hook/cmake_prefix_path.dsv'
[9.003s] INFO:colcon.colcon_core.shell:Creating environment hook '/home/unitree/go2_ros2_ws/install/go2_perception/share/go2_perception/hook/cmake_prefix_path.sh'
[9.005s] Level 1:colcon.colcon_core.environment:checking '/home/unitree/go2_ros2_ws/install/go2_perception/lib'
[9.005s] Level 1:colcon.colcon_core.shell:create_environment_hook('go2_perception', 'ld_library_path_lib')
[9.087s] INFO:colcon.colcon_core.shell:Creating environment hook '/home/unitree/go2_ros2_ws/install/go2_perception/share/go2_perception/hook/ld_library_path_lib.ps1'
[9.088s] INFO:colcon.colcon_core.shell:Creating environment descriptor '/home/unitree/go2_ros2_ws/install/go2_perception/share/go2_perception/hook/ld_library_path_lib.dsv'
[9.089s] INFO:colcon.colcon_core.shell:Creating environment hook '/home/unitree/go2_ros2_ws/install/go2_perception/share/go2_perception/hook/ld_library_path_lib.sh'
[9.090s] Level 1:colcon.colcon_core.environment:checking '/home/unitree/go2_ros2_ws/install/go2_perception/bin'
[9.090s] Level 1:colcon.colcon_core.environment:checking '/home/unitree/go2_ros2_ws/install/go2_perception/lib/pkgconfig/go2_perception.pc'
[9.091s] Level 1:colcon.colcon_core.environment:checking '/home/unitree/go2_ros2_ws/install/go2_perception/lib/python3.8/site-packages'
[9.091s] Level 1:colcon.colcon_core.shell:create_environment_hook('go2_perception', 'pythonpath')
[9.172s] INFO:colcon.colcon_core.shell:Creating environment hook '/home/unitree/go2_ros2_ws/install/go2_perception/share/go2_perception/hook/pythonpath.ps1'
[9.173s] INFO:colcon.colcon_core.shell:Creating environment descriptor '/home/unitree/go2_ros2_ws/install/go2_perception/share/go2_perception/hook/pythonpath.dsv'
[9.174s] INFO:colcon.colcon_core.shell:Creating environment hook '/home/unitree/go2_ros2_ws/install/go2_perception/share/go2_perception/hook/pythonpath.sh'
[9.175s] Level 1:colcon.colcon_core.environment:checking '/home/unitree/go2_ros2_ws/install/go2_perception/bin'
[9.255s] INFO:colcon.colcon_core.shell:Creating package script '/home/unitree/go2_ros2_ws/install/go2_perception/share/go2_perception/package.ps1'
[9.256s] INFO:colcon.colcon_core.shell:Creating package descriptor '/home/unitree/go2_ros2_ws/install/go2_perception/share/go2_perception/package.dsv'
[9.257s] INFO:colcon.colcon_core.shell:Creating package script '/home/unitree/go2_ros2_ws/install/go2_perception/share/go2_perception/package.sh'
[9.259s] INFO:colcon.colcon_core.shell:Creating package script '/home/unitree/go2_ros2_ws/install/go2_perception/share/go2_perception/package.bash'
[9.259s] INFO:colcon.colcon_core.shell:Creating package script '/home/unitree/go2_ros2_ws/install/go2_perception/share/go2_perception/package.zsh'
[9.260s] Level 1:colcon.colcon_core.environment:create_file_with_runtime_dependencies(/home/unitree/go2_ros2_ws/install/go2_perception/share/colcon-core/packages/go2_perception)
[9.269s] DEBUG:colcon.colcon_core.event_handler.log_command:Invoking command in '/home/unitree/go2_ros2_ws/build/unitree_api': CMAKE_PREFIX_PATH=${CMAKE_PREFIX_PATH}:/opt/ros/foxy /usr/bin/cmake --install /home/unitree/go2_ros2_ws/build/unitree_api
[9.410s] Level 1:colcon.colcon_core.environment:create_environment_scripts_only(unitree_api)
[9.411s] DEBUG:colcon.colcon_core.event_handler.log_command:Invoked command in '/home/unitree/go2_ros2_ws/build/unitree_api' returned '0': CMAKE_PREFIX_PATH=${CMAKE_PREFIX_PATH}:/opt/ros/foxy /usr/bin/cmake --install /home/unitree/go2_ros2_ws/build/unitree_api
[9.494s] Level 1:colcon.colcon_core.environment:checking '/home/unitree/go2_ros2_ws/install/unitree_api' for CMake module files
[9.495s] Level 1:colcon.colcon_core.environment:checking '/home/unitree/go2_ros2_ws/install/unitree_api' for CMake config files
[9.497s] Level 1:colcon.colcon_core.shell:create_environment_hook('unitree_api', 'cmake_prefix_path')
[9.576s] INFO:colcon.colcon_core.shell:Creating environment hook '/home/unitree/go2_ros2_ws/install/unitree_api/share/unitree_api/hook/cmake_prefix_path.ps1'
[9.578s] INFO:colcon.colcon_core.shell:Creating environment descriptor '/home/unitree/go2_ros2_ws/install/unitree_api/share/unitree_api/hook/cmake_prefix_path.dsv'
[9.579s] INFO:colcon.colcon_core.shell:Creating environment hook '/home/unitree/go2_ros2_ws/install/unitree_api/share/unitree_api/hook/cmake_prefix_path.sh'
[9.580s] Level 1:colcon.colcon_core.environment:checking '/home/unitree/go2_ros2_ws/install/unitree_api/lib'
[9.580s] Level 1:colcon.colcon_core.shell:create_environment_hook('unitree_api', 'ld_library_path_lib')
[9.660s] INFO:colcon.colcon_core.shell:Creating environment hook '/home/unitree/go2_ros2_ws/install/unitree_api/share/unitree_api/hook/ld_library_path_lib.ps1'
[9.662s] INFO:colcon.colcon_core.shell:Creating environment descriptor '/home/unitree/go2_ros2_ws/install/unitree_api/share/unitree_api/hook/ld_library_path_lib.dsv'
[9.662s] INFO:colcon.colcon_core.shell:Creating environment hook '/home/unitree/go2_ros2_ws/install/unitree_api/share/unitree_api/hook/ld_library_path_lib.sh'
[9.663s] Level 1:colcon.colcon_core.environment:checking '/home/unitree/go2_ros2_ws/install/unitree_api/bin'
[9.663s] Level 1:colcon.colcon_core.environment:checking '/home/unitree/go2_ros2_ws/install/unitree_api/lib/pkgconfig/unitree_api.pc'
[9.664s] Level 1:colcon.colcon_core.environment:checking '/home/unitree/go2_ros2_ws/install/unitree_api/lib/python3.8/site-packages'
[9.664s] Level 1:colcon.colcon_core.shell:create_environment_hook('unitree_api', 'pythonpath')
[9.743s] INFO:colcon.colcon_core.shell:Creating environment hook '/home/unitree/go2_ros2_ws/install/unitree_api/share/unitree_api/hook/pythonpath.ps1'
[9.744s] INFO:colcon.colcon_core.shell:Creating environment descriptor '/home/unitree/go2_ros2_ws/install/unitree_api/share/unitree_api/hook/pythonpath.dsv'
[9.745s] INFO:colcon.colcon_core.shell:Creating environment hook '/home/unitree/go2_ros2_ws/install/unitree_api/share/unitree_api/hook/pythonpath.sh'
[9.746s] Level 1:colcon.colcon_core.environment:checking '/home/unitree/go2_ros2_ws/install/unitree_api/bin'
[9.824s] INFO:colcon.colcon_core.shell:Creating package script '/home/unitree/go2_ros2_ws/install/unitree_api/share/unitree_api/package.ps1'
[9.826s] INFO:colcon.colcon_core.shell:Creating package descriptor '/home/unitree/go2_ros2_ws/install/unitree_api/share/unitree_api/package.dsv'
[9.827s] INFO:colcon.colcon_core.shell:Creating package script '/home/unitree/go2_ros2_ws/install/unitree_api/share/unitree_api/package.sh'
[9.828s] INFO:colcon.colcon_core.shell:Creating package script '/home/unitree/go2_ros2_ws/install/unitree_api/share/unitree_api/package.bash'
[9.828s] INFO:colcon.colcon_core.shell:Creating package script '/home/unitree/go2_ros2_ws/install/unitree_api/share/unitree_api/package.zsh'
[9.829s] Level 1:colcon.colcon_core.environment:create_file_with_runtime_dependencies(/home/unitree/go2_ros2_ws/install/unitree_api/share/colcon-core/packages/unitree_api)
[9.843s] DEBUG:colcon.colcon_core.event_handler.log_command:Invoking command in '/home/unitree/go2_ros2_ws/build/unitree_go': CMAKE_PREFIX_PATH=${CMAKE_PREFIX_PATH}:/opt/ros/foxy /usr/bin/cmake --install /home/unitree/go2_ros2_ws/build/unitree_go
[10.007s] Level 1:colcon.colcon_core.environment:create_environment_scripts_only(unitree_go)
[10.008s] DEBUG:colcon.colcon_core.event_handler.log_command:Invoked command in '/home/unitree/go2_ros2_ws/build/unitree_go' returned '0': CMAKE_PREFIX_PATH=${CMAKE_PREFIX_PATH}:/opt/ros/foxy /usr/bin/cmake --install /home/unitree/go2_ros2_ws/build/unitree_go
[10.094s] Level 1:colcon.colcon_core.environment:checking '/home/unitree/go2_ros2_ws/install/unitree_go' for CMake module files
[10.096s] Level 1:colcon.colcon_core.environment:checking '/home/unitree/go2_ros2_ws/install/unitree_go' for CMake config files
[10.097s] Level 1:colcon.colcon_core.shell:create_environment_hook('unitree_go', 'cmake_prefix_path')
[10.179s] INFO:colcon.colcon_core.shell:Creating environment hook '/home/unitree/go2_ros2_ws/install/unitree_go/share/unitree_go/hook/cmake_prefix_path.ps1'
[10.180s] INFO:colcon.colcon_core.shell:Creating environment descriptor '/home/unitree/go2_ros2_ws/install/unitree_go/share/unitree_go/hook/cmake_prefix_path.dsv'
[10.181s] INFO:colcon.colcon_core.shell:Creating environment hook '/home/unitree/go2_ros2_ws/install/unitree_go/share/unitree_go/hook/cmake_prefix_path.sh'
[10.182s] Level 1:colcon.colcon_core.environment:checking '/home/unitree/go2_ros2_ws/install/unitree_go/lib'
[10.183s] Level 1:colcon.colcon_core.shell:create_environment_hook('unitree_go', 'ld_library_path_lib')
[10.261s] INFO:colcon.colcon_core.shell:Creating environment hook '/home/unitree/go2_ros2_ws/install/unitree_go/share/unitree_go/hook/ld_library_path_lib.ps1'
[10.262s] INFO:colcon.colcon_core.shell:Creating environment descriptor '/home/unitree/go2_ros2_ws/install/unitree_go/share/unitree_go/hook/ld_library_path_lib.dsv'
[10.263s] INFO:colcon.colcon_core.shell:Creating environment hook '/home/unitree/go2_ros2_ws/install/unitree_go/share/unitree_go/hook/ld_library_path_lib.sh'
[10.264s] Level 1:colcon.colcon_core.environment:checking '/home/unitree/go2_ros2_ws/install/unitree_go/bin'
[10.264s] Level 1:colcon.colcon_core.environment:checking '/home/unitree/go2_ros2_ws/install/unitree_go/lib/pkgconfig/unitree_go.pc'
[10.264s] Level 1:colcon.colcon_core.environment:checking '/home/unitree/go2_ros2_ws/install/unitree_go/lib/python3.8/site-packages'
[10.264s] Level 1:colcon.colcon_core.shell:create_environment_hook('unitree_go', 'pythonpath')
[10.344s] INFO:colcon.colcon_core.shell:Creating environment hook '/home/unitree/go2_ros2_ws/install/unitree_go/share/unitree_go/hook/pythonpath.ps1'
[10.346s] INFO:colcon.colcon_core.shell:Creating environment descriptor '/home/unitree/go2_ros2_ws/install/unitree_go/share/unitree_go/hook/pythonpath.dsv'
[10.346s] INFO:colcon.colcon_core.shell:Creating environment hook '/home/unitree/go2_ros2_ws/install/unitree_go/share/unitree_go/hook/pythonpath.sh'
[10.347s] Level 1:colcon.colcon_core.environment:checking '/home/unitree/go2_ros2_ws/install/unitree_go/bin'
[10.426s] INFO:colcon.colcon_core.shell:Creating package script '/home/unitree/go2_ros2_ws/install/unitree_go/share/unitree_go/package.ps1'
[10.427s] INFO:colcon.colcon_core.shell:Creating package descriptor '/home/unitree/go2_ros2_ws/install/unitree_go/share/unitree_go/package.dsv'
[10.428s] INFO:colcon.colcon_core.shell:Creating package script '/home/unitree/go2_ros2_ws/install/unitree_go/share/unitree_go/package.sh'
[10.429s] INFO:colcon.colcon_core.shell:Creating package script '/home/unitree/go2_ros2_ws/install/unitree_go/share/unitree_go/package.bash'
[10.430s] INFO:colcon.colcon_core.shell:Creating package script '/home/unitree/go2_ros2_ws/install/unitree_go/share/unitree_go/package.zsh'
[10.430s] Level 1:colcon.colcon_core.environment:create_file_with_runtime_dependencies(/home/unitree/go2_ros2_ws/install/unitree_go/share/colcon-core/packages/unitree_go)
[10.523s] Level 1:colcon.colcon_core.environment:create_environment_scripts_only(unitree_api)
[10.603s] Level 1:colcon.colcon_core.environment:checking '/home/unitree/go2_ros2_ws/install/unitree_api' for CMake module files
[10.604s] Level 1:colcon.colcon_core.environment:checking '/home/unitree/go2_ros2_ws/install/unitree_api' for CMake config files
[10.606s] Level 1:colcon.colcon_core.shell:create_environment_hook('unitree_api', 'cmake_prefix_path')
[10.685s] INFO:colcon.colcon_core.shell:Creating environment hook '/home/unitree/go2_ros2_ws/install/unitree_api/share/unitree_api/hook/cmake_prefix_path.ps1'
[10.686s] INFO:colcon.colcon_core.shell:Creating environment descriptor '/home/unitree/go2_ros2_ws/install/unitree_api/share/unitree_api/hook/cmake_prefix_path.dsv'
[10.687s] INFO:colcon.colcon_core.shell:Creating environment hook '/home/unitree/go2_ros2_ws/install/unitree_api/share/unitree_api/hook/cmake_prefix_path.sh'
[10.688s] Level 1:colcon.colcon_core.environment:checking '/home/unitree/go2_ros2_ws/install/unitree_api/lib'
[10.688s] Level 1:colcon.colcon_core.shell:create_environment_hook('unitree_api', 'ld_library_path_lib')
[10.767s] INFO:colcon.colcon_core.shell:Creating environment hook '/home/unitree/go2_ros2_ws/install/unitree_api/share/unitree_api/hook/ld_library_path_lib.ps1'
[10.768s] INFO:colcon.colcon_core.shell:Creating environment descriptor '/home/unitree/go2_ros2_ws/install/unitree_api/share/unitree_api/hook/ld_library_path_lib.dsv'
[10.769s] INFO:colcon.colcon_core.shell:Creating environment hook '/home/unitree/go2_ros2_ws/install/unitree_api/share/unitree_api/hook/ld_library_path_lib.sh'
[10.769s] Level 1:colcon.colcon_core.environment:checking '/home/unitree/go2_ros2_ws/install/unitree_api/bin'
[10.770s] Level 1:colcon.colcon_core.environment:checking '/home/unitree/go2_ros2_ws/install/unitree_api/lib/pkgconfig/unitree_api.pc'
[10.770s] Level 1:colcon.colcon_core.environment:checking '/home/unitree/go2_ros2_ws/install/unitree_api/lib/python3.8/site-packages'
[10.770s] Level 1:colcon.colcon_core.shell:create_environment_hook('unitree_api', 'pythonpath')
[10.849s] INFO:colcon.colcon_core.shell:Creating environment hook '/home/unitree/go2_ros2_ws/install/unitree_api/share/unitree_api/hook/pythonpath.ps1'
[10.851s] INFO:colcon.colcon_core.shell:Creating environment descriptor '/home/unitree/go2_ros2_ws/install/unitree_api/share/unitree_api/hook/pythonpath.dsv'
[10.852s] INFO:colcon.colcon_core.shell:Creating environment hook '/home/unitree/go2_ros2_ws/install/unitree_api/share/unitree_api/hook/pythonpath.sh'
[10.853s] Level 1:colcon.colcon_core.environment:checking '/home/unitree/go2_ros2_ws/install/unitree_api/bin'
[10.933s] INFO:colcon.colcon_core.shell:Creating package script '/home/unitree/go2_ros2_ws/install/unitree_api/share/unitree_api/package.ps1'
[10.934s] INFO:colcon.colcon_core.shell:Creating package descriptor '/home/unitree/go2_ros2_ws/install/unitree_api/share/unitree_api/package.dsv'
[10.936s] INFO:colcon.colcon_core.shell:Creating package script '/home/unitree/go2_ros2_ws/install/unitree_api/share/unitree_api/package.sh'
[10.937s] INFO:colcon.colcon_core.shell:Creating package script '/home/unitree/go2_ros2_ws/install/unitree_api/share/unitree_api/package.bash'
[10.937s] INFO:colcon.colcon_core.shell:Creating package script '/home/unitree/go2_ros2_ws/install/unitree_api/share/unitree_api/package.zsh'
[10.938s] Level 1:colcon.colcon_core.environment:create_file_with_runtime_dependencies(/home/unitree/go2_ros2_ws/install/unitree_api/share/colcon-core/packages/unitree_api)
[11.405s] Level 1:colcon.colcon_core.environment:create_environment_scripts_only(unitree_go)
[11.484s] Level 1:colcon.colcon_core.environment:checking '/home/unitree/go2_ros2_ws/install/unitree_go' for CMake module files
[11.485s] Level 1:colcon.colcon_core.environment:checking '/home/unitree/go2_ros2_ws/install/unitree_go' for CMake config files
[11.487s] Level 1:colcon.colcon_core.shell:create_environment_hook('unitree_go', 'cmake_prefix_path')
[11.565s] INFO:colcon.colcon_core.shell:Creating environment hook '/home/unitree/go2_ros2_ws/install/unitree_go/share/unitree_go/hook/cmake_prefix_path.ps1'
[11.566s] INFO:colcon.colcon_core.shell:Creating environment descriptor '/home/unitree/go2_ros2_ws/install/unitree_go/share/unitree_go/hook/cmake_prefix_path.dsv'
[11.567s] INFO:colcon.colcon_core.shell:Creating environment hook '/home/unitree/go2_ros2_ws/install/unitree_go/share/unitree_go/hook/cmake_prefix_path.sh'
[11.568s] Level 1:colcon.colcon_core.environment:checking '/home/unitree/go2_ros2_ws/install/unitree_go/lib'
[11.568s] Level 1:colcon.colcon_core.shell:create_environment_hook('unitree_go', 'ld_library_path_lib')
[11.647s] INFO:colcon.colcon_core.shell:Creating environment hook '/home/unitree/go2_ros2_ws/install/unitree_go/share/unitree_go/hook/ld_library_path_lib.ps1'
[11.648s] INFO:colcon.colcon_core.shell:Creating environment descriptor '/home/unitree/go2_ros2_ws/install/unitree_go/share/unitree_go/hook/ld_library_path_lib.dsv'
[11.649s] INFO:colcon.colcon_core.shell:Creating environment hook '/home/unitree/go2_ros2_ws/install/unitree_go/share/unitree_go/hook/ld_library_path_lib.sh'
[11.649s] Level 1:colcon.colcon_core.environment:checking '/home/unitree/go2_ros2_ws/install/unitree_go/bin'
[11.649s] Level 1:colcon.colcon_core.environment:checking '/home/unitree/go2_ros2_ws/install/unitree_go/lib/pkgconfig/unitree_go.pc'
[11.650s] Level 1:colcon.colcon_core.environment:checking '/home/unitree/go2_ros2_ws/install/unitree_go/lib/python3.8/site-packages'
[11.650s] Level 1:colcon.colcon_core.shell:create_environment_hook('unitree_go', 'pythonpath')
[11.728s] INFO:colcon.colcon_core.shell:Creating environment hook '/home/unitree/go2_ros2_ws/install/unitree_go/share/unitree_go/hook/pythonpath.ps1'
[11.729s] INFO:colcon.colcon_core.shell:Creating environment descriptor '/home/unitree/go2_ros2_ws/install/unitree_go/share/unitree_go/hook/pythonpath.dsv'
[11.730s] INFO:colcon.colcon_core.shell:Creating environment hook '/home/unitree/go2_ros2_ws/install/unitree_go/share/unitree_go/hook/pythonpath.sh'
[11.731s] Level 1:colcon.colcon_core.environment:checking '/home/unitree/go2_ros2_ws/install/unitree_go/bin'
[11.810s] INFO:colcon.colcon_core.shell:Creating package script '/home/unitree/go2_ros2_ws/install/unitree_go/share/unitree_go/package.ps1'
[11.811s] INFO:colcon.colcon_core.shell:Creating package descriptor '/home/unitree/go2_ros2_ws/install/unitree_go/share/unitree_go/package.dsv'
[11.813s] INFO:colcon.colcon_core.shell:Creating package script '/home/unitree/go2_ros2_ws/install/unitree_go/share/unitree_go/package.sh'
[11.814s] INFO:colcon.colcon_core.shell:Creating package script '/home/unitree/go2_ros2_ws/install/unitree_go/share/unitree_go/package.bash'
[11.814s] INFO:colcon.colcon_core.shell:Creating package script '/home/unitree/go2_ros2_ws/install/unitree_go/share/unitree_go/package.zsh'
[11.815s] Level 1:colcon.colcon_core.environment:create_file_with_runtime_dependencies(/home/unitree/go2_ros2_ws/install/unitree_go/share/colcon-core/packages/unitree_go)
[11.816s] INFO:colcon.colcon_ros.task.ament_cmake.build:Building ROS package in '/home/unitree/go2_ros2_ws/src/go2_ros2_toolbox/unitree_pkgs/go2_sport_api' with build type 'ament_cmake'
[11.817s] INFO:colcon.colcon_cmake.task.cmake.build:Building CMake package in '/home/unitree/go2_ros2_ws/src/go2_ros2_toolbox/unitree_pkgs/go2_sport_api'
[11.903s] INFO:colcon.colcon_core.shell:Skip shell extension 'powershell' for command environment: Not usable outside of PowerShell
[11.903s] DEBUG:colcon.colcon_core.shell:Skip shell extension 'dsv' for command environment
[12.287s] DEBUG:colcon.colcon_core.event_handler.log_command:Invoking command in '/home/unitree/go2_ros2_ws/build/go2_sport_api': CMAKE_PREFIX_PATH=/home/unitree/go2_ros2_ws/install/unitree_go:/home/unitree/go2_ros2_ws/install/unitree_api:/home/unitree/go2_ros2_ws/install/go2_navigation:/home/unitree/go2_ros2_ws/install/go2_core:/home/unitree/go2_ros2_ws/install/go2_sport_api:/home/unitree/go2_ros2_ws/install/go2_slam:/home/unitree/go2_ros2_ws/install/go2_perception:/home/unitree/go2_ros2_ws/install/go2_h264_repub:/home/unitree/cyclonedds_ws/install/rmw_cyclonedds_cpp:/home/unitree/cyclonedds_ws/install/cyclonedds:/opt/ros/foxy LD_LIBRARY_PATH=/home/unitree/go2_ros2_ws/install/unitree_go/lib:/home/unitree/go2_ros2_ws/install/unitree_api/lib:/home/unitree/go2_ros2_ws/install/go2_sport_api/lib:/home/unitree/go2_ros2_ws/install/go2_perception/lib:/usr/local/cuda-11.4/lib64:/usr/local/lib:/home/unitree/cyclonedds_ws/install/rmw_cyclonedds_cpp/lib:/home/unitree/cyclonedds_ws/install/cyclonedds/lib:/opt/ros/foxy/opt/yaml_cpp_vendor/lib:/opt/ros/foxy/opt/rviz_ogre_vendor/lib:/opt/ros/foxy/lib/aarch64-linux-gnu:/opt/ros/foxy/lib PYTHONPATH=/home/unitree/go2_ros2_ws/install/unitree_go/lib/python3.8/site-packages:/home/unitree/go2_ros2_ws/install/unitree_api/lib/python3.8/site-packages:/home/unitree/go2_ros2_ws/install/go2_navigation/lib/python3.8/site-packages:/home/unitree/go2_ros2_ws/install/go2_core/lib/python3.8/site-packages:/home/unitree/go2_ros2_ws/install/go2_perception/lib/python3.8/site-packages:/opt/ros/foxy/lib/python3.8/site-packages /usr/bin/cmake --build /home/unitree/go2_ros2_ws/build/go2_sport_api -- -j6 -l6
[12.466s] DEBUG:colcon.colcon_core.event_handler.log_command:Invoked command in '/home/unitree/go2_ros2_ws/build/go2_sport_api' returned '0': CMAKE_PREFIX_PATH=/home/unitree/go2_ros2_ws/install/unitree_go:/home/unitree/go2_ros2_ws/install/unitree_api:/home/unitree/go2_ros2_ws/install/go2_navigation:/home/unitree/go2_ros2_ws/install/go2_core:/home/unitree/go2_ros2_ws/install/go2_sport_api:/home/unitree/go2_ros2_ws/install/go2_slam:/home/unitree/go2_ros2_ws/install/go2_perception:/home/unitree/go2_ros2_ws/install/go2_h264_repub:/home/unitree/cyclonedds_ws/install/rmw_cyclonedds_cpp:/home/unitree/cyclonedds_ws/install/cyclonedds:/opt/ros/foxy LD_LIBRARY_PATH=/home/unitree/go2_ros2_ws/install/unitree_go/lib:/home/unitree/go2_ros2_ws/install/unitree_api/lib:/home/unitree/go2_ros2_ws/install/go2_sport_api/lib:/home/unitree/go2_ros2_ws/install/go2_perception/lib:/usr/local/cuda-11.4/lib64:/usr/local/lib:/home/unitree/cyclonedds_ws/install/rmw_cyclonedds_cpp/lib:/home/unitree/cyclonedds_ws/install/cyclonedds/lib:/opt/ros/foxy/opt/yaml_cpp_vendor/lib:/opt/ros/foxy/opt/rviz_ogre_vendor/lib:/opt/ros/foxy/lib/aarch64-linux-gnu:/opt/ros/foxy/lib PYTHONPATH=/home/unitree/go2_ros2_ws/install/unitree_go/lib/python3.8/site-packages:/home/unitree/go2_ros2_ws/install/unitree_api/lib/python3.8/site-packages:/home/unitree/go2_ros2_ws/install/go2_navigation/lib/python3.8/site-packages:/home/unitree/go2_ros2_ws/install/go2_core/lib/python3.8/site-packages:/home/unitree/go2_ros2_ws/install/go2_perception/lib/python3.8/site-packages:/opt/ros/foxy/lib/python3.8/site-packages /usr/bin/cmake --build /home/unitree/go2_ros2_ws/build/go2_sport_api -- -j6 -l6
[12.532s] DEBUG:colcon.colcon_core.event_handler.log_command:Invoking command in '/home/unitree/go2_ros2_ws/build/go2_sport_api': CMAKE_PREFIX_PATH=/home/unitree/go2_ros2_ws/install/unitree_go:/home/unitree/go2_ros2_ws/install/unitree_api:/home/unitree/go2_ros2_ws/install/go2_navigation:/home/unitree/go2_ros2_ws/install/go2_core:/home/unitree/go2_ros2_ws/install/go2_sport_api:/home/unitree/go2_ros2_ws/install/go2_slam:/home/unitree/go2_ros2_ws/install/go2_perception:/home/unitree/go2_ros2_ws/install/go2_h264_repub:/home/unitree/cyclonedds_ws/install/rmw_cyclonedds_cpp:/home/unitree/cyclonedds_ws/install/cyclonedds:/opt/ros/foxy LD_LIBRARY_PATH=/home/unitree/go2_ros2_ws/install/unitree_go/lib:/home/unitree/go2_ros2_ws/install/unitree_api/lib:/home/unitree/go2_ros2_ws/install/go2_sport_api/lib:/home/unitree/go2_ros2_ws/install/go2_perception/lib:/usr/local/cuda-11.4/lib64:/usr/local/lib:/home/unitree/cyclonedds_ws/install/rmw_cyclonedds_cpp/lib:/home/unitree/cyclonedds_ws/install/cyclonedds/lib:/opt/ros/foxy/opt/yaml_cpp_vendor/lib:/opt/ros/foxy/opt/rviz_ogre_vendor/lib:/opt/ros/foxy/lib/aarch64-linux-gnu:/opt/ros/foxy/lib PYTHONPATH=/home/unitree/go2_ros2_ws/install/unitree_go/lib/python3.8/site-packages:/home/unitree/go2_ros2_ws/install/unitree_api/lib/python3.8/site-packages:/home/unitree/go2_ros2_ws/install/go2_navigation/lib/python3.8/site-packages:/home/unitree/go2_ros2_ws/install/go2_core/lib/python3.8/site-packages:/home/unitree/go2_ros2_ws/install/go2_perception/lib/python3.8/site-packages:/opt/ros/foxy/lib/python3.8/site-packages /usr/bin/cmake --install /home/unitree/go2_ros2_ws/build/go2_sport_api
[12.567s] Level 1:colcon.colcon_core.environment:create_environment_scripts_only(go2_sport_api)
[12.570s] DEBUG:colcon.colcon_core.event_handler.log_command:Invoked command in '/home/unitree/go2_ros2_ws/build/go2_sport_api' returned '0': CMAKE_PREFIX_PATH=/home/unitree/go2_ros2_ws/install/unitree_go:/home/unitree/go2_ros2_ws/install/unitree_api:/home/unitree/go2_ros2_ws/install/go2_navigation:/home/unitree/go2_ros2_ws/install/go2_core:/home/unitree/go2_ros2_ws/install/go2_sport_api:/home/unitree/go2_ros2_ws/install/go2_slam:/home/unitree/go2_ros2_ws/install/go2_perception:/home/unitree/go2_ros2_ws/install/go2_h264_repub:/home/unitree/cyclonedds_ws/install/rmw_cyclonedds_cpp:/home/unitree/cyclonedds_ws/install/cyclonedds:/opt/ros/foxy LD_LIBRARY_PATH=/home/unitree/go2_ros2_ws/install/unitree_go/lib:/home/unitree/go2_ros2_ws/install/unitree_api/lib:/home/unitree/go2_ros2_ws/install/go2_sport_api/lib:/home/unitree/go2_ros2_ws/install/go2_perception/lib:/usr/local/cuda-11.4/lib64:/usr/local/lib:/home/unitree/cyclonedds_ws/install/rmw_cyclonedds_cpp/lib:/home/unitree/cyclonedds_ws/install/cyclonedds/lib:/opt/ros/foxy/opt/yaml_cpp_vendor/lib:/opt/ros/foxy/opt/rviz_ogre_vendor/lib:/opt/ros/foxy/lib/aarch64-linux-gnu:/opt/ros/foxy/lib PYTHONPATH=/home/unitree/go2_ros2_ws/install/unitree_go/lib/python3.8/site-packages:/home/unitree/go2_ros2_ws/install/unitree_api/lib/python3.8/site-packages:/home/unitree/go2_ros2_ws/install/go2_navigation/lib/python3.8/site-packages:/home/unitree/go2_ros2_ws/install/go2_core/lib/python3.8/site-packages:/home/unitree/go2_ros2_ws/install/go2_perception/lib/python3.8/site-packages:/opt/ros/foxy/lib/python3.8/site-packages /usr/bin/cmake --install /home/unitree/go2_ros2_ws/build/go2_sport_api
[12.662s] Level 1:colcon.colcon_core.environment:checking '/home/unitree/go2_ros2_ws/install/go2_sport_api' for CMake module files
[12.663s] Level 1:colcon.colcon_core.environment:checking '/home/unitree/go2_ros2_ws/install/go2_sport_api' for CMake config files
[12.665s] Level 1:colcon.colcon_core.shell:create_environment_hook('go2_sport_api', 'cmake_prefix_path')
[12.742s] INFO:colcon.colcon_core.shell:Creating environment hook '/home/unitree/go2_ros2_ws/install/go2_sport_api/share/go2_sport_api/hook/cmake_prefix_path.ps1'
[12.744s] INFO:colcon.colcon_core.shell:Creating environment descriptor '/home/unitree/go2_ros2_ws/install/go2_sport_api/share/go2_sport_api/hook/cmake_prefix_path.dsv'
[12.744s] INFO:colcon.colcon_core.shell:Creating environment hook '/home/unitree/go2_ros2_ws/install/go2_sport_api/share/go2_sport_api/hook/cmake_prefix_path.sh'
[12.746s] Level 1:colcon.colcon_core.environment:checking '/home/unitree/go2_ros2_ws/install/go2_sport_api/lib'
[12.746s] Level 1:colcon.colcon_core.shell:create_environment_hook('go2_sport_api', 'ld_library_path_lib')
[12.824s] INFO:colcon.colcon_core.shell:Creating environment hook '/home/unitree/go2_ros2_ws/install/go2_sport_api/share/go2_sport_api/hook/ld_library_path_lib.ps1'
[12.825s] INFO:colcon.colcon_core.shell:Creating environment descriptor '/home/unitree/go2_ros2_ws/install/go2_sport_api/share/go2_sport_api/hook/ld_library_path_lib.dsv'
[12.826s] INFO:colcon.colcon_core.shell:Creating environment hook '/home/unitree/go2_ros2_ws/install/go2_sport_api/share/go2_sport_api/hook/ld_library_path_lib.sh'
[12.826s] Level 1:colcon.colcon_core.environment:checking '/home/unitree/go2_ros2_ws/install/go2_sport_api/bin'
[12.827s] Level 1:colcon.colcon_core.environment:checking '/home/unitree/go2_ros2_ws/install/go2_sport_api/lib/pkgconfig/go2_sport_api.pc'
[12.827s] Level 1:colcon.colcon_core.environment:checking '/home/unitree/go2_ros2_ws/install/go2_sport_api/lib/python3.8/site-packages'
[12.827s] Level 1:colcon.colcon_core.environment:checking '/home/unitree/go2_ros2_ws/install/go2_sport_api/bin'
[12.905s] INFO:colcon.colcon_core.shell:Creating package script '/home/unitree/go2_ros2_ws/install/go2_sport_api/share/go2_sport_api/package.ps1'
[12.906s] INFO:colcon.colcon_core.shell:Creating package descriptor '/home/unitree/go2_ros2_ws/install/go2_sport_api/share/go2_sport_api/package.dsv'
[12.907s] INFO:colcon.colcon_core.shell:Creating package script '/home/unitree/go2_ros2_ws/install/go2_sport_api/share/go2_sport_api/package.sh'
[12.908s] INFO:colcon.colcon_core.shell:Creating package script '/home/unitree/go2_ros2_ws/install/go2_sport_api/share/go2_sport_api/package.bash'
[12.909s] INFO:colcon.colcon_core.shell:Creating package script '/home/unitree/go2_ros2_ws/install/go2_sport_api/share/go2_sport_api/package.zsh'
[12.909s] Level 1:colcon.colcon_core.environment:create_file_with_runtime_dependencies(/home/unitree/go2_ros2_ws/install/go2_sport_api/share/colcon-core/packages/go2_sport_api)
[13.050s] Level 1:colcon.colcon_core.environment:create_environment_scripts_only(go2_sport_api)
[13.128s] Level 1:colcon.colcon_core.environment:checking '/home/unitree/go2_ros2_ws/install/go2_sport_api' for CMake module files
[13.129s] Level 1:colcon.colcon_core.environment:checking '/home/unitree/go2_ros2_ws/install/go2_sport_api' for CMake config files
[13.130s] Level 1:colcon.colcon_core.shell:create_environment_hook('go2_sport_api', 'cmake_prefix_path')
[13.207s] INFO:colcon.colcon_core.shell:Creating environment hook '/home/unitree/go2_ros2_ws/install/go2_sport_api/share/go2_sport_api/hook/cmake_prefix_path.ps1'
[13.209s] INFO:colcon.colcon_core.shell:Creating environment descriptor '/home/unitree/go2_ros2_ws/install/go2_sport_api/share/go2_sport_api/hook/cmake_prefix_path.dsv'
[13.209s] INFO:colcon.colcon_core.shell:Creating environment hook '/home/unitree/go2_ros2_ws/install/go2_sport_api/share/go2_sport_api/hook/cmake_prefix_path.sh'
[13.211s] Level 1:colcon.colcon_core.environment:checking '/home/unitree/go2_ros2_ws/install/go2_sport_api/lib'
[13.211s] Level 1:colcon.colcon_core.shell:create_environment_hook('go2_sport_api', 'ld_library_path_lib')
[13.287s] INFO:colcon.colcon_core.shell:Creating environment hook '/home/unitree/go2_ros2_ws/install/go2_sport_api/share/go2_sport_api/hook/ld_library_path_lib.ps1'
[13.289s] INFO:colcon.colcon_core.shell:Creating environment descriptor '/home/unitree/go2_ros2_ws/install/go2_sport_api/share/go2_sport_api/hook/ld_library_path_lib.dsv'
[13.289s] INFO:colcon.colcon_core.shell:Creating environment hook '/home/unitree/go2_ros2_ws/install/go2_sport_api/share/go2_sport_api/hook/ld_library_path_lib.sh'
[13.290s] Level 1:colcon.colcon_core.environment:checking '/home/unitree/go2_ros2_ws/install/go2_sport_api/bin'
[13.290s] Level 1:colcon.colcon_core.environment:checking '/home/unitree/go2_ros2_ws/install/go2_sport_api/lib/pkgconfig/go2_sport_api.pc'
[13.291s] Level 1:colcon.colcon_core.environment:checking '/home/unitree/go2_ros2_ws/install/go2_sport_api/lib/python3.8/site-packages'
[13.291s] Level 1:colcon.colcon_core.environment:checking '/home/unitree/go2_ros2_ws/install/go2_sport_api/bin'
[13.368s] INFO:colcon.colcon_core.shell:Creating package script '/home/unitree/go2_ros2_ws/install/go2_sport_api/share/go2_sport_api/package.ps1'
[13.370s] INFO:colcon.colcon_core.shell:Creating package descriptor '/home/unitree/go2_ros2_ws/install/go2_sport_api/share/go2_sport_api/package.dsv'
[13.371s] INFO:colcon.colcon_core.shell:Creating package script '/home/unitree/go2_ros2_ws/install/go2_sport_api/share/go2_sport_api/package.sh'
[13.372s] INFO:colcon.colcon_core.shell:Creating package script '/home/unitree/go2_ros2_ws/install/go2_sport_api/share/go2_sport_api/package.bash'
[13.373s] INFO:colcon.colcon_core.shell:Creating package script '/home/unitree/go2_ros2_ws/install/go2_sport_api/share/go2_sport_api/package.zsh'
[13.373s] Level 1:colcon.colcon_core.environment:create_file_with_runtime_dependencies(/home/unitree/go2_ros2_ws/install/go2_sport_api/share/colcon-core/packages/go2_sport_api)
[13.374s] INFO:colcon.colcon_ros.task.ament_cmake.build:Building ROS package in '/home/unitree/go2_ros2_ws/src/go2_ros2_toolbox/go2_core' with build type 'ament_cmake'
[13.375s] INFO:colcon.colcon_cmake.task.cmake.build:Building CMake package in '/home/unitree/go2_ros2_ws/src/go2_ros2_toolbox/go2_core'
[13.455s] INFO:colcon.colcon_core.shell:Skip shell extension 'powershell' for command environment: Not usable outside of PowerShell
[13.456s] DEBUG:colcon.colcon_core.shell:Skip shell extension 'dsv' for command environment
[13.803s] DEBUG:colcon.colcon_core.event_handler.log_command:Invoking command in '/home/unitree/go2_ros2_ws/build/go2_core': CMAKE_PREFIX_PATH=/home/unitree/go2_ros2_ws/install/go2_sport_api:/home/unitree/go2_ros2_ws/install/unitree_go:/home/unitree/go2_ros2_ws/install/unitree_api:/home/unitree/go2_ros2_ws/install/go2_navigation:/home/unitree/go2_ros2_ws/install/go2_core:/home/unitree/go2_ros2_ws/install/go2_slam:/home/unitree/go2_ros2_ws/install/go2_perception:/home/unitree/go2_ros2_ws/install/go2_h264_repub:/home/unitree/cyclonedds_ws/install/rmw_cyclonedds_cpp:/home/unitree/cyclonedds_ws/install/cyclonedds:/opt/ros/foxy PYTHONPATH=/home/unitree/go2_ros2_ws/install/unitree_go/lib/python3.8/site-packages:/home/unitree/go2_ros2_ws/install/unitree_api/lib/python3.8/site-packages:/home/unitree/go2_ros2_ws/install/go2_navigation/lib/python3.8/site-packages:/home/unitree/go2_ros2_ws/install/go2_core/lib/python3.8/site-packages:/home/unitree/go2_ros2_ws/install/go2_perception/lib/python3.8/site-packages:/opt/ros/foxy/lib/python3.8/site-packages /usr/bin/cmake --build /home/unitree/go2_ros2_ws/build/go2_core -- -j6 -l6
[13.985s] DEBUG:colcon.colcon_core.event_handler.log_command:Invoked command in '/home/unitree/go2_ros2_ws/build/go2_core' returned '0': CMAKE_PREFIX_PATH=/home/unitree/go2_ros2_ws/install/go2_sport_api:/home/unitree/go2_ros2_ws/install/unitree_go:/home/unitree/go2_ros2_ws/install/unitree_api:/home/unitree/go2_ros2_ws/install/go2_navigation:/home/unitree/go2_ros2_ws/install/go2_core:/home/unitree/go2_ros2_ws/install/go2_slam:/home/unitree/go2_ros2_ws/install/go2_perception:/home/unitree/go2_ros2_ws/install/go2_h264_repub:/home/unitree/cyclonedds_ws/install/rmw_cyclonedds_cpp:/home/unitree/cyclonedds_ws/install/cyclonedds:/opt/ros/foxy PYTHONPATH=/home/unitree/go2_ros2_ws/install/unitree_go/lib/python3.8/site-packages:/home/unitree/go2_ros2_ws/install/unitree_api/lib/python3.8/site-packages:/home/unitree/go2_ros2_ws/install/go2_navigation/lib/python3.8/site-packages:/home/unitree/go2_ros2_ws/install/go2_core/lib/python3.8/site-packages:/home/unitree/go2_ros2_ws/install/go2_perception/lib/python3.8/site-packages:/opt/ros/foxy/lib/python3.8/site-packages /usr/bin/cmake --build /home/unitree/go2_ros2_ws/build/go2_core -- -j6 -l6
[14.046s] DEBUG:colcon.colcon_core.event_handler.log_command:Invoking command in '/home/unitree/go2_ros2_ws/build/go2_core': CMAKE_PREFIX_PATH=/home/unitree/go2_ros2_ws/install/go2_sport_api:/home/unitree/go2_ros2_ws/install/unitree_go:/home/unitree/go2_ros2_ws/install/unitree_api:/home/unitree/go2_ros2_ws/install/go2_navigation:/home/unitree/go2_ros2_ws/install/go2_core:/home/unitree/go2_ros2_ws/install/go2_slam:/home/unitree/go2_ros2_ws/install/go2_perception:/home/unitree/go2_ros2_ws/install/go2_h264_repub:/home/unitree/cyclonedds_ws/install/rmw_cyclonedds_cpp:/home/unitree/cyclonedds_ws/install/cyclonedds:/opt/ros/foxy PYTHONPATH=/home/unitree/go2_ros2_ws/install/unitree_go/lib/python3.8/site-packages:/home/unitree/go2_ros2_ws/install/unitree_api/lib/python3.8/site-packages:/home/unitree/go2_ros2_ws/install/go2_navigation/lib/python3.8/site-packages:/home/unitree/go2_ros2_ws/install/go2_core/lib/python3.8/site-packages:/home/unitree/go2_ros2_ws/install/go2_perception/lib/python3.8/site-packages:/opt/ros/foxy/lib/python3.8/site-packages /usr/bin/cmake --install /home/unitree/go2_ros2_ws/build/go2_core
[14.148s] Level 1:colcon.colcon_core.environment:create_environment_scripts_only(go2_core)
[14.150s] DEBUG:colcon.colcon_core.event_handler.log_command:Invoked command in '/home/unitree/go2_ros2_ws/build/go2_core' returned '0': CMAKE_PREFIX_PATH=/home/unitree/go2_ros2_ws/install/go2_sport_api:/home/unitree/go2_ros2_ws/install/unitree_go:/home/unitree/go2_ros2_ws/install/unitree_api:/home/unitree/go2_ros2_ws/install/go2_navigation:/home/unitree/go2_ros2_ws/install/go2_core:/home/unitree/go2_ros2_ws/install/go2_slam:/home/unitree/go2_ros2_ws/install/go2_perception:/home/unitree/go2_ros2_ws/install/go2_h264_repub:/home/unitree/cyclonedds_ws/install/rmw_cyclonedds_cpp:/home/unitree/cyclonedds_ws/install/cyclonedds:/opt/ros/foxy PYTHONPATH=/home/unitree/go2_ros2_ws/install/unitree_go/lib/python3.8/site-packages:/home/unitree/go2_ros2_ws/install/unitree_api/lib/python3.8/site-packages:/home/unitree/go2_ros2_ws/install/go2_navigation/lib/python3.8/site-packages:/home/unitree/go2_ros2_ws/install/go2_core/lib/python3.8/site-packages:/home/unitree/go2_ros2_ws/install/go2_perception/lib/python3.8/site-packages:/opt/ros/foxy/lib/python3.8/site-packages /usr/bin/cmake --install /home/unitree/go2_ros2_ws/build/go2_core
[14.250s] Level 1:colcon.colcon_core.environment:checking '/home/unitree/go2_ros2_ws/install/go2_core' for CMake module files
[14.251s] Level 1:colcon.colcon_core.environment:checking '/home/unitree/go2_ros2_ws/install/go2_core' for CMake config files
[14.252s] Level 1:colcon.colcon_core.shell:create_environment_hook('go2_core', 'cmake_prefix_path')
[14.331s] INFO:colcon.colcon_core.shell:Creating environment hook '/home/unitree/go2_ros2_ws/install/go2_core/share/go2_core/hook/cmake_prefix_path.ps1'
[14.332s] INFO:colcon.colcon_core.shell:Creating environment descriptor '/home/unitree/go2_ros2_ws/install/go2_core/share/go2_core/hook/cmake_prefix_path.dsv'
[14.333s] INFO:colcon.colcon_core.shell:Creating environment hook '/home/unitree/go2_ros2_ws/install/go2_core/share/go2_core/hook/cmake_prefix_path.sh'
[14.334s] Level 1:colcon.colcon_core.environment:checking '/home/unitree/go2_ros2_ws/install/go2_core/lib'
[14.334s] Level 1:colcon.colcon_core.environment:checking '/home/unitree/go2_ros2_ws/install/go2_core/bin'
[14.334s] Level 1:colcon.colcon_core.environment:checking '/home/unitree/go2_ros2_ws/install/go2_core/lib/pkgconfig/go2_core.pc'
[14.335s] Level 1:colcon.colcon_core.environment:checking '/home/unitree/go2_ros2_ws/install/go2_core/lib/python3.8/site-packages'
[14.335s] Level 1:colcon.colcon_core.shell:create_environment_hook('go2_core', 'pythonpath')
[14.412s] INFO:colcon.colcon_core.shell:Creating environment hook '/home/unitree/go2_ros2_ws/install/go2_core/share/go2_core/hook/pythonpath.ps1'
[14.413s] INFO:colcon.colcon_core.shell:Creating environment descriptor '/home/unitree/go2_ros2_ws/install/go2_core/share/go2_core/hook/pythonpath.dsv'
[14.414s] INFO:colcon.colcon_core.shell:Creating environment hook '/home/unitree/go2_ros2_ws/install/go2_core/share/go2_core/hook/pythonpath.sh'
[14.415s] Level 1:colcon.colcon_core.environment:checking '/home/unitree/go2_ros2_ws/install/go2_core/bin'
[14.494s] INFO:colcon.colcon_core.shell:Creating package script '/home/unitree/go2_ros2_ws/install/go2_core/share/go2_core/package.ps1'
[14.496s] INFO:colcon.colcon_core.shell:Creating package descriptor '/home/unitree/go2_ros2_ws/install/go2_core/share/go2_core/package.dsv'
[14.497s] INFO:colcon.colcon_core.shell:Creating package script '/home/unitree/go2_ros2_ws/install/go2_core/share/go2_core/package.sh'
[14.497s] INFO:colcon.colcon_core.shell:Creating package script '/home/unitree/go2_ros2_ws/install/go2_core/share/go2_core/package.bash'
[14.498s] INFO:colcon.colcon_core.shell:Creating package script '/home/unitree/go2_ros2_ws/install/go2_core/share/go2_core/package.zsh'
[14.499s] Level 1:colcon.colcon_core.environment:create_file_with_runtime_dependencies(/home/unitree/go2_ros2_ws/install/go2_core/share/colcon-core/packages/go2_core)
[14.634s] Level 1:colcon.colcon_core.environment:create_environment_scripts_only(go2_core)
[14.712s] Level 1:colcon.colcon_core.environment:checking '/home/unitree/go2_ros2_ws/install/go2_core' for CMake module files
[14.713s] Level 1:colcon.colcon_core.environment:checking '/home/unitree/go2_ros2_ws/install/go2_core' for CMake config files
[14.714s] Level 1:colcon.colcon_core.shell:create_environment_hook('go2_core', 'cmake_prefix_path')
[14.791s] INFO:colcon.colcon_core.shell:Creating environment hook '/home/unitree/go2_ros2_ws/install/go2_core/share/go2_core/hook/cmake_prefix_path.ps1'
[14.793s] INFO:colcon.colcon_core.shell:Creating environment descriptor '/home/unitree/go2_ros2_ws/install/go2_core/share/go2_core/hook/cmake_prefix_path.dsv'
[14.794s] INFO:colcon.colcon_core.shell:Creating environment hook '/home/unitree/go2_ros2_ws/install/go2_core/share/go2_core/hook/cmake_prefix_path.sh'
[14.795s] Level 1:colcon.colcon_core.environment:checking '/home/unitree/go2_ros2_ws/install/go2_core/lib'
[14.795s] Level 1:colcon.colcon_core.environment:checking '/home/unitree/go2_ros2_ws/install/go2_core/bin'
[14.795s] Level 1:colcon.colcon_core.environment:checking '/home/unitree/go2_ros2_ws/install/go2_core/lib/pkgconfig/go2_core.pc'
[14.796s] Level 1:colcon.colcon_core.environment:checking '/home/unitree/go2_ros2_ws/install/go2_core/lib/python3.8/site-packages'
[14.796s] Level 1:colcon.colcon_core.shell:create_environment_hook('go2_core', 'pythonpath')
[14.874s] INFO:colcon.colcon_core.shell:Creating environment hook '/home/unitree/go2_ros2_ws/install/go2_core/share/go2_core/hook/pythonpath.ps1'
[14.876s] INFO:colcon.colcon_core.shell:Creating environment descriptor '/home/unitree/go2_ros2_ws/install/go2_core/share/go2_core/hook/pythonpath.dsv'
[14.876s] INFO:colcon.colcon_core.shell:Creating environment hook '/home/unitree/go2_ros2_ws/install/go2_core/share/go2_core/hook/pythonpath.sh'
[14.877s] Level 1:colcon.colcon_core.environment:checking '/home/unitree/go2_ros2_ws/install/go2_core/bin'
[14.955s] INFO:colcon.colcon_core.shell:Creating package script '/home/unitree/go2_ros2_ws/install/go2_core/share/go2_core/package.ps1'
[14.957s] INFO:colcon.colcon_core.shell:Creating package descriptor '/home/unitree/go2_ros2_ws/install/go2_core/share/go2_core/package.dsv'
[14.958s] INFO:colcon.colcon_core.shell:Creating package script '/home/unitree/go2_ros2_ws/install/go2_core/share/go2_core/package.sh'
[14.959s] INFO:colcon.colcon_core.shell:Creating package script '/home/unitree/go2_ros2_ws/install/go2_core/share/go2_core/package.bash'
[14.960s] INFO:colcon.colcon_core.shell:Creating package script '/home/unitree/go2_ros2_ws/install/go2_core/share/go2_core/package.zsh'
[14.961s] Level 1:colcon.colcon_core.environment:create_file_with_runtime_dependencies(/home/unitree/go2_ros2_ws/install/go2_core/share/colcon-core/packages/go2_core)
[14.962s] INFO:colcon.colcon_ros.task.ament_cmake.build:Building ROS package in '/home/unitree/go2_ros2_ws/src/go2_ros2_toolbox/go2_navigation' with build type 'ament_cmake'
[14.962s] INFO:colcon.colcon_cmake.task.cmake.build:Building CMake package in '/home/unitree/go2_ros2_ws/src/go2_ros2_toolbox/go2_navigation'
[15.053s] INFO:colcon.colcon_core.shell:Skip shell extension 'powershell' for command environment: Not usable outside of PowerShell
[15.053s] DEBUG:colcon.colcon_core.shell:Skip shell extension 'dsv' for command environment
[15.441s] DEBUG:colcon.colcon_core.event_handler.log_command:Invoking command in '/home/unitree/go2_ros2_ws/build/go2_navigation': CMAKE_PREFIX_PATH=/home/unitree/go2_ros2_ws/install/go2_core:/home/unitree/go2_ros2_ws/install/go2_sport_api:/home/unitree/go2_ros2_ws/install/unitree_go:/home/unitree/go2_ros2_ws/install/unitree_api:/home/unitree/go2_ros2_ws/install/go2_perception:/home/unitree/go2_ros2_ws/install/go2_navigation:/home/unitree/go2_ros2_ws/install/go2_slam:/home/unitree/go2_ros2_ws/install/go2_h264_repub:/home/unitree/cyclonedds_ws/install/rmw_cyclonedds_cpp:/home/unitree/cyclonedds_ws/install/cyclonedds:/opt/ros/foxy PYTHONPATH=/home/unitree/go2_ros2_ws/install/go2_core/lib/python3.8/site-packages:/home/unitree/go2_ros2_ws/install/unitree_go/lib/python3.8/site-packages:/home/unitree/go2_ros2_ws/install/unitree_api/lib/python3.8/site-packages:/home/unitree/go2_ros2_ws/install/go2_perception/lib/python3.8/site-packages:/home/unitree/go2_ros2_ws/install/go2_navigation/lib/python3.8/site-packages:/opt/ros/foxy/lib/python3.8/site-packages /usr/bin/cmake --build /home/unitree/go2_ros2_ws/build/go2_navigation -- -j6 -l6
[15.538s] DEBUG:colcon.colcon_core.event_handler.log_command:Invoked command in '/home/unitree/go2_ros2_ws/build/go2_navigation' returned '0': CMAKE_PREFIX_PATH=/home/unitree/go2_ros2_ws/install/go2_core:/home/unitree/go2_ros2_ws/install/go2_sport_api:/home/unitree/go2_ros2_ws/install/unitree_go:/home/unitree/go2_ros2_ws/install/unitree_api:/home/unitree/go2_ros2_ws/install/go2_perception:/home/unitree/go2_ros2_ws/install/go2_navigation:/home/unitree/go2_ros2_ws/install/go2_slam:/home/unitree/go2_ros2_ws/install/go2_h264_repub:/home/unitree/cyclonedds_ws/install/rmw_cyclonedds_cpp:/home/unitree/cyclonedds_ws/install/cyclonedds:/opt/ros/foxy PYTHONPATH=/home/unitree/go2_ros2_ws/install/go2_core/lib/python3.8/site-packages:/home/unitree/go2_ros2_ws/install/unitree_go/lib/python3.8/site-packages:/home/unitree/go2_ros2_ws/install/unitree_api/lib/python3.8/site-packages:/home/unitree/go2_ros2_ws/install/go2_perception/lib/python3.8/site-packages:/home/unitree/go2_ros2_ws/install/go2_navigation/lib/python3.8/site-packages:/opt/ros/foxy/lib/python3.8/site-packages /usr/bin/cmake --build /home/unitree/go2_ros2_ws/build/go2_navigation -- -j6 -l6
[15.594s] DEBUG:colcon.colcon_core.event_handler.log_command:Invoking command in '/home/unitree/go2_ros2_ws/build/go2_navigation': CMAKE_PREFIX_PATH=/home/unitree/go2_ros2_ws/install/go2_core:/home/unitree/go2_ros2_ws/install/go2_sport_api:/home/unitree/go2_ros2_ws/install/unitree_go:/home/unitree/go2_ros2_ws/install/unitree_api:/home/unitree/go2_ros2_ws/install/go2_perception:/home/unitree/go2_ros2_ws/install/go2_navigation:/home/unitree/go2_ros2_ws/install/go2_slam:/home/unitree/go2_ros2_ws/install/go2_h264_repub:/home/unitree/cyclonedds_ws/install/rmw_cyclonedds_cpp:/home/unitree/cyclonedds_ws/install/cyclonedds:/opt/ros/foxy PYTHONPATH=/home/unitree/go2_ros2_ws/install/go2_core/lib/python3.8/site-packages:/home/unitree/go2_ros2_ws/install/unitree_go/lib/python3.8/site-packages:/home/unitree/go2_ros2_ws/install/unitree_api/lib/python3.8/site-packages:/home/unitree/go2_ros2_ws/install/go2_perception/lib/python3.8/site-packages:/home/unitree/go2_ros2_ws/install/go2_navigation/lib/python3.8/site-packages:/opt/ros/foxy/lib/python3.8/site-packages /usr/bin/cmake --install /home/unitree/go2_ros2_ws/build/go2_navigation
[15.695s] Level 1:colcon.colcon_core.environment:create_environment_scripts_only(go2_navigation)
[15.698s] DEBUG:colcon.colcon_core.event_handler.log_command:Invoked command in '/home/unitree/go2_ros2_ws/build/go2_navigation' returned '0': CMAKE_PREFIX_PATH=/home/unitree/go2_ros2_ws/install/go2_core:/home/unitree/go2_ros2_ws/install/go2_sport_api:/home/unitree/go2_ros2_ws/install/unitree_go:/home/unitree/go2_ros2_ws/install/unitree_api:/home/unitree/go2_ros2_ws/install/go2_perception:/home/unitree/go2_ros2_ws/install/go2_navigation:/home/unitree/go2_ros2_ws/install/go2_slam:/home/unitree/go2_ros2_ws/install/go2_h264_repub:/home/unitree/cyclonedds_ws/install/rmw_cyclonedds_cpp:/home/unitree/cyclonedds_ws/install/cyclonedds:/opt/ros/foxy PYTHONPATH=/home/unitree/go2_ros2_ws/install/go2_core/lib/python3.8/site-packages:/home/unitree/go2_ros2_ws/install/unitree_go/lib/python3.8/site-packages:/home/unitree/go2_ros2_ws/install/unitree_api/lib/python3.8/site-packages:/home/unitree/go2_ros2_ws/install/go2_perception/lib/python3.8/site-packages:/home/unitree/go2_ros2_ws/install/go2_navigation/lib/python3.8/site-packages:/opt/ros/foxy/lib/python3.8/site-packages /usr/bin/cmake --install /home/unitree/go2_ros2_ws/build/go2_navigation
[15.796s] Level 1:colcon.colcon_core.environment:checking '/home/unitree/go2_ros2_ws/install/go2_navigation' for CMake module files
[15.798s] Level 1:colcon.colcon_core.environment:checking '/home/unitree/go2_ros2_ws/install/go2_navigation' for CMake config files
[15.798s] Level 1:colcon.colcon_core.shell:create_environment_hook('go2_navigation', 'cmake_prefix_path')
[15.879s] INFO:colcon.colcon_core.shell:Creating environment hook '/home/unitree/go2_ros2_ws/install/go2_navigation/share/go2_navigation/hook/cmake_prefix_path.ps1'
[15.880s] INFO:colcon.colcon_core.shell:Creating environment descriptor '/home/unitree/go2_ros2_ws/install/go2_navigation/share/go2_navigation/hook/cmake_prefix_path.dsv'
[15.881s] INFO:colcon.colcon_core.shell:Creating environment hook '/home/unitree/go2_ros2_ws/install/go2_navigation/share/go2_navigation/hook/cmake_prefix_path.sh'
[15.882s] Level 1:colcon.colcon_core.environment:checking '/home/unitree/go2_ros2_ws/install/go2_navigation/lib'
[15.882s] Level 1:colcon.colcon_core.environment:checking '/home/unitree/go2_ros2_ws/install/go2_navigation/bin'
[15.883s] Level 1:colcon.colcon_core.environment:checking '/home/unitree/go2_ros2_ws/install/go2_navigation/lib/pkgconfig/go2_navigation.pc'
[15.883s] Level 1:colcon.colcon_core.environment:checking '/home/unitree/go2_ros2_ws/install/go2_navigation/lib/python3.8/site-packages'
[15.883s] Level 1:colcon.colcon_core.shell:create_environment_hook('go2_navigation', 'pythonpath')
[15.962s] INFO:colcon.colcon_core.shell:Creating environment hook '/home/unitree/go2_ros2_ws/install/go2_navigation/share/go2_navigation/hook/pythonpath.ps1'
[15.963s] INFO:colcon.colcon_core.shell:Creating environment descriptor '/home/unitree/go2_ros2_ws/install/go2_navigation/share/go2_navigation/hook/pythonpath.dsv'
[15.964s] INFO:colcon.colcon_core.shell:Creating environment hook '/home/unitree/go2_ros2_ws/install/go2_navigation/share/go2_navigation/hook/pythonpath.sh'
[15.965s] Level 1:colcon.colcon_core.environment:checking '/home/unitree/go2_ros2_ws/install/go2_navigation/bin'
[16.045s] INFO:colcon.colcon_core.shell:Creating package script '/home/unitree/go2_ros2_ws/install/go2_navigation/share/go2_navigation/package.ps1'
[16.047s] INFO:colcon.colcon_core.shell:Creating package descriptor '/home/unitree/go2_ros2_ws/install/go2_navigation/share/go2_navigation/package.dsv'
[16.047s] INFO:colcon.colcon_core.shell:Creating package script '/home/unitree/go2_ros2_ws/install/go2_navigation/share/go2_navigation/package.sh'
[16.048s] INFO:colcon.colcon_core.shell:Creating package script '/home/unitree/go2_ros2_ws/install/go2_navigation/share/go2_navigation/package.bash'
[16.049s] INFO:colcon.colcon_core.shell:Creating package script '/home/unitree/go2_ros2_ws/install/go2_navigation/share/go2_navigation/package.zsh'
[16.050s] Level 1:colcon.colcon_core.environment:create_file_with_runtime_dependencies(/home/unitree/go2_ros2_ws/install/go2_navigation/share/colcon-core/packages/go2_navigation)
[16.182s] Level 1:colcon.colcon_core.environment:create_environment_scripts_only(go2_navigation)
[16.260s] Level 1:colcon.colcon_core.environment:checking '/home/unitree/go2_ros2_ws/install/go2_navigation' for CMake module files
[16.261s] Level 1:colcon.colcon_core.environment:checking '/home/unitree/go2_ros2_ws/install/go2_navigation' for CMake config files
[16.262s] Level 1:colcon.colcon_core.shell:create_environment_hook('go2_navigation', 'cmake_prefix_path')
[16.340s] INFO:colcon.colcon_core.shell:Creating environment hook '/home/unitree/go2_ros2_ws/install/go2_navigation/share/go2_navigation/hook/cmake_prefix_path.ps1'
[16.341s] INFO:colcon.colcon_core.shell:Creating environment descriptor '/home/unitree/go2_ros2_ws/install/go2_navigation/share/go2_navigation/hook/cmake_prefix_path.dsv'
[16.342s] INFO:colcon.colcon_core.shell:Creating environment hook '/home/unitree/go2_ros2_ws/install/go2_navigation/share/go2_navigation/hook/cmake_prefix_path.sh'
[16.343s] Level 1:colcon.colcon_core.environment:checking '/home/unitree/go2_ros2_ws/install/go2_navigation/lib'
[16.343s] Level 1:colcon.colcon_core.environment:checking '/home/unitree/go2_ros2_ws/install/go2_navigation/bin'
[16.344s] Level 1:colcon.colcon_core.environment:checking '/home/unitree/go2_ros2_ws/install/go2_navigation/lib/pkgconfig/go2_navigation.pc'
[16.344s] Level 1:colcon.colcon_core.environment:checking '/home/unitree/go2_ros2_ws/install/go2_navigation/lib/python3.8/site-packages'
[16.344s] Level 1:colcon.colcon_core.shell:create_environment_hook('go2_navigation', 'pythonpath')
[16.424s] INFO:colcon.colcon_core.shell:Creating environment hook '/home/unitree/go2_ros2_ws/install/go2_navigation/share/go2_navigation/hook/pythonpath.ps1'
[16.425s] INFO:colcon.colcon_core.shell:Creating environment descriptor '/home/unitree/go2_ros2_ws/install/go2_navigation/share/go2_navigation/hook/pythonpath.dsv'
[16.426s] INFO:colcon.colcon_core.shell:Creating environment hook '/home/unitree/go2_ros2_ws/install/go2_navigation/share/go2_navigation/hook/pythonpath.sh'
[16.427s] Level 1:colcon.colcon_core.environment:checking '/home/unitree/go2_ros2_ws/install/go2_navigation/bin'
[16.505s] INFO:colcon.colcon_core.shell:Creating package script '/home/unitree/go2_ros2_ws/install/go2_navigation/share/go2_navigation/package.ps1'
[16.506s] INFO:colcon.colcon_core.shell:Creating package descriptor '/home/unitree/go2_ros2_ws/install/go2_navigation/share/go2_navigation/package.dsv'
[16.507s] INFO:colcon.colcon_core.shell:Creating package script '/home/unitree/go2_ros2_ws/install/go2_navigation/share/go2_navigation/package.sh'
[16.508s] INFO:colcon.colcon_core.shell:Creating package script '/home/unitree/go2_ros2_ws/install/go2_navigation/share/go2_navigation/package.bash'
[16.509s] INFO:colcon.colcon_core.shell:Creating package script '/home/unitree/go2_ros2_ws/install/go2_navigation/share/go2_navigation/package.zsh'
[16.510s] Level 1:colcon.colcon_core.environment:create_file_with_runtime_dependencies(/home/unitree/go2_ros2_ws/install/go2_navigation/share/colcon-core/packages/go2_navigation)
[16.511s] DEBUG:colcon.colcon_parallel_executor.executor.parallel:closing loop
[16.511s] DEBUG:colcon.colcon_parallel_executor.executor.parallel:loop closed
[16.512s] DEBUG:colcon.colcon_parallel_executor.executor.parallel:run_until_complete finished with '0'
[16.512s] DEBUG:colcon.colcon_core.event_reactor:joining thread
[16.623s] INFO:colcon.colcon_core.plugin_system:Skipping extension 'colcon_notification.desktop_notification.terminal_notifier': Not used on non-Darwin systems
[16.623s] INFO:colcon.colcon_core.plugin_system:Skipping extension 'colcon_notification.desktop_notification.win32': Not used on non-Windows systems
[16.623s] INFO:colcon.colcon_notification.desktop_notification:Sending desktop notification using 'notify2'
[16.659s] DEBUG:colcon.colcon_core.event_reactor:joined thread
[16.743s] INFO:colcon.colcon_core.shell:Creating prefix script '/home/unitree/go2_ros2_ws/install/local_setup.ps1'
[16.746s] INFO:colcon.colcon_core.shell:Creating prefix util module '/home/unitree/go2_ros2_ws/install/_local_setup_util_ps1.py'
[16.749s] INFO:colcon.colcon_core.shell:Creating prefix chain script '/home/unitree/go2_ros2_ws/install/setup.ps1'
[16.835s] INFO:colcon.colcon_core.shell:Creating prefix script '/home/unitree/go2_ros2_ws/install/local_setup.sh'
[16.836s] INFO:colcon.colcon_core.shell:Creating prefix util module '/home/unitree/go2_ros2_ws/install/_local_setup_util_sh.py'
[16.837s] INFO:colcon.colcon_core.shell:Creating prefix chain script '/home/unitree/go2_ros2_ws/install/setup.sh'
[16.919s] INFO:colcon.colcon_core.shell:Creating prefix script '/home/unitree/go2_ros2_ws/install/local_setup.bash'
[16.920s] INFO:colcon.colcon_core.shell:Creating prefix chain script '/home/unitree/go2_ros2_ws/install/setup.bash'
[16.999s] INFO:colcon.colcon_core.shell:Creating prefix script '/home/unitree/go2_ros2_ws/install/local_setup.zsh'
[17.000s] INFO:colcon.colcon_core.shell:Creating prefix chain script '/home/unitree/go2_ros2_ws/install/setup.zsh'
