[0.858s] Invoking command in '/home/unitree/go2_ros2_ws/build/unitree_go': CMAKE_PREFIX_PATH=${CMAKE_PREFIX_PATH}:/opt/ros/foxy /usr/bin/cmake --build /home/unitree/go2_ros2_ws/build/unitree_go -- -j6 -l6
[1.025s] [  1%] Built target unitree_go__dds_connext_idl
[1.036s] [  1%] Built target unitree_go__cpp
[1.102s] [ 13%] Built target unitree_go__rosidl_generator_c
[1.167s] [ 37%] Built target unitree_go__rosidl_typesupport_cpp
[1.168s] [ 37%] Built target unitree_go__rosidl_typesupport_fastrtps_cpp
[1.205s] [ 49%] Built target unitree_go__rosidl_typesupport_introspection_cpp
[1.227s] [ 61%] Built target unitree_go__rosidl_typesupport_c
[1.234s] [ 73%] Built target unitree_go__rosidl_typesupport_introspection_c
[1.262s] [ 85%] Built target unitree_go__rosidl_typesupport_fastrtps_c
[1.311s] [ 85%] Built target unitree_go
[1.367s] [ 85%] Built target unitree_go__py
[1.455s] [ 97%] Built target unitree_go__python
[1.527s] [ 98%] Built target unitree_go__rosidl_typesupport_introspection_c__pyext
[1.531s] [ 99%] Built target unitree_go__rosidl_typesupport_c__pyext
[1.538s] [100%] Built target unitree_go__rosidl_typesupport_fastrtps_c__pyext
[1.881s] Invoked command in '/home/unitree/go2_ros2_ws/build/unitree_go' returned '0': CMAKE_PREFIX_PATH=${CMAKE_PREFIX_PATH}:/opt/ros/foxy /usr/bin/cmake --build /home/unitree/go2_ros2_ws/build/unitree_go -- -j6 -l6
[3.104s] Invoking command in '/home/unitree/go2_ros2_ws/build/unitree_go': CMAKE_PREFIX_PATH=${CMAKE_PREFIX_PATH}:/opt/ros/foxy /usr/bin/cmake --install /home/unitree/go2_ros2_ws/build/unitree_go
[3.131s] -- Install configuration: ""
[3.132s] -- Up-to-date: /home/unitree/go2_ros2_ws/install/unitree_go/share/ament_index/resource_index/rosidl_interfaces/unitree_go
[3.132s] -- Up-to-date: /home/unitree/go2_ros2_ws/install/unitree_go/include/unitree_go
[3.133s] -- Up-to-date: /home/unitree/go2_ros2_ws/install/unitree_go/include/unitree_go/msg
[3.134s] -- Up-to-date: /home/unitree/go2_ros2_ws/install/unitree_go/include/unitree_go/msg/sport_mode_cmd.h
[3.135s] -- Up-to-date: /home/unitree/go2_ros2_ws/install/unitree_go/include/unitree_go/msg/path_point.h
[3.135s] -- Up-to-date: /home/unitree/go2_ros2_ws/install/unitree_go/include/unitree_go/msg/lidar_state.h
[3.136s] -- Up-to-date: /home/unitree/go2_ros2_ws/install/unitree_go/include/unitree_go/msg/time_spec.h
[3.136s] -- Up-to-date: /home/unitree/go2_ros2_ws/install/unitree_go/include/unitree_go/msg/low_cmd.h
[3.136s] -- Up-to-date: /home/unitree/go2_ros2_ws/install/unitree_go/include/unitree_go/msg/interface_config.h
[3.136s] -- Up-to-date: /home/unitree/go2_ros2_ws/install/unitree_go/include/unitree_go/msg/bms_state.h
[3.137s] -- Up-to-date: /home/unitree/go2_ros2_ws/install/unitree_go/include/unitree_go/msg/rosidl_generator_c__visibility_control.h
[3.137s] -- Up-to-date: /home/unitree/go2_ros2_ws/install/unitree_go/include/unitree_go/msg/req.h
[3.138s] -- Up-to-date: /home/unitree/go2_ros2_ws/install/unitree_go/include/unitree_go/msg/audio_data.h
[3.138s] -- Up-to-date: /home/unitree/go2_ros2_ws/install/unitree_go/include/unitree_go/msg/motor_cmd.h
[3.138s] -- Up-to-date: /home/unitree/go2_ros2_ws/install/unitree_go/include/unitree_go/msg/detail
[3.138s] -- Up-to-date: /home/unitree/go2_ros2_ws/install/unitree_go/include/unitree_go/msg/detail/height_map__struct.h
[3.139s] -- Up-to-date: /home/unitree/go2_ros2_ws/install/unitree_go/include/unitree_go/msg/detail/motor_cmd__functions.c
[3.139s] -- Up-to-date: /home/unitree/go2_ros2_ws/install/unitree_go/include/unitree_go/msg/detail/imu_state__functions.c
[3.140s] -- Up-to-date: /home/unitree/go2_ros2_ws/install/unitree_go/include/unitree_go/msg/detail/res__functions.h
[3.140s] -- Up-to-date: /home/unitree/go2_ros2_ws/install/unitree_go/include/unitree_go/msg/detail/bms_cmd__struct.h
[3.141s] -- Up-to-date: /home/unitree/go2_ros2_ws/install/unitree_go/include/unitree_go/msg/detail/audio_data__functions.h
[3.141s] -- Up-to-date: /home/unitree/go2_ros2_ws/install/unitree_go/include/unitree_go/msg/detail/lidar_state__type_support.h
[3.141s] -- Up-to-date: /home/unitree/go2_ros2_ws/install/unitree_go/include/unitree_go/msg/detail/time_spec__type_support.h
[3.142s] -- Up-to-date: /home/unitree/go2_ros2_ws/install/unitree_go/include/unitree_go/msg/detail/go2_front_video_data__type_support.h
[3.143s] -- Up-to-date: /home/unitree/go2_ros2_ws/install/unitree_go/include/unitree_go/msg/detail/error__type_support.h
[3.143s] -- Up-to-date: /home/unitree/go2_ros2_ws/install/unitree_go/include/unitree_go/msg/detail/req__functions.c
[3.143s] -- Up-to-date: /home/unitree/go2_ros2_ws/install/unitree_go/include/unitree_go/msg/detail/interface_config__type_support.h
[3.144s] -- Up-to-date: /home/unitree/go2_ros2_ws/install/unitree_go/include/unitree_go/msg/detail/wireless_controller__functions.h
[3.144s] -- Up-to-date: /home/unitree/go2_ros2_ws/install/unitree_go/include/unitree_go/msg/detail/low_state__struct.h
[3.145s] -- Up-to-date: /home/unitree/go2_ros2_ws/install/unitree_go/include/unitree_go/msg/detail/go2_front_video_data__struct.h
[3.145s] -- Up-to-date: /home/unitree/go2_ros2_ws/install/unitree_go/include/unitree_go/msg/detail/low_state__type_support.h
[3.146s] -- Up-to-date: /home/unitree/go2_ros2_ws/install/unitree_go/include/unitree_go/msg/detail/lidar_state__functions.c
[3.146s] -- Up-to-date: /home/unitree/go2_ros2_ws/install/unitree_go/include/unitree_go/msg/detail/height_map__type_support.h
[3.148s] -- Up-to-date: /home/unitree/go2_ros2_ws/install/unitree_go/include/unitree_go/msg/detail/uwb_switch__functions.c
[3.156s] -- Up-to-date: /home/unitree/go2_ros2_ws/install/unitree_go/include/unitree_go/msg/detail/interface_config__functions.c
[3.156s] -- Up-to-date: /home/unitree/go2_ros2_ws/install/unitree_go/include/unitree_go/msg/detail/motor_state__struct.h
[3.157s] -- Up-to-date: /home/unitree/go2_ros2_ws/install/unitree_go/include/unitree_go/msg/detail/low_cmd__type_support.h
[3.157s] -- Up-to-date: /home/unitree/go2_ros2_ws/install/unitree_go/include/unitree_go/msg/detail/audio_data__functions.c
[3.157s] -- Up-to-date: /home/unitree/go2_ros2_ws/install/unitree_go/include/unitree_go/msg/detail/go2_front_video_data__functions.c
[3.157s] -- Up-to-date: /home/unitree/go2_ros2_ws/install/unitree_go/include/unitree_go/msg/detail/path_point__functions.h
[3.157s] -- Up-to-date: /home/unitree/go2_ros2_ws/install/unitree_go/include/unitree_go/msg/detail/wireless_controller__struct.h
[3.157s] -- Up-to-date: /home/unitree/go2_ros2_ws/install/unitree_go/include/unitree_go/msg/detail/height_map__functions.c
[3.158s] -- Up-to-date: /home/unitree/go2_ros2_ws/install/unitree_go/include/unitree_go/msg/detail/uwb_state__functions.h
[3.158s] -- Up-to-date: /home/unitree/go2_ros2_ws/install/unitree_go/include/unitree_go/msg/detail/time_spec__struct.h
[3.158s] -- Up-to-date: /home/unitree/go2_ros2_ws/install/unitree_go/include/unitree_go/msg/detail/uwb_state__functions.c
[3.158s] -- Up-to-date: /home/unitree/go2_ros2_ws/install/unitree_go/include/unitree_go/msg/detail/path_point__struct.h
[3.158s] -- Up-to-date: /home/unitree/go2_ros2_ws/install/unitree_go/include/unitree_go/msg/detail/bms_cmd__type_support.h
[3.158s] -- Up-to-date: /home/unitree/go2_ros2_ws/install/unitree_go/include/unitree_go/msg/detail/motor_cmd__type_support.h
[3.159s] -- Up-to-date: /home/unitree/go2_ros2_ws/install/unitree_go/include/unitree_go/msg/detail/sport_mode_cmd__type_support.h
[3.159s] -- Up-to-date: /home/unitree/go2_ros2_ws/install/unitree_go/include/unitree_go/msg/detail/uwb_switch__functions.h
[3.159s] -- Up-to-date: /home/unitree/go2_ros2_ws/install/unitree_go/include/unitree_go/msg/detail/go2_front_video_data__functions.h
[3.159s] -- Up-to-date: /home/unitree/go2_ros2_ws/install/unitree_go/include/unitree_go/msg/detail/bms_cmd__functions.h
[3.159s] -- Up-to-date: /home/unitree/go2_ros2_ws/install/unitree_go/include/unitree_go/msg/detail/uwb_switch__type_support.h
[3.159s] -- Up-to-date: /home/unitree/go2_ros2_ws/install/unitree_go/include/unitree_go/msg/detail/bms_state__functions.c
[3.159s] -- Up-to-date: /home/unitree/go2_ros2_ws/install/unitree_go/include/unitree_go/msg/detail/motor_state__functions.h
[3.159s] -- Up-to-date: /home/unitree/go2_ros2_ws/install/unitree_go/include/unitree_go/msg/detail/sport_mode_cmd__functions.h
[3.160s] -- Up-to-date: /home/unitree/go2_ros2_ws/install/unitree_go/include/unitree_go/msg/detail/low_state__functions.c
[3.160s] -- Up-to-date: /home/unitree/go2_ros2_ws/install/unitree_go/include/unitree_go/msg/detail/lidar_state__struct.h
[3.160s] -- Up-to-date: /home/unitree/go2_ros2_ws/install/unitree_go/include/unitree_go/msg/detail/imu_state__type_support.h
[3.160s] -- Up-to-date: /home/unitree/go2_ros2_ws/install/unitree_go/include/unitree_go/msg/detail/sport_mode_state__type_support.h
[3.160s] -- Up-to-date: /home/unitree/go2_ros2_ws/install/unitree_go/include/unitree_go/msg/detail/low_cmd__functions.h
[3.160s] -- Up-to-date: /home/unitree/go2_ros2_ws/install/unitree_go/include/unitree_go/msg/detail/motor_cmd__functions.h
[3.160s] -- Up-to-date: /home/unitree/go2_ros2_ws/install/unitree_go/include/unitree_go/msg/detail/res__type_support.h
[3.161s] -- Up-to-date: /home/unitree/go2_ros2_ws/install/unitree_go/include/unitree_go/msg/detail/req__type_support.h
[3.161s] -- Up-to-date: /home/unitree/go2_ros2_ws/install/unitree_go/include/unitree_go/msg/detail/time_spec__functions.h
[3.161s] -- Up-to-date: /home/unitree/go2_ros2_ws/install/unitree_go/include/unitree_go/msg/detail/sport_mode_cmd__functions.c
[3.161s] -- Up-to-date: /home/unitree/go2_ros2_ws/install/unitree_go/include/unitree_go/msg/detail/bms_state__struct.h
[3.161s] -- Up-to-date: /home/unitree/go2_ros2_ws/install/unitree_go/include/unitree_go/msg/detail/bms_state__type_support.h
[3.162s] -- Up-to-date: /home/unitree/go2_ros2_ws/install/unitree_go/include/unitree_go/msg/detail/uwb_switch__struct.h
[3.162s] -- Up-to-date: /home/unitree/go2_ros2_ws/install/unitree_go/include/unitree_go/msg/detail/path_point__functions.c
[3.162s] -- Up-to-date: /home/unitree/go2_ros2_ws/install/unitree_go/include/unitree_go/msg/detail/sport_mode_state__functions.c
[3.162s] -- Up-to-date: /home/unitree/go2_ros2_ws/install/unitree_go/include/unitree_go/msg/detail/req__functions.h
[3.162s] -- Up-to-date: /home/unitree/go2_ros2_ws/install/unitree_go/include/unitree_go/msg/detail/wireless_controller__type_support.h
[3.163s] -- Up-to-date: /home/unitree/go2_ros2_ws/install/unitree_go/include/unitree_go/msg/detail/lidar_state__functions.h
[3.164s] -- Up-to-date: /home/unitree/go2_ros2_ws/install/unitree_go/include/unitree_go/msg/detail/time_spec__functions.c
[3.164s] -- Up-to-date: /home/unitree/go2_ros2_ws/install/unitree_go/include/unitree_go/msg/detail/bms_state__functions.h
[3.164s] -- Up-to-date: /home/unitree/go2_ros2_ws/install/unitree_go/include/unitree_go/msg/detail/res__struct.h
[3.164s] -- Up-to-date: /home/unitree/go2_ros2_ws/install/unitree_go/include/unitree_go/msg/detail/error__functions.h
[3.165s] -- Up-to-date: /home/unitree/go2_ros2_ws/install/unitree_go/include/unitree_go/msg/detail/error__struct.h
[3.165s] -- Up-to-date: /home/unitree/go2_ros2_ws/install/unitree_go/include/unitree_go/msg/detail/req__struct.h
[3.165s] -- Up-to-date: /home/unitree/go2_ros2_ws/install/unitree_go/include/unitree_go/msg/detail/sport_mode_state__struct.h
[3.165s] -- Up-to-date: /home/unitree/go2_ros2_ws/install/unitree_go/include/unitree_go/msg/detail/low_cmd__struct.h
[3.165s] -- Up-to-date: /home/unitree/go2_ros2_ws/install/unitree_go/include/unitree_go/msg/detail/interface_config__functions.h
[3.165s] -- Up-to-date: /home/unitree/go2_ros2_ws/install/unitree_go/include/unitree_go/msg/detail/imu_state__functions.h
[3.165s] -- Up-to-date: /home/unitree/go2_ros2_ws/install/unitree_go/include/unitree_go/msg/detail/audio_data__type_support.h
[3.166s] -- Up-to-date: /home/unitree/go2_ros2_ws/install/unitree_go/include/unitree_go/msg/detail/sport_mode_state__functions.h
[3.166s] -- Up-to-date: /home/unitree/go2_ros2_ws/install/unitree_go/include/unitree_go/msg/detail/bms_cmd__functions.c
[3.166s] -- Up-to-date: /home/unitree/go2_ros2_ws/install/unitree_go/include/unitree_go/msg/detail/uwb_state__type_support.h
[3.166s] -- Up-to-date: /home/unitree/go2_ros2_ws/install/unitree_go/include/unitree_go/msg/detail/path_point__type_support.h
[3.166s] -- Up-to-date: /home/unitree/go2_ros2_ws/install/unitree_go/include/unitree_go/msg/detail/low_cmd__functions.c
[3.166s] -- Up-to-date: /home/unitree/go2_ros2_ws/install/unitree_go/include/unitree_go/msg/detail/res__functions.c
[3.166s] -- Up-to-date: /home/unitree/go2_ros2_ws/install/unitree_go/include/unitree_go/msg/detail/imu_state__struct.h
[3.167s] -- Up-to-date: /home/unitree/go2_ros2_ws/install/unitree_go/include/unitree_go/msg/detail/motor_state__functions.c
[3.167s] -- Up-to-date: /home/unitree/go2_ros2_ws/install/unitree_go/include/unitree_go/msg/detail/height_map__functions.h
[3.167s] -- Up-to-date: /home/unitree/go2_ros2_ws/install/unitree_go/include/unitree_go/msg/detail/sport_mode_cmd__struct.h
[3.167s] -- Up-to-date: /home/unitree/go2_ros2_ws/install/unitree_go/include/unitree_go/msg/detail/wireless_controller__functions.c
[3.167s] -- Up-to-date: /home/unitree/go2_ros2_ws/install/unitree_go/include/unitree_go/msg/detail/uwb_state__struct.h
[3.167s] -- Up-to-date: /home/unitree/go2_ros2_ws/install/unitree_go/include/unitree_go/msg/detail/audio_data__struct.h
[3.168s] -- Up-to-date: /home/unitree/go2_ros2_ws/install/unitree_go/include/unitree_go/msg/detail/low_state__functions.h
[3.168s] -- Up-to-date: /home/unitree/go2_ros2_ws/install/unitree_go/include/unitree_go/msg/detail/motor_state__type_support.h
[3.168s] -- Up-to-date: /home/unitree/go2_ros2_ws/install/unitree_go/include/unitree_go/msg/detail/motor_cmd__struct.h
[3.168s] -- Up-to-date: /home/unitree/go2_ros2_ws/install/unitree_go/include/unitree_go/msg/detail/interface_config__struct.h
[3.169s] -- Up-to-date: /home/unitree/go2_ros2_ws/install/unitree_go/include/unitree_go/msg/detail/error__functions.c
[3.169s] -- Up-to-date: /home/unitree/go2_ros2_ws/install/unitree_go/include/unitree_go/msg/low_state.h
[3.169s] -- Up-to-date: /home/unitree/go2_ros2_ws/install/unitree_go/include/unitree_go/msg/uwb_state.h
[3.169s] -- Up-to-date: /home/unitree/go2_ros2_ws/install/unitree_go/include/unitree_go/msg/go2_front_video_data.h
[3.169s] -- Up-to-date: /home/unitree/go2_ros2_ws/install/unitree_go/include/unitree_go/msg/bms_cmd.h
[3.170s] -- Up-to-date: /home/unitree/go2_ros2_ws/install/unitree_go/include/unitree_go/msg/imu_state.h
[3.170s] -- Up-to-date: /home/unitree/go2_ros2_ws/install/unitree_go/include/unitree_go/msg/sport_mode_state.h
[3.170s] -- Up-to-date: /home/unitree/go2_ros2_ws/install/unitree_go/include/unitree_go/msg/error.h
[3.170s] -- Up-to-date: /home/unitree/go2_ros2_ws/install/unitree_go/include/unitree_go/msg/motor_state.h
[3.170s] -- Up-to-date: /home/unitree/go2_ros2_ws/install/unitree_go/include/unitree_go/msg/res.h
[3.171s] -- Up-to-date: /home/unitree/go2_ros2_ws/install/unitree_go/include/unitree_go/msg/wireless_controller.h
[3.171s] -- Up-to-date: /home/unitree/go2_ros2_ws/install/unitree_go/include/unitree_go/msg/uwb_switch.h
[3.171s] -- Up-to-date: /home/unitree/go2_ros2_ws/install/unitree_go/include/unitree_go/msg/height_map.h
[3.171s] -- Up-to-date: /home/unitree/go2_ros2_ws/install/unitree_go/share/unitree_go/environment/library_path.sh
[3.171s] -- Up-to-date: /home/unitree/go2_ros2_ws/install/unitree_go/share/unitree_go/environment/library_path.dsv
[3.171s] -- Up-to-date: /home/unitree/go2_ros2_ws/install/unitree_go/lib/libunitree_go__rosidl_generator_c.so
[3.172s] -- Up-to-date: /home/unitree/go2_ros2_ws/install/unitree_go/include/unitree_go
[3.172s] -- Up-to-date: /home/unitree/go2_ros2_ws/install/unitree_go/include/unitree_go/msg
[3.172s] -- Up-to-date: /home/unitree/go2_ros2_ws/install/unitree_go/include/unitree_go/msg/rosidl_typesupport_fastrtps_c__visibility_control.h
[3.172s] -- Up-to-date: /home/unitree/go2_ros2_ws/install/unitree_go/include/unitree_go/msg/detail
[3.172s] -- Up-to-date: /home/unitree/go2_ros2_ws/install/unitree_go/include/unitree_go/msg/detail/error__rosidl_typesupport_fastrtps_c.h
[3.172s] -- Up-to-date: /home/unitree/go2_ros2_ws/install/unitree_go/include/unitree_go/msg/detail/uwb_switch__rosidl_typesupport_fastrtps_c.h
[3.172s] -- Up-to-date: /home/unitree/go2_ros2_ws/install/unitree_go/include/unitree_go/msg/detail/imu_state__rosidl_typesupport_fastrtps_c.h
[3.173s] -- Up-to-date: /home/unitree/go2_ros2_ws/install/unitree_go/include/unitree_go/msg/detail/res__rosidl_typesupport_fastrtps_c.h
[3.173s] -- Up-to-date: /home/unitree/go2_ros2_ws/install/unitree_go/include/unitree_go/msg/detail/height_map__rosidl_typesupport_fastrtps_c.h
[3.173s] -- Up-to-date: /home/unitree/go2_ros2_ws/install/unitree_go/include/unitree_go/msg/detail/sport_mode_state__rosidl_typesupport_fastrtps_c.h
[3.173s] -- Up-to-date: /home/unitree/go2_ros2_ws/install/unitree_go/include/unitree_go/msg/detail/go2_front_video_data__rosidl_typesupport_fastrtps_c.h
[3.173s] -- Up-to-date: /home/unitree/go2_ros2_ws/install/unitree_go/include/unitree_go/msg/detail/low_cmd__rosidl_typesupport_fastrtps_c.h
[3.174s] -- Up-to-date: /home/unitree/go2_ros2_ws/install/unitree_go/include/unitree_go/msg/detail/audio_data__rosidl_typesupport_fastrtps_c.h
[3.174s] -- Up-to-date: /home/unitree/go2_ros2_ws/install/unitree_go/include/unitree_go/msg/detail/bms_state__rosidl_typesupport_fastrtps_c.h
[3.174s] -- Up-to-date: /home/unitree/go2_ros2_ws/install/unitree_go/include/unitree_go/msg/detail/path_point__rosidl_typesupport_fastrtps_c.h
[3.174s] -- Up-to-date: /home/unitree/go2_ros2_ws/install/unitree_go/include/unitree_go/msg/detail/motor_cmd__rosidl_typesupport_fastrtps_c.h
[3.174s] -- Up-to-date: /home/unitree/go2_ros2_ws/install/unitree_go/include/unitree_go/msg/detail/req__rosidl_typesupport_fastrtps_c.h
[3.174s] -- Up-to-date: /home/unitree/go2_ros2_ws/install/unitree_go/include/unitree_go/msg/detail/uwb_state__rosidl_typesupport_fastrtps_c.h
[3.174s] -- Up-to-date: /home/unitree/go2_ros2_ws/install/unitree_go/include/unitree_go/msg/detail/interface_config__rosidl_typesupport_fastrtps_c.h
[3.174s] -- Up-to-date: /home/unitree/go2_ros2_ws/install/unitree_go/include/unitree_go/msg/detail/low_state__rosidl_typesupport_fastrtps_c.h
[3.175s] -- Up-to-date: /home/unitree/go2_ros2_ws/install/unitree_go/include/unitree_go/msg/detail/time_spec__rosidl_typesupport_fastrtps_c.h
[3.175s] -- Up-to-date: /home/unitree/go2_ros2_ws/install/unitree_go/include/unitree_go/msg/detail/wireless_controller__rosidl_typesupport_fastrtps_c.h
[3.175s] -- Up-to-date: /home/unitree/go2_ros2_ws/install/unitree_go/include/unitree_go/msg/detail/motor_state__rosidl_typesupport_fastrtps_c.h
[3.175s] -- Up-to-date: /home/unitree/go2_ros2_ws/install/unitree_go/include/unitree_go/msg/detail/bms_cmd__rosidl_typesupport_fastrtps_c.h
[3.175s] -- Up-to-date: /home/unitree/go2_ros2_ws/install/unitree_go/include/unitree_go/msg/detail/lidar_state__rosidl_typesupport_fastrtps_c.h
[3.175s] -- Up-to-date: /home/unitree/go2_ros2_ws/install/unitree_go/include/unitree_go/msg/detail/sport_mode_cmd__rosidl_typesupport_fastrtps_c.h
[3.176s] -- Up-to-date: /home/unitree/go2_ros2_ws/install/unitree_go/lib/libunitree_go__rosidl_typesupport_fastrtps_c.so
[3.176s] -- Up-to-date: /home/unitree/go2_ros2_ws/install/unitree_go/include/unitree_go
[3.176s] -- Up-to-date: /home/unitree/go2_ros2_ws/install/unitree_go/include/unitree_go/msg
[3.176s] -- Up-to-date: /home/unitree/go2_ros2_ws/install/unitree_go/include/unitree_go/msg/rosidl_typesupport_fastrtps_cpp__visibility_control.h
[3.176s] -- Up-to-date: /home/unitree/go2_ros2_ws/install/unitree_go/include/unitree_go/msg/detail
[3.176s] -- Up-to-date: /home/unitree/go2_ros2_ws/install/unitree_go/include/unitree_go/msg/detail/error__rosidl_typesupport_fastrtps_cpp.hpp
[3.176s] -- Up-to-date: /home/unitree/go2_ros2_ws/install/unitree_go/include/unitree_go/msg/detail/path_point__rosidl_typesupport_fastrtps_cpp.hpp
[3.177s] -- Up-to-date: /home/unitree/go2_ros2_ws/install/unitree_go/include/unitree_go/msg/detail/uwb_state__rosidl_typesupport_fastrtps_cpp.hpp
[3.177s] -- Up-to-date: /home/unitree/go2_ros2_ws/install/unitree_go/include/unitree_go/msg/detail/go2_front_video_data__rosidl_typesupport_fastrtps_cpp.hpp
[3.177s] -- Up-to-date: /home/unitree/go2_ros2_ws/install/unitree_go/include/unitree_go/msg/detail/low_state__rosidl_typesupport_fastrtps_cpp.hpp
[3.177s] -- Up-to-date: /home/unitree/go2_ros2_ws/install/unitree_go/include/unitree_go/msg/detail/uwb_switch__rosidl_typesupport_fastrtps_cpp.hpp
[3.177s] -- Up-to-date: /home/unitree/go2_ros2_ws/install/unitree_go/include/unitree_go/msg/detail/bms_cmd__rosidl_typesupport_fastrtps_cpp.hpp
[3.177s] -- Up-to-date: /home/unitree/go2_ros2_ws/install/unitree_go/include/unitree_go/msg/detail/bms_state__rosidl_typesupport_fastrtps_cpp.hpp
[3.177s] -- Up-to-date: /home/unitree/go2_ros2_ws/install/unitree_go/include/unitree_go/msg/detail/lidar_state__rosidl_typesupport_fastrtps_cpp.hpp
[3.178s] -- Up-to-date: /home/unitree/go2_ros2_ws/install/unitree_go/include/unitree_go/msg/detail/wireless_controller__rosidl_typesupport_fastrtps_cpp.hpp
[3.178s] -- Up-to-date: /home/unitree/go2_ros2_ws/install/unitree_go/include/unitree_go/msg/detail/interface_config__rosidl_typesupport_fastrtps_cpp.hpp
[3.178s] -- Up-to-date: /home/unitree/go2_ros2_ws/install/unitree_go/include/unitree_go/msg/detail/sport_mode_cmd__rosidl_typesupport_fastrtps_cpp.hpp
[3.178s] -- Up-to-date: /home/unitree/go2_ros2_ws/install/unitree_go/include/unitree_go/msg/detail/dds_fastrtps
[3.178s] -- Up-to-date: /home/unitree/go2_ros2_ws/install/unitree_go/include/unitree_go/msg/detail/motor_state__rosidl_typesupport_fastrtps_cpp.hpp
[3.178s] -- Up-to-date: /home/unitree/go2_ros2_ws/install/unitree_go/include/unitree_go/msg/detail/motor_cmd__rosidl_typesupport_fastrtps_cpp.hpp
[3.179s] -- Up-to-date: /home/unitree/go2_ros2_ws/install/unitree_go/include/unitree_go/msg/detail/imu_state__rosidl_typesupport_fastrtps_cpp.hpp
[3.179s] -- Up-to-date: /home/unitree/go2_ros2_ws/install/unitree_go/include/unitree_go/msg/detail/time_spec__rosidl_typesupport_fastrtps_cpp.hpp
[3.179s] -- Up-to-date: /home/unitree/go2_ros2_ws/install/unitree_go/include/unitree_go/msg/detail/req__rosidl_typesupport_fastrtps_cpp.hpp
[3.179s] -- Up-to-date: /home/unitree/go2_ros2_ws/install/unitree_go/include/unitree_go/msg/detail/sport_mode_state__rosidl_typesupport_fastrtps_cpp.hpp
[3.179s] -- Up-to-date: /home/unitree/go2_ros2_ws/install/unitree_go/include/unitree_go/msg/detail/audio_data__rosidl_typesupport_fastrtps_cpp.hpp
[3.179s] -- Up-to-date: /home/unitree/go2_ros2_ws/install/unitree_go/include/unitree_go/msg/detail/res__rosidl_typesupport_fastrtps_cpp.hpp
[3.179s] -- Up-to-date: /home/unitree/go2_ros2_ws/install/unitree_go/include/unitree_go/msg/detail/height_map__rosidl_typesupport_fastrtps_cpp.hpp
[3.179s] -- Up-to-date: /home/unitree/go2_ros2_ws/install/unitree_go/include/unitree_go/msg/detail/low_cmd__rosidl_typesupport_fastrtps_cpp.hpp
[3.180s] -- Up-to-date: /home/unitree/go2_ros2_ws/install/unitree_go/lib/libunitree_go__rosidl_typesupport_fastrtps_cpp.so
[3.180s] -- Up-to-date: /home/unitree/go2_ros2_ws/install/unitree_go/include/unitree_go
[3.180s] -- Up-to-date: /home/unitree/go2_ros2_ws/install/unitree_go/include/unitree_go/msg
[3.180s] -- Up-to-date: /home/unitree/go2_ros2_ws/install/unitree_go/include/unitree_go/msg/detail
[3.180s] -- Up-to-date: /home/unitree/go2_ros2_ws/install/unitree_go/include/unitree_go/msg/detail/sport_mode_cmd__type_support.c
[3.181s] -- Up-to-date: /home/unitree/go2_ros2_ws/install/unitree_go/include/unitree_go/msg/detail/go2_front_video_data__type_support.c
[3.181s] -- Up-to-date: /home/unitree/go2_ros2_ws/install/unitree_go/include/unitree_go/msg/detail/bms_cmd__type_support.c
[3.181s] -- Up-to-date: /home/unitree/go2_ros2_ws/install/unitree_go/include/unitree_go/msg/detail/low_state__type_support.c
[3.181s] -- Up-to-date: /home/unitree/go2_ros2_ws/install/unitree_go/include/unitree_go/msg/detail/height_map__rosidl_typesupport_introspection_c.h
[3.181s] -- Up-to-date: /home/unitree/go2_ros2_ws/install/unitree_go/include/unitree_go/msg/detail/interface_config__type_support.c
[3.181s] -- Up-to-date: /home/unitree/go2_ros2_ws/install/unitree_go/include/unitree_go/msg/detail/imu_state__type_support.c
[3.182s] -- Up-to-date: /home/unitree/go2_ros2_ws/install/unitree_go/include/unitree_go/msg/detail/req__type_support.c
[3.182s] -- Up-to-date: /home/unitree/go2_ros2_ws/install/unitree_go/include/unitree_go/msg/detail/sport_mode_cmd__rosidl_typesupport_introspection_c.h
[3.182s] -- Up-to-date: /home/unitree/go2_ros2_ws/install/unitree_go/include/unitree_go/msg/detail/sport_mode_state__rosidl_typesupport_introspection_c.h
[3.182s] -- Up-to-date: /home/unitree/go2_ros2_ws/install/unitree_go/include/unitree_go/msg/detail/time_spec__type_support.c
[3.182s] -- Up-to-date: /home/unitree/go2_ros2_ws/install/unitree_go/include/unitree_go/msg/detail/lidar_state__type_support.c
[3.182s] -- Up-to-date: /home/unitree/go2_ros2_ws/install/unitree_go/include/unitree_go/msg/detail/bms_cmd__rosidl_typesupport_introspection_c.h
[3.182s] -- Up-to-date: /home/unitree/go2_ros2_ws/install/unitree_go/include/unitree_go/msg/detail/path_point__type_support.c
[3.183s] -- Up-to-date: /home/unitree/go2_ros2_ws/install/unitree_go/include/unitree_go/msg/detail/low_cmd__type_support.c
[3.183s] -- Up-to-date: /home/unitree/go2_ros2_ws/install/unitree_go/include/unitree_go/msg/detail/sport_mode_state__type_support.c
[3.183s] -- Up-to-date: /home/unitree/go2_ros2_ws/install/unitree_go/include/unitree_go/msg/detail/low_state__rosidl_typesupport_introspection_c.h
[3.183s] -- Up-to-date: /home/unitree/go2_ros2_ws/install/unitree_go/include/unitree_go/msg/detail/time_spec__rosidl_typesupport_introspection_c.h
[3.184s] -- Up-to-date: /home/unitree/go2_ros2_ws/install/unitree_go/include/unitree_go/msg/detail/audio_data__type_support.c
[3.184s] -- Up-to-date: /home/unitree/go2_ros2_ws/install/unitree_go/include/unitree_go/msg/detail/wireless_controller__type_support.c
[3.184s] -- Up-to-date: /home/unitree/go2_ros2_ws/install/unitree_go/include/unitree_go/msg/detail/motor_cmd__rosidl_typesupport_introspection_c.h
[3.184s] -- Up-to-date: /home/unitree/go2_ros2_ws/install/unitree_go/include/unitree_go/msg/detail/uwb_state__type_support.c
[3.185s] -- Up-to-date: /home/unitree/go2_ros2_ws/install/unitree_go/include/unitree_go/msg/detail/interface_config__rosidl_typesupport_introspection_c.h
[3.185s] -- Up-to-date: /home/unitree/go2_ros2_ws/install/unitree_go/include/unitree_go/msg/detail/audio_data__rosidl_typesupport_introspection_c.h
[3.185s] -- Up-to-date: /home/unitree/go2_ros2_ws/install/unitree_go/include/unitree_go/msg/detail/path_point__rosidl_typesupport_introspection_c.h
[3.185s] -- Up-to-date: /home/unitree/go2_ros2_ws/install/unitree_go/include/unitree_go/msg/detail/motor_state__type_support.c
[3.185s] -- Up-to-date: /home/unitree/go2_ros2_ws/install/unitree_go/include/unitree_go/msg/detail/error__rosidl_typesupport_introspection_c.h
[3.185s] -- Up-to-date: /home/unitree/go2_ros2_ws/install/unitree_go/include/unitree_go/msg/detail/imu_state__rosidl_typesupport_introspection_c.h
[3.186s] -- Up-to-date: /home/unitree/go2_ros2_ws/install/unitree_go/include/unitree_go/msg/detail/req__rosidl_typesupport_introspection_c.h
[3.186s] -- Up-to-date: /home/unitree/go2_ros2_ws/install/unitree_go/include/unitree_go/msg/detail/error__type_support.c
[3.186s] -- Up-to-date: /home/unitree/go2_ros2_ws/install/unitree_go/include/unitree_go/msg/detail/uwb_state__rosidl_typesupport_introspection_c.h
[3.186s] -- Up-to-date: /home/unitree/go2_ros2_ws/install/unitree_go/include/unitree_go/msg/detail/motor_cmd__type_support.c
[3.186s] -- Up-to-date: /home/unitree/go2_ros2_ws/install/unitree_go/include/unitree_go/msg/detail/lidar_state__rosidl_typesupport_introspection_c.h
[3.186s] -- Up-to-date: /home/unitree/go2_ros2_ws/install/unitree_go/include/unitree_go/msg/detail/bms_state__type_support.c
[3.187s] -- Up-to-date: /home/unitree/go2_ros2_ws/install/unitree_go/include/unitree_go/msg/detail/low_cmd__rosidl_typesupport_introspection_c.h
[3.187s] -- Up-to-date: /home/unitree/go2_ros2_ws/install/unitree_go/include/unitree_go/msg/detail/res__rosidl_typesupport_introspection_c.h
[3.187s] -- Up-to-date: /home/unitree/go2_ros2_ws/install/unitree_go/include/unitree_go/msg/detail/go2_front_video_data__rosidl_typesupport_introspection_c.h
[3.187s] -- Up-to-date: /home/unitree/go2_ros2_ws/install/unitree_go/include/unitree_go/msg/detail/height_map__type_support.c
[3.187s] -- Up-to-date: /home/unitree/go2_ros2_ws/install/unitree_go/include/unitree_go/msg/detail/wireless_controller__rosidl_typesupport_introspection_c.h
[3.188s] -- Up-to-date: /home/unitree/go2_ros2_ws/install/unitree_go/include/unitree_go/msg/detail/uwb_switch__rosidl_typesupport_introspection_c.h
[3.188s] -- Up-to-date: /home/unitree/go2_ros2_ws/install/unitree_go/include/unitree_go/msg/detail/uwb_switch__type_support.c
[3.188s] -- Up-to-date: /home/unitree/go2_ros2_ws/install/unitree_go/include/unitree_go/msg/detail/res__type_support.c
[3.188s] -- Up-to-date: /home/unitree/go2_ros2_ws/install/unitree_go/include/unitree_go/msg/detail/bms_state__rosidl_typesupport_introspection_c.h
[3.188s] -- Up-to-date: /home/unitree/go2_ros2_ws/install/unitree_go/include/unitree_go/msg/detail/motor_state__rosidl_typesupport_introspection_c.h
[3.188s] -- Up-to-date: /home/unitree/go2_ros2_ws/install/unitree_go/include/unitree_go/msg/rosidl_typesupport_introspection_c__visibility_control.h
[3.189s] -- Up-to-date: /home/unitree/go2_ros2_ws/install/unitree_go/lib/libunitree_go__rosidl_typesupport_introspection_c.so
[3.189s] -- Up-to-date: /home/unitree/go2_ros2_ws/install/unitree_go/lib/libunitree_go__rosidl_typesupport_c.so
[3.189s] -- Up-to-date: /home/unitree/go2_ros2_ws/install/unitree_go/include/unitree_go
[3.189s] -- Up-to-date: /home/unitree/go2_ros2_ws/install/unitree_go/include/unitree_go/msg
[3.189s] -- Up-to-date: /home/unitree/go2_ros2_ws/install/unitree_go/include/unitree_go/msg/audio_data.hpp
[3.190s] -- Up-to-date: /home/unitree/go2_ros2_ws/install/unitree_go/include/unitree_go/msg/motor_cmd.hpp
[3.190s] -- Up-to-date: /home/unitree/go2_ros2_ws/install/unitree_go/include/unitree_go/msg/time_spec.hpp
[3.190s] -- Up-to-date: /home/unitree/go2_ros2_ws/install/unitree_go/include/unitree_go/msg/motor_state.hpp
[3.190s] -- Up-to-date: /home/unitree/go2_ros2_ws/install/unitree_go/include/unitree_go/msg/bms_cmd.hpp
[3.190s] -- Up-to-date: /home/unitree/go2_ros2_ws/install/unitree_go/include/unitree_go/msg/low_cmd.hpp
[3.190s] -- Up-to-date: /home/unitree/go2_ros2_ws/install/unitree_go/include/unitree_go/msg/imu_state.hpp
[3.190s] -- Up-to-date: /home/unitree/go2_ros2_ws/install/unitree_go/include/unitree_go/msg/height_map.hpp
[3.191s] -- Up-to-date: /home/unitree/go2_ros2_ws/install/unitree_go/include/unitree_go/msg/go2_front_video_data.hpp
[3.191s] -- Up-to-date: /home/unitree/go2_ros2_ws/install/unitree_go/include/unitree_go/msg/error.hpp
[3.191s] -- Up-to-date: /home/unitree/go2_ros2_ws/install/unitree_go/include/unitree_go/msg/detail
[3.191s] -- Up-to-date: /home/unitree/go2_ros2_ws/install/unitree_go/include/unitree_go/msg/detail/sport_mode_cmd__traits.hpp
[3.191s] -- Up-to-date: /home/unitree/go2_ros2_ws/install/unitree_go/include/unitree_go/msg/detail/error__builder.hpp
[3.192s] -- Up-to-date: /home/unitree/go2_ros2_ws/install/unitree_go/include/unitree_go/msg/detail/motor_cmd__traits.hpp
[3.192s] -- Up-to-date: /home/unitree/go2_ros2_ws/install/unitree_go/include/unitree_go/msg/detail/wireless_controller__struct.hpp
[3.192s] -- Up-to-date: /home/unitree/go2_ros2_ws/install/unitree_go/include/unitree_go/msg/detail/res__type_support.hpp
[3.192s] -- Up-to-date: /home/unitree/go2_ros2_ws/install/unitree_go/include/unitree_go/msg/detail/interface_config__type_support.hpp
[3.192s] -- Up-to-date: /home/unitree/go2_ros2_ws/install/unitree_go/include/unitree_go/msg/detail/audio_data__type_support.hpp
[3.193s] -- Up-to-date: /home/unitree/go2_ros2_ws/install/unitree_go/include/unitree_go/msg/detail/path_point__traits.hpp
[3.193s] -- Up-to-date: /home/unitree/go2_ros2_ws/install/unitree_go/include/unitree_go/msg/detail/low_cmd__type_support.hpp
[3.193s] -- Up-to-date: /home/unitree/go2_ros2_ws/install/unitree_go/include/unitree_go/msg/detail/req__builder.hpp
[3.193s] -- Up-to-date: /home/unitree/go2_ros2_ws/install/unitree_go/include/unitree_go/msg/detail/bms_cmd__builder.hpp
[3.193s] -- Up-to-date: /home/unitree/go2_ros2_ws/install/unitree_go/include/unitree_go/msg/detail/path_point__type_support.hpp
[3.194s] -- Up-to-date: /home/unitree/go2_ros2_ws/install/unitree_go/include/unitree_go/msg/detail/low_state__builder.hpp
[3.194s] -- Up-to-date: /home/unitree/go2_ros2_ws/install/unitree_go/include/unitree_go/msg/detail/motor_state__struct.hpp
[3.194s] -- Up-to-date: /home/unitree/go2_ros2_ws/install/unitree_go/include/unitree_go/msg/detail/audio_data__struct.hpp
[3.194s] -- Up-to-date: /home/unitree/go2_ros2_ws/install/unitree_go/include/unitree_go/msg/detail/error__type_support.hpp
[3.194s] -- Up-to-date: /home/unitree/go2_ros2_ws/install/unitree_go/include/unitree_go/msg/detail/low_state__struct.hpp
[3.195s] -- Up-to-date: /home/unitree/go2_ros2_ws/install/unitree_go/include/unitree_go/msg/detail/imu_state__type_support.hpp
[3.195s] -- Up-to-date: /home/unitree/go2_ros2_ws/install/unitree_go/include/unitree_go/msg/detail/req__traits.hpp
[3.195s] -- Up-to-date: /home/unitree/go2_ros2_ws/install/unitree_go/include/unitree_go/msg/detail/sport_mode_cmd__builder.hpp
[3.195s] -- Up-to-date: /home/unitree/go2_ros2_ws/install/unitree_go/include/unitree_go/msg/detail/low_cmd__builder.hpp
[3.195s] -- Up-to-date: /home/unitree/go2_ros2_ws/install/unitree_go/include/unitree_go/msg/detail/motor_cmd__type_support.hpp
[3.195s] -- Up-to-date: /home/unitree/go2_ros2_ws/install/unitree_go/include/unitree_go/msg/detail/path_point__builder.hpp
[3.196s] -- Up-to-date: /home/unitree/go2_ros2_ws/install/unitree_go/include/unitree_go/msg/detail/uwb_state__type_support.hpp
[3.196s] -- Up-to-date: /home/unitree/go2_ros2_ws/install/unitree_go/include/unitree_go/msg/detail/time_spec__traits.hpp
[3.196s] -- Up-to-date: /home/unitree/go2_ros2_ws/install/unitree_go/include/unitree_go/msg/detail/sport_mode_cmd__struct.hpp
[3.196s] -- Up-to-date: /home/unitree/go2_ros2_ws/install/unitree_go/include/unitree_go/msg/detail/wireless_controller__builder.hpp
[3.197s] -- Up-to-date: /home/unitree/go2_ros2_ws/install/unitree_go/include/unitree_go/msg/detail/error__traits.hpp
[3.197s] -- Up-to-date: /home/unitree/go2_ros2_ws/install/unitree_go/include/unitree_go/msg/detail/uwb_state__traits.hpp
[3.197s] -- Up-to-date: /home/unitree/go2_ros2_ws/install/unitree_go/include/unitree_go/msg/detail/imu_state__struct.hpp
[3.197s] -- Up-to-date: /home/unitree/go2_ros2_ws/install/unitree_go/include/unitree_go/msg/detail/time_spec__builder.hpp
[3.197s] -- Up-to-date: /home/unitree/go2_ros2_ws/install/unitree_go/include/unitree_go/msg/detail/go2_front_video_data__builder.hpp
[3.197s] -- Up-to-date: /home/unitree/go2_ros2_ws/install/unitree_go/include/unitree_go/msg/detail/req__struct.hpp
[3.198s] -- Up-to-date: /home/unitree/go2_ros2_ws/install/unitree_go/include/unitree_go/msg/detail/bms_state__type_support.hpp
[3.198s] -- Up-to-date: /home/unitree/go2_ros2_ws/install/unitree_go/include/unitree_go/msg/detail/lidar_state__struct.hpp
[3.198s] -- Up-to-date: /home/unitree/go2_ros2_ws/install/unitree_go/include/unitree_go/msg/detail/bms_cmd__traits.hpp
[3.198s] -- Up-to-date: /home/unitree/go2_ros2_ws/install/unitree_go/include/unitree_go/msg/detail/sport_mode_cmd__type_support.hpp
[3.198s] -- Up-to-date: /home/unitree/go2_ros2_ws/install/unitree_go/include/unitree_go/msg/detail/bms_state__builder.hpp
[3.199s] -- Up-to-date: /home/unitree/go2_ros2_ws/install/unitree_go/include/unitree_go/msg/detail/lidar_state__traits.hpp
[3.199s] -- Up-to-date: /home/unitree/go2_ros2_ws/install/unitree_go/include/unitree_go/msg/detail/sport_mode_state__builder.hpp
[3.199s] -- Up-to-date: /home/unitree/go2_ros2_ws/install/unitree_go/include/unitree_go/msg/detail/interface_config__traits.hpp
[3.199s] -- Up-to-date: /home/unitree/go2_ros2_ws/install/unitree_go/include/unitree_go/msg/detail/lidar_state__builder.hpp
[3.199s] -- Up-to-date: /home/unitree/go2_ros2_ws/install/unitree_go/include/unitree_go/msg/detail/low_cmd__struct.hpp
[3.199s] -- Up-to-date: /home/unitree/go2_ros2_ws/install/unitree_go/include/unitree_go/msg/detail/motor_state__type_support.hpp
[3.199s] -- Up-to-date: /home/unitree/go2_ros2_ws/install/unitree_go/include/unitree_go/msg/detail/height_map__type_support.hpp
[3.200s] -- Up-to-date: /home/unitree/go2_ros2_ws/install/unitree_go/include/unitree_go/msg/detail/sport_mode_state__type_support.hpp
[3.200s] -- Up-to-date: /home/unitree/go2_ros2_ws/install/unitree_go/include/unitree_go/msg/detail/uwb_switch__struct.hpp
[3.200s] -- Up-to-date: /home/unitree/go2_ros2_ws/install/unitree_go/include/unitree_go/msg/detail/req__type_support.hpp
[3.200s] -- Up-to-date: /home/unitree/go2_ros2_ws/install/unitree_go/include/unitree_go/msg/detail/go2_front_video_data__traits.hpp
[3.200s] -- Up-to-date: /home/unitree/go2_ros2_ws/install/unitree_go/include/unitree_go/msg/detail/motor_cmd__builder.hpp
[3.201s] -- Up-to-date: /home/unitree/go2_ros2_ws/install/unitree_go/include/unitree_go/msg/detail/lidar_state__type_support.hpp
[3.201s] -- Up-to-date: /home/unitree/go2_ros2_ws/install/unitree_go/include/unitree_go/msg/detail/motor_cmd__struct.hpp
[3.201s] -- Up-to-date: /home/unitree/go2_ros2_ws/install/unitree_go/include/unitree_go/msg/detail/bms_state__traits.hpp
[3.201s] -- Up-to-date: /home/unitree/go2_ros2_ws/install/unitree_go/include/unitree_go/msg/detail/motor_state__builder.hpp
[3.201s] -- Up-to-date: /home/unitree/go2_ros2_ws/install/unitree_go/include/unitree_go/msg/detail/res__builder.hpp
[3.201s] -- Up-to-date: /home/unitree/go2_ros2_ws/install/unitree_go/include/unitree_go/msg/detail/sport_mode_state__struct.hpp
[3.202s] -- Up-to-date: /home/unitree/go2_ros2_ws/install/unitree_go/include/unitree_go/msg/detail/bms_cmd__type_support.hpp
[3.202s] -- Up-to-date: /home/unitree/go2_ros2_ws/install/unitree_go/include/unitree_go/msg/detail/uwb_switch__builder.hpp
[3.202s] -- Up-to-date: /home/unitree/go2_ros2_ws/install/unitree_go/include/unitree_go/msg/detail/time_spec__type_support.hpp
[3.202s] -- Up-to-date: /home/unitree/go2_ros2_ws/install/unitree_go/include/unitree_go/msg/detail/audio_data__builder.hpp
[3.202s] -- Up-to-date: /home/unitree/go2_ros2_ws/install/unitree_go/include/unitree_go/msg/detail/time_spec__struct.hpp
[3.202s] -- Up-to-date: /home/unitree/go2_ros2_ws/install/unitree_go/include/unitree_go/msg/detail/height_map__traits.hpp
[3.202s] -- Up-to-date: /home/unitree/go2_ros2_ws/install/unitree_go/include/unitree_go/msg/detail/low_state__type_support.hpp
[3.203s] -- Up-to-date: /home/unitree/go2_ros2_ws/install/unitree_go/include/unitree_go/msg/detail/low_cmd__traits.hpp
[3.203s] -- Up-to-date: /home/unitree/go2_ros2_ws/install/unitree_go/include/unitree_go/msg/detail/uwb_switch__traits.hpp
[3.203s] -- Up-to-date: /home/unitree/go2_ros2_ws/install/unitree_go/include/unitree_go/msg/detail/go2_front_video_data__struct.hpp
[3.203s] -- Up-to-date: /home/unitree/go2_ros2_ws/install/unitree_go/include/unitree_go/msg/detail/uwb_state__builder.hpp
[3.203s] -- Up-to-date: /home/unitree/go2_ros2_ws/install/unitree_go/include/unitree_go/msg/detail/interface_config__struct.hpp
[3.203s] -- Up-to-date: /home/unitree/go2_ros2_ws/install/unitree_go/include/unitree_go/msg/detail/motor_state__traits.hpp
[3.203s] -- Up-to-date: /home/unitree/go2_ros2_ws/install/unitree_go/include/unitree_go/msg/detail/height_map__struct.hpp
[3.203s] -- Up-to-date: /home/unitree/go2_ros2_ws/install/unitree_go/include/unitree_go/msg/detail/path_point__struct.hpp
[3.204s] -- Up-to-date: /home/unitree/go2_ros2_ws/install/unitree_go/include/unitree_go/msg/detail/imu_state__builder.hpp
[3.204s] -- Up-to-date: /home/unitree/go2_ros2_ws/install/unitree_go/include/unitree_go/msg/detail/go2_front_video_data__type_support.hpp
[3.204s] -- Up-to-date: /home/unitree/go2_ros2_ws/install/unitree_go/include/unitree_go/msg/detail/res__struct.hpp
[3.204s] -- Up-to-date: /home/unitree/go2_ros2_ws/install/unitree_go/include/unitree_go/msg/detail/low_state__traits.hpp
[3.204s] -- Up-to-date: /home/unitree/go2_ros2_ws/install/unitree_go/include/unitree_go/msg/detail/interface_config__builder.hpp
[3.205s] -- Up-to-date: /home/unitree/go2_ros2_ws/install/unitree_go/include/unitree_go/msg/detail/audio_data__traits.hpp
[3.205s] -- Up-to-date: /home/unitree/go2_ros2_ws/install/unitree_go/include/unitree_go/msg/detail/res__traits.hpp
[3.205s] -- Up-to-date: /home/unitree/go2_ros2_ws/install/unitree_go/include/unitree_go/msg/detail/wireless_controller__type_support.hpp
[3.205s] -- Up-to-date: /home/unitree/go2_ros2_ws/install/unitree_go/include/unitree_go/msg/detail/sport_mode_state__traits.hpp
[3.205s] -- Up-to-date: /home/unitree/go2_ros2_ws/install/unitree_go/include/unitree_go/msg/detail/error__struct.hpp
[3.205s] -- Up-to-date: /home/unitree/go2_ros2_ws/install/unitree_go/include/unitree_go/msg/detail/bms_state__struct.hpp
[3.206s] -- Up-to-date: /home/unitree/go2_ros2_ws/install/unitree_go/include/unitree_go/msg/detail/uwb_switch__type_support.hpp
[3.206s] -- Up-to-date: /home/unitree/go2_ros2_ws/install/unitree_go/include/unitree_go/msg/detail/imu_state__traits.hpp
[3.206s] -- Up-to-date: /home/unitree/go2_ros2_ws/install/unitree_go/include/unitree_go/msg/detail/height_map__builder.hpp
[3.206s] -- Up-to-date: /home/unitree/go2_ros2_ws/install/unitree_go/include/unitree_go/msg/detail/wireless_controller__traits.hpp
[3.206s] -- Up-to-date: /home/unitree/go2_ros2_ws/install/unitree_go/include/unitree_go/msg/detail/bms_cmd__struct.hpp
[3.206s] -- Up-to-date: /home/unitree/go2_ros2_ws/install/unitree_go/include/unitree_go/msg/detail/uwb_state__struct.hpp
[3.206s] -- Up-to-date: /home/unitree/go2_ros2_ws/install/unitree_go/include/unitree_go/msg/res.hpp
[3.206s] -- Up-to-date: /home/unitree/go2_ros2_ws/install/unitree_go/include/unitree_go/msg/uwb_switch.hpp
[3.207s] -- Up-to-date: /home/unitree/go2_ros2_ws/install/unitree_go/include/unitree_go/msg/sport_mode_state.hpp
[3.207s] -- Up-to-date: /home/unitree/go2_ros2_ws/install/unitree_go/include/unitree_go/msg/uwb_state.hpp
[3.207s] -- Up-to-date: /home/unitree/go2_ros2_ws/install/unitree_go/include/unitree_go/msg/bms_state.hpp
[3.207s] -- Up-to-date: /home/unitree/go2_ros2_ws/install/unitree_go/include/unitree_go/msg/rosidl_generator_cpp__visibility_control.hpp
[3.207s] -- Up-to-date: /home/unitree/go2_ros2_ws/install/unitree_go/include/unitree_go/msg/lidar_state.hpp
[3.207s] -- Up-to-date: /home/unitree/go2_ros2_ws/install/unitree_go/include/unitree_go/msg/sport_mode_cmd.hpp
[3.207s] -- Up-to-date: /home/unitree/go2_ros2_ws/install/unitree_go/include/unitree_go/msg/path_point.hpp
[3.208s] -- Up-to-date: /home/unitree/go2_ros2_ws/install/unitree_go/include/unitree_go/msg/interface_config.hpp
[3.208s] -- Up-to-date: /home/unitree/go2_ros2_ws/install/unitree_go/include/unitree_go/msg/wireless_controller.hpp
[3.208s] -- Up-to-date: /home/unitree/go2_ros2_ws/install/unitree_go/include/unitree_go/msg/req.hpp
[3.208s] -- Up-to-date: /home/unitree/go2_ros2_ws/install/unitree_go/include/unitree_go/msg/low_state.hpp
[3.208s] -- Up-to-date: /home/unitree/go2_ros2_ws/install/unitree_go/include/unitree_go
[3.208s] -- Up-to-date: /home/unitree/go2_ros2_ws/install/unitree_go/include/unitree_go/msg
[3.208s] -- Up-to-date: /home/unitree/go2_ros2_ws/install/unitree_go/include/unitree_go/msg/detail
[3.208s] -- Up-to-date: /home/unitree/go2_ros2_ws/install/unitree_go/include/unitree_go/msg/detail/low_state__type_support.cpp
[3.209s] -- Up-to-date: /home/unitree/go2_ros2_ws/install/unitree_go/include/unitree_go/msg/detail/lidar_state__type_support.cpp
[3.209s] -- Up-to-date: /home/unitree/go2_ros2_ws/install/unitree_go/include/unitree_go/msg/detail/wireless_controller__type_support.cpp
[3.209s] -- Up-to-date: /home/unitree/go2_ros2_ws/install/unitree_go/include/unitree_go/msg/detail/sport_mode_state__type_support.cpp
[3.209s] -- Up-to-date: /home/unitree/go2_ros2_ws/install/unitree_go/include/unitree_go/msg/detail/motor_cmd__rosidl_typesupport_introspection_cpp.hpp
[3.209s] -- Up-to-date: /home/unitree/go2_ros2_ws/install/unitree_go/include/unitree_go/msg/detail/audio_data__type_support.cpp
[3.209s] -- Up-to-date: /home/unitree/go2_ros2_ws/install/unitree_go/include/unitree_go/msg/detail/lidar_state__rosidl_typesupport_introspection_cpp.hpp
[3.209s] -- Up-to-date: /home/unitree/go2_ros2_ws/install/unitree_go/include/unitree_go/msg/detail/uwb_switch__type_support.cpp
[3.210s] -- Up-to-date: /home/unitree/go2_ros2_ws/install/unitree_go/include/unitree_go/msg/detail/bms_state__rosidl_typesupport_introspection_cpp.hpp
[3.210s] -- Up-to-date: /home/unitree/go2_ros2_ws/install/unitree_go/include/unitree_go/msg/detail/motor_state__type_support.cpp
[3.210s] -- Up-to-date: /home/unitree/go2_ros2_ws/install/unitree_go/include/unitree_go/msg/detail/motor_state__rosidl_typesupport_introspection_cpp.hpp
[3.210s] -- Up-to-date: /home/unitree/go2_ros2_ws/install/unitree_go/include/unitree_go/msg/detail/height_map__type_support.cpp
[3.210s] -- Up-to-date: /home/unitree/go2_ros2_ws/install/unitree_go/include/unitree_go/msg/detail/low_cmd__type_support.cpp
[3.210s] -- Up-to-date: /home/unitree/go2_ros2_ws/install/unitree_go/include/unitree_go/msg/detail/error__rosidl_typesupport_introspection_cpp.hpp
[3.210s] -- Up-to-date: /home/unitree/go2_ros2_ws/install/unitree_go/include/unitree_go/msg/detail/interface_config__rosidl_typesupport_introspection_cpp.hpp
[3.211s] -- Up-to-date: /home/unitree/go2_ros2_ws/install/unitree_go/include/unitree_go/msg/detail/low_cmd__rosidl_typesupport_introspection_cpp.hpp
[3.211s] -- Up-to-date: /home/unitree/go2_ros2_ws/install/unitree_go/include/unitree_go/msg/detail/time_spec__type_support.cpp
[3.211s] -- Up-to-date: /home/unitree/go2_ros2_ws/install/unitree_go/include/unitree_go/msg/detail/req__type_support.cpp
[3.211s] -- Up-to-date: /home/unitree/go2_ros2_ws/install/unitree_go/include/unitree_go/msg/detail/sport_mode_cmd__rosidl_typesupport_introspection_cpp.hpp
[3.211s] -- Up-to-date: /home/unitree/go2_ros2_ws/install/unitree_go/include/unitree_go/msg/detail/uwb_state__rosidl_typesupport_introspection_cpp.hpp
[3.211s] -- Up-to-date: /home/unitree/go2_ros2_ws/install/unitree_go/include/unitree_go/msg/detail/time_spec__rosidl_typesupport_introspection_cpp.hpp
[3.211s] -- Up-to-date: /home/unitree/go2_ros2_ws/install/unitree_go/include/unitree_go/msg/detail/sport_mode_state__rosidl_typesupport_introspection_cpp.hpp
[3.212s] -- Up-to-date: /home/unitree/go2_ros2_ws/install/unitree_go/include/unitree_go/msg/detail/interface_config__type_support.cpp
[3.212s] -- Up-to-date: /home/unitree/go2_ros2_ws/install/unitree_go/include/unitree_go/msg/detail/uwb_switch__rosidl_typesupport_introspection_cpp.hpp
[3.212s] -- Up-to-date: /home/unitree/go2_ros2_ws/install/unitree_go/include/unitree_go/msg/detail/go2_front_video_data__type_support.cpp
[3.212s] -- Up-to-date: /home/unitree/go2_ros2_ws/install/unitree_go/include/unitree_go/msg/detail/sport_mode_cmd__type_support.cpp
[3.212s] -- Up-to-date: /home/unitree/go2_ros2_ws/install/unitree_go/include/unitree_go/msg/detail/motor_cmd__type_support.cpp
[3.212s] -- Up-to-date: /home/unitree/go2_ros2_ws/install/unitree_go/include/unitree_go/msg/detail/req__rosidl_typesupport_introspection_cpp.hpp
[3.212s] -- Up-to-date: /home/unitree/go2_ros2_ws/install/unitree_go/include/unitree_go/msg/detail/error__type_support.cpp
[3.213s] -- Up-to-date: /home/unitree/go2_ros2_ws/install/unitree_go/include/unitree_go/msg/detail/res__type_support.cpp
[3.213s] -- Up-to-date: /home/unitree/go2_ros2_ws/install/unitree_go/include/unitree_go/msg/detail/res__rosidl_typesupport_introspection_cpp.hpp
[3.213s] -- Up-to-date: /home/unitree/go2_ros2_ws/install/unitree_go/include/unitree_go/msg/detail/go2_front_video_data__rosidl_typesupport_introspection_cpp.hpp
[3.213s] -- Up-to-date: /home/unitree/go2_ros2_ws/install/unitree_go/include/unitree_go/msg/detail/low_state__rosidl_typesupport_introspection_cpp.hpp
[3.213s] -- Up-to-date: /home/unitree/go2_ros2_ws/install/unitree_go/include/unitree_go/msg/detail/audio_data__rosidl_typesupport_introspection_cpp.hpp
[3.213s] -- Up-to-date: /home/unitree/go2_ros2_ws/install/unitree_go/include/unitree_go/msg/detail/bms_cmd__rosidl_typesupport_introspection_cpp.hpp
[3.213s] -- Up-to-date: /home/unitree/go2_ros2_ws/install/unitree_go/include/unitree_go/msg/detail/bms_state__type_support.cpp
[3.214s] -- Up-to-date: /home/unitree/go2_ros2_ws/install/unitree_go/include/unitree_go/msg/detail/uwb_state__type_support.cpp
[3.214s] -- Up-to-date: /home/unitree/go2_ros2_ws/install/unitree_go/include/unitree_go/msg/detail/bms_cmd__type_support.cpp
[3.214s] -- Up-to-date: /home/unitree/go2_ros2_ws/install/unitree_go/include/unitree_go/msg/detail/wireless_controller__rosidl_typesupport_introspection_cpp.hpp
[3.214s] -- Up-to-date: /home/unitree/go2_ros2_ws/install/unitree_go/include/unitree_go/msg/detail/imu_state__rosidl_typesupport_introspection_cpp.hpp
[3.214s] -- Up-to-date: /home/unitree/go2_ros2_ws/install/unitree_go/include/unitree_go/msg/detail/path_point__rosidl_typesupport_introspection_cpp.hpp
[3.214s] -- Up-to-date: /home/unitree/go2_ros2_ws/install/unitree_go/include/unitree_go/msg/detail/imu_state__type_support.cpp
[3.214s] -- Up-to-date: /home/unitree/go2_ros2_ws/install/unitree_go/include/unitree_go/msg/detail/path_point__type_support.cpp
[3.215s] -- Up-to-date: /home/unitree/go2_ros2_ws/install/unitree_go/include/unitree_go/msg/detail/height_map__rosidl_typesupport_introspection_cpp.hpp
[3.215s] -- Up-to-date: /home/unitree/go2_ros2_ws/install/unitree_go/lib/libunitree_go__rosidl_typesupport_introspection_cpp.so
[3.215s] -- Up-to-date: /home/unitree/go2_ros2_ws/install/unitree_go/lib/libunitree_go__rosidl_typesupport_cpp.so
[3.215s] -- Up-to-date: /home/unitree/go2_ros2_ws/install/unitree_go/share/unitree_go/environment/pythonpath.sh
[3.215s] -- Up-to-date: /home/unitree/go2_ros2_ws/install/unitree_go/share/unitree_go/environment/pythonpath.dsv
[3.215s] -- Up-to-date: /home/unitree/go2_ros2_ws/install/unitree_go/lib/python3.8/site-packages/unitree_go/__init__.py
[3.233s] -- Up-to-date: /home/unitree/go2_ros2_ws/install/unitree_go/lib/python3.8/site-packages/unitree_go/msg
[3.234s] -- Up-to-date: /home/unitree/go2_ros2_ws/install/unitree_go/lib/python3.8/site-packages/unitree_go/msg/_motor_cmd_s.c
[3.234s] -- Up-to-date: /home/unitree/go2_ros2_ws/install/unitree_go/lib/python3.8/site-packages/unitree_go/msg/_sport_mode_cmd_s.c
[3.235s] -- Up-to-date: /home/unitree/go2_ros2_ws/install/unitree_go/lib/python3.8/site-packages/unitree_go/msg/_interface_config_s.c
[3.235s] -- Up-to-date: /home/unitree/go2_ros2_ws/install/unitree_go/lib/python3.8/site-packages/unitree_go/msg/_wireless_controller.py
[3.235s] -- Up-to-date: /home/unitree/go2_ros2_ws/install/unitree_go/lib/python3.8/site-packages/unitree_go/msg/_height_map_s.c
[3.235s] -- Up-to-date: /home/unitree/go2_ros2_ws/install/unitree_go/lib/python3.8/site-packages/unitree_go/msg/_time_spec.py
[3.235s] -- Up-to-date: /home/unitree/go2_ros2_ws/install/unitree_go/lib/python3.8/site-packages/unitree_go/msg/_audio_data_s.c
[3.235s] -- Up-to-date: /home/unitree/go2_ros2_ws/install/unitree_go/lib/python3.8/site-packages/unitree_go/msg/_low_cmd.py
[3.236s] -- Up-to-date: /home/unitree/go2_ros2_ws/install/unitree_go/lib/python3.8/site-packages/unitree_go/msg/_go2_front_video_data_s.c
[3.236s] -- Up-to-date: /home/unitree/go2_ros2_ws/install/unitree_go/lib/python3.8/site-packages/unitree_go/msg/_error_s.c
[3.236s] -- Up-to-date: /home/unitree/go2_ros2_ws/install/unitree_go/lib/python3.8/site-packages/unitree_go/msg/_lidar_state_s.c
[3.236s] -- Up-to-date: /home/unitree/go2_ros2_ws/install/unitree_go/lib/python3.8/site-packages/unitree_go/msg/_req.py
[3.236s] -- Up-to-date: /home/unitree/go2_ros2_ws/install/unitree_go/lib/python3.8/site-packages/unitree_go/msg/_imu_state.py
[3.237s] -- Up-to-date: /home/unitree/go2_ros2_ws/install/unitree_go/lib/python3.8/site-packages/unitree_go/msg/_uwb_switch.py
[3.237s] -- Up-to-date: /home/unitree/go2_ros2_ws/install/unitree_go/lib/python3.8/site-packages/unitree_go/msg/_low_state.py
[3.237s] -- Up-to-date: /home/unitree/go2_ros2_ws/install/unitree_go/lib/python3.8/site-packages/unitree_go/msg/_lidar_state.py
[3.237s] -- Up-to-date: /home/unitree/go2_ros2_ws/install/unitree_go/lib/python3.8/site-packages/unitree_go/msg/_motor_state.py
[3.237s] -- Up-to-date: /home/unitree/go2_ros2_ws/install/unitree_go/lib/python3.8/site-packages/unitree_go/msg/_path_point_s.c
[3.238s] -- Up-to-date: /home/unitree/go2_ros2_ws/install/unitree_go/lib/python3.8/site-packages/unitree_go/msg/_imu_state_s.c
[3.238s] -- Up-to-date: /home/unitree/go2_ros2_ws/install/unitree_go/lib/python3.8/site-packages/unitree_go/msg/_low_state_s.c
[3.238s] -- Up-to-date: /home/unitree/go2_ros2_ws/install/unitree_go/lib/python3.8/site-packages/unitree_go/msg/_res_s.c
[3.238s] -- Up-to-date: /home/unitree/go2_ros2_ws/install/unitree_go/lib/python3.8/site-packages/unitree_go/msg/__init__.py
[3.238s] -- Up-to-date: /home/unitree/go2_ros2_ws/install/unitree_go/lib/python3.8/site-packages/unitree_go/msg/_res.py
[3.238s] -- Up-to-date: /home/unitree/go2_ros2_ws/install/unitree_go/lib/python3.8/site-packages/unitree_go/msg/_time_spec_s.c
[3.238s] -- Up-to-date: /home/unitree/go2_ros2_ws/install/unitree_go/lib/python3.8/site-packages/unitree_go/msg/_uwb_state_s.c
[3.239s] -- Up-to-date: /home/unitree/go2_ros2_ws/install/unitree_go/lib/python3.8/site-packages/unitree_go/msg/_uwb_switch_s.c
[3.239s] -- Up-to-date: /home/unitree/go2_ros2_ws/install/unitree_go/lib/python3.8/site-packages/unitree_go/msg/_bms_state.py
[3.239s] -- Up-to-date: /home/unitree/go2_ros2_ws/install/unitree_go/lib/python3.8/site-packages/unitree_go/msg/_go2_front_video_data.py
[3.239s] -- Up-to-date: /home/unitree/go2_ros2_ws/install/unitree_go/lib/python3.8/site-packages/unitree_go/msg/_path_point.py
[3.239s] -- Up-to-date: /home/unitree/go2_ros2_ws/install/unitree_go/lib/python3.8/site-packages/unitree_go/msg/_bms_cmd.py
[3.240s] -- Up-to-date: /home/unitree/go2_ros2_ws/install/unitree_go/lib/python3.8/site-packages/unitree_go/msg/_wireless_controller_s.c
[3.240s] -- Up-to-date: /home/unitree/go2_ros2_ws/install/unitree_go/lib/python3.8/site-packages/unitree_go/msg/_bms_state_s.c
[3.241s] -- Up-to-date: /home/unitree/go2_ros2_ws/install/unitree_go/lib/python3.8/site-packages/unitree_go/msg/_bms_cmd_s.c
[3.241s] -- Up-to-date: /home/unitree/go2_ros2_ws/install/unitree_go/lib/python3.8/site-packages/unitree_go/msg/_interface_config.py
[3.242s] -- Up-to-date: /home/unitree/go2_ros2_ws/install/unitree_go/lib/python3.8/site-packages/unitree_go/msg/_req_s.c
[3.242s] -- Up-to-date: /home/unitree/go2_ros2_ws/install/unitree_go/lib/python3.8/site-packages/unitree_go/msg/_uwb_state.py
[3.242s] -- Up-to-date: /home/unitree/go2_ros2_ws/install/unitree_go/lib/python3.8/site-packages/unitree_go/msg/_low_cmd_s.c
[3.243s] -- Up-to-date: /home/unitree/go2_ros2_ws/install/unitree_go/lib/python3.8/site-packages/unitree_go/msg/_sport_mode_cmd.py
[3.243s] -- Up-to-date: /home/unitree/go2_ros2_ws/install/unitree_go/lib/python3.8/site-packages/unitree_go/msg/_sport_mode_state.py
[3.243s] -- Up-to-date: /home/unitree/go2_ros2_ws/install/unitree_go/lib/python3.8/site-packages/unitree_go/msg/_height_map.py
[3.244s] -- Up-to-date: /home/unitree/go2_ros2_ws/install/unitree_go/lib/python3.8/site-packages/unitree_go/msg/_sport_mode_state_s.c
[3.244s] -- Up-to-date: /home/unitree/go2_ros2_ws/install/unitree_go/lib/python3.8/site-packages/unitree_go/msg/_audio_data.py
[3.244s] -- Up-to-date: /home/unitree/go2_ros2_ws/install/unitree_go/lib/python3.8/site-packages/unitree_go/msg/_motor_cmd.py
[3.244s] -- Up-to-date: /home/unitree/go2_ros2_ws/install/unitree_go/lib/python3.8/site-packages/unitree_go/msg/_motor_state_s.c
[3.245s] -- Up-to-date: /home/unitree/go2_ros2_ws/install/unitree_go/lib/python3.8/site-packages/unitree_go/msg/_error.py
[3.245s] -- Up-to-date: /home/unitree/go2_ros2_ws/install/unitree_go/lib/python3.8/site-packages/unitree_go/unitree_go_s__rosidl_typesupport_fastrtps_c.cpython-38-aarch64-linux-gnu.so
[3.245s] -- Up-to-date: /home/unitree/go2_ros2_ws/install/unitree_go/lib/python3.8/site-packages/unitree_go/unitree_go_s__rosidl_typesupport_introspection_c.cpython-38-aarch64-linux-gnu.so
[3.245s] -- Up-to-date: /home/unitree/go2_ros2_ws/install/unitree_go/lib/python3.8/site-packages/unitree_go/unitree_go_s__rosidl_typesupport_c.cpython-38-aarch64-linux-gnu.so
[3.245s] -- Up-to-date: /home/unitree/go2_ros2_ws/install/unitree_go/lib/libunitree_go__python.so
[3.245s] -- Up-to-date: /home/unitree/go2_ros2_ws/install/unitree_go/share/unitree_go/msg/AudioData.idl
[3.246s] -- Up-to-date: /home/unitree/go2_ros2_ws/install/unitree_go/share/unitree_go/msg/BmsCmd.idl
[3.246s] -- Up-to-date: /home/unitree/go2_ros2_ws/install/unitree_go/share/unitree_go/msg/BmsState.idl
[3.246s] -- Up-to-date: /home/unitree/go2_ros2_ws/install/unitree_go/share/unitree_go/msg/Error.idl
[3.247s] -- Up-to-date: /home/unitree/go2_ros2_ws/install/unitree_go/share/unitree_go/msg/Go2FrontVideoData.idl
[3.247s] -- Up-to-date: /home/unitree/go2_ros2_ws/install/unitree_go/share/unitree_go/msg/HeightMap.idl
[3.247s] -- Up-to-date: /home/unitree/go2_ros2_ws/install/unitree_go/share/unitree_go/msg/IMUState.idl
[3.247s] -- Up-to-date: /home/unitree/go2_ros2_ws/install/unitree_go/share/unitree_go/msg/InterfaceConfig.idl
[3.247s] -- Up-to-date: /home/unitree/go2_ros2_ws/install/unitree_go/share/unitree_go/msg/LidarState.idl
[3.248s] -- Up-to-date: /home/unitree/go2_ros2_ws/install/unitree_go/share/unitree_go/msg/LowCmd.idl
[3.248s] -- Up-to-date: /home/unitree/go2_ros2_ws/install/unitree_go/share/unitree_go/msg/LowState.idl
[3.248s] -- Up-to-date: /home/unitree/go2_ros2_ws/install/unitree_go/share/unitree_go/msg/MotorCmd.idl
[3.248s] -- Up-to-date: /home/unitree/go2_ros2_ws/install/unitree_go/share/unitree_go/msg/MotorState.idl
[3.249s] -- Up-to-date: /home/unitree/go2_ros2_ws/install/unitree_go/share/unitree_go/msg/PathPoint.idl
[3.249s] -- Up-to-date: /home/unitree/go2_ros2_ws/install/unitree_go/share/unitree_go/msg/Req.idl
[3.249s] -- Up-to-date: /home/unitree/go2_ros2_ws/install/unitree_go/share/unitree_go/msg/Res.idl
[3.249s] -- Up-to-date: /home/unitree/go2_ros2_ws/install/unitree_go/share/unitree_go/msg/SportModeCmd.idl
[3.249s] -- Up-to-date: /home/unitree/go2_ros2_ws/install/unitree_go/share/unitree_go/msg/SportModeState.idl
[3.249s] -- Up-to-date: /home/unitree/go2_ros2_ws/install/unitree_go/share/unitree_go/msg/TimeSpec.idl
[3.249s] -- Up-to-date: /home/unitree/go2_ros2_ws/install/unitree_go/share/unitree_go/msg/UwbState.idl
[3.250s] -- Up-to-date: /home/unitree/go2_ros2_ws/install/unitree_go/share/unitree_go/msg/UwbSwitch.idl
[3.250s] -- Up-to-date: /home/unitree/go2_ros2_ws/install/unitree_go/share/unitree_go/msg/WirelessController.idl
[3.250s] -- Up-to-date: /home/unitree/go2_ros2_ws/install/unitree_go/share/unitree_go/msg/AudioData.msg
[3.250s] -- Up-to-date: /home/unitree/go2_ros2_ws/install/unitree_go/share/unitree_go/msg/BmsCmd.msg
[3.251s] -- Up-to-date: /home/unitree/go2_ros2_ws/install/unitree_go/share/unitree_go/msg/BmsState.msg
[3.251s] -- Up-to-date: /home/unitree/go2_ros2_ws/install/unitree_go/share/unitree_go/msg/Error.msg
[3.251s] -- Up-to-date: /home/unitree/go2_ros2_ws/install/unitree_go/share/unitree_go/msg/Go2FrontVideoData.msg
[3.251s] -- Up-to-date: /home/unitree/go2_ros2_ws/install/unitree_go/share/unitree_go/msg/HeightMap.msg
[3.251s] -- Up-to-date: /home/unitree/go2_ros2_ws/install/unitree_go/share/unitree_go/msg/IMUState.msg
[3.252s] -- Up-to-date: /home/unitree/go2_ros2_ws/install/unitree_go/share/unitree_go/msg/InterfaceConfig.msg
[3.252s] -- Up-to-date: /home/unitree/go2_ros2_ws/install/unitree_go/share/unitree_go/msg/LidarState.msg
[3.252s] -- Up-to-date: /home/unitree/go2_ros2_ws/install/unitree_go/share/unitree_go/msg/LowCmd.msg
[3.253s] -- Up-to-date: /home/unitree/go2_ros2_ws/install/unitree_go/share/unitree_go/msg/LowState.msg
[3.253s] -- Up-to-date: /home/unitree/go2_ros2_ws/install/unitree_go/share/unitree_go/msg/MotorCmd.msg
[3.254s] -- Up-to-date: /home/unitree/go2_ros2_ws/install/unitree_go/share/unitree_go/msg/MotorState.msg
[3.255s] -- Up-to-date: /home/unitree/go2_ros2_ws/install/unitree_go/share/unitree_go/msg/PathPoint.msg
[3.255s] -- Up-to-date: /home/unitree/go2_ros2_ws/install/unitree_go/share/unitree_go/msg/Req.msg
[3.255s] -- Up-to-date: /home/unitree/go2_ros2_ws/install/unitree_go/share/unitree_go/msg/Res.msg
[3.255s] -- Up-to-date: /home/unitree/go2_ros2_ws/install/unitree_go/share/unitree_go/msg/SportModeCmd.msg
[3.255s] -- Up-to-date: /home/unitree/go2_ros2_ws/install/unitree_go/share/unitree_go/msg/SportModeState.msg
[3.256s] -- Up-to-date: /home/unitree/go2_ros2_ws/install/unitree_go/share/unitree_go/msg/TimeSpec.msg
[3.256s] -- Up-to-date: /home/unitree/go2_ros2_ws/install/unitree_go/share/unitree_go/msg/UwbState.msg
[3.256s] -- Up-to-date: /home/unitree/go2_ros2_ws/install/unitree_go/share/unitree_go/msg/UwbSwitch.msg
[3.256s] -- Up-to-date: /home/unitree/go2_ros2_ws/install/unitree_go/share/unitree_go/msg/WirelessController.msg
[3.256s] -- Up-to-date: /home/unitree/go2_ros2_ws/install/unitree_go/share/unitree_go/msg/dds_connext
[3.257s] -- Up-to-date: /home/unitree/go2_ros2_ws/install/unitree_go/share/unitree_go/msg/dds_connext/InterfaceConfig_.idl
[3.257s] -- Up-to-date: /home/unitree/go2_ros2_ws/install/unitree_go/share/unitree_go/msg/dds_connext/WirelessController_.idl
[3.257s] -- Up-to-date: /home/unitree/go2_ros2_ws/install/unitree_go/share/unitree_go/msg/dds_connext/SportModeCmd_.idl
[3.257s] -- Up-to-date: /home/unitree/go2_ros2_ws/install/unitree_go/share/unitree_go/msg/dds_connext/MotorState_.idl
[3.257s] -- Up-to-date: /home/unitree/go2_ros2_ws/install/unitree_go/share/unitree_go/msg/dds_connext/AudioData_.idl
[3.257s] -- Up-to-date: /home/unitree/go2_ros2_ws/install/unitree_go/share/unitree_go/msg/dds_connext/HeightMap_.idl
[3.261s] -- Up-to-date: /home/unitree/go2_ros2_ws/install/unitree_go/share/unitree_go/msg/dds_connext/BmsState_.idl
[3.262s] -- Up-to-date: /home/unitree/go2_ros2_ws/install/unitree_go/share/unitree_go/msg/dds_connext/LowState_.idl
[3.262s] -- Up-to-date: /home/unitree/go2_ros2_ws/install/unitree_go/share/unitree_go/msg/dds_connext/MotorCmd_.idl
[3.262s] -- Up-to-date: /home/unitree/go2_ros2_ws/install/unitree_go/share/unitree_go/msg/dds_connext/UwbState_.idl
[3.263s] -- Up-to-date: /home/unitree/go2_ros2_ws/install/unitree_go/share/unitree_go/msg/dds_connext/Error_.idl
[3.263s] -- Up-to-date: /home/unitree/go2_ros2_ws/install/unitree_go/share/unitree_go/msg/dds_connext/Res_.idl
[3.263s] -- Up-to-date: /home/unitree/go2_ros2_ws/install/unitree_go/share/unitree_go/msg/dds_connext/UwbSwitch_.idl
[3.263s] -- Up-to-date: /home/unitree/go2_ros2_ws/install/unitree_go/share/unitree_go/msg/dds_connext/PathPoint_.idl
[3.264s] -- Up-to-date: /home/unitree/go2_ros2_ws/install/unitree_go/share/unitree_go/msg/dds_connext/TimeSpec_.idl
[3.264s] -- Up-to-date: /home/unitree/go2_ros2_ws/install/unitree_go/share/unitree_go/msg/dds_connext/LowCmd_.idl
[3.264s] -- Up-to-date: /home/unitree/go2_ros2_ws/install/unitree_go/share/unitree_go/msg/dds_connext/SportModeState_.idl
[3.264s] -- Up-to-date: /home/unitree/go2_ros2_ws/install/unitree_go/share/unitree_go/msg/dds_connext/LidarState_.idl
[3.265s] -- Up-to-date: /home/unitree/go2_ros2_ws/install/unitree_go/share/unitree_go/msg/dds_connext/IMUState_.idl
[3.265s] -- Up-to-date: /home/unitree/go2_ros2_ws/install/unitree_go/share/unitree_go/msg/dds_connext/Req_.idl
[3.265s] -- Up-to-date: /home/unitree/go2_ros2_ws/install/unitree_go/share/unitree_go/msg/dds_connext/Go2FrontVideoData_.idl
[3.265s] -- Up-to-date: /home/unitree/go2_ros2_ws/install/unitree_go/share/unitree_go/msg/dds_connext/BmsCmd_.idl
[3.265s] -- Up-to-date: /home/unitree/go2_ros2_ws/install/unitree_go/share/ament_index/resource_index/package_run_dependencies/unitree_go
[3.266s] -- Up-to-date: /home/unitree/go2_ros2_ws/install/unitree_go/share/ament_index/resource_index/parent_prefix_path/unitree_go
[3.266s] -- Up-to-date: /home/unitree/go2_ros2_ws/install/unitree_go/share/unitree_go/environment/ament_prefix_path.sh
[3.266s] -- Up-to-date: /home/unitree/go2_ros2_ws/install/unitree_go/share/unitree_go/environment/ament_prefix_path.dsv
[3.266s] -- Up-to-date: /home/unitree/go2_ros2_ws/install/unitree_go/share/unitree_go/environment/path.sh
[3.267s] -- Up-to-date: /home/unitree/go2_ros2_ws/install/unitree_go/share/unitree_go/environment/path.dsv
[3.267s] -- Up-to-date: /home/unitree/go2_ros2_ws/install/unitree_go/share/unitree_go/local_setup.bash
[3.267s] -- Up-to-date: /home/unitree/go2_ros2_ws/install/unitree_go/share/unitree_go/local_setup.sh
[3.267s] -- Up-to-date: /home/unitree/go2_ros2_ws/install/unitree_go/share/unitree_go/local_setup.zsh
[3.267s] -- Up-to-date: /home/unitree/go2_ros2_ws/install/unitree_go/share/unitree_go/local_setup.dsv
[3.267s] -- Installing: /home/unitree/go2_ros2_ws/install/unitree_go/share/unitree_go/package.dsv
[3.268s] -- Up-to-date: /home/unitree/go2_ros2_ws/install/unitree_go/share/ament_index/resource_index/packages/unitree_go
[3.268s] -- Up-to-date: /home/unitree/go2_ros2_ws/install/unitree_go/share/unitree_go/cmake/unitree_go__rosidl_generator_cExport.cmake
[3.268s] -- Up-to-date: /home/unitree/go2_ros2_ws/install/unitree_go/share/unitree_go/cmake/unitree_go__rosidl_generator_cExport-noconfig.cmake
[3.268s] -- Up-to-date: /home/unitree/go2_ros2_ws/install/unitree_go/share/unitree_go/cmake/unitree_go__rosidl_typesupport_introspection_cExport.cmake
[3.268s] -- Up-to-date: /home/unitree/go2_ros2_ws/install/unitree_go/share/unitree_go/cmake/unitree_go__rosidl_typesupport_introspection_cExport-noconfig.cmake
[3.269s] -- Up-to-date: /home/unitree/go2_ros2_ws/install/unitree_go/share/unitree_go/cmake/unitree_go__rosidl_typesupport_cExport.cmake
[3.269s] -- Up-to-date: /home/unitree/go2_ros2_ws/install/unitree_go/share/unitree_go/cmake/unitree_go__rosidl_typesupport_cExport-noconfig.cmake
[3.269s] -- Up-to-date: /home/unitree/go2_ros2_ws/install/unitree_go/share/unitree_go/cmake/unitree_go__rosidl_generator_cppExport.cmake
[3.269s] -- Up-to-date: /home/unitree/go2_ros2_ws/install/unitree_go/share/unitree_go/cmake/unitree_go__rosidl_typesupport_introspection_cppExport.cmake
[3.269s] -- Up-to-date: /home/unitree/go2_ros2_ws/install/unitree_go/share/unitree_go/cmake/unitree_go__rosidl_typesupport_introspection_cppExport-noconfig.cmake
[3.270s] -- Up-to-date: /home/unitree/go2_ros2_ws/install/unitree_go/share/unitree_go/cmake/unitree_go__rosidl_typesupport_cppExport.cmake
[3.270s] -- Up-to-date: /home/unitree/go2_ros2_ws/install/unitree_go/share/unitree_go/cmake/unitree_go__rosidl_typesupport_cppExport-noconfig.cmake
[3.270s] -- Up-to-date: /home/unitree/go2_ros2_ws/install/unitree_go/share/unitree_go/cmake/rosidl_cmake-extras.cmake
[3.270s] -- Up-to-date: /home/unitree/go2_ros2_ws/install/unitree_go/share/unitree_go/cmake/ament_cmake_export_dependencies-extras.cmake
[3.271s] -- Up-to-date: /home/unitree/go2_ros2_ws/install/unitree_go/share/unitree_go/cmake/ament_cmake_export_libraries-extras.cmake
[3.271s] -- Up-to-date: /home/unitree/go2_ros2_ws/install/unitree_go/share/unitree_go/cmake/ament_cmake_export_targets-extras.cmake
[3.271s] -- Up-to-date: /home/unitree/go2_ros2_ws/install/unitree_go/share/unitree_go/cmake/ament_cmake_export_include_directories-extras.cmake
[3.271s] -- Up-to-date: /home/unitree/go2_ros2_ws/install/unitree_go/share/unitree_go/cmake/rosidl_cmake_export_typesupport_libraries-extras.cmake
[3.271s] -- Up-to-date: /home/unitree/go2_ros2_ws/install/unitree_go/share/unitree_go/cmake/rosidl_cmake_export_typesupport_targets-extras.cmake
[3.272s] -- Up-to-date: /home/unitree/go2_ros2_ws/install/unitree_go/share/unitree_go/cmake/unitree_goConfig.cmake
[3.272s] -- Up-to-date: /home/unitree/go2_ros2_ws/install/unitree_go/share/unitree_go/cmake/unitree_goConfig-version.cmake
[3.272s] -- Up-to-date: /home/unitree/go2_ros2_ws/install/unitree_go/share/unitree_go/package.xml
[3.272s] Invoked command in '/home/unitree/go2_ros2_ws/build/unitree_go' returned '0': CMAKE_PREFIX_PATH=${CMAKE_PREFIX_PATH}:/opt/ros/foxy /usr/bin/cmake --install /home/unitree/go2_ros2_ws/build/unitree_go
