-- The C compiler identification is GNU 9.4.0
-- The CXX compiler identification is GNU 9.4.0
-- Check for working C compiler: /usr/bin/cc
-- Check for working C compiler: /usr/bin/cc -- works
-- Detecting C compiler ABI info
-- Detecting C compiler ABI info - done
-- Detecting C compile features
-- Detecting C compile features - done
-- Check for working CXX compiler: /usr/bin/c++
-- Check for working CXX compiler: /usr/bin/c++ -- works
-- Detecting CXX compiler ABI info
-- Detecting CXX compiler ABI info - done
-- Detecting CXX compile features
-- Detecting CXX compile features - done
-- Found ament_cmake: 0.9.12 (/opt/ros/foxy/share/ament_cmake/cmake)
-- Found PythonInterp: /usr/bin/python3 (found suitable version "3.8.10", minimum required is "3") 
-- Using PYTHON_EXECUTABLE: /usr/bin/python3
-- Found ament_lint_auto: 0.9.8 (/opt/ros/foxy/share/ament_lint_auto/cmake)
-- Added test 'copyright' to check source files copyright and LICENSE
-- Added test 'flake8' to check Python code syntax and style conventions
-- Added test 'lint_cmake' to check CMake code style
-- Added test 'pep257' to check Python code against some of the style conventions in PEP 257
-- Added test 'xmllint' to check XML markup files
-- Configuring done
-- Generating done
-- Build files have been written to: /home/unitree/go2_ros2_ws/build/go2_navigation
-- Found ament_cmake: 0.9.12 (/opt/ros/foxy/share/ament_cmake/cmake)
-- Using PYTHON_EXECUTABLE: /usr/bin/python3
-- Found ament_lint_auto: 0.9.8 (/opt/ros/foxy/share/ament_lint_auto/cmake)
-- Added test 'copyright' to check source files copyright and LICENSE
-- Added test 'flake8' to check Python code syntax and style conventions
-- Added test 'lint_cmake' to check CMake code style
-- Added test 'pep257' to check Python code against some of the style conventions in PEP 257
-- Added test 'xmllint' to check XML markup files
-- Configuring done
-- Generating done
-- Build files have been written to: /home/unitree/go2_ros2_ws/build/go2_navigation
-- Install configuration: ""
-- Installing: /home/unitree/go2_ros2_ws/install/go2_navigation/share/go2_navigation/environment/pythonpath.sh
-- Installing: /home/unitree/go2_ros2_ws/install/go2_navigation/share/go2_navigation/environment/pythonpath.dsv
-- Installing: /home/unitree/go2_ros2_ws/install/go2_navigation/lib/python3.8/site-packages/go2_navigation
-- Installing: /home/unitree/go2_ros2_ws/install/go2_navigation/lib/python3.8/site-packages/go2_navigation/publish_initial_pose.py
-- Installing: /home/unitree/go2_ros2_ws/install/go2_navigation/lib/python3.8/site-packages/go2_navigation/auto_global_localizer.py
-- Installing: /home/unitree/go2_ros2_ws/install/go2_navigation/lib/python3.8/site-packages/go2_navigation/save_map_and_pose.py
-- Installing: /home/unitree/go2_ros2_ws/install/go2_navigation/lib/python3.8/site-packages/go2_navigation/__init__.py
-- Installing: /home/unitree/go2_ros2_ws/install/go2_navigation/lib/python3.8/site-packages/go2_navigation/tcp_client_standalone.py
-- Installing: /home/unitree/go2_ros2_ws/install/go2_navigation/lib/python3.8/site-packages/go2_navigation/navigation_command_tcpbridge.py
-- Installing: /home/unitree/go2_ros2_ws/install/go2_navigation/lib/python3.8/site-packages/go2_navigation/go2_dashboard.py
Listing '/home/unitree/go2_ros2_ws/install/go2_navigation/lib/python3.8/site-packages/go2_navigation'...
Compiling '/home/unitree/go2_ros2_ws/install/go2_navigation/lib/python3.8/site-packages/go2_navigation/__init__.py'...
Compiling '/home/unitree/go2_ros2_ws/install/go2_navigation/lib/python3.8/site-packages/go2_navigation/auto_global_localizer.py'...
Compiling '/home/unitree/go2_ros2_ws/install/go2_navigation/lib/python3.8/site-packages/go2_navigation/go2_dashboard.py'...
Compiling '/home/unitree/go2_ros2_ws/install/go2_navigation/lib/python3.8/site-packages/go2_navigation/navigation_command_tcpbridge.py'...
Compiling '/home/unitree/go2_ros2_ws/install/go2_navigation/lib/python3.8/site-packages/go2_navigation/publish_initial_pose.py'...
Compiling '/home/unitree/go2_ros2_ws/install/go2_navigation/lib/python3.8/site-packages/go2_navigation/save_map_and_pose.py'...
Compiling '/home/unitree/go2_ros2_ws/install/go2_navigation/lib/python3.8/site-packages/go2_navigation/tcp_client_standalone.py'...
-- Installing: /home/unitree/go2_ros2_ws/install/go2_navigation/share/go2_navigation/config
-- Installing: /home/unitree/go2_ros2_ws/install/go2_navigation/share/go2_navigation/config/nav2_params.yaml
-- Installing: /home/unitree/go2_ros2_ws/install/go2_navigation/share/go2_navigation/config/nav2_params.yaml.bak.20260710_190854
-- Installing: /home/unitree/go2_ros2_ws/install/go2_navigation/share/go2_navigation/config/nav2_params.yaml.bak.20260710_190824
-- Installing: /home/unitree/go2_ros2_ws/install/go2_navigation/share/go2_navigation/launch
-- Installing: /home/unitree/go2_ros2_ws/install/go2_navigation/share/go2_navigation/launch/go2_nav2.launch.py
-- Installing: /home/unitree/go2_ros2_ws/install/go2_navigation/share/go2_navigation/launch/go2_localization_nav.launch.py
-- Installing: /home/unitree/go2_ros2_ws/install/go2_navigation/lib/go2_navigation/auto_global_localizer.py
-- Installing: /home/unitree/go2_ros2_ws/install/go2_navigation/lib/go2_navigation/go2_dashboard.py
-- Installing: /home/unitree/go2_ros2_ws/install/go2_navigation/lib/go2_navigation/save_map_and_pose.py
-- Installing: /home/unitree/go2_ros2_ws/install/go2_navigation/lib/go2_navigation/publish_initial_pose.py
-- Installing: /home/unitree/go2_ros2_ws/install/go2_navigation/lib/go2_navigation/go2_slam_record_session.sh
-- Installing: /home/unitree/go2_ros2_ws/install/go2_navigation/lib/go2_navigation/go2_start_saved_map_nav.sh
-- Installing: /home/unitree/go2_ros2_ws/install/go2_navigation/share/ament_index/resource_index/package_run_dependencies/go2_navigation
-- Installing: /home/unitree/go2_ros2_ws/install/go2_navigation/share/ament_index/resource_index/parent_prefix_path/go2_navigation
-- Installing: /home/unitree/go2_ros2_ws/install/go2_navigation/share/go2_navigation/environment/ament_prefix_path.sh
-- Installing: /home/unitree/go2_ros2_ws/install/go2_navigation/share/go2_navigation/environment/ament_prefix_path.dsv
-- Installing: /home/unitree/go2_ros2_ws/install/go2_navigation/share/go2_navigation/environment/path.sh
-- Installing: /home/unitree/go2_ros2_ws/install/go2_navigation/share/go2_navigation/environment/path.dsv
-- Installing: /home/unitree/go2_ros2_ws/install/go2_navigation/share/go2_navigation/local_setup.bash
-- Installing: /home/unitree/go2_ros2_ws/install/go2_navigation/share/go2_navigation/local_setup.sh
-- Installing: /home/unitree/go2_ros2_ws/install/go2_navigation/share/go2_navigation/local_setup.zsh
-- Installing: /home/unitree/go2_ros2_ws/install/go2_navigation/share/go2_navigation/local_setup.dsv
-- Installing: /home/unitree/go2_ros2_ws/install/go2_navigation/share/go2_navigation/package.dsv
-- Installing: /home/unitree/go2_ros2_ws/install/go2_navigation/share/ament_index/resource_index/packages/go2_navigation
-- Installing: /home/unitree/go2_ros2_ws/install/go2_navigation/share/go2_navigation/cmake/go2_navigationConfig.cmake
-- Installing: /home/unitree/go2_ros2_ws/install/go2_navigation/share/go2_navigation/cmake/go2_navigationConfig-version.cmake
-- Installing: /home/unitree/go2_ros2_ws/install/go2_navigation/share/go2_navigation/package.xml
