[0.443s] Invoking command in '/home/unitree/go2_ros2_ws/build/go2_navigation': CMAKE_PREFIX_PATH=/home/unitree/go2_ros2_ws/install/go2_core:/home/unitree/go2_ros2_ws/install/go2_sport_api:/home/unitree/go2_ros2_ws/install/unitree_go:/home/unitree/go2_ros2_ws/install/unitree_api:/home/unitree/go2_ros2_ws/install/go2_perception:/home/unitree/go2_ros2_ws/install/go2_navigation:/home/unitree/go2_ros2_ws/install/go2_slam:/home/unitree/go2_ros2_ws/install/go2_h264_repub:/home/unitree/cyclonedds_ws/install/rmw_cyclonedds_cpp:/home/unitree/cyclonedds_ws/install/cyclonedds:/opt/ros/foxy PYTHONPATH=/home/unitree/go2_ros2_ws/install/go2_core/lib/python3.8/site-packages:/home/unitree/go2_ros2_ws/install/unitree_go/lib/python3.8/site-packages:/home/unitree/go2_ros2_ws/install/unitree_api/lib/python3.8/site-packages:/home/unitree/go2_ros2_ws/install/go2_perception/lib/python3.8/site-packages:/home/unitree/go2_ros2_ws/install/go2_navigation/lib/python3.8/site-packages:/opt/ros/foxy/lib/python3.8/site-packages /usr/bin/cmake /home/unitree/go2_ros2_ws/src/go2_ros2_toolbox/go2_navigation -DCMAKE_INSTALL_PREFIX=/home/unitree/go2_ros2_ws/install/go2_navigation
[0.558s] -- The C compiler identification is GNU 9.4.0
[0.660s] -- The CXX compiler identification is GNU 9.4.0
[0.669s] -- Check for working C compiler: /usr/bin/cc
[0.818s] -- Check for working C compiler: /usr/bin/cc -- works
[0.822s] -- Detecting C compiler ABI info
[0.982s] -- Detecting C compiler ABI info - done
[1.015s] -- Detecting C compile features
[1.016s] -- Detecting C compile features - done
[1.022s] -- Check for working CXX compiler: /usr/bin/c++
[1.185s] -- Check for working CXX compiler: /usr/bin/c++ -- works
[1.189s] -- Detecting CXX compiler ABI info
[1.366s] -- Detecting CXX compiler ABI info - done
[1.401s] -- Detecting CXX compile features
[1.402s] -- Detecting CXX compile features - done
[1.409s] -- Found ament_cmake: 0.9.12 (/opt/ros/foxy/share/ament_cmake/cmake)
[1.463s] -- Found PythonInterp: /usr/bin/python3 (found suitable version "3.8.10", minimum required is "3") 
[1.463s] -- Using PYTHON_EXECUTABLE: /usr/bin/python3
[1.968s] -- Found ament_lint_auto: 0.9.8 (/opt/ros/foxy/share/ament_lint_auto/cmake)
[2.140s] -- Added test 'copyright' to check source files copyright and LICENSE
[2.144s] -- Added test 'flake8' to check Python code syntax and style conventions
[2.145s] -- Added test 'lint_cmake' to check CMake code style
[2.146s] -- Added test 'pep257' to check Python code against some of the style conventions in PEP 257
[2.149s] -- Added test 'xmllint' to check XML markup files
[2.154s] -- Configuring done
[2.158s] -- Generating done
[2.160s] -- Build files have been written to: /home/unitree/go2_ros2_ws/build/go2_navigation
[2.169s] Invoked command in '/home/unitree/go2_ros2_ws/build/go2_navigation' returned '0': CMAKE_PREFIX_PATH=/home/unitree/go2_ros2_ws/install/go2_core:/home/unitree/go2_ros2_ws/install/go2_sport_api:/home/unitree/go2_ros2_ws/install/unitree_go:/home/unitree/go2_ros2_ws/install/unitree_api:/home/unitree/go2_ros2_ws/install/go2_perception:/home/unitree/go2_ros2_ws/install/go2_navigation:/home/unitree/go2_ros2_ws/install/go2_slam:/home/unitree/go2_ros2_ws/install/go2_h264_repub:/home/unitree/cyclonedds_ws/install/rmw_cyclonedds_cpp:/home/unitree/cyclonedds_ws/install/cyclonedds:/opt/ros/foxy PYTHONPATH=/home/unitree/go2_ros2_ws/install/go2_core/lib/python3.8/site-packages:/home/unitree/go2_ros2_ws/install/unitree_go/lib/python3.8/site-packages:/home/unitree/go2_ros2_ws/install/unitree_api/lib/python3.8/site-packages:/home/unitree/go2_ros2_ws/install/go2_perception/lib/python3.8/site-packages:/home/unitree/go2_ros2_ws/install/go2_navigation/lib/python3.8/site-packages:/opt/ros/foxy/lib/python3.8/site-packages /usr/bin/cmake /home/unitree/go2_ros2_ws/src/go2_ros2_toolbox/go2_navigation -DCMAKE_INSTALL_PREFIX=/home/unitree/go2_ros2_ws/install/go2_navigation
[2.177s] Invoking command in '/home/unitree/go2_ros2_ws/build/go2_navigation': CMAKE_PREFIX_PATH=/home/unitree/go2_ros2_ws/install/go2_core:/home/unitree/go2_ros2_ws/install/go2_sport_api:/home/unitree/go2_ros2_ws/install/unitree_go:/home/unitree/go2_ros2_ws/install/unitree_api:/home/unitree/go2_ros2_ws/install/go2_perception:/home/unitree/go2_ros2_ws/install/go2_navigation:/home/unitree/go2_ros2_ws/install/go2_slam:/home/unitree/go2_ros2_ws/install/go2_h264_repub:/home/unitree/cyclonedds_ws/install/rmw_cyclonedds_cpp:/home/unitree/cyclonedds_ws/install/cyclonedds:/opt/ros/foxy PYTHONPATH=/home/unitree/go2_ros2_ws/install/go2_core/lib/python3.8/site-packages:/home/unitree/go2_ros2_ws/install/unitree_go/lib/python3.8/site-packages:/home/unitree/go2_ros2_ws/install/unitree_api/lib/python3.8/site-packages:/home/unitree/go2_ros2_ws/install/go2_perception/lib/python3.8/site-packages:/home/unitree/go2_ros2_ws/install/go2_navigation/lib/python3.8/site-packages:/opt/ros/foxy/lib/python3.8/site-packages /usr/bin/cmake --build /home/unitree/go2_ros2_ws/build/go2_navigation -- -j6 -l6
[2.234s] -- Found ament_cmake: 0.9.12 (/opt/ros/foxy/share/ament_cmake/cmake)
[2.279s] -- Using PYTHON_EXECUTABLE: /usr/bin/python3
[2.669s] -- Found ament_lint_auto: 0.9.8 (/opt/ros/foxy/share/ament_lint_auto/cmake)
[2.804s] -- Added test 'copyright' to check source files copyright and LICENSE
[2.809s] -- Added test 'flake8' to check Python code syntax and style conventions
[2.809s] -- Added test 'lint_cmake' to check CMake code style
[2.810s] -- Added test 'pep257' to check Python code against some of the style conventions in PEP 257
[2.812s] -- Added test 'xmllint' to check XML markup files
[2.815s] -- Configuring done
[2.820s] -- Generating done
[2.822s] -- Build files have been written to: /home/unitree/go2_ros2_ws/build/go2_navigation
[2.877s] Invoked command in '/home/unitree/go2_ros2_ws/build/go2_navigation' returned '0': CMAKE_PREFIX_PATH=/home/unitree/go2_ros2_ws/install/go2_core:/home/unitree/go2_ros2_ws/install/go2_sport_api:/home/unitree/go2_ros2_ws/install/unitree_go:/home/unitree/go2_ros2_ws/install/unitree_api:/home/unitree/go2_ros2_ws/install/go2_perception:/home/unitree/go2_ros2_ws/install/go2_navigation:/home/unitree/go2_ros2_ws/install/go2_slam:/home/unitree/go2_ros2_ws/install/go2_h264_repub:/home/unitree/cyclonedds_ws/install/rmw_cyclonedds_cpp:/home/unitree/cyclonedds_ws/install/cyclonedds:/opt/ros/foxy PYTHONPATH=/home/unitree/go2_ros2_ws/install/go2_core/lib/python3.8/site-packages:/home/unitree/go2_ros2_ws/install/unitree_go/lib/python3.8/site-packages:/home/unitree/go2_ros2_ws/install/unitree_api/lib/python3.8/site-packages:/home/unitree/go2_ros2_ws/install/go2_perception/lib/python3.8/site-packages:/home/unitree/go2_ros2_ws/install/go2_navigation/lib/python3.8/site-packages:/opt/ros/foxy/lib/python3.8/site-packages /usr/bin/cmake --build /home/unitree/go2_ros2_ws/build/go2_navigation -- -j6 -l6
[2.938s] Invoking command in '/home/unitree/go2_ros2_ws/build/go2_navigation': CMAKE_PREFIX_PATH=/home/unitree/go2_ros2_ws/install/go2_core:/home/unitree/go2_ros2_ws/install/go2_sport_api:/home/unitree/go2_ros2_ws/install/unitree_go:/home/unitree/go2_ros2_ws/install/unitree_api:/home/unitree/go2_ros2_ws/install/go2_perception:/home/unitree/go2_ros2_ws/install/go2_navigation:/home/unitree/go2_ros2_ws/install/go2_slam:/home/unitree/go2_ros2_ws/install/go2_h264_repub:/home/unitree/cyclonedds_ws/install/rmw_cyclonedds_cpp:/home/unitree/cyclonedds_ws/install/cyclonedds:/opt/ros/foxy PYTHONPATH=/home/unitree/go2_ros2_ws/install/go2_core/lib/python3.8/site-packages:/home/unitree/go2_ros2_ws/install/unitree_go/lib/python3.8/site-packages:/home/unitree/go2_ros2_ws/install/unitree_api/lib/python3.8/site-packages:/home/unitree/go2_ros2_ws/install/go2_perception/lib/python3.8/site-packages:/home/unitree/go2_ros2_ws/install/go2_navigation/lib/python3.8/site-packages:/opt/ros/foxy/lib/python3.8/site-packages /usr/bin/cmake --install /home/unitree/go2_ros2_ws/build/go2_navigation
[2.960s] -- Install configuration: ""
[2.960s] -- Installing: /home/unitree/go2_ros2_ws/install/go2_navigation/share/go2_navigation/environment/pythonpath.sh
[2.960s] -- Installing: /home/unitree/go2_ros2_ws/install/go2_navigation/share/go2_navigation/environment/pythonpath.dsv
[2.961s] -- Installing: /home/unitree/go2_ros2_ws/install/go2_navigation/lib/python3.8/site-packages/go2_navigation
[2.961s] -- Installing: /home/unitree/go2_ros2_ws/install/go2_navigation/lib/python3.8/site-packages/go2_navigation/publish_initial_pose.py
[2.961s] -- Installing: /home/unitree/go2_ros2_ws/install/go2_navigation/lib/python3.8/site-packages/go2_navigation/auto_global_localizer.py
[2.961s] -- Installing: /home/unitree/go2_ros2_ws/install/go2_navigation/lib/python3.8/site-packages/go2_navigation/save_map_and_pose.py
[2.962s] -- Installing: /home/unitree/go2_ros2_ws/install/go2_navigation/lib/python3.8/site-packages/go2_navigation/__init__.py
[2.962s] -- Installing: /home/unitree/go2_ros2_ws/install/go2_navigation/lib/python3.8/site-packages/go2_navigation/tcp_client_standalone.py
[2.962s] -- Installing: /home/unitree/go2_ros2_ws/install/go2_navigation/lib/python3.8/site-packages/go2_navigation/navigation_command_tcpbridge.py
[2.963s] -- Installing: /home/unitree/go2_ros2_ws/install/go2_navigation/lib/python3.8/site-packages/go2_navigation/go2_dashboard.py
[3.039s] Listing '/home/unitree/go2_ros2_ws/install/go2_navigation/lib/python3.8/site-packages/go2_navigation'...
[3.040s] Compiling '/home/unitree/go2_ros2_ws/install/go2_navigation/lib/python3.8/site-packages/go2_navigation/__init__.py'...
[3.040s] Compiling '/home/unitree/go2_ros2_ws/install/go2_navigation/lib/python3.8/site-packages/go2_navigation/auto_global_localizer.py'...
[3.040s] Compiling '/home/unitree/go2_ros2_ws/install/go2_navigation/lib/python3.8/site-packages/go2_navigation/go2_dashboard.py'...
[3.041s] Compiling '/home/unitree/go2_ros2_ws/install/go2_navigation/lib/python3.8/site-packages/go2_navigation/navigation_command_tcpbridge.py'...
[3.041s] Compiling '/home/unitree/go2_ros2_ws/install/go2_navigation/lib/python3.8/site-packages/go2_navigation/publish_initial_pose.py'...
[3.041s] Compiling '/home/unitree/go2_ros2_ws/install/go2_navigation/lib/python3.8/site-packages/go2_navigation/save_map_and_pose.py'...
[3.041s] Compiling '/home/unitree/go2_ros2_ws/install/go2_navigation/lib/python3.8/site-packages/go2_navigation/tcp_client_standalone.py'...
[3.051s] -- Installing: /home/unitree/go2_ros2_ws/install/go2_navigation/share/go2_navigation/config
[3.051s] -- Installing: /home/unitree/go2_ros2_ws/install/go2_navigation/share/go2_navigation/config/nav2_params.yaml
[3.052s] -- Installing: /home/unitree/go2_ros2_ws/install/go2_navigation/share/go2_navigation/config/nav2_params.yaml.bak.20260710_190854
[3.052s] -- Installing: /home/unitree/go2_ros2_ws/install/go2_navigation/share/go2_navigation/config/nav2_params.yaml.bak.20260710_190824
[3.052s] -- Installing: /home/unitree/go2_ros2_ws/install/go2_navigation/share/go2_navigation/config/nav2_params.yaml.bak.20260710_193326
[3.053s] -- Installing: /home/unitree/go2_ros2_ws/install/go2_navigation/share/go2_navigation/launch
[3.053s] -- Installing: /home/unitree/go2_ros2_ws/install/go2_navigation/share/go2_navigation/launch/go2_nav2.launch.py
[3.053s] -- Installing: /home/unitree/go2_ros2_ws/install/go2_navigation/share/go2_navigation/launch/go2_localization_nav.launch.py
[3.054s] -- Installing: /home/unitree/go2_ros2_ws/install/go2_navigation/lib/go2_navigation/auto_global_localizer.py
[3.054s] -- Installing: /home/unitree/go2_ros2_ws/install/go2_navigation/lib/go2_navigation/go2_dashboard.py
[3.054s] -- Installing: /home/unitree/go2_ros2_ws/install/go2_navigation/lib/go2_navigation/save_map_and_pose.py
[3.054s] -- Installing: /home/unitree/go2_ros2_ws/install/go2_navigation/lib/go2_navigation/publish_initial_pose.py
[3.055s] -- Installing: /home/unitree/go2_ros2_ws/install/go2_navigation/lib/go2_navigation/go2_slam_record_session.sh
[3.055s] -- Installing: /home/unitree/go2_ros2_ws/install/go2_navigation/lib/go2_navigation/go2_start_saved_map_nav.sh
[3.055s] -- Installing: /home/unitree/go2_ros2_ws/install/go2_navigation/share/ament_index/resource_index/package_run_dependencies/go2_navigation
[3.056s] -- Installing: /home/unitree/go2_ros2_ws/install/go2_navigation/share/ament_index/resource_index/parent_prefix_path/go2_navigation
[3.056s] -- Installing: /home/unitree/go2_ros2_ws/install/go2_navigation/share/go2_navigation/environment/ament_prefix_path.sh
[3.056s] -- Installing: /home/unitree/go2_ros2_ws/install/go2_navigation/share/go2_navigation/environment/ament_prefix_path.dsv
[3.057s] -- Installing: /home/unitree/go2_ros2_ws/install/go2_navigation/share/go2_navigation/environment/path.sh
[3.057s] -- Installing: /home/unitree/go2_ros2_ws/install/go2_navigation/share/go2_navigation/environment/path.dsv
[3.057s] -- Installing: /home/unitree/go2_ros2_ws/install/go2_navigation/share/go2_navigation/local_setup.bash
[3.057s] -- Installing: /home/unitree/go2_ros2_ws/install/go2_navigation/share/go2_navigation/local_setup.sh
[3.058s] -- Installing: /home/unitree/go2_ros2_ws/install/go2_navigation/share/go2_navigation/local_setup.zsh
[3.058s] -- Installing: /home/unitree/go2_ros2_ws/install/go2_navigation/share/go2_navigation/local_setup.dsv
[3.058s] -- Installing: /home/unitree/go2_ros2_ws/install/go2_navigation/share/go2_navigation/package.dsv
[3.058s] -- Installing: /home/unitree/go2_ros2_ws/install/go2_navigation/share/ament_index/resource_index/packages/go2_navigation
[3.059s] -- Installing: /home/unitree/go2_ros2_ws/install/go2_navigation/share/go2_navigation/cmake/go2_navigationConfig.cmake
[3.059s] -- Installing: /home/unitree/go2_ros2_ws/install/go2_navigation/share/go2_navigation/cmake/go2_navigationConfig-version.cmake
[3.059s] -- Installing: /home/unitree/go2_ros2_ws/install/go2_navigation/share/go2_navigation/package.xml
[3.064s] Invoked command in '/home/unitree/go2_ros2_ws/build/go2_navigation' returned '0': CMAKE_PREFIX_PATH=/home/unitree/go2_ros2_ws/install/go2_core:/home/unitree/go2_ros2_ws/install/go2_sport_api:/home/unitree/go2_ros2_ws/install/unitree_go:/home/unitree/go2_ros2_ws/install/unitree_api:/home/unitree/go2_ros2_ws/install/go2_perception:/home/unitree/go2_ros2_ws/install/go2_navigation:/home/unitree/go2_ros2_ws/install/go2_slam:/home/unitree/go2_ros2_ws/install/go2_h264_repub:/home/unitree/cyclonedds_ws/install/rmw_cyclonedds_cpp:/home/unitree/cyclonedds_ws/install/cyclonedds:/opt/ros/foxy PYTHONPATH=/home/unitree/go2_ros2_ws/install/go2_core/lib/python3.8/site-packages:/home/unitree/go2_ros2_ws/install/unitree_go/lib/python3.8/site-packages:/home/unitree/go2_ros2_ws/install/unitree_api/lib/python3.8/site-packages:/home/unitree/go2_ros2_ws/install/go2_perception/lib/python3.8/site-packages:/home/unitree/go2_ros2_ws/install/go2_navigation/lib/python3.8/site-packages:/opt/ros/foxy/lib/python3.8/site-packages /usr/bin/cmake --install /home/unitree/go2_ros2_ws/build/go2_navigation
