[4.608s] DEBUG:colcon:Command line arguments: ['/usr/bin/colcon', 'build', '--packages-select', 'go2_navigation']
[4.608s] DEBUG:colcon:Parsed command line arguments: Namespace(allow_overriding=[], ament_cmake_args=None, base_paths=['.'], build_base='build', catkin_cmake_args=None, catkin_skip_building_tests=False, cmake_args=None, cmake_clean_cache=False, cmake_clean_first=False, cmake_force_configure=False, cmake_target=None, cmake_target_skip_unavailable=False, continue_on_error=False, event_handlers=None, executor='parallel', ignore_user_meta=False, install_base='install', log_base=None, log_level=None, main=<bound method BuildVerb.main of <colcon_core.verb.build.BuildVerb object at 0xffffad87f790>>, merge_install=False, metas=['./colcon.meta'], packages_above=None, packages_above_and_dependencies=None, packages_above_depth=None, packages_end=None, packages_ignore=None, packages_ignore_regex=None, packages_select=['go2_navigation'], packages_select_build_failed=False, packages_select_by_dep=None, packages_select_regex=None, packages_select_test_failures=False, packages_skip=None, packages_skip_build_finished=False, packages_skip_by_dep=None, packages_skip_regex=None, packages_skip_test_passed=False, packages_skip_up_to=None, packages_start=None, packages_up_to=None, packages_up_to_regex=None, parallel_workers=6, paths=None, symlink_install=False, test_result_base=None, verb_extension=<colcon_core.verb.build.BuildVerb object at 0xffffad87f790>, verb_name='build', verb_parser=<colcon_defaults.argument_parser.defaults.DefaultArgumentsDecorator object at 0xffffaccd38b0>)
[4.819s] Level 1:colcon.colcon_core.package_discovery:discover_packages(colcon_meta) check parameters
[4.820s] Level 1:colcon.colcon_core.package_discovery:discover_packages(recursive) check parameters
[4.820s] Level 1:colcon.colcon_core.package_discovery:discover_packages(ignore) check parameters
[4.820s] Level 1:colcon.colcon_core.package_discovery:discover_packages(path) check parameters
[4.820s] Level 1:colcon.colcon_core.package_discovery:discover_packages(colcon_meta) discover
[4.820s] Level 1:colcon.colcon_core.package_discovery:discover_packages(recursive) discover
[4.820s] INFO:colcon.colcon_core.package_discovery:Crawling recursively for packages in '/home/unitree/go2_ros2_ws'
[4.820s] Level 1:colcon.colcon_core.package_identification:_identify(.) by extensions ['ignore', 'ignore_ament_install']
[4.821s] Level 1:colcon.colcon_core.package_identification:_identify(.) by extension 'ignore'
[4.821s] Level 1:colcon.colcon_core.package_identification:_identify(.) by extension 'ignore_ament_install'
[4.821s] Level 1:colcon.colcon_core.package_identification:_identify(.) by extensions ['colcon_pkg']
[4.821s] Level 1:colcon.colcon_core.package_identification:_identify(.) by extension 'colcon_pkg'
[4.821s] Level 1:colcon.colcon_core.package_identification:_identify(.) by extensions ['colcon_meta']
[4.821s] Level 1:colcon.colcon_core.package_identification:_identify(.) by extension 'colcon_meta'
[4.821s] Level 1:colcon.colcon_core.package_identification:_identify(.) by extensions ['ros']
[4.821s] Level 1:colcon.colcon_core.package_identification:_identify(.) by extension 'ros'
[4.867s] Level 1:colcon.colcon_core.package_identification:_identify(.) by extensions ['cmake', 'python']
[4.867s] Level 1:colcon.colcon_core.package_identification:_identify(.) by extension 'cmake'
[4.868s] Level 1:colcon.colcon_core.package_identification:_identify(.) by extension 'python'
[4.868s] Level 1:colcon.colcon_core.package_identification:_identify(.) by extensions ['python_setup_py']
[4.868s] Level 1:colcon.colcon_core.package_identification:_identify(.) by extension 'python_setup_py'
[4.868s] Level 1:colcon.colcon_core.package_identification:_identify(build) by extensions ['ignore', 'ignore_ament_install']
[4.868s] Level 1:colcon.colcon_core.package_identification:_identify(build) by extension 'ignore'
[4.869s] Level 1:colcon.colcon_core.package_identification:_identify(build) ignored
[4.869s] Level 1:colcon.colcon_core.package_identification:_identify(install) by extensions ['ignore', 'ignore_ament_install']
[4.869s] Level 1:colcon.colcon_core.package_identification:_identify(install) by extension 'ignore'
[4.869s] Level 1:colcon.colcon_core.package_identification:_identify(install) ignored
[4.869s] Level 1:colcon.colcon_core.package_identification:_identify(log) by extensions ['ignore', 'ignore_ament_install']
[4.870s] Level 1:colcon.colcon_core.package_identification:_identify(log) by extension 'ignore'
[4.870s] Level 1:colcon.colcon_core.package_identification:_identify(log) ignored
[4.870s] Level 1:colcon.colcon_core.package_identification:_identify(src) by extensions ['ignore', 'ignore_ament_install']
[4.870s] Level 1:colcon.colcon_core.package_identification:_identify(src) by extension 'ignore'
[4.870s] Level 1:colcon.colcon_core.package_identification:_identify(src) by extension 'ignore_ament_install'
[4.870s] Level 1:colcon.colcon_core.package_identification:_identify(src) by extensions ['colcon_pkg']
[4.870s] Level 1:colcon.colcon_core.package_identification:_identify(src) by extension 'colcon_pkg'
[4.871s] Level 1:colcon.colcon_core.package_identification:_identify(src) by extensions ['colcon_meta']
[4.871s] Level 1:colcon.colcon_core.package_identification:_identify(src) by extension 'colcon_meta'
[4.871s] Level 1:colcon.colcon_core.package_identification:_identify(src) by extensions ['ros']
[4.871s] Level 1:colcon.colcon_core.package_identification:_identify(src) by extension 'ros'
[4.871s] Level 1:colcon.colcon_core.package_identification:_identify(src) by extensions ['cmake', 'python']
[4.871s] Level 1:colcon.colcon_core.package_identification:_identify(src) by extension 'cmake'
[4.871s] Level 1:colcon.colcon_core.package_identification:_identify(src) by extension 'python'
[4.871s] Level 1:colcon.colcon_core.package_identification:_identify(src) by extensions ['python_setup_py']
[4.871s] Level 1:colcon.colcon_core.package_identification:_identify(src) by extension 'python_setup_py'
[4.872s] Level 1:colcon.colcon_core.package_identification:_identify(src/go2_ros2_toolbox) by extensions ['ignore', 'ignore_ament_install']
[4.872s] Level 1:colcon.colcon_core.package_identification:_identify(src/go2_ros2_toolbox) by extension 'ignore'
[4.872s] Level 1:colcon.colcon_core.package_identification:_identify(src/go2_ros2_toolbox) by extension 'ignore_ament_install'
[4.872s] Level 1:colcon.colcon_core.package_identification:_identify(src/go2_ros2_toolbox) by extensions ['colcon_pkg']
[4.872s] Level 1:colcon.colcon_core.package_identification:_identify(src/go2_ros2_toolbox) by extension 'colcon_pkg'
[4.872s] Level 1:colcon.colcon_core.package_identification:_identify(src/go2_ros2_toolbox) by extensions ['colcon_meta']
[4.872s] Level 1:colcon.colcon_core.package_identification:_identify(src/go2_ros2_toolbox) by extension 'colcon_meta'
[4.872s] Level 1:colcon.colcon_core.package_identification:_identify(src/go2_ros2_toolbox) by extensions ['ros']
[4.872s] Level 1:colcon.colcon_core.package_identification:_identify(src/go2_ros2_toolbox) by extension 'ros'
[4.873s] Level 1:colcon.colcon_core.package_identification:_identify(src/go2_ros2_toolbox) by extensions ['cmake', 'python']
[4.873s] Level 1:colcon.colcon_core.package_identification:_identify(src/go2_ros2_toolbox) by extension 'cmake'
[4.873s] Level 1:colcon.colcon_core.package_identification:_identify(src/go2_ros2_toolbox) by extension 'python'
[4.873s] Level 1:colcon.colcon_core.package_identification:_identify(src/go2_ros2_toolbox) by extensions ['python_setup_py']
[4.873s] Level 1:colcon.colcon_core.package_identification:_identify(src/go2_ros2_toolbox) by extension 'python_setup_py'
[4.873s] Level 1:colcon.colcon_core.package_identification:_identify(src/go2_ros2_toolbox/asset) by extensions ['ignore', 'ignore_ament_install']
[4.874s] Level 1:colcon.colcon_core.package_identification:_identify(src/go2_ros2_toolbox/asset) by extension 'ignore'
[4.874s] Level 1:colcon.colcon_core.package_identification:_identify(src/go2_ros2_toolbox/asset) by extension 'ignore_ament_install'
[4.874s] Level 1:colcon.colcon_core.package_identification:_identify(src/go2_ros2_toolbox/asset) by extensions ['colcon_pkg']
[4.874s] Level 1:colcon.colcon_core.package_identification:_identify(src/go2_ros2_toolbox/asset) by extension 'colcon_pkg'
[4.874s] Level 1:colcon.colcon_core.package_identification:_identify(src/go2_ros2_toolbox/asset) by extensions ['colcon_meta']
[4.874s] Level 1:colcon.colcon_core.package_identification:_identify(src/go2_ros2_toolbox/asset) by extension 'colcon_meta'
[4.874s] Level 1:colcon.colcon_core.package_identification:_identify(src/go2_ros2_toolbox/asset) by extensions ['ros']
[4.874s] Level 1:colcon.colcon_core.package_identification:_identify(src/go2_ros2_toolbox/asset) by extension 'ros'
[4.874s] Level 1:colcon.colcon_core.package_identification:_identify(src/go2_ros2_toolbox/asset) by extensions ['cmake', 'python']
[4.874s] Level 1:colcon.colcon_core.package_identification:_identify(src/go2_ros2_toolbox/asset) by extension 'cmake'
[4.875s] Level 1:colcon.colcon_core.package_identification:_identify(src/go2_ros2_toolbox/asset) by extension 'python'
[4.875s] Level 1:colcon.colcon_core.package_identification:_identify(src/go2_ros2_toolbox/asset) by extensions ['python_setup_py']
[4.875s] Level 1:colcon.colcon_core.package_identification:_identify(src/go2_ros2_toolbox/asset) by extension 'python_setup_py'
[4.875s] Level 1:colcon.colcon_core.package_identification:_identify(src/go2_ros2_toolbox/go2_core) by extensions ['ignore', 'ignore_ament_install']
[4.875s] Level 1:colcon.colcon_core.package_identification:_identify(src/go2_ros2_toolbox/go2_core) by extension 'ignore'
[4.875s] Level 1:colcon.colcon_core.package_identification:_identify(src/go2_ros2_toolbox/go2_core) by extension 'ignore_ament_install'
[4.875s] Level 1:colcon.colcon_core.package_identification:_identify(src/go2_ros2_toolbox/go2_core) by extensions ['colcon_pkg']
[4.876s] Level 1:colcon.colcon_core.package_identification:_identify(src/go2_ros2_toolbox/go2_core) by extension 'colcon_pkg'
[4.876s] Level 1:colcon.colcon_core.package_identification:_identify(src/go2_ros2_toolbox/go2_core) by extensions ['colcon_meta']
[4.876s] Level 1:colcon.colcon_core.package_identification:_identify(src/go2_ros2_toolbox/go2_core) by extension 'colcon_meta'
[4.876s] Level 1:colcon.colcon_core.package_identification:_identify(src/go2_ros2_toolbox/go2_core) by extensions ['ros']
[4.876s] Level 1:colcon.colcon_core.package_identification:_identify(src/go2_ros2_toolbox/go2_core) by extension 'ros'
[4.883s] DEBUG:colcon.colcon_core.package_identification:Package 'src/go2_ros2_toolbox/go2_core' with type 'ros.ament_cmake' and name 'go2_core'
[4.883s] Level 1:colcon.colcon_core.package_identification:_identify(src/go2_ros2_toolbox/go2_navigation) by extensions ['ignore', 'ignore_ament_install']
[4.883s] Level 1:colcon.colcon_core.package_identification:_identify(src/go2_ros2_toolbox/go2_navigation) by extension 'ignore'
[4.883s] Level 1:colcon.colcon_core.package_identification:_identify(src/go2_ros2_toolbox/go2_navigation) by extension 'ignore_ament_install'
[4.884s] Level 1:colcon.colcon_core.package_identification:_identify(src/go2_ros2_toolbox/go2_navigation) by extensions ['colcon_pkg']
[4.884s] Level 1:colcon.colcon_core.package_identification:_identify(src/go2_ros2_toolbox/go2_navigation) by extension 'colcon_pkg'
[4.884s] Level 1:colcon.colcon_core.package_identification:_identify(src/go2_ros2_toolbox/go2_navigation) by extensions ['colcon_meta']
[4.884s] Level 1:colcon.colcon_core.package_identification:_identify(src/go2_ros2_toolbox/go2_navigation) by extension 'colcon_meta'
[4.884s] Level 1:colcon.colcon_core.package_identification:_identify(src/go2_ros2_toolbox/go2_navigation) by extensions ['ros']
[4.884s] Level 1:colcon.colcon_core.package_identification:_identify(src/go2_ros2_toolbox/go2_navigation) by extension 'ros'
[4.885s] DEBUG:colcon.colcon_core.package_identification:Package 'src/go2_ros2_toolbox/go2_navigation' with type 'ros.ament_cmake' and name 'go2_navigation'
[4.886s] Level 1:colcon.colcon_core.package_identification:_identify(src/go2_ros2_toolbox/go2_perception) by extensions ['ignore', 'ignore_ament_install']
[4.886s] Level 1:colcon.colcon_core.package_identification:_identify(src/go2_ros2_toolbox/go2_perception) by extension 'ignore'
[4.886s] Level 1:colcon.colcon_core.package_identification:_identify(src/go2_ros2_toolbox/go2_perception) by extension 'ignore_ament_install'
[4.886s] Level 1:colcon.colcon_core.package_identification:_identify(src/go2_ros2_toolbox/go2_perception) by extensions ['colcon_pkg']
[4.886s] Level 1:colcon.colcon_core.package_identification:_identify(src/go2_ros2_toolbox/go2_perception) by extension 'colcon_pkg'
[4.886s] Level 1:colcon.colcon_core.package_identification:_identify(src/go2_ros2_toolbox/go2_perception) by extensions ['colcon_meta']
[4.887s] Level 1:colcon.colcon_core.package_identification:_identify(src/go2_ros2_toolbox/go2_perception) by extension 'colcon_meta'
[4.887s] Level 1:colcon.colcon_core.package_identification:_identify(src/go2_ros2_toolbox/go2_perception) by extensions ['ros']
[4.887s] Level 1:colcon.colcon_core.package_identification:_identify(src/go2_ros2_toolbox/go2_perception) by extension 'ros'
[4.888s] DEBUG:colcon.colcon_core.package_identification:Package 'src/go2_ros2_toolbox/go2_perception' with type 'ros.ament_cmake' and name 'go2_perception'
[4.888s] Level 1:colcon.colcon_core.package_identification:_identify(src/go2_ros2_toolbox/go2_slam) by extensions ['ignore', 'ignore_ament_install']
[4.888s] Level 1:colcon.colcon_core.package_identification:_identify(src/go2_ros2_toolbox/go2_slam) by extension 'ignore'
[4.889s] Level 1:colcon.colcon_core.package_identification:_identify(src/go2_ros2_toolbox/go2_slam) by extension 'ignore_ament_install'
[4.889s] Level 1:colcon.colcon_core.package_identification:_identify(src/go2_ros2_toolbox/go2_slam) by extensions ['colcon_pkg']
[4.889s] Level 1:colcon.colcon_core.package_identification:_identify(src/go2_ros2_toolbox/go2_slam) by extension 'colcon_pkg'
[4.889s] Level 1:colcon.colcon_core.package_identification:_identify(src/go2_ros2_toolbox/go2_slam) by extensions ['colcon_meta']
[4.889s] Level 1:colcon.colcon_core.package_identification:_identify(src/go2_ros2_toolbox/go2_slam) by extension 'colcon_meta'
[4.889s] Level 1:colcon.colcon_core.package_identification:_identify(src/go2_ros2_toolbox/go2_slam) by extensions ['ros']
[4.889s] Level 1:colcon.colcon_core.package_identification:_identify(src/go2_ros2_toolbox/go2_slam) by extension 'ros'
[4.890s] DEBUG:colcon.colcon_core.package_identification:Package 'src/go2_ros2_toolbox/go2_slam' with type 'ros.ament_cmake' and name 'go2_slam'
[4.890s] Level 1:colcon.colcon_core.package_identification:_identify(src/go2_ros2_toolbox/unitree_pkgs) by extensions ['ignore', 'ignore_ament_install']
[4.891s] Level 1:colcon.colcon_core.package_identification:_identify(src/go2_ros2_toolbox/unitree_pkgs) by extension 'ignore'
[4.891s] Level 1:colcon.colcon_core.package_identification:_identify(src/go2_ros2_toolbox/unitree_pkgs) by extension 'ignore_ament_install'
[4.891s] Level 1:colcon.colcon_core.package_identification:_identify(src/go2_ros2_toolbox/unitree_pkgs) by extensions ['colcon_pkg']
[4.891s] Level 1:colcon.colcon_core.package_identification:_identify(src/go2_ros2_toolbox/unitree_pkgs) by extension 'colcon_pkg'
[4.891s] Level 1:colcon.colcon_core.package_identification:_identify(src/go2_ros2_toolbox/unitree_pkgs) by extensions ['colcon_meta']
[4.891s] Level 1:colcon.colcon_core.package_identification:_identify(src/go2_ros2_toolbox/unitree_pkgs) by extension 'colcon_meta'
[4.891s] Level 1:colcon.colcon_core.package_identification:_identify(src/go2_ros2_toolbox/unitree_pkgs) by extensions ['ros']
[4.891s] Level 1:colcon.colcon_core.package_identification:_identify(src/go2_ros2_toolbox/unitree_pkgs) by extension 'ros'
[4.892s] Level 1:colcon.colcon_core.package_identification:_identify(src/go2_ros2_toolbox/unitree_pkgs) by extensions ['cmake', 'python']
[4.892s] Level 1:colcon.colcon_core.package_identification:_identify(src/go2_ros2_toolbox/unitree_pkgs) by extension 'cmake'
[4.892s] Level 1:colcon.colcon_core.package_identification:_identify(src/go2_ros2_toolbox/unitree_pkgs) by extension 'python'
[4.892s] Level 1:colcon.colcon_core.package_identification:_identify(src/go2_ros2_toolbox/unitree_pkgs) by extensions ['python_setup_py']
[4.892s] Level 1:colcon.colcon_core.package_identification:_identify(src/go2_ros2_toolbox/unitree_pkgs) by extension 'python_setup_py'
[4.892s] Level 1:colcon.colcon_core.package_identification:_identify(src/go2_ros2_toolbox/unitree_pkgs/go2_h264_repub) by extensions ['ignore', 'ignore_ament_install']
[4.893s] Level 1:colcon.colcon_core.package_identification:_identify(src/go2_ros2_toolbox/unitree_pkgs/go2_h264_repub) by extension 'ignore'
[4.893s] Level 1:colcon.colcon_core.package_identification:_identify(src/go2_ros2_toolbox/unitree_pkgs/go2_h264_repub) by extension 'ignore_ament_install'
[4.893s] Level 1:colcon.colcon_core.package_identification:_identify(src/go2_ros2_toolbox/unitree_pkgs/go2_h264_repub) by extensions ['colcon_pkg']
[4.893s] Level 1:colcon.colcon_core.package_identification:_identify(src/go2_ros2_toolbox/unitree_pkgs/go2_h264_repub) by extension 'colcon_pkg'
[4.893s] Level 1:colcon.colcon_core.package_identification:_identify(src/go2_ros2_toolbox/unitree_pkgs/go2_h264_repub) by extensions ['colcon_meta']
[4.893s] Level 1:colcon.colcon_core.package_identification:_identify(src/go2_ros2_toolbox/unitree_pkgs/go2_h264_repub) by extension 'colcon_meta'
[4.893s] Level 1:colcon.colcon_core.package_identification:_identify(src/go2_ros2_toolbox/unitree_pkgs/go2_h264_repub) by extensions ['ros']
[4.893s] Level 1:colcon.colcon_core.package_identification:_identify(src/go2_ros2_toolbox/unitree_pkgs/go2_h264_repub) by extension 'ros'
[4.895s] DEBUG:colcon.colcon_core.package_identification:Package 'src/go2_ros2_toolbox/unitree_pkgs/go2_h264_repub' with type 'ros.ament_cmake' and name 'go2_h264_repub'
[4.895s] Level 1:colcon.colcon_core.package_identification:_identify(src/go2_ros2_toolbox/unitree_pkgs/go2_sport_api) by extensions ['ignore', 'ignore_ament_install']
[4.895s] Level 1:colcon.colcon_core.package_identification:_identify(src/go2_ros2_toolbox/unitree_pkgs/go2_sport_api) by extension 'ignore'
[4.895s] Level 1:colcon.colcon_core.package_identification:_identify(src/go2_ros2_toolbox/unitree_pkgs/go2_sport_api) by extension 'ignore_ament_install'
[4.895s] Level 1:colcon.colcon_core.package_identification:_identify(src/go2_ros2_toolbox/unitree_pkgs/go2_sport_api) by extensions ['colcon_pkg']
[4.896s] Level 1:colcon.colcon_core.package_identification:_identify(src/go2_ros2_toolbox/unitree_pkgs/go2_sport_api) by extension 'colcon_pkg'
[4.896s] Level 1:colcon.colcon_core.package_identification:_identify(src/go2_ros2_toolbox/unitree_pkgs/go2_sport_api) by extensions ['colcon_meta']
[4.896s] Level 1:colcon.colcon_core.package_identification:_identify(src/go2_ros2_toolbox/unitree_pkgs/go2_sport_api) by extension 'colcon_meta'
[4.896s] Level 1:colcon.colcon_core.package_identification:_identify(src/go2_ros2_toolbox/unitree_pkgs/go2_sport_api) by extensions ['ros']
[4.896s] Level 1:colcon.colcon_core.package_identification:_identify(src/go2_ros2_toolbox/unitree_pkgs/go2_sport_api) by extension 'ros'
[4.898s] DEBUG:colcon.colcon_core.package_identification:Package 'src/go2_ros2_toolbox/unitree_pkgs/go2_sport_api' with type 'ros.ament_cmake' and name 'go2_sport_api'
[4.898s] Level 1:colcon.colcon_core.package_identification:_identify(src/go2_ros2_toolbox/unitree_pkgs/unitree_api) by extensions ['ignore', 'ignore_ament_install']
[4.898s] Level 1:colcon.colcon_core.package_identification:_identify(src/go2_ros2_toolbox/unitree_pkgs/unitree_api) by extension 'ignore'
[4.899s] Level 1:colcon.colcon_core.package_identification:_identify(src/go2_ros2_toolbox/unitree_pkgs/unitree_api) by extension 'ignore_ament_install'
[4.899s] Level 1:colcon.colcon_core.package_identification:_identify(src/go2_ros2_toolbox/unitree_pkgs/unitree_api) by extensions ['colcon_pkg']
[4.899s] Level 1:colcon.colcon_core.package_identification:_identify(src/go2_ros2_toolbox/unitree_pkgs/unitree_api) by extension 'colcon_pkg'
[4.899s] Level 1:colcon.colcon_core.package_identification:_identify(src/go2_ros2_toolbox/unitree_pkgs/unitree_api) by extensions ['colcon_meta']
[4.899s] Level 1:colcon.colcon_core.package_identification:_identify(src/go2_ros2_toolbox/unitree_pkgs/unitree_api) by extension 'colcon_meta'
[4.899s] Level 1:colcon.colcon_core.package_identification:_identify(src/go2_ros2_toolbox/unitree_pkgs/unitree_api) by extensions ['ros']
[4.899s] Level 1:colcon.colcon_core.package_identification:_identify(src/go2_ros2_toolbox/unitree_pkgs/unitree_api) by extension 'ros'
[4.900s] DEBUG:colcon.colcon_core.package_identification:Package 'src/go2_ros2_toolbox/unitree_pkgs/unitree_api' with type 'ros.ament_cmake' and name 'unitree_api'
[4.901s] Level 1:colcon.colcon_core.package_identification:_identify(src/go2_ros2_toolbox/unitree_pkgs/unitree_go) by extensions ['ignore', 'ignore_ament_install']
[4.901s] Level 1:colcon.colcon_core.package_identification:_identify(src/go2_ros2_toolbox/unitree_pkgs/unitree_go) by extension 'ignore'
[4.901s] Level 1:colcon.colcon_core.package_identification:_identify(src/go2_ros2_toolbox/unitree_pkgs/unitree_go) by extension 'ignore_ament_install'
[4.901s] Level 1:colcon.colcon_core.package_identification:_identify(src/go2_ros2_toolbox/unitree_pkgs/unitree_go) by extensions ['colcon_pkg']
[4.901s] Level 1:colcon.colcon_core.package_identification:_identify(src/go2_ros2_toolbox/unitree_pkgs/unitree_go) by extension 'colcon_pkg'
[4.901s] Level 1:colcon.colcon_core.package_identification:_identify(src/go2_ros2_toolbox/unitree_pkgs/unitree_go) by extensions ['colcon_meta']
[4.902s] Level 1:colcon.colcon_core.package_identification:_identify(src/go2_ros2_toolbox/unitree_pkgs/unitree_go) by extension 'colcon_meta'
[4.902s] Level 1:colcon.colcon_core.package_identification:_identify(src/go2_ros2_toolbox/unitree_pkgs/unitree_go) by extensions ['ros']
[4.902s] Level 1:colcon.colcon_core.package_identification:_identify(src/go2_ros2_toolbox/unitree_pkgs/unitree_go) by extension 'ros'
[4.903s] DEBUG:colcon.colcon_core.package_identification:Package 'src/go2_ros2_toolbox/unitree_pkgs/unitree_go' with type 'ros.ament_cmake' and name 'unitree_go'
[4.903s] Level 1:colcon.colcon_core.package_discovery:discover_packages(recursive) using defaults
[4.903s] Level 1:colcon.colcon_core.package_discovery:discover_packages(ignore) discover
[4.903s] Level 1:colcon.colcon_core.package_discovery:discover_packages(ignore) using defaults
[4.903s] Level 1:colcon.colcon_core.package_discovery:discover_packages(path) discover
[4.903s] Level 1:colcon.colcon_core.package_discovery:discover_packages(path) using defaults
[5.169s] INFO:colcon.colcon_core.package_selection:Skipping not selected package 'go2_h264_repub' in 'src/go2_ros2_toolbox/unitree_pkgs/go2_h264_repub'
[5.170s] INFO:colcon.colcon_core.package_selection:Skipping not selected package 'go2_perception' in 'src/go2_ros2_toolbox/go2_perception'
[5.170s] INFO:colcon.colcon_core.package_selection:Skipping not selected package 'go2_slam' in 'src/go2_ros2_toolbox/go2_slam'
[5.170s] INFO:colcon.colcon_core.package_selection:Skipping not selected package 'unitree_api' in 'src/go2_ros2_toolbox/unitree_pkgs/unitree_api'
[5.170s] INFO:colcon.colcon_core.package_selection:Skipping not selected package 'unitree_go' in 'src/go2_ros2_toolbox/unitree_pkgs/unitree_go'
[5.170s] INFO:colcon.colcon_core.package_selection:Skipping not selected package 'go2_sport_api' in 'src/go2_ros2_toolbox/unitree_pkgs/go2_sport_api'
[5.170s] INFO:colcon.colcon_core.package_selection:Skipping not selected package 'go2_core' in 'src/go2_ros2_toolbox/go2_core'
[5.319s] Level 1:colcon.colcon_core.package_discovery:discover_packages(prefix_path) check parameters
[5.319s] Level 1:colcon.colcon_core.package_discovery:discover_packages(prefix_path) discover
[5.397s] WARNING:colcon.colcon_ros.prefix_path.ament:The path '/home/unitree/go2_ros2_ws/install/go2_navigation' in the environment variable AMENT_PREFIX_PATH doesn't exist
[5.399s] WARNING:colcon.colcon_ros.prefix_path.catkin:The path '/home/unitree/go2_ros2_ws/install/go2_navigation' in the environment variable CMAKE_PREFIX_PATH doesn't exist
[5.480s] DEBUG:colcon.colcon_installed_package_information.package_discovery:Found 7 installed packages in /home/unitree/go2_ros2_ws/install
[5.556s] DEBUG:colcon.colcon_installed_package_information.package_discovery:Found 2 installed packages in /home/unitree/cyclonedds_ws/install
[5.633s] DEBUG:colcon.colcon_installed_package_information.package_discovery:Found 298 installed packages in /opt/ros/foxy
[5.636s] Level 1:colcon.colcon_core.package_discovery:discover_packages(prefix_path) using defaults
[5.981s] Level 5:colcon.colcon_core.verb:set package 'go2_navigation' build argument 'cmake_args' from command line to 'None'
[5.981s] Level 5:colcon.colcon_core.verb:set package 'go2_navigation' build argument 'cmake_target' from command line to 'None'
[5.982s] Level 5:colcon.colcon_core.verb:set package 'go2_navigation' build argument 'cmake_target_skip_unavailable' from command line to 'False'
[5.982s] Level 5:colcon.colcon_core.verb:set package 'go2_navigation' build argument 'cmake_clean_cache' from command line to 'False'
[5.982s] Level 5:colcon.colcon_core.verb:set package 'go2_navigation' build argument 'cmake_clean_first' from command line to 'False'
[5.982s] Level 5:colcon.colcon_core.verb:set package 'go2_navigation' build argument 'cmake_force_configure' from command line to 'False'
[5.982s] Level 5:colcon.colcon_core.verb:set package 'go2_navigation' build argument 'ament_cmake_args' from command line to 'None'
[5.982s] Level 5:colcon.colcon_core.verb:set package 'go2_navigation' build argument 'catkin_cmake_args' from command line to 'None'
[5.982s] Level 5:colcon.colcon_core.verb:set package 'go2_navigation' build argument 'catkin_skip_building_tests' from command line to 'False'
[5.982s] DEBUG:colcon.colcon_core.verb:Building package 'go2_navigation' with the following arguments: {'ament_cmake_args': None, 'build_base': '/home/unitree/go2_ros2_ws/build/go2_navigation', 'catkin_cmake_args': None, 'catkin_skip_building_tests': False, 'cmake_args': None, 'cmake_clean_cache': False, 'cmake_clean_first': False, 'cmake_force_configure': False, 'cmake_target': None, 'cmake_target_skip_unavailable': False, 'install_base': '/home/unitree/go2_ros2_ws/install/go2_navigation', 'merge_install': False, 'path': '/home/unitree/go2_ros2_ws/src/go2_ros2_toolbox/go2_navigation', 'symlink_install': False, 'test_result_base': None}
[6.056s] INFO:colcon.colcon_core.executor:Executing jobs using 'parallel' executor
[6.133s] DEBUG:colcon.colcon_parallel_executor.executor.parallel:run_until_complete
[6.134s] INFO:colcon.colcon_ros.task.ament_cmake.build:Building ROS package in '/home/unitree/go2_ros2_ws/src/go2_ros2_toolbox/go2_navigation' with build type 'ament_cmake'
[6.134s] INFO:colcon.colcon_cmake.task.cmake.build:Building CMake package in '/home/unitree/go2_ros2_ws/src/go2_ros2_toolbox/go2_navigation'
[6.224s] INFO:colcon.colcon_core.plugin_system:Skipping extension 'colcon_core.shell.bat': Not used on non-Windows systems
[6.224s] INFO:colcon.colcon_core.shell:Skip shell extension 'powershell' for command environment: Not usable outside of PowerShell
[6.225s] DEBUG:colcon.colcon_core.shell:Skip shell extension 'dsv' for command environment
[6.583s] DEBUG:colcon.colcon_core.event_handler.log_command:Invoking command in '/home/unitree/go2_ros2_ws/build/go2_navigation': CMAKE_PREFIX_PATH=/home/unitree/go2_ros2_ws/install/go2_core:/home/unitree/go2_ros2_ws/install/go2_sport_api:/home/unitree/go2_ros2_ws/install/unitree_go:/home/unitree/go2_ros2_ws/install/unitree_api:/home/unitree/go2_ros2_ws/install/go2_perception:/home/unitree/go2_ros2_ws/install/go2_navigation:/home/unitree/go2_ros2_ws/install/go2_slam:/home/unitree/go2_ros2_ws/install/go2_h264_repub:/home/unitree/cyclonedds_ws/install/rmw_cyclonedds_cpp:/home/unitree/cyclonedds_ws/install/cyclonedds:/opt/ros/foxy PYTHONPATH=/home/unitree/go2_ros2_ws/install/go2_core/lib/python3.8/site-packages:/home/unitree/go2_ros2_ws/install/unitree_go/lib/python3.8/site-packages:/home/unitree/go2_ros2_ws/install/unitree_api/lib/python3.8/site-packages:/home/unitree/go2_ros2_ws/install/go2_perception/lib/python3.8/site-packages:/home/unitree/go2_ros2_ws/install/go2_navigation/lib/python3.8/site-packages:/opt/ros/foxy/lib/python3.8/site-packages /usr/bin/cmake /home/unitree/go2_ros2_ws/src/go2_ros2_toolbox/go2_navigation -DCMAKE_INSTALL_PREFIX=/home/unitree/go2_ros2_ws/install/go2_navigation
[8.523s] DEBUG:colcon.colcon_core.event_handler.log_command:Invoked command in '/home/unitree/go2_ros2_ws/build/go2_navigation' returned '0': CMAKE_PREFIX_PATH=/home/unitree/go2_ros2_ws/install/go2_core:/home/unitree/go2_ros2_ws/install/go2_sport_api:/home/unitree/go2_ros2_ws/install/unitree_go:/home/unitree/go2_ros2_ws/install/unitree_api:/home/unitree/go2_ros2_ws/install/go2_perception:/home/unitree/go2_ros2_ws/install/go2_navigation:/home/unitree/go2_ros2_ws/install/go2_slam:/home/unitree/go2_ros2_ws/install/go2_h264_repub:/home/unitree/cyclonedds_ws/install/rmw_cyclonedds_cpp:/home/unitree/cyclonedds_ws/install/cyclonedds:/opt/ros/foxy PYTHONPATH=/home/unitree/go2_ros2_ws/install/go2_core/lib/python3.8/site-packages:/home/unitree/go2_ros2_ws/install/unitree_go/lib/python3.8/site-packages:/home/unitree/go2_ros2_ws/install/unitree_api/lib/python3.8/site-packages:/home/unitree/go2_ros2_ws/install/go2_perception/lib/python3.8/site-packages:/home/unitree/go2_ros2_ws/install/go2_navigation/lib/python3.8/site-packages:/opt/ros/foxy/lib/python3.8/site-packages /usr/bin/cmake /home/unitree/go2_ros2_ws/src/go2_ros2_toolbox/go2_navigation -DCMAKE_INSTALL_PREFIX=/home/unitree/go2_ros2_ws/install/go2_navigation
[8.532s] DEBUG:colcon.colcon_core.event_handler.log_command:Invoking command in '/home/unitree/go2_ros2_ws/build/go2_navigation': CMAKE_PREFIX_PATH=/home/unitree/go2_ros2_ws/install/go2_core:/home/unitree/go2_ros2_ws/install/go2_sport_api:/home/unitree/go2_ros2_ws/install/unitree_go:/home/unitree/go2_ros2_ws/install/unitree_api:/home/unitree/go2_ros2_ws/install/go2_perception:/home/unitree/go2_ros2_ws/install/go2_navigation:/home/unitree/go2_ros2_ws/install/go2_slam:/home/unitree/go2_ros2_ws/install/go2_h264_repub:/home/unitree/cyclonedds_ws/install/rmw_cyclonedds_cpp:/home/unitree/cyclonedds_ws/install/cyclonedds:/opt/ros/foxy PYTHONPATH=/home/unitree/go2_ros2_ws/install/go2_core/lib/python3.8/site-packages:/home/unitree/go2_ros2_ws/install/unitree_go/lib/python3.8/site-packages:/home/unitree/go2_ros2_ws/install/unitree_api/lib/python3.8/site-packages:/home/unitree/go2_ros2_ws/install/go2_perception/lib/python3.8/site-packages:/home/unitree/go2_ros2_ws/install/go2_navigation/lib/python3.8/site-packages:/opt/ros/foxy/lib/python3.8/site-packages /usr/bin/cmake --build /home/unitree/go2_ros2_ws/build/go2_navigation -- -j6 -l6
[8.631s] DEBUG:colcon.colcon_core.event_handler.log_command:Invoked command in '/home/unitree/go2_ros2_ws/build/go2_navigation' returned '0': CMAKE_PREFIX_PATH=/home/unitree/go2_ros2_ws/install/go2_core:/home/unitree/go2_ros2_ws/install/go2_sport_api:/home/unitree/go2_ros2_ws/install/unitree_go:/home/unitree/go2_ros2_ws/install/unitree_api:/home/unitree/go2_ros2_ws/install/go2_perception:/home/unitree/go2_ros2_ws/install/go2_navigation:/home/unitree/go2_ros2_ws/install/go2_slam:/home/unitree/go2_ros2_ws/install/go2_h264_repub:/home/unitree/cyclonedds_ws/install/rmw_cyclonedds_cpp:/home/unitree/cyclonedds_ws/install/cyclonedds:/opt/ros/foxy PYTHONPATH=/home/unitree/go2_ros2_ws/install/go2_core/lib/python3.8/site-packages:/home/unitree/go2_ros2_ws/install/unitree_go/lib/python3.8/site-packages:/home/unitree/go2_ros2_ws/install/unitree_api/lib/python3.8/site-packages:/home/unitree/go2_ros2_ws/install/go2_perception/lib/python3.8/site-packages:/home/unitree/go2_ros2_ws/install/go2_navigation/lib/python3.8/site-packages:/opt/ros/foxy/lib/python3.8/site-packages /usr/bin/cmake --build /home/unitree/go2_ros2_ws/build/go2_navigation -- -j6 -l6
[8.715s] DEBUG:colcon.colcon_core.event_handler.log_command:Invoking command in '/home/unitree/go2_ros2_ws/build/go2_navigation': CMAKE_PREFIX_PATH=/home/unitree/go2_ros2_ws/install/go2_core:/home/unitree/go2_ros2_ws/install/go2_sport_api:/home/unitree/go2_ros2_ws/install/unitree_go:/home/unitree/go2_ros2_ws/install/unitree_api:/home/unitree/go2_ros2_ws/install/go2_perception:/home/unitree/go2_ros2_ws/install/go2_navigation:/home/unitree/go2_ros2_ws/install/go2_slam:/home/unitree/go2_ros2_ws/install/go2_h264_repub:/home/unitree/cyclonedds_ws/install/rmw_cyclonedds_cpp:/home/unitree/cyclonedds_ws/install/cyclonedds:/opt/ros/foxy PYTHONPATH=/home/unitree/go2_ros2_ws/install/go2_core/lib/python3.8/site-packages:/home/unitree/go2_ros2_ws/install/unitree_go/lib/python3.8/site-packages:/home/unitree/go2_ros2_ws/install/unitree_api/lib/python3.8/site-packages:/home/unitree/go2_ros2_ws/install/go2_perception/lib/python3.8/site-packages:/home/unitree/go2_ros2_ws/install/go2_navigation/lib/python3.8/site-packages:/opt/ros/foxy/lib/python3.8/site-packages /usr/bin/cmake --install /home/unitree/go2_ros2_ws/build/go2_navigation
[8.833s] Level 1:colcon.colcon_core.environment:create_environment_scripts_only(go2_navigation)
[8.834s] DEBUG:colcon.colcon_core.event_handler.log_command:Invoked command in '/home/unitree/go2_ros2_ws/build/go2_navigation' returned '0': CMAKE_PREFIX_PATH=/home/unitree/go2_ros2_ws/install/go2_core:/home/unitree/go2_ros2_ws/install/go2_sport_api:/home/unitree/go2_ros2_ws/install/unitree_go:/home/unitree/go2_ros2_ws/install/unitree_api:/home/unitree/go2_ros2_ws/install/go2_perception:/home/unitree/go2_ros2_ws/install/go2_navigation:/home/unitree/go2_ros2_ws/install/go2_slam:/home/unitree/go2_ros2_ws/install/go2_h264_repub:/home/unitree/cyclonedds_ws/install/rmw_cyclonedds_cpp:/home/unitree/cyclonedds_ws/install/cyclonedds:/opt/ros/foxy PYTHONPATH=/home/unitree/go2_ros2_ws/install/go2_core/lib/python3.8/site-packages:/home/unitree/go2_ros2_ws/install/unitree_go/lib/python3.8/site-packages:/home/unitree/go2_ros2_ws/install/unitree_api/lib/python3.8/site-packages:/home/unitree/go2_ros2_ws/install/go2_perception/lib/python3.8/site-packages:/home/unitree/go2_ros2_ws/install/go2_navigation/lib/python3.8/site-packages:/opt/ros/foxy/lib/python3.8/site-packages /usr/bin/cmake --install /home/unitree/go2_ros2_ws/build/go2_navigation
[8.942s] Level 1:colcon.colcon_core.environment:checking '/home/unitree/go2_ros2_ws/install/go2_navigation' for CMake module files
[8.943s] Level 1:colcon.colcon_core.environment:checking '/home/unitree/go2_ros2_ws/install/go2_navigation' for CMake config files
[8.944s] Level 1:colcon.colcon_core.shell:create_environment_hook('go2_navigation', 'cmake_prefix_path')
[9.024s] INFO:colcon.colcon_core.shell:Creating environment hook '/home/unitree/go2_ros2_ws/install/go2_navigation/share/go2_navigation/hook/cmake_prefix_path.ps1'
[9.026s] INFO:colcon.colcon_core.shell:Creating environment descriptor '/home/unitree/go2_ros2_ws/install/go2_navigation/share/go2_navigation/hook/cmake_prefix_path.dsv'
[9.027s] INFO:colcon.colcon_core.shell:Creating environment hook '/home/unitree/go2_ros2_ws/install/go2_navigation/share/go2_navigation/hook/cmake_prefix_path.sh'
[9.029s] Level 1:colcon.colcon_core.environment:checking '/home/unitree/go2_ros2_ws/install/go2_navigation/lib'
[9.029s] Level 1:colcon.colcon_core.environment:checking '/home/unitree/go2_ros2_ws/install/go2_navigation/bin'
[9.029s] Level 1:colcon.colcon_core.environment:checking '/home/unitree/go2_ros2_ws/install/go2_navigation/lib/pkgconfig/go2_navigation.pc'
[9.030s] Level 1:colcon.colcon_core.environment:checking '/home/unitree/go2_ros2_ws/install/go2_navigation/lib/python3.8/site-packages'
[9.030s] Level 1:colcon.colcon_core.shell:create_environment_hook('go2_navigation', 'pythonpath')
[9.108s] INFO:colcon.colcon_core.shell:Creating environment hook '/home/unitree/go2_ros2_ws/install/go2_navigation/share/go2_navigation/hook/pythonpath.ps1'
[9.110s] INFO:colcon.colcon_core.shell:Creating environment descriptor '/home/unitree/go2_ros2_ws/install/go2_navigation/share/go2_navigation/hook/pythonpath.dsv'
[9.110s] INFO:colcon.colcon_core.shell:Creating environment hook '/home/unitree/go2_ros2_ws/install/go2_navigation/share/go2_navigation/hook/pythonpath.sh'
[9.111s] Level 1:colcon.colcon_core.environment:checking '/home/unitree/go2_ros2_ws/install/go2_navigation/bin'
[9.189s] INFO:colcon.colcon_core.shell:Creating package script '/home/unitree/go2_ros2_ws/install/go2_navigation/share/go2_navigation/package.ps1'
[9.192s] INFO:colcon.colcon_core.shell:Creating package descriptor '/home/unitree/go2_ros2_ws/install/go2_navigation/share/go2_navigation/package.dsv'
[9.193s] INFO:colcon.colcon_core.shell:Creating package script '/home/unitree/go2_ros2_ws/install/go2_navigation/share/go2_navigation/package.sh'
[9.195s] INFO:colcon.colcon_core.shell:Creating package script '/home/unitree/go2_ros2_ws/install/go2_navigation/share/go2_navigation/package.bash'
[9.196s] INFO:colcon.colcon_core.shell:Creating package script '/home/unitree/go2_ros2_ws/install/go2_navigation/share/go2_navigation/package.zsh'
[9.198s] Level 1:colcon.colcon_core.environment:create_file_with_runtime_dependencies(/home/unitree/go2_ros2_ws/install/go2_navigation/share/colcon-core/packages/go2_navigation)
[9.327s] Level 1:colcon.colcon_core.environment:create_environment_scripts_only(go2_navigation)
[9.404s] Level 1:colcon.colcon_core.environment:checking '/home/unitree/go2_ros2_ws/install/go2_navigation' for CMake module files
[9.405s] Level 1:colcon.colcon_core.environment:checking '/home/unitree/go2_ros2_ws/install/go2_navigation' for CMake config files
[9.406s] Level 1:colcon.colcon_core.shell:create_environment_hook('go2_navigation', 'cmake_prefix_path')
[9.482s] INFO:colcon.colcon_core.shell:Creating environment hook '/home/unitree/go2_ros2_ws/install/go2_navigation/share/go2_navigation/hook/cmake_prefix_path.ps1'
[9.484s] INFO:colcon.colcon_core.shell:Creating environment descriptor '/home/unitree/go2_ros2_ws/install/go2_navigation/share/go2_navigation/hook/cmake_prefix_path.dsv'
[9.485s] INFO:colcon.colcon_core.shell:Creating environment hook '/home/unitree/go2_ros2_ws/install/go2_navigation/share/go2_navigation/hook/cmake_prefix_path.sh'
[9.486s] Level 1:colcon.colcon_core.environment:checking '/home/unitree/go2_ros2_ws/install/go2_navigation/lib'
[9.486s] Level 1:colcon.colcon_core.environment:checking '/home/unitree/go2_ros2_ws/install/go2_navigation/bin'
[9.487s] Level 1:colcon.colcon_core.environment:checking '/home/unitree/go2_ros2_ws/install/go2_navigation/lib/pkgconfig/go2_navigation.pc'
[9.487s] Level 1:colcon.colcon_core.environment:checking '/home/unitree/go2_ros2_ws/install/go2_navigation/lib/python3.8/site-packages'
[9.487s] Level 1:colcon.colcon_core.shell:create_environment_hook('go2_navigation', 'pythonpath')
[9.566s] INFO:colcon.colcon_core.shell:Creating environment hook '/home/unitree/go2_ros2_ws/install/go2_navigation/share/go2_navigation/hook/pythonpath.ps1'
[9.567s] INFO:colcon.colcon_core.shell:Creating environment descriptor '/home/unitree/go2_ros2_ws/install/go2_navigation/share/go2_navigation/hook/pythonpath.dsv'
[9.568s] INFO:colcon.colcon_core.shell:Creating environment hook '/home/unitree/go2_ros2_ws/install/go2_navigation/share/go2_navigation/hook/pythonpath.sh'
[9.569s] Level 1:colcon.colcon_core.environment:checking '/home/unitree/go2_ros2_ws/install/go2_navigation/bin'
[9.647s] INFO:colcon.colcon_core.shell:Creating package script '/home/unitree/go2_ros2_ws/install/go2_navigation/share/go2_navigation/package.ps1'
[9.649s] INFO:colcon.colcon_core.shell:Creating package descriptor '/home/unitree/go2_ros2_ws/install/go2_navigation/share/go2_navigation/package.dsv'
[9.650s] INFO:colcon.colcon_core.shell:Creating package script '/home/unitree/go2_ros2_ws/install/go2_navigation/share/go2_navigation/package.sh'
[9.650s] INFO:colcon.colcon_core.shell:Creating package script '/home/unitree/go2_ros2_ws/install/go2_navigation/share/go2_navigation/package.bash'
[9.651s] INFO:colcon.colcon_core.shell:Creating package script '/home/unitree/go2_ros2_ws/install/go2_navigation/share/go2_navigation/package.zsh'
[9.652s] Level 1:colcon.colcon_core.environment:create_file_with_runtime_dependencies(/home/unitree/go2_ros2_ws/install/go2_navigation/share/colcon-core/packages/go2_navigation)
[9.653s] DEBUG:colcon.colcon_parallel_executor.executor.parallel:closing loop
[9.654s] DEBUG:colcon.colcon_parallel_executor.executor.parallel:loop closed
[9.654s] DEBUG:colcon.colcon_parallel_executor.executor.parallel:run_until_complete finished with '0'
[9.654s] DEBUG:colcon.colcon_core.event_reactor:joining thread
[9.751s] INFO:colcon.colcon_core.plugin_system:Skipping extension 'colcon_notification.desktop_notification.terminal_notifier': Not used on non-Darwin systems
[9.752s] INFO:colcon.colcon_core.plugin_system:Skipping extension 'colcon_notification.desktop_notification.win32': Not used on non-Windows systems
[9.752s] INFO:colcon.colcon_notification.desktop_notification:Sending desktop notification using 'notify2'
[9.792s] DEBUG:colcon.colcon_core.event_reactor:joined thread
[9.874s] INFO:colcon.colcon_core.shell:Creating prefix script '/home/unitree/go2_ros2_ws/install/local_setup.ps1'
[9.877s] INFO:colcon.colcon_core.shell:Creating prefix util module '/home/unitree/go2_ros2_ws/install/_local_setup_util_ps1.py'
[9.880s] INFO:colcon.colcon_core.shell:Creating prefix chain script '/home/unitree/go2_ros2_ws/install/setup.ps1'
[9.966s] INFO:colcon.colcon_core.shell:Creating prefix script '/home/unitree/go2_ros2_ws/install/local_setup.sh'
[9.967s] INFO:colcon.colcon_core.shell:Creating prefix util module '/home/unitree/go2_ros2_ws/install/_local_setup_util_sh.py'
[9.968s] INFO:colcon.colcon_core.shell:Creating prefix chain script '/home/unitree/go2_ros2_ws/install/setup.sh'
[10.050s] INFO:colcon.colcon_core.shell:Creating prefix script '/home/unitree/go2_ros2_ws/install/local_setup.bash'
[10.052s] INFO:colcon.colcon_core.shell:Creating prefix chain script '/home/unitree/go2_ros2_ws/install/setup.bash'
[10.131s] INFO:colcon.colcon_core.shell:Creating prefix script '/home/unitree/go2_ros2_ws/install/local_setup.zsh'
[10.132s] INFO:colcon.colcon_core.shell:Creating prefix chain script '/home/unitree/go2_ros2_ws/install/setup.zsh'
