[1.249s] Invoking command in '/home/unitree/go2_ros2_ws/build/unitree_api': CMAKE_PREFIX_PATH=${CMAKE_PREFIX_PATH}:/opt/ros/foxy /usr/bin/cmake --build /home/unitree/go2_ros2_ws/build/unitree_api -- -j6 -l6
[1.385s] [  1%] Built target unitree_api__cpp
[1.409s] [ 12%] Built target unitree_api__rosidl_generator_c
[1.413s] [ 13%] Built target unitree_api__dds_connext_idl
[1.479s] [ 25%] Built target unitree_api__rosidl_typesupport_introspection_cpp
[1.482s] [ 36%] Built target unitree_api__rosidl_typesupport_cpp
[1.501s] [ 47%] Built target unitree_api__rosidl_typesupport_fastrtps_cpp
[1.529s] [ 70%] Built target unitree_api__rosidl_typesupport_introspection_c
[1.529s] [ 70%] Built target unitree_api__rosidl_typesupport_c
[1.578s] [ 81%] Built target unitree_api__rosidl_typesupport_fastrtps_c
[1.629s] [ 81%] Built target unitree_api
[1.681s] [ 82%] Built target unitree_api__py
[1.756s] [ 93%] Built target unitree_api__python
[1.819s] [100%] Built target unitree_api__rosidl_typesupport_introspection_c__pyext
[1.819s] [100%] Built target unitree_api__rosidl_typesupport_fastrtps_c__pyext
[1.819s] [100%] Built target unitree_api__rosidl_typesupport_c__pyext
[2.210s] Invoked command in '/home/unitree/go2_ros2_ws/build/unitree_api' returned '0': CMAKE_PREFIX_PATH=${CMAKE_PREFIX_PATH}:/opt/ros/foxy /usr/bin/cmake --build /home/unitree/go2_ros2_ws/build/unitree_api -- -j6 -l6
[2.820s] Invoking command in '/home/unitree/go2_ros2_ws/build/unitree_api': CMAKE_PREFIX_PATH=${CMAKE_PREFIX_PATH}:/opt/ros/foxy /usr/bin/cmake --install /home/unitree/go2_ros2_ws/build/unitree_api
[2.843s] -- Install configuration: ""
[2.844s] -- Up-to-date: /home/unitree/go2_ros2_ws/install/unitree_api/share/ament_index/resource_index/rosidl_interfaces/unitree_api
[2.844s] -- Up-to-date: /home/unitree/go2_ros2_ws/install/unitree_api/include/unitree_api
[2.845s] -- Up-to-date: /home/unitree/go2_ros2_ws/install/unitree_api/include/unitree_api/msg
[2.846s] -- Up-to-date: /home/unitree/go2_ros2_ws/install/unitree_api/include/unitree_api/msg/request.h
[2.846s] -- Up-to-date: /home/unitree/go2_ros2_ws/install/unitree_api/include/unitree_api/msg/response_status.h
[2.846s] -- Up-to-date: /home/unitree/go2_ros2_ws/install/unitree_api/include/unitree_api/msg/request_header.h
[2.846s] -- Up-to-date: /home/unitree/go2_ros2_ws/install/unitree_api/include/unitree_api/msg/response_header.h
[2.847s] -- Up-to-date: /home/unitree/go2_ros2_ws/install/unitree_api/include/unitree_api/msg/rosidl_generator_c__visibility_control.h
[2.847s] -- Up-to-date: /home/unitree/go2_ros2_ws/install/unitree_api/include/unitree_api/msg/request_policy.h
[2.847s] -- Up-to-date: /home/unitree/go2_ros2_ws/install/unitree_api/include/unitree_api/msg/detail
[2.847s] -- Up-to-date: /home/unitree/go2_ros2_ws/install/unitree_api/include/unitree_api/msg/detail/request_identity__struct.h
[2.847s] -- Up-to-date: /home/unitree/go2_ros2_ws/install/unitree_api/include/unitree_api/msg/detail/request_lease__struct.h
[2.848s] -- Up-to-date: /home/unitree/go2_ros2_ws/install/unitree_api/include/unitree_api/msg/detail/request_header__struct.h
[2.848s] -- Up-to-date: /home/unitree/go2_ros2_ws/install/unitree_api/include/unitree_api/msg/detail/request_header__functions.h
[2.848s] -- Up-to-date: /home/unitree/go2_ros2_ws/install/unitree_api/include/unitree_api/msg/detail/request_identity__functions.c
[2.848s] -- Up-to-date: /home/unitree/go2_ros2_ws/install/unitree_api/include/unitree_api/msg/detail/request_policy__struct.h
[2.849s] -- Up-to-date: /home/unitree/go2_ros2_ws/install/unitree_api/include/unitree_api/msg/detail/response_status__functions.c
[2.849s] -- Up-to-date: /home/unitree/go2_ros2_ws/install/unitree_api/include/unitree_api/msg/detail/response__struct.h
[2.849s] -- Up-to-date: /home/unitree/go2_ros2_ws/install/unitree_api/include/unitree_api/msg/detail/request__type_support.h
[2.849s] -- Up-to-date: /home/unitree/go2_ros2_ws/install/unitree_api/include/unitree_api/msg/detail/response_status__type_support.h
[2.849s] -- Up-to-date: /home/unitree/go2_ros2_ws/install/unitree_api/include/unitree_api/msg/detail/request_identity__functions.h
[2.849s] -- Up-to-date: /home/unitree/go2_ros2_ws/install/unitree_api/include/unitree_api/msg/detail/request__functions.h
[2.850s] -- Up-to-date: /home/unitree/go2_ros2_ws/install/unitree_api/include/unitree_api/msg/detail/response_header__functions.h
[2.850s] -- Up-to-date: /home/unitree/go2_ros2_ws/install/unitree_api/include/unitree_api/msg/detail/request_lease__functions.c
[2.851s] -- Up-to-date: /home/unitree/go2_ros2_ws/install/unitree_api/include/unitree_api/msg/detail/request_header__type_support.h
[2.851s] -- Up-to-date: /home/unitree/go2_ros2_ws/install/unitree_api/include/unitree_api/msg/detail/request__struct.h
[2.851s] -- Up-to-date: /home/unitree/go2_ros2_ws/install/unitree_api/include/unitree_api/msg/detail/response__type_support.h
[2.851s] -- Up-to-date: /home/unitree/go2_ros2_ws/install/unitree_api/include/unitree_api/msg/detail/response_header__struct.h
[2.852s] -- Up-to-date: /home/unitree/go2_ros2_ws/install/unitree_api/include/unitree_api/msg/detail/request_policy__type_support.h
[2.852s] -- Up-to-date: /home/unitree/go2_ros2_ws/install/unitree_api/include/unitree_api/msg/detail/response_status__struct.h
[2.852s] -- Up-to-date: /home/unitree/go2_ros2_ws/install/unitree_api/include/unitree_api/msg/detail/response_status__functions.h
[2.852s] -- Up-to-date: /home/unitree/go2_ros2_ws/install/unitree_api/include/unitree_api/msg/detail/request_lease__type_support.h
[2.853s] -- Up-to-date: /home/unitree/go2_ros2_ws/install/unitree_api/include/unitree_api/msg/detail/response__functions.c
[2.853s] -- Up-to-date: /home/unitree/go2_ros2_ws/install/unitree_api/include/unitree_api/msg/detail/request__functions.c
[2.854s] -- Up-to-date: /home/unitree/go2_ros2_ws/install/unitree_api/include/unitree_api/msg/detail/request_header__functions.c
[2.854s] -- Up-to-date: /home/unitree/go2_ros2_ws/install/unitree_api/include/unitree_api/msg/detail/request_identity__type_support.h
[2.854s] -- Up-to-date: /home/unitree/go2_ros2_ws/install/unitree_api/include/unitree_api/msg/detail/response_header__functions.c
[2.855s] -- Up-to-date: /home/unitree/go2_ros2_ws/install/unitree_api/include/unitree_api/msg/detail/request_policy__functions.h
[2.855s] -- Up-to-date: /home/unitree/go2_ros2_ws/install/unitree_api/include/unitree_api/msg/detail/request_lease__functions.h
[2.855s] -- Up-to-date: /home/unitree/go2_ros2_ws/install/unitree_api/include/unitree_api/msg/detail/response__functions.h
[2.856s] -- Up-to-date: /home/unitree/go2_ros2_ws/install/unitree_api/include/unitree_api/msg/detail/response_header__type_support.h
[2.856s] -- Up-to-date: /home/unitree/go2_ros2_ws/install/unitree_api/include/unitree_api/msg/detail/request_policy__functions.c
[2.856s] -- Up-to-date: /home/unitree/go2_ros2_ws/install/unitree_api/include/unitree_api/msg/response.h
[2.856s] -- Up-to-date: /home/unitree/go2_ros2_ws/install/unitree_api/include/unitree_api/msg/request_identity.h
[2.856s] -- Up-to-date: /home/unitree/go2_ros2_ws/install/unitree_api/include/unitree_api/msg/request_lease.h
[2.857s] -- Up-to-date: /home/unitree/go2_ros2_ws/install/unitree_api/share/unitree_api/environment/library_path.sh
[2.857s] -- Up-to-date: /home/unitree/go2_ros2_ws/install/unitree_api/share/unitree_api/environment/library_path.dsv
[2.857s] -- Up-to-date: /home/unitree/go2_ros2_ws/install/unitree_api/lib/libunitree_api__rosidl_generator_c.so
[2.857s] -- Up-to-date: /home/unitree/go2_ros2_ws/install/unitree_api/include/unitree_api
[2.857s] -- Up-to-date: /home/unitree/go2_ros2_ws/install/unitree_api/include/unitree_api/msg
[2.858s] -- Up-to-date: /home/unitree/go2_ros2_ws/install/unitree_api/include/unitree_api/msg/rosidl_typesupport_fastrtps_c__visibility_control.h
[2.858s] -- Up-to-date: /home/unitree/go2_ros2_ws/install/unitree_api/include/unitree_api/msg/detail
[2.858s] -- Up-to-date: /home/unitree/go2_ros2_ws/install/unitree_api/include/unitree_api/msg/detail/request_identity__rosidl_typesupport_fastrtps_c.h
[2.858s] -- Up-to-date: /home/unitree/go2_ros2_ws/install/unitree_api/include/unitree_api/msg/detail/response__rosidl_typesupport_fastrtps_c.h
[2.858s] -- Up-to-date: /home/unitree/go2_ros2_ws/install/unitree_api/include/unitree_api/msg/detail/request_lease__rosidl_typesupport_fastrtps_c.h
[2.858s] -- Up-to-date: /home/unitree/go2_ros2_ws/install/unitree_api/include/unitree_api/msg/detail/request_policy__rosidl_typesupport_fastrtps_c.h
[2.858s] -- Up-to-date: /home/unitree/go2_ros2_ws/install/unitree_api/include/unitree_api/msg/detail/response_status__rosidl_typesupport_fastrtps_c.h
[2.858s] -- Up-to-date: /home/unitree/go2_ros2_ws/install/unitree_api/include/unitree_api/msg/detail/response_header__rosidl_typesupport_fastrtps_c.h
[2.859s] -- Up-to-date: /home/unitree/go2_ros2_ws/install/unitree_api/include/unitree_api/msg/detail/request__rosidl_typesupport_fastrtps_c.h
[2.859s] -- Up-to-date: /home/unitree/go2_ros2_ws/install/unitree_api/include/unitree_api/msg/detail/request_header__rosidl_typesupport_fastrtps_c.h
[2.859s] -- Up-to-date: /home/unitree/go2_ros2_ws/install/unitree_api/lib/libunitree_api__rosidl_typesupport_fastrtps_c.so
[2.859s] -- Up-to-date: /home/unitree/go2_ros2_ws/install/unitree_api/include/unitree_api
[2.859s] -- Up-to-date: /home/unitree/go2_ros2_ws/install/unitree_api/include/unitree_api/msg
[2.859s] -- Up-to-date: /home/unitree/go2_ros2_ws/install/unitree_api/include/unitree_api/msg/rosidl_typesupport_fastrtps_cpp__visibility_control.h
[2.859s] -- Up-to-date: /home/unitree/go2_ros2_ws/install/unitree_api/include/unitree_api/msg/detail
[2.860s] -- Up-to-date: /home/unitree/go2_ros2_ws/install/unitree_api/include/unitree_api/msg/detail/request_identity__rosidl_typesupport_fastrtps_cpp.hpp
[2.860s] -- Up-to-date: /home/unitree/go2_ros2_ws/install/unitree_api/include/unitree_api/msg/detail/request__rosidl_typesupport_fastrtps_cpp.hpp
[2.860s] -- Up-to-date: /home/unitree/go2_ros2_ws/install/unitree_api/include/unitree_api/msg/detail/request_lease__rosidl_typesupport_fastrtps_cpp.hpp
[2.860s] -- Up-to-date: /home/unitree/go2_ros2_ws/install/unitree_api/include/unitree_api/msg/detail/request_policy__rosidl_typesupport_fastrtps_cpp.hpp
[2.860s] -- Up-to-date: /home/unitree/go2_ros2_ws/install/unitree_api/include/unitree_api/msg/detail/response_status__rosidl_typesupport_fastrtps_cpp.hpp
[2.860s] -- Up-to-date: /home/unitree/go2_ros2_ws/install/unitree_api/include/unitree_api/msg/detail/dds_fastrtps
[2.860s] -- Up-to-date: /home/unitree/go2_ros2_ws/install/unitree_api/include/unitree_api/msg/detail/response__rosidl_typesupport_fastrtps_cpp.hpp
[2.860s] -- Up-to-date: /home/unitree/go2_ros2_ws/install/unitree_api/include/unitree_api/msg/detail/response_header__rosidl_typesupport_fastrtps_cpp.hpp
[2.861s] -- Up-to-date: /home/unitree/go2_ros2_ws/install/unitree_api/include/unitree_api/msg/detail/request_header__rosidl_typesupport_fastrtps_cpp.hpp
[2.861s] -- Up-to-date: /home/unitree/go2_ros2_ws/install/unitree_api/lib/libunitree_api__rosidl_typesupport_fastrtps_cpp.so
[2.861s] -- Up-to-date: /home/unitree/go2_ros2_ws/install/unitree_api/include/unitree_api
[2.861s] -- Up-to-date: /home/unitree/go2_ros2_ws/install/unitree_api/include/unitree_api/msg
[2.861s] -- Up-to-date: /home/unitree/go2_ros2_ws/install/unitree_api/include/unitree_api/msg/detail
[2.861s] -- Up-to-date: /home/unitree/go2_ros2_ws/install/unitree_api/include/unitree_api/msg/detail/request_header__type_support.c
[2.861s] -- Up-to-date: /home/unitree/go2_ros2_ws/install/unitree_api/include/unitree_api/msg/detail/request_identity__type_support.c
[2.861s] -- Up-to-date: /home/unitree/go2_ros2_ws/install/unitree_api/include/unitree_api/msg/detail/request_policy__rosidl_typesupport_introspection_c.h
[2.862s] -- Up-to-date: /home/unitree/go2_ros2_ws/install/unitree_api/include/unitree_api/msg/detail/response_status__type_support.c
[2.862s] -- Up-to-date: /home/unitree/go2_ros2_ws/install/unitree_api/include/unitree_api/msg/detail/request_policy__type_support.c
[2.862s] -- Up-to-date: /home/unitree/go2_ros2_ws/install/unitree_api/include/unitree_api/msg/detail/response_status__rosidl_typesupport_introspection_c.h
[2.862s] -- Up-to-date: /home/unitree/go2_ros2_ws/install/unitree_api/include/unitree_api/msg/detail/request__rosidl_typesupport_introspection_c.h
[2.862s] -- Up-to-date: /home/unitree/go2_ros2_ws/install/unitree_api/include/unitree_api/msg/detail/response_header__type_support.c
[2.862s] -- Up-to-date: /home/unitree/go2_ros2_ws/install/unitree_api/include/unitree_api/msg/detail/request_lease__type_support.c
[2.862s] -- Up-to-date: /home/unitree/go2_ros2_ws/install/unitree_api/include/unitree_api/msg/detail/request_header__rosidl_typesupport_introspection_c.h
[2.862s] -- Up-to-date: /home/unitree/go2_ros2_ws/install/unitree_api/include/unitree_api/msg/detail/request_identity__rosidl_typesupport_introspection_c.h
[2.863s] -- Up-to-date: /home/unitree/go2_ros2_ws/install/unitree_api/include/unitree_api/msg/detail/response__type_support.c
[2.863s] -- Up-to-date: /home/unitree/go2_ros2_ws/install/unitree_api/include/unitree_api/msg/detail/request__type_support.c
[2.863s] -- Up-to-date: /home/unitree/go2_ros2_ws/install/unitree_api/include/unitree_api/msg/detail/response_header__rosidl_typesupport_introspection_c.h
[2.863s] -- Up-to-date: /home/unitree/go2_ros2_ws/install/unitree_api/include/unitree_api/msg/detail/response__rosidl_typesupport_introspection_c.h
[2.863s] -- Up-to-date: /home/unitree/go2_ros2_ws/install/unitree_api/include/unitree_api/msg/detail/request_lease__rosidl_typesupport_introspection_c.h
[2.863s] -- Up-to-date: /home/unitree/go2_ros2_ws/install/unitree_api/include/unitree_api/msg/rosidl_typesupport_introspection_c__visibility_control.h
[2.863s] -- Up-to-date: /home/unitree/go2_ros2_ws/install/unitree_api/lib/libunitree_api__rosidl_typesupport_introspection_c.so
[2.863s] -- Up-to-date: /home/unitree/go2_ros2_ws/install/unitree_api/lib/libunitree_api__rosidl_typesupport_c.so
[2.864s] -- Up-to-date: /home/unitree/go2_ros2_ws/install/unitree_api/include/unitree_api
[2.864s] -- Up-to-date: /home/unitree/go2_ros2_ws/install/unitree_api/include/unitree_api/msg
[2.864s] -- Up-to-date: /home/unitree/go2_ros2_ws/install/unitree_api/include/unitree_api/msg/response_header.hpp
[2.864s] -- Up-to-date: /home/unitree/go2_ros2_ws/install/unitree_api/include/unitree_api/msg/request_lease.hpp
[2.864s] -- Up-to-date: /home/unitree/go2_ros2_ws/install/unitree_api/include/unitree_api/msg/request_header.hpp
[2.864s] -- Up-to-date: /home/unitree/go2_ros2_ws/install/unitree_api/include/unitree_api/msg/request.hpp
[2.864s] -- Up-to-date: /home/unitree/go2_ros2_ws/install/unitree_api/include/unitree_api/msg/detail
[2.864s] -- Up-to-date: /home/unitree/go2_ros2_ws/install/unitree_api/include/unitree_api/msg/detail/request_header__traits.hpp
[2.865s] -- Up-to-date: /home/unitree/go2_ros2_ws/install/unitree_api/include/unitree_api/msg/detail/response__builder.hpp
[2.865s] -- Up-to-date: /home/unitree/go2_ros2_ws/install/unitree_api/include/unitree_api/msg/detail/response__type_support.hpp
[2.865s] -- Up-to-date: /home/unitree/go2_ros2_ws/install/unitree_api/include/unitree_api/msg/detail/request__type_support.hpp
[2.865s] -- Up-to-date: /home/unitree/go2_ros2_ws/install/unitree_api/include/unitree_api/msg/detail/request_header__struct.hpp
[2.865s] -- Up-to-date: /home/unitree/go2_ros2_ws/install/unitree_api/include/unitree_api/msg/detail/request_identity__traits.hpp
[2.865s] -- Up-to-date: /home/unitree/go2_ros2_ws/install/unitree_api/include/unitree_api/msg/detail/request__struct.hpp
[2.865s] -- Up-to-date: /home/unitree/go2_ros2_ws/install/unitree_api/include/unitree_api/msg/detail/response_header__struct.hpp
[2.865s] -- Up-to-date: /home/unitree/go2_ros2_ws/install/unitree_api/include/unitree_api/msg/detail/request__traits.hpp
[2.865s] -- Up-to-date: /home/unitree/go2_ros2_ws/install/unitree_api/include/unitree_api/msg/detail/request_lease__builder.hpp
[2.866s] -- Up-to-date: /home/unitree/go2_ros2_ws/install/unitree_api/include/unitree_api/msg/detail/request__builder.hpp
[2.866s] -- Up-to-date: /home/unitree/go2_ros2_ws/install/unitree_api/include/unitree_api/msg/detail/response_status__builder.hpp
[2.866s] -- Up-to-date: /home/unitree/go2_ros2_ws/install/unitree_api/include/unitree_api/msg/detail/response_header__builder.hpp
[2.866s] -- Up-to-date: /home/unitree/go2_ros2_ws/install/unitree_api/include/unitree_api/msg/detail/response__traits.hpp
[2.866s] -- Up-to-date: /home/unitree/go2_ros2_ws/install/unitree_api/include/unitree_api/msg/detail/request_identity__struct.hpp
[2.866s] -- Up-to-date: /home/unitree/go2_ros2_ws/install/unitree_api/include/unitree_api/msg/detail/response__struct.hpp
[2.866s] -- Up-to-date: /home/unitree/go2_ros2_ws/install/unitree_api/include/unitree_api/msg/detail/response_status__type_support.hpp
[2.866s] -- Up-to-date: /home/unitree/go2_ros2_ws/install/unitree_api/include/unitree_api/msg/detail/response_status__traits.hpp
[2.867s] -- Up-to-date: /home/unitree/go2_ros2_ws/install/unitree_api/include/unitree_api/msg/detail/request_policy__struct.hpp
[2.867s] -- Up-to-date: /home/unitree/go2_ros2_ws/install/unitree_api/include/unitree_api/msg/detail/request_header__type_support.hpp
[2.867s] -- Up-to-date: /home/unitree/go2_ros2_ws/install/unitree_api/include/unitree_api/msg/detail/request_lease__type_support.hpp
[2.867s] -- Up-to-date: /home/unitree/go2_ros2_ws/install/unitree_api/include/unitree_api/msg/detail/request_lease__traits.hpp
[2.867s] -- Up-to-date: /home/unitree/go2_ros2_ws/install/unitree_api/include/unitree_api/msg/detail/request_policy__type_support.hpp
[2.867s] -- Up-to-date: /home/unitree/go2_ros2_ws/install/unitree_api/include/unitree_api/msg/detail/response_status__struct.hpp
[2.867s] -- Up-to-date: /home/unitree/go2_ros2_ws/install/unitree_api/include/unitree_api/msg/detail/request_lease__struct.hpp
[2.867s] -- Up-to-date: /home/unitree/go2_ros2_ws/install/unitree_api/include/unitree_api/msg/detail/request_policy__traits.hpp
[2.868s] -- Up-to-date: /home/unitree/go2_ros2_ws/install/unitree_api/include/unitree_api/msg/detail/request_identity__type_support.hpp
[2.868s] -- Up-to-date: /home/unitree/go2_ros2_ws/install/unitree_api/include/unitree_api/msg/detail/response_header__traits.hpp
[2.868s] -- Up-to-date: /home/unitree/go2_ros2_ws/install/unitree_api/include/unitree_api/msg/detail/request_policy__builder.hpp
[2.869s] -- Up-to-date: /home/unitree/go2_ros2_ws/install/unitree_api/include/unitree_api/msg/detail/request_header__builder.hpp
[2.869s] -- Up-to-date: /home/unitree/go2_ros2_ws/install/unitree_api/include/unitree_api/msg/detail/response_header__type_support.hpp
[2.869s] -- Up-to-date: /home/unitree/go2_ros2_ws/install/unitree_api/include/unitree_api/msg/detail/request_identity__builder.hpp
[2.869s] -- Up-to-date: /home/unitree/go2_ros2_ws/install/unitree_api/include/unitree_api/msg/response_status.hpp
[2.869s] -- Up-to-date: /home/unitree/go2_ros2_ws/install/unitree_api/include/unitree_api/msg/request_identity.hpp
[2.869s] -- Up-to-date: /home/unitree/go2_ros2_ws/install/unitree_api/include/unitree_api/msg/rosidl_generator_cpp__visibility_control.hpp
[2.870s] -- Up-to-date: /home/unitree/go2_ros2_ws/install/unitree_api/include/unitree_api/msg/request_policy.hpp
[2.870s] -- Up-to-date: /home/unitree/go2_ros2_ws/install/unitree_api/include/unitree_api/msg/response.hpp
[2.870s] -- Up-to-date: /home/unitree/go2_ros2_ws/install/unitree_api/include/unitree_api
[2.870s] -- Up-to-date: /home/unitree/go2_ros2_ws/install/unitree_api/include/unitree_api/msg
[2.870s] -- Up-to-date: /home/unitree/go2_ros2_ws/install/unitree_api/include/unitree_api/msg/detail
[2.870s] -- Up-to-date: /home/unitree/go2_ros2_ws/install/unitree_api/include/unitree_api/msg/detail/request_identity__type_support.cpp
[2.870s] -- Up-to-date: /home/unitree/go2_ros2_ws/install/unitree_api/include/unitree_api/msg/detail/request_header__rosidl_typesupport_introspection_cpp.hpp
[2.871s] -- Up-to-date: /home/unitree/go2_ros2_ws/install/unitree_api/include/unitree_api/msg/detail/request_lease__type_support.cpp
[2.871s] -- Up-to-date: /home/unitree/go2_ros2_ws/install/unitree_api/include/unitree_api/msg/detail/response_header__type_support.cpp
[2.871s] -- Up-to-date: /home/unitree/go2_ros2_ws/install/unitree_api/include/unitree_api/msg/detail/request_lease__rosidl_typesupport_introspection_cpp.hpp
[2.871s] -- Up-to-date: /home/unitree/go2_ros2_ws/install/unitree_api/include/unitree_api/msg/detail/request__type_support.cpp
[2.871s] -- Up-to-date: /home/unitree/go2_ros2_ws/install/unitree_api/include/unitree_api/msg/detail/request__rosidl_typesupport_introspection_cpp.hpp
[2.871s] -- Up-to-date: /home/unitree/go2_ros2_ws/install/unitree_api/include/unitree_api/msg/detail/request_policy__type_support.cpp
[2.872s] -- Up-to-date: /home/unitree/go2_ros2_ws/install/unitree_api/include/unitree_api/msg/detail/request_identity__rosidl_typesupport_introspection_cpp.hpp
[2.872s] -- Up-to-date: /home/unitree/go2_ros2_ws/install/unitree_api/include/unitree_api/msg/detail/response_status__rosidl_typesupport_introspection_cpp.hpp
[2.872s] -- Up-to-date: /home/unitree/go2_ros2_ws/install/unitree_api/include/unitree_api/msg/detail/response__rosidl_typesupport_introspection_cpp.hpp
[2.872s] -- Up-to-date: /home/unitree/go2_ros2_ws/install/unitree_api/include/unitree_api/msg/detail/response_header__rosidl_typesupport_introspection_cpp.hpp
[2.873s] -- Up-to-date: /home/unitree/go2_ros2_ws/install/unitree_api/include/unitree_api/msg/detail/response_status__type_support.cpp
[2.873s] -- Up-to-date: /home/unitree/go2_ros2_ws/install/unitree_api/include/unitree_api/msg/detail/response__type_support.cpp
[2.873s] -- Up-to-date: /home/unitree/go2_ros2_ws/install/unitree_api/include/unitree_api/msg/detail/request_policy__rosidl_typesupport_introspection_cpp.hpp
[2.873s] -- Up-to-date: /home/unitree/go2_ros2_ws/install/unitree_api/include/unitree_api/msg/detail/request_header__type_support.cpp
[2.873s] -- Up-to-date: /home/unitree/go2_ros2_ws/install/unitree_api/lib/libunitree_api__rosidl_typesupport_introspection_cpp.so
[2.873s] -- Up-to-date: /home/unitree/go2_ros2_ws/install/unitree_api/lib/libunitree_api__rosidl_typesupport_cpp.so
[2.873s] -- Up-to-date: /home/unitree/go2_ros2_ws/install/unitree_api/share/unitree_api/environment/pythonpath.sh
[2.874s] -- Up-to-date: /home/unitree/go2_ros2_ws/install/unitree_api/share/unitree_api/environment/pythonpath.dsv
[2.874s] -- Up-to-date: /home/unitree/go2_ros2_ws/install/unitree_api/lib/python3.8/site-packages/unitree_api/__init__.py
[2.932s] -- Up-to-date: /home/unitree/go2_ros2_ws/install/unitree_api/lib/python3.8/site-packages/unitree_api/msg
[2.933s] -- Up-to-date: /home/unitree/go2_ros2_ws/install/unitree_api/lib/python3.8/site-packages/unitree_api/msg/_request_lease_s.c
[2.933s] -- Up-to-date: /home/unitree/go2_ros2_ws/install/unitree_api/lib/python3.8/site-packages/unitree_api/msg/_response_status_s.c
[2.933s] -- Up-to-date: /home/unitree/go2_ros2_ws/install/unitree_api/lib/python3.8/site-packages/unitree_api/msg/_request_s.c
[2.933s] -- Up-to-date: /home/unitree/go2_ros2_ws/install/unitree_api/lib/python3.8/site-packages/unitree_api/msg/_request_identity.py
[2.934s] -- Up-to-date: /home/unitree/go2_ros2_ws/install/unitree_api/lib/python3.8/site-packages/unitree_api/msg/_request.py
[2.934s] -- Up-to-date: /home/unitree/go2_ros2_ws/install/unitree_api/lib/python3.8/site-packages/unitree_api/msg/_request_identity_s.c
[2.934s] -- Up-to-date: /home/unitree/go2_ros2_ws/install/unitree_api/lib/python3.8/site-packages/unitree_api/msg/_request_header_s.c
[2.934s] -- Up-to-date: /home/unitree/go2_ros2_ws/install/unitree_api/lib/python3.8/site-packages/unitree_api/msg/_response_status.py
[2.934s] -- Up-to-date: /home/unitree/go2_ros2_ws/install/unitree_api/lib/python3.8/site-packages/unitree_api/msg/__init__.py
[2.934s] -- Up-to-date: /home/unitree/go2_ros2_ws/install/unitree_api/lib/python3.8/site-packages/unitree_api/msg/_response_header_s.c
[2.935s] -- Up-to-date: /home/unitree/go2_ros2_ws/install/unitree_api/lib/python3.8/site-packages/unitree_api/msg/_response.py
[2.935s] -- Up-to-date: /home/unitree/go2_ros2_ws/install/unitree_api/lib/python3.8/site-packages/unitree_api/msg/_response_header.py
[2.935s] -- Up-to-date: /home/unitree/go2_ros2_ws/install/unitree_api/lib/python3.8/site-packages/unitree_api/msg/_request_policy.py
[2.935s] -- Up-to-date: /home/unitree/go2_ros2_ws/install/unitree_api/lib/python3.8/site-packages/unitree_api/msg/_response_s.c
[2.935s] -- Up-to-date: /home/unitree/go2_ros2_ws/install/unitree_api/lib/python3.8/site-packages/unitree_api/msg/_request_lease.py
[2.935s] -- Up-to-date: /home/unitree/go2_ros2_ws/install/unitree_api/lib/python3.8/site-packages/unitree_api/msg/_request_policy_s.c
[2.935s] -- Up-to-date: /home/unitree/go2_ros2_ws/install/unitree_api/lib/python3.8/site-packages/unitree_api/msg/_request_header.py
[2.936s] -- Up-to-date: /home/unitree/go2_ros2_ws/install/unitree_api/lib/python3.8/site-packages/unitree_api/unitree_api_s__rosidl_typesupport_fastrtps_c.cpython-38-aarch64-linux-gnu.so
[2.936s] -- Up-to-date: /home/unitree/go2_ros2_ws/install/unitree_api/lib/python3.8/site-packages/unitree_api/unitree_api_s__rosidl_typesupport_introspection_c.cpython-38-aarch64-linux-gnu.so
[2.936s] -- Up-to-date: /home/unitree/go2_ros2_ws/install/unitree_api/lib/python3.8/site-packages/unitree_api/unitree_api_s__rosidl_typesupport_c.cpython-38-aarch64-linux-gnu.so
[2.937s] -- Up-to-date: /home/unitree/go2_ros2_ws/install/unitree_api/lib/libunitree_api__python.so
[2.937s] -- Up-to-date: /home/unitree/go2_ros2_ws/install/unitree_api/share/unitree_api/msg/Request.idl
[2.938s] -- Up-to-date: /home/unitree/go2_ros2_ws/install/unitree_api/share/unitree_api/msg/RequestHeader.idl
[2.938s] -- Up-to-date: /home/unitree/go2_ros2_ws/install/unitree_api/share/unitree_api/msg/RequestIdentity.idl
[2.939s] -- Up-to-date: /home/unitree/go2_ros2_ws/install/unitree_api/share/unitree_api/msg/RequestLease.idl
[2.939s] -- Up-to-date: /home/unitree/go2_ros2_ws/install/unitree_api/share/unitree_api/msg/RequestPolicy.idl
[2.940s] -- Up-to-date: /home/unitree/go2_ros2_ws/install/unitree_api/share/unitree_api/msg/Response.idl
[2.940s] -- Up-to-date: /home/unitree/go2_ros2_ws/install/unitree_api/share/unitree_api/msg/ResponseHeader.idl
[2.940s] -- Up-to-date: /home/unitree/go2_ros2_ws/install/unitree_api/share/unitree_api/msg/ResponseStatus.idl
[2.940s] -- Up-to-date: /home/unitree/go2_ros2_ws/install/unitree_api/share/unitree_api/msg/Request.msg
[2.940s] -- Up-to-date: /home/unitree/go2_ros2_ws/install/unitree_api/share/unitree_api/msg/RequestHeader.msg
[2.940s] -- Up-to-date: /home/unitree/go2_ros2_ws/install/unitree_api/share/unitree_api/msg/RequestIdentity.msg
[2.941s] -- Up-to-date: /home/unitree/go2_ros2_ws/install/unitree_api/share/unitree_api/msg/RequestLease.msg
[2.941s] -- Up-to-date: /home/unitree/go2_ros2_ws/install/unitree_api/share/unitree_api/msg/RequestPolicy.msg
[2.941s] -- Up-to-date: /home/unitree/go2_ros2_ws/install/unitree_api/share/unitree_api/msg/Response.msg
[2.941s] -- Up-to-date: /home/unitree/go2_ros2_ws/install/unitree_api/share/unitree_api/msg/ResponseHeader.msg
[2.941s] -- Up-to-date: /home/unitree/go2_ros2_ws/install/unitree_api/share/unitree_api/msg/ResponseStatus.msg
[2.942s] -- Up-to-date: /home/unitree/go2_ros2_ws/install/unitree_api/share/unitree_api/msg/dds_connext
[2.942s] -- Up-to-date: /home/unitree/go2_ros2_ws/install/unitree_api/share/unitree_api/msg/dds_connext/RequestHeader_.idl
[2.942s] -- Up-to-date: /home/unitree/go2_ros2_ws/install/unitree_api/share/unitree_api/msg/dds_connext/ResponseStatus_.idl
[2.942s] -- Up-to-date: /home/unitree/go2_ros2_ws/install/unitree_api/share/unitree_api/msg/dds_connext/Response_.idl
[2.943s] -- Up-to-date: /home/unitree/go2_ros2_ws/install/unitree_api/share/unitree_api/msg/dds_connext/RequestIdentity_.idl
[2.943s] -- Up-to-date: /home/unitree/go2_ros2_ws/install/unitree_api/share/unitree_api/msg/dds_connext/ResponseHeader_.idl
[2.943s] -- Up-to-date: /home/unitree/go2_ros2_ws/install/unitree_api/share/unitree_api/msg/dds_connext/Request_.idl
[2.943s] -- Up-to-date: /home/unitree/go2_ros2_ws/install/unitree_api/share/unitree_api/msg/dds_connext/RequestLease_.idl
[2.944s] -- Up-to-date: /home/unitree/go2_ros2_ws/install/unitree_api/share/unitree_api/msg/dds_connext/RequestPolicy_.idl
[2.944s] -- Up-to-date: /home/unitree/go2_ros2_ws/install/unitree_api/share/ament_index/resource_index/package_run_dependencies/unitree_api
[2.944s] -- Up-to-date: /home/unitree/go2_ros2_ws/install/unitree_api/share/ament_index/resource_index/parent_prefix_path/unitree_api
[2.945s] -- Up-to-date: /home/unitree/go2_ros2_ws/install/unitree_api/share/unitree_api/environment/ament_prefix_path.sh
[2.945s] -- Up-to-date: /home/unitree/go2_ros2_ws/install/unitree_api/share/unitree_api/environment/ament_prefix_path.dsv
[2.945s] -- Up-to-date: /home/unitree/go2_ros2_ws/install/unitree_api/share/unitree_api/environment/path.sh
[2.945s] -- Up-to-date: /home/unitree/go2_ros2_ws/install/unitree_api/share/unitree_api/environment/path.dsv
[2.945s] -- Up-to-date: /home/unitree/go2_ros2_ws/install/unitree_api/share/unitree_api/local_setup.bash
[2.945s] -- Up-to-date: /home/unitree/go2_ros2_ws/install/unitree_api/share/unitree_api/local_setup.sh
[2.946s] -- Up-to-date: /home/unitree/go2_ros2_ws/install/unitree_api/share/unitree_api/local_setup.zsh
[2.946s] -- Up-to-date: /home/unitree/go2_ros2_ws/install/unitree_api/share/unitree_api/local_setup.dsv
[2.946s] -- Installing: /home/unitree/go2_ros2_ws/install/unitree_api/share/unitree_api/package.dsv
[2.946s] -- Up-to-date: /home/unitree/go2_ros2_ws/install/unitree_api/share/ament_index/resource_index/packages/unitree_api
[2.946s] -- Up-to-date: /home/unitree/go2_ros2_ws/install/unitree_api/share/unitree_api/cmake/unitree_api__rosidl_generator_cExport.cmake
[2.946s] -- Up-to-date: /home/unitree/go2_ros2_ws/install/unitree_api/share/unitree_api/cmake/unitree_api__rosidl_generator_cExport-noconfig.cmake
[2.946s] -- Up-to-date: /home/unitree/go2_ros2_ws/install/unitree_api/share/unitree_api/cmake/unitree_api__rosidl_typesupport_introspection_cExport.cmake
[2.946s] -- Up-to-date: /home/unitree/go2_ros2_ws/install/unitree_api/share/unitree_api/cmake/unitree_api__rosidl_typesupport_introspection_cExport-noconfig.cmake
[2.947s] -- Up-to-date: /home/unitree/go2_ros2_ws/install/unitree_api/share/unitree_api/cmake/unitree_api__rosidl_typesupport_cExport.cmake
[2.947s] -- Up-to-date: /home/unitree/go2_ros2_ws/install/unitree_api/share/unitree_api/cmake/unitree_api__rosidl_typesupport_cExport-noconfig.cmake
[2.947s] -- Up-to-date: /home/unitree/go2_ros2_ws/install/unitree_api/share/unitree_api/cmake/unitree_api__rosidl_generator_cppExport.cmake
[2.947s] -- Up-to-date: /home/unitree/go2_ros2_ws/install/unitree_api/share/unitree_api/cmake/unitree_api__rosidl_typesupport_introspection_cppExport.cmake
[2.947s] -- Up-to-date: /home/unitree/go2_ros2_ws/install/unitree_api/share/unitree_api/cmake/unitree_api__rosidl_typesupport_introspection_cppExport-noconfig.cmake
[2.948s] -- Up-to-date: /home/unitree/go2_ros2_ws/install/unitree_api/share/unitree_api/cmake/unitree_api__rosidl_typesupport_cppExport.cmake
[2.948s] -- Up-to-date: /home/unitree/go2_ros2_ws/install/unitree_api/share/unitree_api/cmake/unitree_api__rosidl_typesupport_cppExport-noconfig.cmake
[2.949s] -- Up-to-date: /home/unitree/go2_ros2_ws/install/unitree_api/share/unitree_api/cmake/rosidl_cmake-extras.cmake
[2.950s] -- Up-to-date: /home/unitree/go2_ros2_ws/install/unitree_api/share/unitree_api/cmake/ament_cmake_export_dependencies-extras.cmake
[2.950s] -- Up-to-date: /home/unitree/go2_ros2_ws/install/unitree_api/share/unitree_api/cmake/ament_cmake_export_libraries-extras.cmake
[2.951s] -- Up-to-date: /home/unitree/go2_ros2_ws/install/unitree_api/share/unitree_api/cmake/ament_cmake_export_targets-extras.cmake
[2.951s] -- Up-to-date: /home/unitree/go2_ros2_ws/install/unitree_api/share/unitree_api/cmake/ament_cmake_export_include_directories-extras.cmake
[2.951s] -- Up-to-date: /home/unitree/go2_ros2_ws/install/unitree_api/share/unitree_api/cmake/rosidl_cmake_export_typesupport_libraries-extras.cmake
[2.951s] -- Up-to-date: /home/unitree/go2_ros2_ws/install/unitree_api/share/unitree_api/cmake/rosidl_cmake_export_typesupport_targets-extras.cmake
[2.951s] -- Up-to-date: /home/unitree/go2_ros2_ws/install/unitree_api/share/unitree_api/cmake/unitree_apiConfig.cmake
[2.951s] -- Up-to-date: /home/unitree/go2_ros2_ws/install/unitree_api/share/unitree_api/cmake/unitree_apiConfig-version.cmake
[2.952s] -- Up-to-date: /home/unitree/go2_ros2_ws/install/unitree_api/share/unitree_api/package.xml
[2.952s] Invoked command in '/home/unitree/go2_ros2_ws/build/unitree_api' returned '0': CMAKE_PREFIX_PATH=${CMAKE_PREFIX_PATH}:/opt/ros/foxy /usr/bin/cmake --install /home/unitree/go2_ros2_ws/build/unitree_api
