[ 40%] Built target go2_sport_api
[100%] Built target vel_ctrl
-- Install configuration: ""
-- Up-to-date: /home/unitree/go2_ros2_ws/install/go2_sport_api/include/include
-- Up-to-date: /home/unitree/go2_ros2_ws/install/go2_sport_api/include/include/nlohmann
-- Up-to-date: /home/unitree/go2_ros2_ws/install/go2_sport_api/include/include/nlohmann/json_fwd.hpp
-- Up-to-date: /home/unitree/go2_ros2_ws/install/go2_sport_api/include/include/nlohmann/ordered_map.hpp
-- Up-to-date: /home/unitree/go2_ros2_ws/install/go2_sport_api/include/include/nlohmann/detail
-- Up-to-date: /home/unitree/go2_ros2_ws/install/go2_sport_api/include/include/nlohmann/detail/conversions
-- Up-to-date: /home/unitree/go2_ros2_ws/install/go2_sport_api/include/include/nlohmann/detail/conversions/to_chars.hpp
-- Up-to-date: /home/unitree/go2_ros2_ws/install/go2_sport_api/include/include/nlohmann/detail/conversions/from_json.hpp
-- Up-to-date: /home/unitree/go2_ros2_ws/install/go2_sport_api/include/include/nlohmann/detail/conversions/to_json.hpp
-- Up-to-date: /home/unitree/go2_ros2_ws/install/go2_sport_api/include/include/nlohmann/detail/exceptions.hpp
-- Up-to-date: /home/unitree/go2_ros2_ws/install/go2_sport_api/include/include/nlohmann/detail/string_escape.hpp
-- Up-to-date: /home/unitree/go2_ros2_ws/install/go2_sport_api/include/include/nlohmann/detail/output
-- Up-to-date: /home/unitree/go2_ros2_ws/install/go2_sport_api/include/include/nlohmann/detail/output/binary_writer.hpp
-- Up-to-date: /home/unitree/go2_ros2_ws/install/go2_sport_api/include/include/nlohmann/detail/output/output_adapters.hpp
-- Up-to-date: /home/unitree/go2_ros2_ws/install/go2_sport_api/include/include/nlohmann/detail/output/serializer.hpp
-- Up-to-date: /home/unitree/go2_ros2_ws/install/go2_sport_api/include/include/nlohmann/detail/abi_macros.hpp
-- Up-to-date: /home/unitree/go2_ros2_ws/install/go2_sport_api/include/include/nlohmann/detail/input
-- Up-to-date: /home/unitree/go2_ros2_ws/install/go2_sport_api/include/include/nlohmann/detail/input/position_t.hpp
-- Up-to-date: /home/unitree/go2_ros2_ws/install/go2_sport_api/include/include/nlohmann/detail/input/lexer.hpp
-- Up-to-date: /home/unitree/go2_ros2_ws/install/go2_sport_api/include/include/nlohmann/detail/input/json_sax.hpp
-- Up-to-date: /home/unitree/go2_ros2_ws/install/go2_sport_api/include/include/nlohmann/detail/input/binary_reader.hpp
-- Up-to-date: /home/unitree/go2_ros2_ws/install/go2_sport_api/include/include/nlohmann/detail/input/input_adapters.hpp
-- Up-to-date: /home/unitree/go2_ros2_ws/install/go2_sport_api/include/include/nlohmann/detail/input/parser.hpp
-- Up-to-date: /home/unitree/go2_ros2_ws/install/go2_sport_api/include/include/nlohmann/detail/json_pointer.hpp
-- Up-to-date: /home/unitree/go2_ros2_ws/install/go2_sport_api/include/include/nlohmann/detail/macro_scope.hpp
-- Up-to-date: /home/unitree/go2_ros2_ws/install/go2_sport_api/include/include/nlohmann/detail/hash.hpp
-- Up-to-date: /home/unitree/go2_ros2_ws/install/go2_sport_api/include/include/nlohmann/detail/meta
-- Up-to-date: /home/unitree/go2_ros2_ws/install/go2_sport_api/include/include/nlohmann/detail/meta/std_fs.hpp
-- Up-to-date: /home/unitree/go2_ros2_ws/install/go2_sport_api/include/include/nlohmann/detail/meta/identity_tag.hpp
-- Up-to-date: /home/unitree/go2_ros2_ws/install/go2_sport_api/include/include/nlohmann/detail/meta/detected.hpp
-- Up-to-date: /home/unitree/go2_ros2_ws/install/go2_sport_api/include/include/nlohmann/detail/meta/void_t.hpp
-- Up-to-date: /home/unitree/go2_ros2_ws/install/go2_sport_api/include/include/nlohmann/detail/meta/call_std
-- Up-to-date: /home/unitree/go2_ros2_ws/install/go2_sport_api/include/include/nlohmann/detail/meta/call_std/begin.hpp
-- Up-to-date: /home/unitree/go2_ros2_ws/install/go2_sport_api/include/include/nlohmann/detail/meta/call_std/end.hpp
-- Up-to-date: /home/unitree/go2_ros2_ws/install/go2_sport_api/include/include/nlohmann/detail/meta/type_traits.hpp
-- Up-to-date: /home/unitree/go2_ros2_ws/install/go2_sport_api/include/include/nlohmann/detail/meta/cpp_future.hpp
-- Up-to-date: /home/unitree/go2_ros2_ws/install/go2_sport_api/include/include/nlohmann/detail/meta/is_sax.hpp
-- Up-to-date: /home/unitree/go2_ros2_ws/install/go2_sport_api/include/include/nlohmann/detail/json_ref.hpp
-- Up-to-date: /home/unitree/go2_ros2_ws/install/go2_sport_api/include/include/nlohmann/detail/value_t.hpp
-- Up-to-date: /home/unitree/go2_ros2_ws/install/go2_sport_api/include/include/nlohmann/detail/string_concat.hpp
-- Up-to-date: /home/unitree/go2_ros2_ws/install/go2_sport_api/include/include/nlohmann/detail/json_custom_base_class.hpp
-- Up-to-date: /home/unitree/go2_ros2_ws/install/go2_sport_api/include/include/nlohmann/detail/macro_unscope.hpp
-- Up-to-date: /home/unitree/go2_ros2_ws/install/go2_sport_api/include/include/nlohmann/detail/iterators
-- Up-to-date: /home/unitree/go2_ros2_ws/install/go2_sport_api/include/include/nlohmann/detail/iterators/primitive_iterator.hpp
-- Up-to-date: /home/unitree/go2_ros2_ws/install/go2_sport_api/include/include/nlohmann/detail/iterators/iteration_proxy.hpp
-- Up-to-date: /home/unitree/go2_ros2_ws/install/go2_sport_api/include/include/nlohmann/detail/iterators/json_reverse_iterator.hpp
-- Up-to-date: /home/unitree/go2_ros2_ws/install/go2_sport_api/include/include/nlohmann/detail/iterators/internal_iterator.hpp
-- Up-to-date: /home/unitree/go2_ros2_ws/install/go2_sport_api/include/include/nlohmann/detail/iterators/iterator_traits.hpp
-- Up-to-date: /home/unitree/go2_ros2_ws/install/go2_sport_api/include/include/nlohmann/detail/iterators/iter_impl.hpp
-- Up-to-date: /home/unitree/go2_ros2_ws/install/go2_sport_api/include/include/nlohmann/json.hpp
-- Up-to-date: /home/unitree/go2_ros2_ws/install/go2_sport_api/include/include/nlohmann/byte_container_with_subtype.hpp
-- Up-to-date: /home/unitree/go2_ros2_ws/install/go2_sport_api/include/include/nlohmann/adl_serializer.hpp
-- Up-to-date: /home/unitree/go2_ros2_ws/install/go2_sport_api/include/include/nlohmann/thirdparty
-- Up-to-date: /home/unitree/go2_ros2_ws/install/go2_sport_api/include/include/nlohmann/thirdparty/hedley
-- Up-to-date: /home/unitree/go2_ros2_ws/install/go2_sport_api/include/include/nlohmann/thirdparty/hedley/hedley.hpp
-- Up-to-date: /home/unitree/go2_ros2_ws/install/go2_sport_api/include/include/nlohmann/thirdparty/hedley/hedley_undef.hpp
-- Up-to-date: /home/unitree/go2_ros2_ws/install/go2_sport_api/include/include/common
-- Up-to-date: /home/unitree/go2_ros2_ws/install/go2_sport_api/include/include/common/motor_crc.h
-- Up-to-date: /home/unitree/go2_ros2_ws/install/go2_sport_api/include/include/common/ros2_sport_client.h
-- Up-to-date: /home/unitree/go2_ros2_ws/install/go2_sport_api/lib/go2_sport_api/vel_ctrl
-- Up-to-date: /home/unitree/go2_ros2_ws/install/go2_sport_api/lib/libgo2_sport_api.so
-- Up-to-date: /home/unitree/go2_ros2_ws/install/go2_sport_api/share/go2_sport_api/environment/library_path.sh
-- Up-to-date: /home/unitree/go2_ros2_ws/install/go2_sport_api/share/go2_sport_api/environment/library_path.dsv
-- Up-to-date: /home/unitree/go2_ros2_ws/install/go2_sport_api/share/ament_index/resource_index/package_run_dependencies/go2_sport_api
-- Up-to-date: /home/unitree/go2_ros2_ws/install/go2_sport_api/share/ament_index/resource_index/parent_prefix_path/go2_sport_api
-- Up-to-date: /home/unitree/go2_ros2_ws/install/go2_sport_api/share/go2_sport_api/environment/ament_prefix_path.sh
-- Up-to-date: /home/unitree/go2_ros2_ws/install/go2_sport_api/share/go2_sport_api/environment/ament_prefix_path.dsv
-- Up-to-date: /home/unitree/go2_ros2_ws/install/go2_sport_api/share/go2_sport_api/environment/path.sh
-- Up-to-date: /home/unitree/go2_ros2_ws/install/go2_sport_api/share/go2_sport_api/environment/path.dsv
-- Up-to-date: /home/unitree/go2_ros2_ws/install/go2_sport_api/share/go2_sport_api/local_setup.bash
-- Up-to-date: /home/unitree/go2_ros2_ws/install/go2_sport_api/share/go2_sport_api/local_setup.sh
-- Up-to-date: /home/unitree/go2_ros2_ws/install/go2_sport_api/share/go2_sport_api/local_setup.zsh
-- Up-to-date: /home/unitree/go2_ros2_ws/install/go2_sport_api/share/go2_sport_api/local_setup.dsv
-- Installing: /home/unitree/go2_ros2_ws/install/go2_sport_api/share/go2_sport_api/package.dsv
-- Up-to-date: /home/unitree/go2_ros2_ws/install/go2_sport_api/share/ament_index/resource_index/packages/go2_sport_api
-- Up-to-date: /home/unitree/go2_ros2_ws/install/go2_sport_api/share/go2_sport_api/cmake/export_go2_sport_apiExport.cmake
-- Up-to-date: /home/unitree/go2_ros2_ws/install/go2_sport_api/share/go2_sport_api/cmake/export_go2_sport_apiExport-noconfig.cmake
-- Up-to-date: /home/unitree/go2_ros2_ws/install/go2_sport_api/share/go2_sport_api/cmake/ament_cmake_export_dependencies-extras.cmake
-- Up-to-date: /home/unitree/go2_ros2_ws/install/go2_sport_api/share/go2_sport_api/cmake/ament_cmake_export_libraries-extras.cmake
-- Up-to-date: /home/unitree/go2_ros2_ws/install/go2_sport_api/share/go2_sport_api/cmake/ament_cmake_export_include_directories-extras.cmake
-- Up-to-date: /home/unitree/go2_ros2_ws/install/go2_sport_api/share/go2_sport_api/cmake/ament_cmake_export_targets-extras.cmake
-- Up-to-date: /home/unitree/go2_ros2_ws/install/go2_sport_api/share/go2_sport_api/cmake/go2_sport_apiConfig.cmake
-- Up-to-date: /home/unitree/go2_ros2_ws/install/go2_sport_api/share/go2_sport_api/cmake/go2_sport_apiConfig-version.cmake
-- Up-to-date: /home/unitree/go2_ros2_ws/install/go2_sport_api/share/go2_sport_api/package.xml
