[0.338s] Invoking command in '/home/unitree/go2_ros2_ws/build/go2_perception': CMAKE_PREFIX_PATH=${CMAKE_PREFIX_PATH}:/opt/ros/foxy /usr/bin/cmake /home/unitree/go2_ros2_ws/src/go2_ros2_toolbox/go2_perception -DCMAKE_INSTALL_PREFIX=/home/unitree/go2_ros2_ws/install/go2_perception
[0.539s] -- The C compiler identification is GNU 9.4.0
[0.688s] -- The CXX compiler identification is GNU 9.4.0
[0.702s] -- Check for working C compiler: /usr/bin/cc
[0.845s] -- Check for working C compiler: /usr/bin/cc -- works
[0.848s] -- Detecting C compiler ABI info
[0.994s] -- Detecting C compiler ABI info - done
[1.029s] -- Detecting C compile features
[1.030s] -- Detecting C compile features - done
[1.037s] -- Check for working CXX compiler: /usr/bin/c++
[1.196s] -- Check for working CXX compiler: /usr/bin/c++ -- works
[1.200s] -- Detecting CXX compiler ABI info
[1.365s] -- Detecting CXX compiler ABI info - done
[1.401s] -- Detecting CXX compile features
[1.402s] -- Detecting CXX compile features - done
[1.413s] -- Found ament_cmake: 0.9.12 (/opt/ros/foxy/share/ament_cmake/cmake)
[1.468s] -- Found PythonInterp: /usr/bin/python3 (found suitable version "3.8.10", minimum required is "3") 
[1.469s] -- Using PYTHON_EXECUTABLE: /usr/bin/python3
[1.913s] -- Found laser_geometry: 2.2.0 (/opt/ros/foxy/share/laser_geometry/cmake)
[1.933s] -- Found message_filters: 3.2.7 (/opt/ros/foxy/share/message_filters/cmake)
[1.940s] -- Found rclcpp: 2.4.3 (/opt/ros/foxy/share/rclcpp/cmake)
[2.043s] -- Using all available rosidl_typesupport_c: rosidl_typesupport_fastrtps_c;rosidl_typesupport_introspection_c
[2.060s] -- Found rosidl_adapter: 1.3.1 (/opt/ros/foxy/share/rosidl_adapter/cmake)
[2.268s] -- Found OpenSSL: /usr/lib/aarch64-linux-gnu/libcrypto.so (found version "1.1.1f")  
[2.335s] -- Found FastRTPS: /opt/ros/foxy/include  
[2.503s] -- Using all available rosidl_typesupport_cpp: rosidl_typesupport_fastrtps_cpp;rosidl_typesupport_introspection_cpp
[2.621s] -- Found rmw_implementation_cmake: 1.0.4 (/opt/ros/foxy/share/rmw_implementation_cmake/cmake)
[2.626s] -- Using RMW implementation 'rmw_cyclonedds_cpp' as default
[2.628s] -- Looking for pthread.h
[2.780s] -- Looking for pthread.h - found
[2.781s] -- Performing Test CMAKE_HAVE_LIBC_PTHREAD
[2.933s] -- Performing Test CMAKE_HAVE_LIBC_PTHREAD - Failed
[2.934s] -- Looking for pthread_create in pthreads
[3.071s] -- Looking for pthread_create in pthreads - not found
[3.071s] -- Looking for pthread_create in pthread
[3.220s] -- Looking for pthread_create in pthread - found
[3.223s] -- Found Threads: TRUE  
[3.535s] -- Found rclcpp_components: 2.4.3 (/opt/ros/foxy/share/rclcpp_components/cmake)
[3.654s] -- Found sensor_msgs: 2.0.5 (/opt/ros/foxy/share/sensor_msgs/cmake)
[3.872s] -- Found tf2: 0.13.14 (/opt/ros/foxy/share/tf2/cmake)
[3.891s] -- Found tf2_ros: 0.13.14 (/opt/ros/foxy/share/tf2_ros/cmake)
[4.400s] -- Found tf2_sensor_msgs: 0.13.14 (/opt/ros/foxy/share/tf2_sensor_msgs/cmake)
[4.531s] -- Found ament_lint_auto: 0.9.8 (/opt/ros/foxy/share/ament_lint_auto/cmake)
[4.700s] -- Added test 'copyright' to check source files copyright and LICENSE
[4.703s] -- Added test 'cppcheck' to perform static code analysis on C / C++ code
[4.703s] -- Configured cppcheck include dirs: /home/unitree/go2_ros2_ws/src/go2_ros2_toolbox/go2_perception/include
[4.704s] -- Configured cppcheck exclude dirs and/or files: 
[4.706s] -- Added test 'cpplint' to check C / C++ code against the Google style
[4.706s] -- Configured cpplint exclude dirs and/or files: 
[4.707s] -- Added test 'flake8' to check Python code syntax and style conventions
[4.709s] -- Added test 'lint_cmake' to check CMake code style
[4.710s] -- Added test 'pep257' to check Python code against some of the style conventions in PEP 257
[4.712s] -- Added test 'uncrustify' to check C / C++ code style
[4.712s] -- Configured uncrustify additional arguments: 
[4.713s] -- Added test 'xmllint' to check XML markup files
[4.722s] -- Configuring done
[4.778s] -- Generating done
[4.781s] -- Build files have been written to: /home/unitree/go2_ros2_ws/build/go2_perception
[4.806s] Invoked command in '/home/unitree/go2_ros2_ws/build/go2_perception' returned '0': CMAKE_PREFIX_PATH=${CMAKE_PREFIX_PATH}:/opt/ros/foxy /usr/bin/cmake /home/unitree/go2_ros2_ws/src/go2_ros2_toolbox/go2_perception -DCMAKE_INSTALL_PREFIX=/home/unitree/go2_ros2_ws/install/go2_perception
[4.813s] Invoking command in '/home/unitree/go2_ros2_ws/build/go2_perception': CMAKE_PREFIX_PATH=${CMAKE_PREFIX_PATH}:/opt/ros/foxy /usr/bin/cmake --build /home/unitree/go2_ros2_ws/build/go2_perception -- -j6 -l6
[4.905s] [35m[1mScanning dependencies of target pointcloud_to_laserscan_node[0m
[4.905s] [35m[1mScanning dependencies of target cloud_accumulation[0m
[4.906s] [35m[1mScanning dependencies of target pointcloud_to_laserscan[0m
[5.033s] [ 33%] [32mBuilding CXX object CMakeFiles/cloud_accumulation.dir/src/cloud_accumulation.cpp.o[0m
[5.033s] [ 33%] [32mBuilding CXX object CMakeFiles/pointcloud_to_laserscan_node.dir/rclcpp_components/node_main_pointcloud_to_laserscan_node.cpp.o[0m
[5.116s] [ 50%] [32mBuilding CXX object CMakeFiles/pointcloud_to_laserscan.dir/src/pointcloud_to_laserscan_node.cpp.o[0m
[10.060s] [ 66%] [32m[1mLinking CXX executable pointcloud_to_laserscan_node[0m
[10.347s] [ 66%] Built target pointcloud_to_laserscan_node
[17.142s] [ 83%] [32m[1mLinking CXX executable cloud_accumulation[0m
[17.705s] [ 83%] Built target cloud_accumulation
[28.240s] [100%] [32m[1mLinking CXX shared library libpointcloud_to_laserscan.so[0m
[29.175s] [100%] Built target pointcloud_to_laserscan
[29.203s] Invoked command in '/home/unitree/go2_ros2_ws/build/go2_perception' returned '0': CMAKE_PREFIX_PATH=${CMAKE_PREFIX_PATH}:/opt/ros/foxy /usr/bin/cmake --build /home/unitree/go2_ros2_ws/build/go2_perception -- -j6 -l6
[29.294s] Invoking command in '/home/unitree/go2_ros2_ws/build/go2_perception': CMAKE_PREFIX_PATH=${CMAKE_PREFIX_PATH}:/opt/ros/foxy /usr/bin/cmake --install /home/unitree/go2_ros2_ws/build/go2_perception
[29.314s] -- Install configuration: ""
[29.315s] -- Installing: /home/unitree/go2_ros2_ws/install/go2_perception/lib/go2_perception/pointcloud_to_laserscan_node
[29.316s] -- Set runtime path of "/home/unitree/go2_ros2_ws/install/go2_perception/lib/go2_perception/pointcloud_to_laserscan_node" to ""
[29.316s] -- Installing: /home/unitree/go2_ros2_ws/install/go2_perception/lib/libpointcloud_to_laserscan.so
[29.328s] -- Set runtime path of "/home/unitree/go2_ros2_ws/install/go2_perception/lib/libpointcloud_to_laserscan.so" to ""
[29.328s] -- Installing: /home/unitree/go2_ros2_ws/install/go2_perception/lib/go2_perception/cloud_accumulation
[29.333s] -- Set runtime path of "/home/unitree/go2_ros2_ws/install/go2_perception/lib/go2_perception/cloud_accumulation" to ""
[29.334s] -- Installing: /home/unitree/go2_ros2_ws/install/go2_perception/share/go2_perception/launch
[29.334s] -- Installing: /home/unitree/go2_ros2_ws/install/go2_perception/share/go2_perception/launch/go2_pointcloud_process.launch.py.bak.20260710_193313
[29.334s] -- Installing: /home/unitree/go2_ros2_ws/install/go2_perception/share/go2_perception/launch/go2_pointcloud_process.launch.py
[29.335s] -- Installing: /home/unitree/go2_ros2_ws/install/go2_perception/share/go2_perception/environment/pythonpath.sh
[29.335s] -- Installing: /home/unitree/go2_ros2_ws/install/go2_perception/share/go2_perception/environment/pythonpath.dsv
[29.335s] -- Installing: /home/unitree/go2_ros2_ws/install/go2_perception/lib/python3.8/site-packages/go2_perception
[29.335s] -- Installing: /home/unitree/go2_ros2_ws/install/go2_perception/lib/python3.8/site-packages/go2_perception/__init__.py
[29.392s] Listing '/home/unitree/go2_ros2_ws/install/go2_perception/lib/python3.8/site-packages/go2_perception'...
[29.392s] Compiling '/home/unitree/go2_ros2_ws/install/go2_perception/lib/python3.8/site-packages/go2_perception/__init__.py'...
[29.401s] -- Installing: /home/unitree/go2_ros2_ws/install/go2_perception/share/ament_index/resource_index/package_run_dependencies/go2_perception
[29.402s] -- Installing: /home/unitree/go2_ros2_ws/install/go2_perception/share/ament_index/resource_index/parent_prefix_path/go2_perception
[29.402s] -- Installing: /home/unitree/go2_ros2_ws/install/go2_perception/share/go2_perception/environment/ament_prefix_path.sh
[29.402s] -- Installing: /home/unitree/go2_ros2_ws/install/go2_perception/share/go2_perception/environment/ament_prefix_path.dsv
[29.403s] -- Installing: /home/unitree/go2_ros2_ws/install/go2_perception/share/go2_perception/environment/path.sh
[29.403s] -- Installing: /home/unitree/go2_ros2_ws/install/go2_perception/share/go2_perception/environment/path.dsv
[29.404s] -- Installing: /home/unitree/go2_ros2_ws/install/go2_perception/share/go2_perception/local_setup.bash
[29.404s] -- Installing: /home/unitree/go2_ros2_ws/install/go2_perception/share/go2_perception/local_setup.sh
[29.405s] -- Installing: /home/unitree/go2_ros2_ws/install/go2_perception/share/go2_perception/local_setup.zsh
[29.405s] -- Installing: /home/unitree/go2_ros2_ws/install/go2_perception/share/go2_perception/local_setup.dsv
[29.405s] -- Installing: /home/unitree/go2_ros2_ws/install/go2_perception/share/go2_perception/package.dsv
[29.405s] -- Installing: /home/unitree/go2_ros2_ws/install/go2_perception/share/ament_index/resource_index/packages/go2_perception
[29.406s] -- Installing: /home/unitree/go2_ros2_ws/install/go2_perception/share/ament_index/resource_index/rclcpp_components/go2_perception
[29.406s] -- Installing: /home/unitree/go2_ros2_ws/install/go2_perception/share/go2_perception/cmake/go2_perceptionConfig.cmake
[29.406s] -- Installing: /home/unitree/go2_ros2_ws/install/go2_perception/share/go2_perception/cmake/go2_perceptionConfig-version.cmake
[29.406s] -- Installing: /home/unitree/go2_ros2_ws/install/go2_perception/share/go2_perception/package.xml
[29.410s] Invoked command in '/home/unitree/go2_ros2_ws/build/go2_perception' returned '0': CMAKE_PREFIX_PATH=${CMAKE_PREFIX_PATH}:/opt/ros/foxy /usr/bin/cmake --install /home/unitree/go2_ros2_ws/build/go2_perception
