[4.693s] DEBUG:colcon:Command line arguments: ['/usr/bin/colcon', 'build', '--packages-select', 'go2_perception', 'go2_navigation']
[4.693s] DEBUG:colcon:Parsed command line arguments: Namespace(allow_overriding=[], ament_cmake_args=None, base_paths=['.'], build_base='build', catkin_cmake_args=None, catkin_skip_building_tests=False, cmake_args=None, cmake_clean_cache=False, cmake_clean_first=False, cmake_force_configure=False, cmake_target=None, cmake_target_skip_unavailable=False, continue_on_error=False, event_handlers=None, executor='parallel', ignore_user_meta=False, install_base='install', log_base=None, log_level=None, main=<bound method BuildVerb.main of <colcon_core.verb.build.BuildVerb object at 0xffffb98d0bb0>>, merge_install=False, metas=['./colcon.meta'], packages_above=None, packages_above_and_dependencies=None, packages_above_depth=None, packages_end=None, packages_ignore=None, packages_ignore_regex=None, packages_select=['go2_perception', 'go2_navigation'], packages_select_build_failed=False, packages_select_by_dep=None, packages_select_regex=None, packages_select_test_failures=False, packages_skip=None, packages_skip_build_finished=False, packages_skip_by_dep=None, packages_skip_regex=None, packages_skip_test_passed=False, packages_skip_up_to=None, packages_start=None, packages_up_to=None, packages_up_to_regex=None, parallel_workers=6, paths=None, symlink_install=False, test_result_base=None, verb_extension=<colcon_core.verb.build.BuildVerb object at 0xffffb98d0bb0>, verb_name='build', verb_parser=<colcon_defaults.argument_parser.defaults.DefaultArgumentsDecorator object at 0xffffb982a5b0>)
[4.905s] Level 1:colcon.colcon_core.package_discovery:discover_packages(colcon_meta) check parameters
[4.905s] Level 1:colcon.colcon_core.package_discovery:discover_packages(recursive) check parameters
[4.905s] Level 1:colcon.colcon_core.package_discovery:discover_packages(ignore) check parameters
[4.905s] Level 1:colcon.colcon_core.package_discovery:discover_packages(path) check parameters
[4.906s] Level 1:colcon.colcon_core.package_discovery:discover_packages(colcon_meta) discover
[4.906s] Level 1:colcon.colcon_core.package_discovery:discover_packages(recursive) discover
[4.906s] INFO:colcon.colcon_core.package_discovery:Crawling recursively for packages in '/home/unitree/go2_ros2_ws'
[4.906s] Level 1:colcon.colcon_core.package_identification:_identify(.) by extensions ['ignore', 'ignore_ament_install']
[4.906s] Level 1:colcon.colcon_core.package_identification:_identify(.) by extension 'ignore'
[4.906s] Level 1:colcon.colcon_core.package_identification:_identify(.) by extension 'ignore_ament_install'
[4.907s] Level 1:colcon.colcon_core.package_identification:_identify(.) by extensions ['colcon_pkg']
[4.907s] Level 1:colcon.colcon_core.package_identification:_identify(.) by extension 'colcon_pkg'
[4.907s] Level 1:colcon.colcon_core.package_identification:_identify(.) by extensions ['colcon_meta']
[4.907s] Level 1:colcon.colcon_core.package_identification:_identify(.) by extension 'colcon_meta'
[4.907s] Level 1:colcon.colcon_core.package_identification:_identify(.) by extensions ['ros']
[4.907s] Level 1:colcon.colcon_core.package_identification:_identify(.) by extension 'ros'
[4.953s] Level 1:colcon.colcon_core.package_identification:_identify(.) by extensions ['cmake', 'python']
[4.953s] Level 1:colcon.colcon_core.package_identification:_identify(.) by extension 'cmake'
[4.953s] Level 1:colcon.colcon_core.package_identification:_identify(.) by extension 'python'
[4.953s] Level 1:colcon.colcon_core.package_identification:_identify(.) by extensions ['python_setup_py']
[4.953s] Level 1:colcon.colcon_core.package_identification:_identify(.) by extension 'python_setup_py'
[4.954s] Level 1:colcon.colcon_core.package_identification:_identify(build) by extensions ['ignore', 'ignore_ament_install']
[4.954s] Level 1:colcon.colcon_core.package_identification:_identify(build) by extension 'ignore'
[4.954s] Level 1:colcon.colcon_core.package_identification:_identify(build) ignored
[4.954s] Level 1:colcon.colcon_core.package_identification:_identify(install) by extensions ['ignore', 'ignore_ament_install']
[4.954s] Level 1:colcon.colcon_core.package_identification:_identify(install) by extension 'ignore'
[4.954s] Level 1:colcon.colcon_core.package_identification:_identify(install) ignored
[4.955s] Level 1:colcon.colcon_core.package_identification:_identify(log) by extensions ['ignore', 'ignore_ament_install']
[4.955s] Level 1:colcon.colcon_core.package_identification:_identify(log) by extension 'ignore'
[4.955s] Level 1:colcon.colcon_core.package_identification:_identify(log) ignored
[4.955s] Level 1:colcon.colcon_core.package_identification:_identify(src) by extensions ['ignore', 'ignore_ament_install']
[4.955s] Level 1:colcon.colcon_core.package_identification:_identify(src) by extension 'ignore'
[4.955s] Level 1:colcon.colcon_core.package_identification:_identify(src) by extension 'ignore_ament_install'
[4.956s] Level 1:colcon.colcon_core.package_identification:_identify(src) by extensions ['colcon_pkg']
[4.956s] Level 1:colcon.colcon_core.package_identification:_identify(src) by extension 'colcon_pkg'
[4.956s] Level 1:colcon.colcon_core.package_identification:_identify(src) by extensions ['colcon_meta']
[4.956s] Level 1:colcon.colcon_core.package_identification:_identify(src) by extension 'colcon_meta'
[4.956s] Level 1:colcon.colcon_core.package_identification:_identify(src) by extensions ['ros']
[4.956s] Level 1:colcon.colcon_core.package_identification:_identify(src) by extension 'ros'
[4.956s] Level 1:colcon.colcon_core.package_identification:_identify(src) by extensions ['cmake', 'python']
[4.956s] Level 1:colcon.colcon_core.package_identification:_identify(src) by extension 'cmake'
[4.956s] Level 1:colcon.colcon_core.package_identification:_identify(src) by extension 'python'
[4.957s] Level 1:colcon.colcon_core.package_identification:_identify(src) by extensions ['python_setup_py']
[4.957s] Level 1:colcon.colcon_core.package_identification:_identify(src) by extension 'python_setup_py'
[4.957s] Level 1:colcon.colcon_core.package_identification:_identify(src/go2_ros2_toolbox) by extensions ['ignore', 'ignore_ament_install']
[4.957s] Level 1:colcon.colcon_core.package_identification:_identify(src/go2_ros2_toolbox) by extension 'ignore'
[4.957s] Level 1:colcon.colcon_core.package_identification:_identify(src/go2_ros2_toolbox) by extension 'ignore_ament_install'
[4.957s] Level 1:colcon.colcon_core.package_identification:_identify(src/go2_ros2_toolbox) by extensions ['colcon_pkg']
[4.957s] Level 1:colcon.colcon_core.package_identification:_identify(src/go2_ros2_toolbox) by extension 'colcon_pkg'
[4.957s] Level 1:colcon.colcon_core.package_identification:_identify(src/go2_ros2_toolbox) by extensions ['colcon_meta']
[4.957s] Level 1:colcon.colcon_core.package_identification:_identify(src/go2_ros2_toolbox) by extension 'colcon_meta'
[4.958s] Level 1:colcon.colcon_core.package_identification:_identify(src/go2_ros2_toolbox) by extensions ['ros']
[4.958s] Level 1:colcon.colcon_core.package_identification:_identify(src/go2_ros2_toolbox) by extension 'ros'
[4.958s] Level 1:colcon.colcon_core.package_identification:_identify(src/go2_ros2_toolbox) by extensions ['cmake', 'python']
[4.958s] Level 1:colcon.colcon_core.package_identification:_identify(src/go2_ros2_toolbox) by extension 'cmake'
[4.958s] Level 1:colcon.colcon_core.package_identification:_identify(src/go2_ros2_toolbox) by extension 'python'
[4.958s] Level 1:colcon.colcon_core.package_identification:_identify(src/go2_ros2_toolbox) by extensions ['python_setup_py']
[4.958s] Level 1:colcon.colcon_core.package_identification:_identify(src/go2_ros2_toolbox) by extension 'python_setup_py'
[4.959s] Level 1:colcon.colcon_core.package_identification:_identify(src/go2_ros2_toolbox/asset) by extensions ['ignore', 'ignore_ament_install']
[4.959s] Level 1:colcon.colcon_core.package_identification:_identify(src/go2_ros2_toolbox/asset) by extension 'ignore'
[4.959s] Level 1:colcon.colcon_core.package_identification:_identify(src/go2_ros2_toolbox/asset) by extension 'ignore_ament_install'
[4.959s] Level 1:colcon.colcon_core.package_identification:_identify(src/go2_ros2_toolbox/asset) by extensions ['colcon_pkg']
[4.959s] Level 1:colcon.colcon_core.package_identification:_identify(src/go2_ros2_toolbox/asset) by extension 'colcon_pkg'
[4.959s] Level 1:colcon.colcon_core.package_identification:_identify(src/go2_ros2_toolbox/asset) by extensions ['colcon_meta']
[4.959s] Level 1:colcon.colcon_core.package_identification:_identify(src/go2_ros2_toolbox/asset) by extension 'colcon_meta'
[4.959s] Level 1:colcon.colcon_core.package_identification:_identify(src/go2_ros2_toolbox/asset) by extensions ['ros']
[4.960s] Level 1:colcon.colcon_core.package_identification:_identify(src/go2_ros2_toolbox/asset) by extension 'ros'
[4.960s] Level 1:colcon.colcon_core.package_identification:_identify(src/go2_ros2_toolbox/asset) by extensions ['cmake', 'python']
[4.960s] Level 1:colcon.colcon_core.package_identification:_identify(src/go2_ros2_toolbox/asset) by extension 'cmake'
[4.960s] Level 1:colcon.colcon_core.package_identification:_identify(src/go2_ros2_toolbox/asset) by extension 'python'
[4.960s] Level 1:colcon.colcon_core.package_identification:_identify(src/go2_ros2_toolbox/asset) by extensions ['python_setup_py']
[4.960s] Level 1:colcon.colcon_core.package_identification:_identify(src/go2_ros2_toolbox/asset) by extension 'python_setup_py'
[4.960s] Level 1:colcon.colcon_core.package_identification:_identify(src/go2_ros2_toolbox/go2_core) by extensions ['ignore', 'ignore_ament_install']
[4.961s] Level 1:colcon.colcon_core.package_identification:_identify(src/go2_ros2_toolbox/go2_core) by extension 'ignore'
[4.961s] Level 1:colcon.colcon_core.package_identification:_identify(src/go2_ros2_toolbox/go2_core) by extension 'ignore_ament_install'
[4.961s] Level 1:colcon.colcon_core.package_identification:_identify(src/go2_ros2_toolbox/go2_core) by extensions ['colcon_pkg']
[4.961s] Level 1:colcon.colcon_core.package_identification:_identify(src/go2_ros2_toolbox/go2_core) by extension 'colcon_pkg'
[4.961s] Level 1:colcon.colcon_core.package_identification:_identify(src/go2_ros2_toolbox/go2_core) by extensions ['colcon_meta']
[4.961s] Level 1:colcon.colcon_core.package_identification:_identify(src/go2_ros2_toolbox/go2_core) by extension 'colcon_meta'
[4.961s] Level 1:colcon.colcon_core.package_identification:_identify(src/go2_ros2_toolbox/go2_core) by extensions ['ros']
[4.961s] Level 1:colcon.colcon_core.package_identification:_identify(src/go2_ros2_toolbox/go2_core) by extension 'ros'
[4.968s] DEBUG:colcon.colcon_core.package_identification:Package 'src/go2_ros2_toolbox/go2_core' with type 'ros.ament_cmake' and name 'go2_core'
[4.968s] Level 1:colcon.colcon_core.package_identification:_identify(src/go2_ros2_toolbox/go2_navigation) by extensions ['ignore', 'ignore_ament_install']
[4.969s] Level 1:colcon.colcon_core.package_identification:_identify(src/go2_ros2_toolbox/go2_navigation) by extension 'ignore'
[4.969s] Level 1:colcon.colcon_core.package_identification:_identify(src/go2_ros2_toolbox/go2_navigation) by extension 'ignore_ament_install'
[4.969s] Level 1:colcon.colcon_core.package_identification:_identify(src/go2_ros2_toolbox/go2_navigation) by extensions ['colcon_pkg']
[4.969s] Level 1:colcon.colcon_core.package_identification:_identify(src/go2_ros2_toolbox/go2_navigation) by extension 'colcon_pkg'
[4.969s] Level 1:colcon.colcon_core.package_identification:_identify(src/go2_ros2_toolbox/go2_navigation) by extensions ['colcon_meta']
[4.969s] Level 1:colcon.colcon_core.package_identification:_identify(src/go2_ros2_toolbox/go2_navigation) by extension 'colcon_meta'
[4.969s] Level 1:colcon.colcon_core.package_identification:_identify(src/go2_ros2_toolbox/go2_navigation) by extensions ['ros']
[4.969s] Level 1:colcon.colcon_core.package_identification:_identify(src/go2_ros2_toolbox/go2_navigation) by extension 'ros'
[4.971s] DEBUG:colcon.colcon_core.package_identification:Package 'src/go2_ros2_toolbox/go2_navigation' with type 'ros.ament_cmake' and name 'go2_navigation'
[4.971s] Level 1:colcon.colcon_core.package_identification:_identify(src/go2_ros2_toolbox/go2_perception) by extensions ['ignore', 'ignore_ament_install']
[4.971s] Level 1:colcon.colcon_core.package_identification:_identify(src/go2_ros2_toolbox/go2_perception) by extension 'ignore'
[4.971s] Level 1:colcon.colcon_core.package_identification:_identify(src/go2_ros2_toolbox/go2_perception) by extension 'ignore_ament_install'
[4.971s] Level 1:colcon.colcon_core.package_identification:_identify(src/go2_ros2_toolbox/go2_perception) by extensions ['colcon_pkg']
[4.971s] Level 1:colcon.colcon_core.package_identification:_identify(src/go2_ros2_toolbox/go2_perception) by extension 'colcon_pkg'
[4.972s] Level 1:colcon.colcon_core.package_identification:_identify(src/go2_ros2_toolbox/go2_perception) by extensions ['colcon_meta']
[4.972s] Level 1:colcon.colcon_core.package_identification:_identify(src/go2_ros2_toolbox/go2_perception) by extension 'colcon_meta'
[4.972s] Level 1:colcon.colcon_core.package_identification:_identify(src/go2_ros2_toolbox/go2_perception) by extensions ['ros']
[4.972s] Level 1:colcon.colcon_core.package_identification:_identify(src/go2_ros2_toolbox/go2_perception) by extension 'ros'
[4.973s] DEBUG:colcon.colcon_core.package_identification:Package 'src/go2_ros2_toolbox/go2_perception' with type 'ros.ament_cmake' and name 'go2_perception'
[4.973s] Level 1:colcon.colcon_core.package_identification:_identify(src/go2_ros2_toolbox/go2_slam) by extensions ['ignore', 'ignore_ament_install']
[4.973s] Level 1:colcon.colcon_core.package_identification:_identify(src/go2_ros2_toolbox/go2_slam) by extension 'ignore'
[4.974s] Level 1:colcon.colcon_core.package_identification:_identify(src/go2_ros2_toolbox/go2_slam) by extension 'ignore_ament_install'
[4.974s] Level 1:colcon.colcon_core.package_identification:_identify(src/go2_ros2_toolbox/go2_slam) by extensions ['colcon_pkg']
[4.974s] Level 1:colcon.colcon_core.package_identification:_identify(src/go2_ros2_toolbox/go2_slam) by extension 'colcon_pkg'
[4.974s] Level 1:colcon.colcon_core.package_identification:_identify(src/go2_ros2_toolbox/go2_slam) by extensions ['colcon_meta']
[4.974s] Level 1:colcon.colcon_core.package_identification:_identify(src/go2_ros2_toolbox/go2_slam) by extension 'colcon_meta'
[4.974s] Level 1:colcon.colcon_core.package_identification:_identify(src/go2_ros2_toolbox/go2_slam) by extensions ['ros']
[4.974s] Level 1:colcon.colcon_core.package_identification:_identify(src/go2_ros2_toolbox/go2_slam) by extension 'ros'
[4.975s] DEBUG:colcon.colcon_core.package_identification:Package 'src/go2_ros2_toolbox/go2_slam' with type 'ros.ament_cmake' and name 'go2_slam'
[4.975s] Level 1:colcon.colcon_core.package_identification:_identify(src/go2_ros2_toolbox/scripts) by extensions ['ignore', 'ignore_ament_install']
[4.976s] Level 1:colcon.colcon_core.package_identification:_identify(src/go2_ros2_toolbox/scripts) by extension 'ignore'
[4.976s] Level 1:colcon.colcon_core.package_identification:_identify(src/go2_ros2_toolbox/scripts) by extension 'ignore_ament_install'
[4.976s] Level 1:colcon.colcon_core.package_identification:_identify(src/go2_ros2_toolbox/scripts) by extensions ['colcon_pkg']
[4.976s] Level 1:colcon.colcon_core.package_identification:_identify(src/go2_ros2_toolbox/scripts) by extension 'colcon_pkg'
[4.976s] Level 1:colcon.colcon_core.package_identification:_identify(src/go2_ros2_toolbox/scripts) by extensions ['colcon_meta']
[4.976s] Level 1:colcon.colcon_core.package_identification:_identify(src/go2_ros2_toolbox/scripts) by extension 'colcon_meta'
[4.976s] Level 1:colcon.colcon_core.package_identification:_identify(src/go2_ros2_toolbox/scripts) by extensions ['ros']
[4.976s] Level 1:colcon.colcon_core.package_identification:_identify(src/go2_ros2_toolbox/scripts) by extension 'ros'
[4.977s] Level 1:colcon.colcon_core.package_identification:_identify(src/go2_ros2_toolbox/scripts) by extensions ['cmake', 'python']
[4.977s] Level 1:colcon.colcon_core.package_identification:_identify(src/go2_ros2_toolbox/scripts) by extension 'cmake'
[4.977s] Level 1:colcon.colcon_core.package_identification:_identify(src/go2_ros2_toolbox/scripts) by extension 'python'
[4.977s] Level 1:colcon.colcon_core.package_identification:_identify(src/go2_ros2_toolbox/scripts) by extensions ['python_setup_py']
[4.977s] Level 1:colcon.colcon_core.package_identification:_identify(src/go2_ros2_toolbox/scripts) by extension 'python_setup_py'
[4.977s] Level 1:colcon.colcon_core.package_identification:_identify(src/go2_ros2_toolbox/unitree_pkgs) by extensions ['ignore', 'ignore_ament_install']
[4.977s] Level 1:colcon.colcon_core.package_identification:_identify(src/go2_ros2_toolbox/unitree_pkgs) by extension 'ignore'
[4.977s] Level 1:colcon.colcon_core.package_identification:_identify(src/go2_ros2_toolbox/unitree_pkgs) by extension 'ignore_ament_install'
[4.978s] Level 1:colcon.colcon_core.package_identification:_identify(src/go2_ros2_toolbox/unitree_pkgs) by extensions ['colcon_pkg']
[4.978s] Level 1:colcon.colcon_core.package_identification:_identify(src/go2_ros2_toolbox/unitree_pkgs) by extension 'colcon_pkg'
[4.978s] Level 1:colcon.colcon_core.package_identification:_identify(src/go2_ros2_toolbox/unitree_pkgs) by extensions ['colcon_meta']
[4.978s] Level 1:colcon.colcon_core.package_identification:_identify(src/go2_ros2_toolbox/unitree_pkgs) by extension 'colcon_meta'
[4.978s] Level 1:colcon.colcon_core.package_identification:_identify(src/go2_ros2_toolbox/unitree_pkgs) by extensions ['ros']
[4.978s] Level 1:colcon.colcon_core.package_identification:_identify(src/go2_ros2_toolbox/unitree_pkgs) by extension 'ros'
[4.978s] Level 1:colcon.colcon_core.package_identification:_identify(src/go2_ros2_toolbox/unitree_pkgs) by extensions ['cmake', 'python']
[4.978s] Level 1:colcon.colcon_core.package_identification:_identify(src/go2_ros2_toolbox/unitree_pkgs) by extension 'cmake'
[4.978s] Level 1:colcon.colcon_core.package_identification:_identify(src/go2_ros2_toolbox/unitree_pkgs) by extension 'python'
[4.978s] Level 1:colcon.colcon_core.package_identification:_identify(src/go2_ros2_toolbox/unitree_pkgs) by extensions ['python_setup_py']
[4.979s] Level 1:colcon.colcon_core.package_identification:_identify(src/go2_ros2_toolbox/unitree_pkgs) by extension 'python_setup_py'
[4.979s] Level 1:colcon.colcon_core.package_identification:_identify(src/go2_ros2_toolbox/unitree_pkgs/go2_h264_repub) by extensions ['ignore', 'ignore_ament_install']
[4.979s] Level 1:colcon.colcon_core.package_identification:_identify(src/go2_ros2_toolbox/unitree_pkgs/go2_h264_repub) by extension 'ignore'
[4.979s] Level 1:colcon.colcon_core.package_identification:_identify(src/go2_ros2_toolbox/unitree_pkgs/go2_h264_repub) by extension 'ignore_ament_install'
[4.979s] Level 1:colcon.colcon_core.package_identification:_identify(src/go2_ros2_toolbox/unitree_pkgs/go2_h264_repub) by extensions ['colcon_pkg']
[4.979s] Level 1:colcon.colcon_core.package_identification:_identify(src/go2_ros2_toolbox/unitree_pkgs/go2_h264_repub) by extension 'colcon_pkg'
[4.980s] Level 1:colcon.colcon_core.package_identification:_identify(src/go2_ros2_toolbox/unitree_pkgs/go2_h264_repub) by extensions ['colcon_meta']
[4.980s] Level 1:colcon.colcon_core.package_identification:_identify(src/go2_ros2_toolbox/unitree_pkgs/go2_h264_repub) by extension 'colcon_meta'
[4.980s] Level 1:colcon.colcon_core.package_identification:_identify(src/go2_ros2_toolbox/unitree_pkgs/go2_h264_repub) by extensions ['ros']
[4.980s] Level 1:colcon.colcon_core.package_identification:_identify(src/go2_ros2_toolbox/unitree_pkgs/go2_h264_repub) by extension 'ros'
[4.981s] DEBUG:colcon.colcon_core.package_identification:Package 'src/go2_ros2_toolbox/unitree_pkgs/go2_h264_repub' with type 'ros.ament_cmake' and name 'go2_h264_repub'
[4.982s] Level 1:colcon.colcon_core.package_identification:_identify(src/go2_ros2_toolbox/unitree_pkgs/go2_sport_api) by extensions ['ignore', 'ignore_ament_install']
[4.982s] Level 1:colcon.colcon_core.package_identification:_identify(src/go2_ros2_toolbox/unitree_pkgs/go2_sport_api) by extension 'ignore'
[4.982s] Level 1:colcon.colcon_core.package_identification:_identify(src/go2_ros2_toolbox/unitree_pkgs/go2_sport_api) by extension 'ignore_ament_install'
[4.982s] Level 1:colcon.colcon_core.package_identification:_identify(src/go2_ros2_toolbox/unitree_pkgs/go2_sport_api) by extensions ['colcon_pkg']
[4.982s] Level 1:colcon.colcon_core.package_identification:_identify(src/go2_ros2_toolbox/unitree_pkgs/go2_sport_api) by extension 'colcon_pkg'
[4.982s] Level 1:colcon.colcon_core.package_identification:_identify(src/go2_ros2_toolbox/unitree_pkgs/go2_sport_api) by extensions ['colcon_meta']
[4.983s] Level 1:colcon.colcon_core.package_identification:_identify(src/go2_ros2_toolbox/unitree_pkgs/go2_sport_api) by extension 'colcon_meta'
[4.983s] Level 1:colcon.colcon_core.package_identification:_identify(src/go2_ros2_toolbox/unitree_pkgs/go2_sport_api) by extensions ['ros']
[4.983s] Level 1:colcon.colcon_core.package_identification:_identify(src/go2_ros2_toolbox/unitree_pkgs/go2_sport_api) by extension 'ros'
[4.984s] DEBUG:colcon.colcon_core.package_identification:Package 'src/go2_ros2_toolbox/unitree_pkgs/go2_sport_api' with type 'ros.ament_cmake' and name 'go2_sport_api'
[4.985s] Level 1:colcon.colcon_core.package_identification:_identify(src/go2_ros2_toolbox/unitree_pkgs/unitree_api) by extensions ['ignore', 'ignore_ament_install']
[4.985s] Level 1:colcon.colcon_core.package_identification:_identify(src/go2_ros2_toolbox/unitree_pkgs/unitree_api) by extension 'ignore'
[4.985s] Level 1:colcon.colcon_core.package_identification:_identify(src/go2_ros2_toolbox/unitree_pkgs/unitree_api) by extension 'ignore_ament_install'
[4.985s] Level 1:colcon.colcon_core.package_identification:_identify(src/go2_ros2_toolbox/unitree_pkgs/unitree_api) by extensions ['colcon_pkg']
[4.985s] Level 1:colcon.colcon_core.package_identification:_identify(src/go2_ros2_toolbox/unitree_pkgs/unitree_api) by extension 'colcon_pkg'
[4.985s] Level 1:colcon.colcon_core.package_identification:_identify(src/go2_ros2_toolbox/unitree_pkgs/unitree_api) by extensions ['colcon_meta']
[4.986s] Level 1:colcon.colcon_core.package_identification:_identify(src/go2_ros2_toolbox/unitree_pkgs/unitree_api) by extension 'colcon_meta'
[4.986s] Level 1:colcon.colcon_core.package_identification:_identify(src/go2_ros2_toolbox/unitree_pkgs/unitree_api) by extensions ['ros']
[4.986s] Level 1:colcon.colcon_core.package_identification:_identify(src/go2_ros2_toolbox/unitree_pkgs/unitree_api) by extension 'ros'
[4.987s] DEBUG:colcon.colcon_core.package_identification:Package 'src/go2_ros2_toolbox/unitree_pkgs/unitree_api' with type 'ros.ament_cmake' and name 'unitree_api'
[4.987s] Level 1:colcon.colcon_core.package_identification:_identify(src/go2_ros2_toolbox/unitree_pkgs/unitree_go) by extensions ['ignore', 'ignore_ament_install']
[4.988s] Level 1:colcon.colcon_core.package_identification:_identify(src/go2_ros2_toolbox/unitree_pkgs/unitree_go) by extension 'ignore'
[4.988s] Level 1:colcon.colcon_core.package_identification:_identify(src/go2_ros2_toolbox/unitree_pkgs/unitree_go) by extension 'ignore_ament_install'
[4.988s] Level 1:colcon.colcon_core.package_identification:_identify(src/go2_ros2_toolbox/unitree_pkgs/unitree_go) by extensions ['colcon_pkg']
[4.988s] Level 1:colcon.colcon_core.package_identification:_identify(src/go2_ros2_toolbox/unitree_pkgs/unitree_go) by extension 'colcon_pkg'
[4.988s] Level 1:colcon.colcon_core.package_identification:_identify(src/go2_ros2_toolbox/unitree_pkgs/unitree_go) by extensions ['colcon_meta']
[4.988s] Level 1:colcon.colcon_core.package_identification:_identify(src/go2_ros2_toolbox/unitree_pkgs/unitree_go) by extension 'colcon_meta'
[4.988s] Level 1:colcon.colcon_core.package_identification:_identify(src/go2_ros2_toolbox/unitree_pkgs/unitree_go) by extensions ['ros']
[4.988s] Level 1:colcon.colcon_core.package_identification:_identify(src/go2_ros2_toolbox/unitree_pkgs/unitree_go) by extension 'ros'
[4.989s] DEBUG:colcon.colcon_core.package_identification:Package 'src/go2_ros2_toolbox/unitree_pkgs/unitree_go' with type 'ros.ament_cmake' and name 'unitree_go'
[4.990s] Level 1:colcon.colcon_core.package_discovery:discover_packages(recursive) using defaults
[4.990s] Level 1:colcon.colcon_core.package_discovery:discover_packages(ignore) discover
[4.990s] Level 1:colcon.colcon_core.package_discovery:discover_packages(ignore) using defaults
[4.990s] Level 1:colcon.colcon_core.package_discovery:discover_packages(path) discover
[4.990s] Level 1:colcon.colcon_core.package_discovery:discover_packages(path) using defaults
[5.256s] INFO:colcon.colcon_core.package_selection:Skipping not selected package 'go2_h264_repub' in 'src/go2_ros2_toolbox/unitree_pkgs/go2_h264_repub'
[5.256s] INFO:colcon.colcon_core.package_selection:Skipping not selected package 'go2_slam' in 'src/go2_ros2_toolbox/go2_slam'
[5.256s] INFO:colcon.colcon_core.package_selection:Skipping not selected package 'unitree_api' in 'src/go2_ros2_toolbox/unitree_pkgs/unitree_api'
[5.256s] INFO:colcon.colcon_core.package_selection:Skipping not selected package 'unitree_go' in 'src/go2_ros2_toolbox/unitree_pkgs/unitree_go'
[5.256s] INFO:colcon.colcon_core.package_selection:Skipping not selected package 'go2_sport_api' in 'src/go2_ros2_toolbox/unitree_pkgs/go2_sport_api'
[5.256s] INFO:colcon.colcon_core.package_selection:Skipping not selected package 'go2_core' in 'src/go2_ros2_toolbox/go2_core'
[5.405s] Level 1:colcon.colcon_core.package_discovery:discover_packages(prefix_path) check parameters
[5.405s] Level 1:colcon.colcon_core.package_discovery:discover_packages(prefix_path) discover
[5.560s] DEBUG:colcon.colcon_installed_package_information.package_discovery:Found 2 installed packages in /home/unitree/cyclonedds_ws/install
[5.637s] DEBUG:colcon.colcon_installed_package_information.package_discovery:Found 298 installed packages in /opt/ros/foxy
[5.640s] Level 1:colcon.colcon_core.package_discovery:discover_packages(prefix_path) using defaults
[5.976s] Level 5:colcon.colcon_core.verb:set package 'go2_perception' build argument 'cmake_args' from command line to 'None'
[5.976s] Level 5:colcon.colcon_core.verb:set package 'go2_perception' build argument 'cmake_target' from command line to 'None'
[5.976s] Level 5:colcon.colcon_core.verb:set package 'go2_perception' build argument 'cmake_target_skip_unavailable' from command line to 'False'
[5.976s] Level 5:colcon.colcon_core.verb:set package 'go2_perception' build argument 'cmake_clean_cache' from command line to 'False'
[5.976s] Level 5:colcon.colcon_core.verb:set package 'go2_perception' build argument 'cmake_clean_first' from command line to 'False'
[5.976s] Level 5:colcon.colcon_core.verb:set package 'go2_perception' build argument 'cmake_force_configure' from command line to 'False'
[5.976s] Level 5:colcon.colcon_core.verb:set package 'go2_perception' build argument 'ament_cmake_args' from command line to 'None'
[5.976s] Level 5:colcon.colcon_core.verb:set package 'go2_perception' build argument 'catkin_cmake_args' from command line to 'None'
[5.976s] Level 5:colcon.colcon_core.verb:set package 'go2_perception' build argument 'catkin_skip_building_tests' from command line to 'False'
[5.976s] DEBUG:colcon.colcon_core.verb:Building package 'go2_perception' with the following arguments: {'ament_cmake_args': None, 'build_base': '/home/unitree/go2_ros2_ws/build/go2_perception', 'catkin_cmake_args': None, 'catkin_skip_building_tests': False, 'cmake_args': None, 'cmake_clean_cache': False, 'cmake_clean_first': False, 'cmake_force_configure': False, 'cmake_target': None, 'cmake_target_skip_unavailable': False, 'install_base': '/home/unitree/go2_ros2_ws/install/go2_perception', 'merge_install': False, 'path': '/home/unitree/go2_ros2_ws/src/go2_ros2_toolbox/go2_perception', 'symlink_install': False, 'test_result_base': None}
[6.051s] Level 5:colcon.colcon_core.verb:set package 'go2_navigation' build argument 'cmake_args' from command line to 'None'
[6.052s] Level 5:colcon.colcon_core.verb:set package 'go2_navigation' build argument 'cmake_target' from command line to 'None'
[6.052s] Level 5:colcon.colcon_core.verb:set package 'go2_navigation' build argument 'cmake_target_skip_unavailable' from command line to 'False'
[6.052s] Level 5:colcon.colcon_core.verb:set package 'go2_navigation' build argument 'cmake_clean_cache' from command line to 'False'
[6.052s] Level 5:colcon.colcon_core.verb:set package 'go2_navigation' build argument 'cmake_clean_first' from command line to 'False'
[6.052s] Level 5:colcon.colcon_core.verb:set package 'go2_navigation' build argument 'cmake_force_configure' from command line to 'False'
[6.052s] Level 5:colcon.colcon_core.verb:set package 'go2_navigation' build argument 'ament_cmake_args' from command line to 'None'
[6.052s] Level 5:colcon.colcon_core.verb:set package 'go2_navigation' build argument 'catkin_cmake_args' from command line to 'None'
[6.052s] Level 5:colcon.colcon_core.verb:set package 'go2_navigation' build argument 'catkin_skip_building_tests' from command line to 'False'
[6.052s] DEBUG:colcon.colcon_core.verb:Building package 'go2_navigation' with the following arguments: {'ament_cmake_args': None, 'build_base': '/home/unitree/go2_ros2_ws/build/go2_navigation', 'catkin_cmake_args': None, 'catkin_skip_building_tests': False, 'cmake_args': None, 'cmake_clean_cache': False, 'cmake_clean_first': False, 'cmake_force_configure': False, 'cmake_target': None, 'cmake_target_skip_unavailable': False, 'install_base': '/home/unitree/go2_ros2_ws/install/go2_navigation', 'merge_install': False, 'path': '/home/unitree/go2_ros2_ws/src/go2_ros2_toolbox/go2_navigation', 'symlink_install': False, 'test_result_base': None}
[6.129s] INFO:colcon.colcon_core.executor:Executing jobs using 'parallel' executor
[6.205s] DEBUG:colcon.colcon_parallel_executor.executor.parallel:run_until_complete
[6.206s] INFO:colcon.colcon_ros.task.ament_cmake.build:Building ROS package in '/home/unitree/go2_ros2_ws/src/go2_ros2_toolbox/go2_perception' with build type 'ament_cmake'
[6.206s] INFO:colcon.colcon_cmake.task.cmake.build:Building CMake package in '/home/unitree/go2_ros2_ws/src/go2_ros2_toolbox/go2_perception'
[6.291s] INFO:colcon.colcon_core.plugin_system:Skipping extension 'colcon_core.shell.bat': Not used on non-Windows systems
[6.291s] INFO:colcon.colcon_core.shell:Skip shell extension 'powershell' for command environment: Not usable outside of PowerShell
[6.291s] DEBUG:colcon.colcon_core.shell:Skip shell extension 'dsv' for command environment
[6.547s] DEBUG:colcon.colcon_core.event_handler.log_command:Invoking command in '/home/unitree/go2_ros2_ws/build/go2_perception': CMAKE_PREFIX_PATH=${CMAKE_PREFIX_PATH}:/opt/ros/foxy /usr/bin/cmake /home/unitree/go2_ros2_ws/src/go2_ros2_toolbox/go2_perception -DCMAKE_INSTALL_PREFIX=/home/unitree/go2_ros2_ws/install/go2_perception
[11.012s] DEBUG:colcon.colcon_core.event_handler.log_command:Invoked command in '/home/unitree/go2_ros2_ws/build/go2_perception' returned '0': CMAKE_PREFIX_PATH=${CMAKE_PREFIX_PATH}:/opt/ros/foxy /usr/bin/cmake /home/unitree/go2_ros2_ws/src/go2_ros2_toolbox/go2_perception -DCMAKE_INSTALL_PREFIX=/home/unitree/go2_ros2_ws/install/go2_perception
[11.021s] DEBUG:colcon.colcon_core.event_handler.log_command:Invoking command in '/home/unitree/go2_ros2_ws/build/go2_perception': CMAKE_PREFIX_PATH=${CMAKE_PREFIX_PATH}:/opt/ros/foxy /usr/bin/cmake --build /home/unitree/go2_ros2_ws/build/go2_perception -- -j6 -l6
[35.410s] DEBUG:colcon.colcon_core.event_handler.log_command:Invoked command in '/home/unitree/go2_ros2_ws/build/go2_perception' returned '0': CMAKE_PREFIX_PATH=${CMAKE_PREFIX_PATH}:/opt/ros/foxy /usr/bin/cmake --build /home/unitree/go2_ros2_ws/build/go2_perception -- -j6 -l6
[35.501s] DEBUG:colcon.colcon_core.event_handler.log_command:Invoking command in '/home/unitree/go2_ros2_ws/build/go2_perception': CMAKE_PREFIX_PATH=${CMAKE_PREFIX_PATH}:/opt/ros/foxy /usr/bin/cmake --install /home/unitree/go2_ros2_ws/build/go2_perception
[35.616s] Level 1:colcon.colcon_core.environment:create_environment_scripts_only(go2_perception)
[35.617s] DEBUG:colcon.colcon_core.event_handler.log_command:Invoked command in '/home/unitree/go2_ros2_ws/build/go2_perception' returned '0': CMAKE_PREFIX_PATH=${CMAKE_PREFIX_PATH}:/opt/ros/foxy /usr/bin/cmake --install /home/unitree/go2_ros2_ws/build/go2_perception
[35.722s] Level 1:colcon.colcon_core.environment:checking '/home/unitree/go2_ros2_ws/install/go2_perception' for CMake module files
[35.723s] Level 1:colcon.colcon_core.environment:checking '/home/unitree/go2_ros2_ws/install/go2_perception' for CMake config files
[35.724s] Level 1:colcon.colcon_core.shell:create_environment_hook('go2_perception', 'cmake_prefix_path')
[35.802s] INFO:colcon.colcon_core.shell:Creating environment hook '/home/unitree/go2_ros2_ws/install/go2_perception/share/go2_perception/hook/cmake_prefix_path.ps1'
[35.804s] INFO:colcon.colcon_core.shell:Creating environment descriptor '/home/unitree/go2_ros2_ws/install/go2_perception/share/go2_perception/hook/cmake_prefix_path.dsv'
[35.805s] INFO:colcon.colcon_core.shell:Creating environment hook '/home/unitree/go2_ros2_ws/install/go2_perception/share/go2_perception/hook/cmake_prefix_path.sh'
[35.807s] Level 1:colcon.colcon_core.environment:checking '/home/unitree/go2_ros2_ws/install/go2_perception/lib'
[35.807s] Level 1:colcon.colcon_core.shell:create_environment_hook('go2_perception', 'ld_library_path_lib')
[35.885s] INFO:colcon.colcon_core.shell:Creating environment hook '/home/unitree/go2_ros2_ws/install/go2_perception/share/go2_perception/hook/ld_library_path_lib.ps1'
[35.886s] INFO:colcon.colcon_core.shell:Creating environment descriptor '/home/unitree/go2_ros2_ws/install/go2_perception/share/go2_perception/hook/ld_library_path_lib.dsv'
[35.886s] INFO:colcon.colcon_core.shell:Creating environment hook '/home/unitree/go2_ros2_ws/install/go2_perception/share/go2_perception/hook/ld_library_path_lib.sh'
[35.887s] Level 1:colcon.colcon_core.environment:checking '/home/unitree/go2_ros2_ws/install/go2_perception/bin'
[35.887s] Level 1:colcon.colcon_core.environment:checking '/home/unitree/go2_ros2_ws/install/go2_perception/lib/pkgconfig/go2_perception.pc'
[35.888s] Level 1:colcon.colcon_core.environment:checking '/home/unitree/go2_ros2_ws/install/go2_perception/lib/python3.8/site-packages'
[35.888s] Level 1:colcon.colcon_core.shell:create_environment_hook('go2_perception', 'pythonpath')
[35.965s] INFO:colcon.colcon_core.shell:Creating environment hook '/home/unitree/go2_ros2_ws/install/go2_perception/share/go2_perception/hook/pythonpath.ps1'
[35.966s] INFO:colcon.colcon_core.shell:Creating environment descriptor '/home/unitree/go2_ros2_ws/install/go2_perception/share/go2_perception/hook/pythonpath.dsv'
[35.967s] INFO:colcon.colcon_core.shell:Creating environment hook '/home/unitree/go2_ros2_ws/install/go2_perception/share/go2_perception/hook/pythonpath.sh'
[35.968s] Level 1:colcon.colcon_core.environment:checking '/home/unitree/go2_ros2_ws/install/go2_perception/bin'
[36.045s] INFO:colcon.colcon_core.shell:Creating package script '/home/unitree/go2_ros2_ws/install/go2_perception/share/go2_perception/package.ps1'
[36.047s] INFO:colcon.colcon_core.shell:Creating package descriptor '/home/unitree/go2_ros2_ws/install/go2_perception/share/go2_perception/package.dsv'
[36.049s] INFO:colcon.colcon_core.shell:Creating package script '/home/unitree/go2_ros2_ws/install/go2_perception/share/go2_perception/package.sh'
[36.050s] INFO:colcon.colcon_core.shell:Creating package script '/home/unitree/go2_ros2_ws/install/go2_perception/share/go2_perception/package.bash'
[36.052s] INFO:colcon.colcon_core.shell:Creating package script '/home/unitree/go2_ros2_ws/install/go2_perception/share/go2_perception/package.zsh'
[36.053s] Level 1:colcon.colcon_core.environment:create_file_with_runtime_dependencies(/home/unitree/go2_ros2_ws/install/go2_perception/share/colcon-core/packages/go2_perception)
[36.190s] Level 1:colcon.colcon_core.environment:create_environment_scripts_only(go2_perception)
[36.268s] Level 1:colcon.colcon_core.environment:checking '/home/unitree/go2_ros2_ws/install/go2_perception' for CMake module files
[36.269s] Level 1:colcon.colcon_core.environment:checking '/home/unitree/go2_ros2_ws/install/go2_perception' for CMake config files
[36.269s] Level 1:colcon.colcon_core.shell:create_environment_hook('go2_perception', 'cmake_prefix_path')
[36.346s] INFO:colcon.colcon_core.shell:Creating environment hook '/home/unitree/go2_ros2_ws/install/go2_perception/share/go2_perception/hook/cmake_prefix_path.ps1'
[36.347s] INFO:colcon.colcon_core.shell:Creating environment descriptor '/home/unitree/go2_ros2_ws/install/go2_perception/share/go2_perception/hook/cmake_prefix_path.dsv'
[36.348s] INFO:colcon.colcon_core.shell:Creating environment hook '/home/unitree/go2_ros2_ws/install/go2_perception/share/go2_perception/hook/cmake_prefix_path.sh'
[36.349s] Level 1:colcon.colcon_core.environment:checking '/home/unitree/go2_ros2_ws/install/go2_perception/lib'
[36.349s] Level 1:colcon.colcon_core.shell:create_environment_hook('go2_perception', 'ld_library_path_lib')
[36.427s] INFO:colcon.colcon_core.shell:Creating environment hook '/home/unitree/go2_ros2_ws/install/go2_perception/share/go2_perception/hook/ld_library_path_lib.ps1'
[36.428s] INFO:colcon.colcon_core.shell:Creating environment descriptor '/home/unitree/go2_ros2_ws/install/go2_perception/share/go2_perception/hook/ld_library_path_lib.dsv'
[36.429s] INFO:colcon.colcon_core.shell:Creating environment hook '/home/unitree/go2_ros2_ws/install/go2_perception/share/go2_perception/hook/ld_library_path_lib.sh'
[36.430s] Level 1:colcon.colcon_core.environment:checking '/home/unitree/go2_ros2_ws/install/go2_perception/bin'
[36.430s] Level 1:colcon.colcon_core.environment:checking '/home/unitree/go2_ros2_ws/install/go2_perception/lib/pkgconfig/go2_perception.pc'
[36.430s] Level 1:colcon.colcon_core.environment:checking '/home/unitree/go2_ros2_ws/install/go2_perception/lib/python3.8/site-packages'
[36.430s] Level 1:colcon.colcon_core.shell:create_environment_hook('go2_perception', 'pythonpath')
[36.508s] INFO:colcon.colcon_core.shell:Creating environment hook '/home/unitree/go2_ros2_ws/install/go2_perception/share/go2_perception/hook/pythonpath.ps1'
[36.509s] INFO:colcon.colcon_core.shell:Creating environment descriptor '/home/unitree/go2_ros2_ws/install/go2_perception/share/go2_perception/hook/pythonpath.dsv'
[36.510s] INFO:colcon.colcon_core.shell:Creating environment hook '/home/unitree/go2_ros2_ws/install/go2_perception/share/go2_perception/hook/pythonpath.sh'
[36.511s] Level 1:colcon.colcon_core.environment:checking '/home/unitree/go2_ros2_ws/install/go2_perception/bin'
[36.589s] INFO:colcon.colcon_core.shell:Creating package script '/home/unitree/go2_ros2_ws/install/go2_perception/share/go2_perception/package.ps1'
[36.590s] INFO:colcon.colcon_core.shell:Creating package descriptor '/home/unitree/go2_ros2_ws/install/go2_perception/share/go2_perception/package.dsv'
[36.592s] INFO:colcon.colcon_core.shell:Creating package script '/home/unitree/go2_ros2_ws/install/go2_perception/share/go2_perception/package.sh'
[36.592s] INFO:colcon.colcon_core.shell:Creating package script '/home/unitree/go2_ros2_ws/install/go2_perception/share/go2_perception/package.bash'
[36.593s] INFO:colcon.colcon_core.shell:Creating package script '/home/unitree/go2_ros2_ws/install/go2_perception/share/go2_perception/package.zsh'
[36.594s] Level 1:colcon.colcon_core.environment:create_file_with_runtime_dependencies(/home/unitree/go2_ros2_ws/install/go2_perception/share/colcon-core/packages/go2_perception)
[36.595s] INFO:colcon.colcon_ros.task.ament_cmake.build:Building ROS package in '/home/unitree/go2_ros2_ws/src/go2_ros2_toolbox/go2_navigation' with build type 'ament_cmake'
[36.595s] INFO:colcon.colcon_cmake.task.cmake.build:Building CMake package in '/home/unitree/go2_ros2_ws/src/go2_ros2_toolbox/go2_navigation'
[36.675s] INFO:colcon.colcon_core.shell:Skip shell extension 'powershell' for command environment: Not usable outside of PowerShell
[36.675s] DEBUG:colcon.colcon_core.shell:Skip shell extension 'dsv' for command environment
[36.955s] DEBUG:colcon.colcon_core.event_handler.log_command:Invoking command in '/home/unitree/go2_ros2_ws/build/go2_navigation': AMENT_PREFIX_PATH=/home/unitree/go2_ros2_ws/install/go2_core:/home/unitree/go2_ros2_ws/install/go2_sport_api:/home/unitree/go2_ros2_ws/install/unitree_go:/home/unitree/go2_ros2_ws/install/unitree_api:/home/unitree/go2_ros2_ws/install/go2_perception:${AMENT_PREFIX_PATH} CMAKE_PREFIX_PATH=/home/unitree/go2_ros2_ws/install/go2_core:/home/unitree/go2_ros2_ws/install/go2_sport_api:/home/unitree/go2_ros2_ws/install/unitree_go:/home/unitree/go2_ros2_ws/install/unitree_api:/home/unitree/go2_ros2_ws/install/go2_perception:/home/unitree/cyclonedds_ws/install/rmw_cyclonedds_cpp:/home/unitree/cyclonedds_ws/install/cyclonedds:/opt/ros/foxy LD_LIBRARY_PATH=/home/unitree/go2_ros2_ws/install/go2_sport_api/lib:/home/unitree/go2_ros2_ws/install/unitree_go/lib:/home/unitree/go2_ros2_ws/install/unitree_api/lib:/home/unitree/go2_ros2_ws/install/go2_perception/lib:${LD_LIBRARY_PATH} PYTHONPATH=/home/unitree/go2_ros2_ws/install/go2_core/lib/python3.8/site-packages:/home/unitree/go2_ros2_ws/install/unitree_go/lib/python3.8/site-packages:/home/unitree/go2_ros2_ws/install/unitree_api/lib/python3.8/site-packages:/home/unitree/go2_ros2_ws/install/go2_perception/lib/python3.8/site-packages:${PYTHONPATH} /usr/bin/cmake /home/unitree/go2_ros2_ws/src/go2_ros2_toolbox/go2_navigation -DCMAKE_INSTALL_PREFIX=/home/unitree/go2_ros2_ws/install/go2_navigation
[38.671s] DEBUG:colcon.colcon_core.event_handler.log_command:Invoked command in '/home/unitree/go2_ros2_ws/build/go2_navigation' returned '0': AMENT_PREFIX_PATH=/home/unitree/go2_ros2_ws/install/go2_core:/home/unitree/go2_ros2_ws/install/go2_sport_api:/home/unitree/go2_ros2_ws/install/unitree_go:/home/unitree/go2_ros2_ws/install/unitree_api:/home/unitree/go2_ros2_ws/install/go2_perception:${AMENT_PREFIX_PATH} CMAKE_PREFIX_PATH=/home/unitree/go2_ros2_ws/install/go2_core:/home/unitree/go2_ros2_ws/install/go2_sport_api:/home/unitree/go2_ros2_ws/install/unitree_go:/home/unitree/go2_ros2_ws/install/unitree_api:/home/unitree/go2_ros2_ws/install/go2_perception:/home/unitree/cyclonedds_ws/install/rmw_cyclonedds_cpp:/home/unitree/cyclonedds_ws/install/cyclonedds:/opt/ros/foxy LD_LIBRARY_PATH=/home/unitree/go2_ros2_ws/install/go2_sport_api/lib:/home/unitree/go2_ros2_ws/install/unitree_go/lib:/home/unitree/go2_ros2_ws/install/unitree_api/lib:/home/unitree/go2_ros2_ws/install/go2_perception/lib:${LD_LIBRARY_PATH} PYTHONPATH=/home/unitree/go2_ros2_ws/install/go2_core/lib/python3.8/site-packages:/home/unitree/go2_ros2_ws/install/unitree_go/lib/python3.8/site-packages:/home/unitree/go2_ros2_ws/install/unitree_api/lib/python3.8/site-packages:/home/unitree/go2_ros2_ws/install/go2_perception/lib/python3.8/site-packages:${PYTHONPATH} /usr/bin/cmake /home/unitree/go2_ros2_ws/src/go2_ros2_toolbox/go2_navigation -DCMAKE_INSTALL_PREFIX=/home/unitree/go2_ros2_ws/install/go2_navigation
[38.679s] DEBUG:colcon.colcon_core.event_handler.log_command:Invoking command in '/home/unitree/go2_ros2_ws/build/go2_navigation': AMENT_PREFIX_PATH=/home/unitree/go2_ros2_ws/install/go2_core:/home/unitree/go2_ros2_ws/install/go2_sport_api:/home/unitree/go2_ros2_ws/install/unitree_go:/home/unitree/go2_ros2_ws/install/unitree_api:/home/unitree/go2_ros2_ws/install/go2_perception:${AMENT_PREFIX_PATH} CMAKE_PREFIX_PATH=/home/unitree/go2_ros2_ws/install/go2_core:/home/unitree/go2_ros2_ws/install/go2_sport_api:/home/unitree/go2_ros2_ws/install/unitree_go:/home/unitree/go2_ros2_ws/install/unitree_api:/home/unitree/go2_ros2_ws/install/go2_perception:/home/unitree/cyclonedds_ws/install/rmw_cyclonedds_cpp:/home/unitree/cyclonedds_ws/install/cyclonedds:/opt/ros/foxy LD_LIBRARY_PATH=/home/unitree/go2_ros2_ws/install/go2_sport_api/lib:/home/unitree/go2_ros2_ws/install/unitree_go/lib:/home/unitree/go2_ros2_ws/install/unitree_api/lib:/home/unitree/go2_ros2_ws/install/go2_perception/lib:${LD_LIBRARY_PATH} PYTHONPATH=/home/unitree/go2_ros2_ws/install/go2_core/lib/python3.8/site-packages:/home/unitree/go2_ros2_ws/install/unitree_go/lib/python3.8/site-packages:/home/unitree/go2_ros2_ws/install/unitree_api/lib/python3.8/site-packages:/home/unitree/go2_ros2_ws/install/go2_perception/lib/python3.8/site-packages:${PYTHONPATH} /usr/bin/cmake --build /home/unitree/go2_ros2_ws/build/go2_navigation -- -j6 -l6
[39.368s] DEBUG:colcon.colcon_core.event_handler.log_command:Invoked command in '/home/unitree/go2_ros2_ws/build/go2_navigation' returned '0': AMENT_PREFIX_PATH=/home/unitree/go2_ros2_ws/install/go2_core:/home/unitree/go2_ros2_ws/install/go2_sport_api:/home/unitree/go2_ros2_ws/install/unitree_go:/home/unitree/go2_ros2_ws/install/unitree_api:/home/unitree/go2_ros2_ws/install/go2_perception:${AMENT_PREFIX_PATH} CMAKE_PREFIX_PATH=/home/unitree/go2_ros2_ws/install/go2_core:/home/unitree/go2_ros2_ws/install/go2_sport_api:/home/unitree/go2_ros2_ws/install/unitree_go:/home/unitree/go2_ros2_ws/install/unitree_api:/home/unitree/go2_ros2_ws/install/go2_perception:/home/unitree/cyclonedds_ws/install/rmw_cyclonedds_cpp:/home/unitree/cyclonedds_ws/install/cyclonedds:/opt/ros/foxy LD_LIBRARY_PATH=/home/unitree/go2_ros2_ws/install/go2_sport_api/lib:/home/unitree/go2_ros2_ws/install/unitree_go/lib:/home/unitree/go2_ros2_ws/install/unitree_api/lib:/home/unitree/go2_ros2_ws/install/go2_perception/lib:${LD_LIBRARY_PATH} PYTHONPATH=/home/unitree/go2_ros2_ws/install/go2_core/lib/python3.8/site-packages:/home/unitree/go2_ros2_ws/install/unitree_go/lib/python3.8/site-packages:/home/unitree/go2_ros2_ws/install/unitree_api/lib/python3.8/site-packages:/home/unitree/go2_ros2_ws/install/go2_perception/lib/python3.8/site-packages:${PYTHONPATH} /usr/bin/cmake --build /home/unitree/go2_ros2_ws/build/go2_navigation -- -j6 -l6
[39.419s] DEBUG:colcon.colcon_core.event_handler.log_command:Invoking command in '/home/unitree/go2_ros2_ws/build/go2_navigation': AMENT_PREFIX_PATH=/home/unitree/go2_ros2_ws/install/go2_core:/home/unitree/go2_ros2_ws/install/go2_sport_api:/home/unitree/go2_ros2_ws/install/unitree_go:/home/unitree/go2_ros2_ws/install/unitree_api:/home/unitree/go2_ros2_ws/install/go2_perception:${AMENT_PREFIX_PATH} CMAKE_PREFIX_PATH=/home/unitree/go2_ros2_ws/install/go2_core:/home/unitree/go2_ros2_ws/install/go2_sport_api:/home/unitree/go2_ros2_ws/install/unitree_go:/home/unitree/go2_ros2_ws/install/unitree_api:/home/unitree/go2_ros2_ws/install/go2_perception:/home/unitree/cyclonedds_ws/install/rmw_cyclonedds_cpp:/home/unitree/cyclonedds_ws/install/cyclonedds:/opt/ros/foxy LD_LIBRARY_PATH=/home/unitree/go2_ros2_ws/install/go2_sport_api/lib:/home/unitree/go2_ros2_ws/install/unitree_go/lib:/home/unitree/go2_ros2_ws/install/unitree_api/lib:/home/unitree/go2_ros2_ws/install/go2_perception/lib:${LD_LIBRARY_PATH} PYTHONPATH=/home/unitree/go2_ros2_ws/install/go2_core/lib/python3.8/site-packages:/home/unitree/go2_ros2_ws/install/unitree_go/lib/python3.8/site-packages:/home/unitree/go2_ros2_ws/install/unitree_api/lib/python3.8/site-packages:/home/unitree/go2_ros2_ws/install/go2_perception/lib/python3.8/site-packages:${PYTHONPATH} /usr/bin/cmake --install /home/unitree/go2_ros2_ws/build/go2_navigation
[39.543s] Level 1:colcon.colcon_core.environment:create_environment_scripts_only(go2_navigation)
[39.545s] DEBUG:colcon.colcon_core.event_handler.log_command:Invoked command in '/home/unitree/go2_ros2_ws/build/go2_navigation' returned '0': AMENT_PREFIX_PATH=/home/unitree/go2_ros2_ws/install/go2_core:/home/unitree/go2_ros2_ws/install/go2_sport_api:/home/unitree/go2_ros2_ws/install/unitree_go:/home/unitree/go2_ros2_ws/install/unitree_api:/home/unitree/go2_ros2_ws/install/go2_perception:${AMENT_PREFIX_PATH} CMAKE_PREFIX_PATH=/home/unitree/go2_ros2_ws/install/go2_core:/home/unitree/go2_ros2_ws/install/go2_sport_api:/home/unitree/go2_ros2_ws/install/unitree_go:/home/unitree/go2_ros2_ws/install/unitree_api:/home/unitree/go2_ros2_ws/install/go2_perception:/home/unitree/cyclonedds_ws/install/rmw_cyclonedds_cpp:/home/unitree/cyclonedds_ws/install/cyclonedds:/opt/ros/foxy LD_LIBRARY_PATH=/home/unitree/go2_ros2_ws/install/go2_sport_api/lib:/home/unitree/go2_ros2_ws/install/unitree_go/lib:/home/unitree/go2_ros2_ws/install/unitree_api/lib:/home/unitree/go2_ros2_ws/install/go2_perception/lib:${LD_LIBRARY_PATH} PYTHONPATH=/home/unitree/go2_ros2_ws/install/go2_core/lib/python3.8/site-packages:/home/unitree/go2_ros2_ws/install/unitree_go/lib/python3.8/site-packages:/home/unitree/go2_ros2_ws/install/unitree_api/lib/python3.8/site-packages:/home/unitree/go2_ros2_ws/install/go2_perception/lib/python3.8/site-packages:${PYTHONPATH} /usr/bin/cmake --install /home/unitree/go2_ros2_ws/build/go2_navigation
[39.647s] Level 1:colcon.colcon_core.environment:checking '/home/unitree/go2_ros2_ws/install/go2_navigation' for CMake module files
[39.648s] Level 1:colcon.colcon_core.environment:checking '/home/unitree/go2_ros2_ws/install/go2_navigation' for CMake config files
[39.649s] Level 1:colcon.colcon_core.shell:create_environment_hook('go2_navigation', 'cmake_prefix_path')
[39.726s] INFO:colcon.colcon_core.shell:Creating environment hook '/home/unitree/go2_ros2_ws/install/go2_navigation/share/go2_navigation/hook/cmake_prefix_path.ps1'
[39.728s] INFO:colcon.colcon_core.shell:Creating environment descriptor '/home/unitree/go2_ros2_ws/install/go2_navigation/share/go2_navigation/hook/cmake_prefix_path.dsv'
[39.729s] INFO:colcon.colcon_core.shell:Creating environment hook '/home/unitree/go2_ros2_ws/install/go2_navigation/share/go2_navigation/hook/cmake_prefix_path.sh'
[39.730s] Level 1:colcon.colcon_core.environment:checking '/home/unitree/go2_ros2_ws/install/go2_navigation/lib'
[39.730s] Level 1:colcon.colcon_core.environment:checking '/home/unitree/go2_ros2_ws/install/go2_navigation/bin'
[39.730s] Level 1:colcon.colcon_core.environment:checking '/home/unitree/go2_ros2_ws/install/go2_navigation/lib/pkgconfig/go2_navigation.pc'
[39.731s] Level 1:colcon.colcon_core.environment:checking '/home/unitree/go2_ros2_ws/install/go2_navigation/lib/python3.8/site-packages'
[39.731s] Level 1:colcon.colcon_core.shell:create_environment_hook('go2_navigation', 'pythonpath')
[39.810s] INFO:colcon.colcon_core.shell:Creating environment hook '/home/unitree/go2_ros2_ws/install/go2_navigation/share/go2_navigation/hook/pythonpath.ps1'
[39.811s] INFO:colcon.colcon_core.shell:Creating environment descriptor '/home/unitree/go2_ros2_ws/install/go2_navigation/share/go2_navigation/hook/pythonpath.dsv'
[39.811s] INFO:colcon.colcon_core.shell:Creating environment hook '/home/unitree/go2_ros2_ws/install/go2_navigation/share/go2_navigation/hook/pythonpath.sh'
[39.812s] Level 1:colcon.colcon_core.environment:checking '/home/unitree/go2_ros2_ws/install/go2_navigation/bin'
[39.924s] INFO:colcon.colcon_core.shell:Creating package script '/home/unitree/go2_ros2_ws/install/go2_navigation/share/go2_navigation/package.ps1'
[39.926s] INFO:colcon.colcon_core.shell:Creating package descriptor '/home/unitree/go2_ros2_ws/install/go2_navigation/share/go2_navigation/package.dsv'
[39.927s] INFO:colcon.colcon_core.shell:Creating package script '/home/unitree/go2_ros2_ws/install/go2_navigation/share/go2_navigation/package.sh'
[39.927s] INFO:colcon.colcon_core.shell:Creating package script '/home/unitree/go2_ros2_ws/install/go2_navigation/share/go2_navigation/package.bash'
[39.928s] INFO:colcon.colcon_core.shell:Creating package script '/home/unitree/go2_ros2_ws/install/go2_navigation/share/go2_navigation/package.zsh'
[39.929s] Level 1:colcon.colcon_core.environment:create_file_with_runtime_dependencies(/home/unitree/go2_ros2_ws/install/go2_navigation/share/colcon-core/packages/go2_navigation)
[40.055s] Level 1:colcon.colcon_core.environment:create_environment_scripts_only(go2_navigation)
[40.134s] Level 1:colcon.colcon_core.environment:checking '/home/unitree/go2_ros2_ws/install/go2_navigation' for CMake module files
[40.135s] Level 1:colcon.colcon_core.environment:checking '/home/unitree/go2_ros2_ws/install/go2_navigation' for CMake config files
[40.136s] Level 1:colcon.colcon_core.shell:create_environment_hook('go2_navigation', 'cmake_prefix_path')
[40.212s] INFO:colcon.colcon_core.shell:Creating environment hook '/home/unitree/go2_ros2_ws/install/go2_navigation/share/go2_navigation/hook/cmake_prefix_path.ps1'
[40.214s] INFO:colcon.colcon_core.shell:Creating environment descriptor '/home/unitree/go2_ros2_ws/install/go2_navigation/share/go2_navigation/hook/cmake_prefix_path.dsv'
[40.215s] INFO:colcon.colcon_core.shell:Creating environment hook '/home/unitree/go2_ros2_ws/install/go2_navigation/share/go2_navigation/hook/cmake_prefix_path.sh'
[40.216s] Level 1:colcon.colcon_core.environment:checking '/home/unitree/go2_ros2_ws/install/go2_navigation/lib'
[40.216s] Level 1:colcon.colcon_core.environment:checking '/home/unitree/go2_ros2_ws/install/go2_navigation/bin'
[40.217s] Level 1:colcon.colcon_core.environment:checking '/home/unitree/go2_ros2_ws/install/go2_navigation/lib/pkgconfig/go2_navigation.pc'
[40.217s] Level 1:colcon.colcon_core.environment:checking '/home/unitree/go2_ros2_ws/install/go2_navigation/lib/python3.8/site-packages'
[40.217s] Level 1:colcon.colcon_core.shell:create_environment_hook('go2_navigation', 'pythonpath')
[40.298s] INFO:colcon.colcon_core.shell:Creating environment hook '/home/unitree/go2_ros2_ws/install/go2_navigation/share/go2_navigation/hook/pythonpath.ps1'
[40.299s] INFO:colcon.colcon_core.shell:Creating environment descriptor '/home/unitree/go2_ros2_ws/install/go2_navigation/share/go2_navigation/hook/pythonpath.dsv'
[40.300s] INFO:colcon.colcon_core.shell:Creating environment hook '/home/unitree/go2_ros2_ws/install/go2_navigation/share/go2_navigation/hook/pythonpath.sh'
[40.301s] Level 1:colcon.colcon_core.environment:checking '/home/unitree/go2_ros2_ws/install/go2_navigation/bin'
[40.379s] INFO:colcon.colcon_core.shell:Creating package script '/home/unitree/go2_ros2_ws/install/go2_navigation/share/go2_navigation/package.ps1'
[40.380s] INFO:colcon.colcon_core.shell:Creating package descriptor '/home/unitree/go2_ros2_ws/install/go2_navigation/share/go2_navigation/package.dsv'
[40.381s] INFO:colcon.colcon_core.shell:Creating package script '/home/unitree/go2_ros2_ws/install/go2_navigation/share/go2_navigation/package.sh'
[40.382s] INFO:colcon.colcon_core.shell:Creating package script '/home/unitree/go2_ros2_ws/install/go2_navigation/share/go2_navigation/package.bash'
[40.383s] INFO:colcon.colcon_core.shell:Creating package script '/home/unitree/go2_ros2_ws/install/go2_navigation/share/go2_navigation/package.zsh'
[40.384s] Level 1:colcon.colcon_core.environment:create_file_with_runtime_dependencies(/home/unitree/go2_ros2_ws/install/go2_navigation/share/colcon-core/packages/go2_navigation)
[40.384s] DEBUG:colcon.colcon_parallel_executor.executor.parallel:closing loop
[40.385s] DEBUG:colcon.colcon_parallel_executor.executor.parallel:loop closed
[40.386s] DEBUG:colcon.colcon_parallel_executor.executor.parallel:run_until_complete finished with '0'
[40.386s] DEBUG:colcon.colcon_core.event_reactor:joining thread
[40.478s] INFO:colcon.colcon_core.plugin_system:Skipping extension 'colcon_notification.desktop_notification.terminal_notifier': Not used on non-Darwin systems
[40.479s] INFO:colcon.colcon_core.plugin_system:Skipping extension 'colcon_notification.desktop_notification.win32': Not used on non-Windows systems
[40.479s] INFO:colcon.colcon_notification.desktop_notification:Sending desktop notification using 'notify2'
[40.539s] DEBUG:colcon.colcon_core.event_reactor:joined thread
[40.624s] INFO:colcon.colcon_core.shell:Creating prefix script '/home/unitree/go2_ros2_ws/install/local_setup.ps1'
[40.626s] INFO:colcon.colcon_core.shell:Creating prefix util module '/home/unitree/go2_ros2_ws/install/_local_setup_util_ps1.py'
[40.629s] INFO:colcon.colcon_core.shell:Creating prefix chain script '/home/unitree/go2_ros2_ws/install/setup.ps1'
[40.720s] INFO:colcon.colcon_core.shell:Creating prefix script '/home/unitree/go2_ros2_ws/install/local_setup.sh'
[40.722s] INFO:colcon.colcon_core.shell:Creating prefix util module '/home/unitree/go2_ros2_ws/install/_local_setup_util_sh.py'
[40.723s] INFO:colcon.colcon_core.shell:Creating prefix chain script '/home/unitree/go2_ros2_ws/install/setup.sh'
[40.805s] INFO:colcon.colcon_core.shell:Creating prefix script '/home/unitree/go2_ros2_ws/install/local_setup.bash'
[40.806s] INFO:colcon.colcon_core.shell:Creating prefix chain script '/home/unitree/go2_ros2_ws/install/setup.bash'
[40.886s] INFO:colcon.colcon_core.shell:Creating prefix script '/home/unitree/go2_ros2_ws/install/local_setup.zsh'
[40.887s] INFO:colcon.colcon_core.shell:Creating prefix chain script '/home/unitree/go2_ros2_ws/install/setup.zsh'
