[0.854s] Invoking command in '/home/unitree/go2_ros2_ws/build/unitree_go': CMAKE_PREFIX_PATH=${CMAKE_PREFIX_PATH}:/opt/ros/foxy /usr/bin/cmake --build /home/unitree/go2_ros2_ws/build/unitree_go -- -j6 -l6
[1.004s] [  1%] Built target unitree_go__dds_connext_idl
[1.027s] [ 13%] Built target unitree_go__rosidl_generator_c
[1.047s] [ 13%] Built target unitree_go__cpp
[1.118s] [ 25%] Built target unitree_go__rosidl_typesupport_introspection_c
[1.125s] [ 37%] Built target unitree_go__rosidl_typesupport_c
[1.185s] [ 49%] Built target unitree_go__rosidl_typesupport_cpp
[1.200s] [ 61%] Built target unitree_go__rosidl_typesupport_fastrtps_cpp
[1.206s] [ 73%] Built target unitree_go__rosidl_typesupport_introspection_cpp
[1.275s] [ 85%] Built target unitree_go__rosidl_typesupport_fastrtps_c
[1.328s] [ 85%] Built target unitree_go
[1.387s] [ 85%] Built target unitree_go__py
[1.475s] [ 97%] Built target unitree_go__python
[1.538s] [ 99%] Built target unitree_go__rosidl_typesupport_introspection_c__pyext
[1.539s] [ 99%] Built target unitree_go__rosidl_typesupport_fastrtps_c__pyext
[1.545s] [100%] Built target unitree_go__rosidl_typesupport_c__pyext
[1.805s] Invoked command in '/home/unitree/go2_ros2_ws/build/unitree_go' returned '0': CMAKE_PREFIX_PATH=${CMAKE_PREFIX_PATH}:/opt/ros/foxy /usr/bin/cmake --build /home/unitree/go2_ros2_ws/build/unitree_go -- -j6 -l6
[2.968s] Invoking command in '/home/unitree/go2_ros2_ws/build/unitree_go': CMAKE_PREFIX_PATH=${CMAKE_PREFIX_PATH}:/opt/ros/foxy /usr/bin/cmake --install /home/unitree/go2_ros2_ws/build/unitree_go
[2.994s] -- Install configuration: ""
[2.995s] -- Up-to-date: /home/unitree/go2_ros2_ws/install/unitree_go/share/ament_index/resource_index/rosidl_interfaces/unitree_go
[2.996s] -- Up-to-date: /home/unitree/go2_ros2_ws/install/unitree_go/include/unitree_go
[2.996s] -- Up-to-date: /home/unitree/go2_ros2_ws/install/unitree_go/include/unitree_go/msg
[2.997s] -- Up-to-date: /home/unitree/go2_ros2_ws/install/unitree_go/include/unitree_go/msg/sport_mode_cmd.h
[2.997s] -- Up-to-date: /home/unitree/go2_ros2_ws/install/unitree_go/include/unitree_go/msg/path_point.h
[2.997s] -- Up-to-date: /home/unitree/go2_ros2_ws/install/unitree_go/include/unitree_go/msg/lidar_state.h
[2.997s] -- Up-to-date: /home/unitree/go2_ros2_ws/install/unitree_go/include/unitree_go/msg/time_spec.h
[2.998s] -- Up-to-date: /home/unitree/go2_ros2_ws/install/unitree_go/include/unitree_go/msg/low_cmd.h
[2.998s] -- Up-to-date: /home/unitree/go2_ros2_ws/install/unitree_go/include/unitree_go/msg/interface_config.h
[2.999s] -- Up-to-date: /home/unitree/go2_ros2_ws/install/unitree_go/include/unitree_go/msg/bms_state.h
[2.999s] -- Up-to-date: /home/unitree/go2_ros2_ws/install/unitree_go/include/unitree_go/msg/rosidl_generator_c__visibility_control.h
[2.999s] -- Up-to-date: /home/unitree/go2_ros2_ws/install/unitree_go/include/unitree_go/msg/req.h
[2.999s] -- Up-to-date: /home/unitree/go2_ros2_ws/install/unitree_go/include/unitree_go/msg/audio_data.h
[2.999s] -- Up-to-date: /home/unitree/go2_ros2_ws/install/unitree_go/include/unitree_go/msg/motor_cmd.h
[3.000s] -- Up-to-date: /home/unitree/go2_ros2_ws/install/unitree_go/include/unitree_go/msg/detail
[3.000s] -- Up-to-date: /home/unitree/go2_ros2_ws/install/unitree_go/include/unitree_go/msg/detail/height_map__struct.h
[3.000s] -- Up-to-date: /home/unitree/go2_ros2_ws/install/unitree_go/include/unitree_go/msg/detail/motor_cmd__functions.c
[3.001s] -- Up-to-date: /home/unitree/go2_ros2_ws/install/unitree_go/include/unitree_go/msg/detail/imu_state__functions.c
[3.001s] -- Up-to-date: /home/unitree/go2_ros2_ws/install/unitree_go/include/unitree_go/msg/detail/res__functions.h
[3.001s] -- Up-to-date: /home/unitree/go2_ros2_ws/install/unitree_go/include/unitree_go/msg/detail/bms_cmd__struct.h
[3.001s] -- Up-to-date: /home/unitree/go2_ros2_ws/install/unitree_go/include/unitree_go/msg/detail/audio_data__functions.h
[3.001s] -- Up-to-date: /home/unitree/go2_ros2_ws/install/unitree_go/include/unitree_go/msg/detail/lidar_state__type_support.h
[3.002s] -- Up-to-date: /home/unitree/go2_ros2_ws/install/unitree_go/include/unitree_go/msg/detail/time_spec__type_support.h
[3.002s] -- Up-to-date: /home/unitree/go2_ros2_ws/install/unitree_go/include/unitree_go/msg/detail/go2_front_video_data__type_support.h
[3.002s] -- Up-to-date: /home/unitree/go2_ros2_ws/install/unitree_go/include/unitree_go/msg/detail/error__type_support.h
[3.003s] -- Up-to-date: /home/unitree/go2_ros2_ws/install/unitree_go/include/unitree_go/msg/detail/req__functions.c
[3.003s] -- Up-to-date: /home/unitree/go2_ros2_ws/install/unitree_go/include/unitree_go/msg/detail/interface_config__type_support.h
[3.003s] -- Up-to-date: /home/unitree/go2_ros2_ws/install/unitree_go/include/unitree_go/msg/detail/wireless_controller__functions.h
[3.004s] -- Up-to-date: /home/unitree/go2_ros2_ws/install/unitree_go/include/unitree_go/msg/detail/low_state__struct.h
[3.004s] -- Up-to-date: /home/unitree/go2_ros2_ws/install/unitree_go/include/unitree_go/msg/detail/go2_front_video_data__struct.h
[3.004s] -- Up-to-date: /home/unitree/go2_ros2_ws/install/unitree_go/include/unitree_go/msg/detail/low_state__type_support.h
[3.004s] -- Up-to-date: /home/unitree/go2_ros2_ws/install/unitree_go/include/unitree_go/msg/detail/lidar_state__functions.c
[3.005s] -- Up-to-date: /home/unitree/go2_ros2_ws/install/unitree_go/include/unitree_go/msg/detail/height_map__type_support.h
[3.005s] -- Up-to-date: /home/unitree/go2_ros2_ws/install/unitree_go/include/unitree_go/msg/detail/uwb_switch__functions.c
[3.005s] -- Up-to-date: /home/unitree/go2_ros2_ws/install/unitree_go/include/unitree_go/msg/detail/interface_config__functions.c
[3.006s] -- Up-to-date: /home/unitree/go2_ros2_ws/install/unitree_go/include/unitree_go/msg/detail/motor_state__struct.h
[3.006s] -- Up-to-date: /home/unitree/go2_ros2_ws/install/unitree_go/include/unitree_go/msg/detail/low_cmd__type_support.h
[3.006s] -- Up-to-date: /home/unitree/go2_ros2_ws/install/unitree_go/include/unitree_go/msg/detail/audio_data__functions.c
[3.006s] -- Up-to-date: /home/unitree/go2_ros2_ws/install/unitree_go/include/unitree_go/msg/detail/go2_front_video_data__functions.c
[3.006s] -- Up-to-date: /home/unitree/go2_ros2_ws/install/unitree_go/include/unitree_go/msg/detail/path_point__functions.h
[3.007s] -- Up-to-date: /home/unitree/go2_ros2_ws/install/unitree_go/include/unitree_go/msg/detail/wireless_controller__struct.h
[3.007s] -- Up-to-date: /home/unitree/go2_ros2_ws/install/unitree_go/include/unitree_go/msg/detail/height_map__functions.c
[3.007s] -- Up-to-date: /home/unitree/go2_ros2_ws/install/unitree_go/include/unitree_go/msg/detail/uwb_state__functions.h
[3.007s] -- Up-to-date: /home/unitree/go2_ros2_ws/install/unitree_go/include/unitree_go/msg/detail/time_spec__struct.h
[3.007s] -- Up-to-date: /home/unitree/go2_ros2_ws/install/unitree_go/include/unitree_go/msg/detail/uwb_state__functions.c
[3.008s] -- Up-to-date: /home/unitree/go2_ros2_ws/install/unitree_go/include/unitree_go/msg/detail/path_point__struct.h
[3.008s] -- Up-to-date: /home/unitree/go2_ros2_ws/install/unitree_go/include/unitree_go/msg/detail/bms_cmd__type_support.h
[3.008s] -- Up-to-date: /home/unitree/go2_ros2_ws/install/unitree_go/include/unitree_go/msg/detail/motor_cmd__type_support.h
[3.009s] -- Up-to-date: /home/unitree/go2_ros2_ws/install/unitree_go/include/unitree_go/msg/detail/sport_mode_cmd__type_support.h
[3.009s] -- Up-to-date: /home/unitree/go2_ros2_ws/install/unitree_go/include/unitree_go/msg/detail/uwb_switch__functions.h
[3.009s] -- Up-to-date: /home/unitree/go2_ros2_ws/install/unitree_go/include/unitree_go/msg/detail/go2_front_video_data__functions.h
[3.010s] -- Up-to-date: /home/unitree/go2_ros2_ws/install/unitree_go/include/unitree_go/msg/detail/bms_cmd__functions.h
[3.010s] -- Up-to-date: /home/unitree/go2_ros2_ws/install/unitree_go/include/unitree_go/msg/detail/uwb_switch__type_support.h
[3.011s] -- Up-to-date: /home/unitree/go2_ros2_ws/install/unitree_go/include/unitree_go/msg/detail/bms_state__functions.c
[3.012s] -- Up-to-date: /home/unitree/go2_ros2_ws/install/unitree_go/include/unitree_go/msg/detail/motor_state__functions.h
[3.012s] -- Up-to-date: /home/unitree/go2_ros2_ws/install/unitree_go/include/unitree_go/msg/detail/sport_mode_cmd__functions.h
[3.013s] -- Up-to-date: /home/unitree/go2_ros2_ws/install/unitree_go/include/unitree_go/msg/detail/low_state__functions.c
[3.013s] -- Up-to-date: /home/unitree/go2_ros2_ws/install/unitree_go/include/unitree_go/msg/detail/lidar_state__struct.h
[3.014s] -- Up-to-date: /home/unitree/go2_ros2_ws/install/unitree_go/include/unitree_go/msg/detail/imu_state__type_support.h
[3.014s] -- Up-to-date: /home/unitree/go2_ros2_ws/install/unitree_go/include/unitree_go/msg/detail/sport_mode_state__type_support.h
[3.015s] -- Up-to-date: /home/unitree/go2_ros2_ws/install/unitree_go/include/unitree_go/msg/detail/low_cmd__functions.h
[3.015s] -- Up-to-date: /home/unitree/go2_ros2_ws/install/unitree_go/include/unitree_go/msg/detail/motor_cmd__functions.h
[3.015s] -- Up-to-date: /home/unitree/go2_ros2_ws/install/unitree_go/include/unitree_go/msg/detail/res__type_support.h
[3.015s] -- Up-to-date: /home/unitree/go2_ros2_ws/install/unitree_go/include/unitree_go/msg/detail/req__type_support.h
[3.015s] -- Up-to-date: /home/unitree/go2_ros2_ws/install/unitree_go/include/unitree_go/msg/detail/time_spec__functions.h
[3.015s] -- Up-to-date: /home/unitree/go2_ros2_ws/install/unitree_go/include/unitree_go/msg/detail/sport_mode_cmd__functions.c
[3.016s] -- Up-to-date: /home/unitree/go2_ros2_ws/install/unitree_go/include/unitree_go/msg/detail/bms_state__struct.h
[3.016s] -- Up-to-date: /home/unitree/go2_ros2_ws/install/unitree_go/include/unitree_go/msg/detail/bms_state__type_support.h
[3.016s] -- Up-to-date: /home/unitree/go2_ros2_ws/install/unitree_go/include/unitree_go/msg/detail/uwb_switch__struct.h
[3.016s] -- Up-to-date: /home/unitree/go2_ros2_ws/install/unitree_go/include/unitree_go/msg/detail/path_point__functions.c
[3.016s] -- Up-to-date: /home/unitree/go2_ros2_ws/install/unitree_go/include/unitree_go/msg/detail/sport_mode_state__functions.c
[3.017s] -- Up-to-date: /home/unitree/go2_ros2_ws/install/unitree_go/include/unitree_go/msg/detail/req__functions.h
[3.017s] -- Up-to-date: /home/unitree/go2_ros2_ws/install/unitree_go/include/unitree_go/msg/detail/wireless_controller__type_support.h
[3.017s] -- Up-to-date: /home/unitree/go2_ros2_ws/install/unitree_go/include/unitree_go/msg/detail/lidar_state__functions.h
[3.017s] -- Up-to-date: /home/unitree/go2_ros2_ws/install/unitree_go/include/unitree_go/msg/detail/time_spec__functions.c
[3.017s] -- Up-to-date: /home/unitree/go2_ros2_ws/install/unitree_go/include/unitree_go/msg/detail/bms_state__functions.h
[3.017s] -- Up-to-date: /home/unitree/go2_ros2_ws/install/unitree_go/include/unitree_go/msg/detail/res__struct.h
[3.018s] -- Up-to-date: /home/unitree/go2_ros2_ws/install/unitree_go/include/unitree_go/msg/detail/error__functions.h
[3.018s] -- Up-to-date: /home/unitree/go2_ros2_ws/install/unitree_go/include/unitree_go/msg/detail/error__struct.h
[3.018s] -- Up-to-date: /home/unitree/go2_ros2_ws/install/unitree_go/include/unitree_go/msg/detail/req__struct.h
[3.018s] -- Up-to-date: /home/unitree/go2_ros2_ws/install/unitree_go/include/unitree_go/msg/detail/sport_mode_state__struct.h
[3.018s] -- Up-to-date: /home/unitree/go2_ros2_ws/install/unitree_go/include/unitree_go/msg/detail/low_cmd__struct.h
[3.018s] -- Up-to-date: /home/unitree/go2_ros2_ws/install/unitree_go/include/unitree_go/msg/detail/interface_config__functions.h
[3.018s] -- Up-to-date: /home/unitree/go2_ros2_ws/install/unitree_go/include/unitree_go/msg/detail/imu_state__functions.h
[3.018s] -- Up-to-date: /home/unitree/go2_ros2_ws/install/unitree_go/include/unitree_go/msg/detail/audio_data__type_support.h
[3.019s] -- Up-to-date: /home/unitree/go2_ros2_ws/install/unitree_go/include/unitree_go/msg/detail/sport_mode_state__functions.h
[3.019s] -- Up-to-date: /home/unitree/go2_ros2_ws/install/unitree_go/include/unitree_go/msg/detail/bms_cmd__functions.c
[3.019s] -- Up-to-date: /home/unitree/go2_ros2_ws/install/unitree_go/include/unitree_go/msg/detail/uwb_state__type_support.h
[3.019s] -- Up-to-date: /home/unitree/go2_ros2_ws/install/unitree_go/include/unitree_go/msg/detail/path_point__type_support.h
[3.019s] -- Up-to-date: /home/unitree/go2_ros2_ws/install/unitree_go/include/unitree_go/msg/detail/low_cmd__functions.c
[3.019s] -- Up-to-date: /home/unitree/go2_ros2_ws/install/unitree_go/include/unitree_go/msg/detail/res__functions.c
[3.019s] -- Up-to-date: /home/unitree/go2_ros2_ws/install/unitree_go/include/unitree_go/msg/detail/imu_state__struct.h
[3.020s] -- Up-to-date: /home/unitree/go2_ros2_ws/install/unitree_go/include/unitree_go/msg/detail/motor_state__functions.c
[3.020s] -- Up-to-date: /home/unitree/go2_ros2_ws/install/unitree_go/include/unitree_go/msg/detail/height_map__functions.h
[3.020s] -- Up-to-date: /home/unitree/go2_ros2_ws/install/unitree_go/include/unitree_go/msg/detail/sport_mode_cmd__struct.h
[3.020s] -- Up-to-date: /home/unitree/go2_ros2_ws/install/unitree_go/include/unitree_go/msg/detail/wireless_controller__functions.c
[3.020s] -- Up-to-date: /home/unitree/go2_ros2_ws/install/unitree_go/include/unitree_go/msg/detail/uwb_state__struct.h
[3.020s] -- Up-to-date: /home/unitree/go2_ros2_ws/install/unitree_go/include/unitree_go/msg/detail/audio_data__struct.h
[3.020s] -- Up-to-date: /home/unitree/go2_ros2_ws/install/unitree_go/include/unitree_go/msg/detail/low_state__functions.h
[3.020s] -- Up-to-date: /home/unitree/go2_ros2_ws/install/unitree_go/include/unitree_go/msg/detail/motor_state__type_support.h
[3.021s] -- Up-to-date: /home/unitree/go2_ros2_ws/install/unitree_go/include/unitree_go/msg/detail/motor_cmd__struct.h
[3.021s] -- Up-to-date: /home/unitree/go2_ros2_ws/install/unitree_go/include/unitree_go/msg/detail/interface_config__struct.h
[3.021s] -- Up-to-date: /home/unitree/go2_ros2_ws/install/unitree_go/include/unitree_go/msg/detail/error__functions.c
[3.021s] -- Up-to-date: /home/unitree/go2_ros2_ws/install/unitree_go/include/unitree_go/msg/low_state.h
[3.021s] -- Up-to-date: /home/unitree/go2_ros2_ws/install/unitree_go/include/unitree_go/msg/uwb_state.h
[3.021s] -- Up-to-date: /home/unitree/go2_ros2_ws/install/unitree_go/include/unitree_go/msg/go2_front_video_data.h
[3.021s] -- Up-to-date: /home/unitree/go2_ros2_ws/install/unitree_go/include/unitree_go/msg/bms_cmd.h
[3.022s] -- Up-to-date: /home/unitree/go2_ros2_ws/install/unitree_go/include/unitree_go/msg/imu_state.h
[3.022s] -- Up-to-date: /home/unitree/go2_ros2_ws/install/unitree_go/include/unitree_go/msg/sport_mode_state.h
[3.022s] -- Up-to-date: /home/unitree/go2_ros2_ws/install/unitree_go/include/unitree_go/msg/error.h
[3.022s] -- Up-to-date: /home/unitree/go2_ros2_ws/install/unitree_go/include/unitree_go/msg/motor_state.h
[3.022s] -- Up-to-date: /home/unitree/go2_ros2_ws/install/unitree_go/include/unitree_go/msg/res.h
[3.022s] -- Up-to-date: /home/unitree/go2_ros2_ws/install/unitree_go/include/unitree_go/msg/wireless_controller.h
[3.022s] -- Up-to-date: /home/unitree/go2_ros2_ws/install/unitree_go/include/unitree_go/msg/uwb_switch.h
[3.022s] -- Up-to-date: /home/unitree/go2_ros2_ws/install/unitree_go/include/unitree_go/msg/height_map.h
[3.023s] -- Up-to-date: /home/unitree/go2_ros2_ws/install/unitree_go/share/unitree_go/environment/library_path.sh
[3.023s] -- Up-to-date: /home/unitree/go2_ros2_ws/install/unitree_go/share/unitree_go/environment/library_path.dsv
[3.023s] -- Up-to-date: /home/unitree/go2_ros2_ws/install/unitree_go/lib/libunitree_go__rosidl_generator_c.so
[3.023s] -- Up-to-date: /home/unitree/go2_ros2_ws/install/unitree_go/include/unitree_go
[3.023s] -- Up-to-date: /home/unitree/go2_ros2_ws/install/unitree_go/include/unitree_go/msg
[3.023s] -- Up-to-date: /home/unitree/go2_ros2_ws/install/unitree_go/include/unitree_go/msg/rosidl_typesupport_fastrtps_c__visibility_control.h
[3.023s] -- Up-to-date: /home/unitree/go2_ros2_ws/install/unitree_go/include/unitree_go/msg/detail
[3.024s] -- Up-to-date: /home/unitree/go2_ros2_ws/install/unitree_go/include/unitree_go/msg/detail/error__rosidl_typesupport_fastrtps_c.h
[3.024s] -- Up-to-date: /home/unitree/go2_ros2_ws/install/unitree_go/include/unitree_go/msg/detail/uwb_switch__rosidl_typesupport_fastrtps_c.h
[3.024s] -- Up-to-date: /home/unitree/go2_ros2_ws/install/unitree_go/include/unitree_go/msg/detail/imu_state__rosidl_typesupport_fastrtps_c.h
[3.024s] -- Up-to-date: /home/unitree/go2_ros2_ws/install/unitree_go/include/unitree_go/msg/detail/res__rosidl_typesupport_fastrtps_c.h
[3.024s] -- Up-to-date: /home/unitree/go2_ros2_ws/install/unitree_go/include/unitree_go/msg/detail/height_map__rosidl_typesupport_fastrtps_c.h
[3.024s] -- Up-to-date: /home/unitree/go2_ros2_ws/install/unitree_go/include/unitree_go/msg/detail/sport_mode_state__rosidl_typesupport_fastrtps_c.h
[3.024s] -- Up-to-date: /home/unitree/go2_ros2_ws/install/unitree_go/include/unitree_go/msg/detail/go2_front_video_data__rosidl_typesupport_fastrtps_c.h
[3.025s] -- Up-to-date: /home/unitree/go2_ros2_ws/install/unitree_go/include/unitree_go/msg/detail/low_cmd__rosidl_typesupport_fastrtps_c.h
[3.025s] -- Up-to-date: /home/unitree/go2_ros2_ws/install/unitree_go/include/unitree_go/msg/detail/audio_data__rosidl_typesupport_fastrtps_c.h
[3.025s] -- Up-to-date: /home/unitree/go2_ros2_ws/install/unitree_go/include/unitree_go/msg/detail/bms_state__rosidl_typesupport_fastrtps_c.h
[3.025s] -- Up-to-date: /home/unitree/go2_ros2_ws/install/unitree_go/include/unitree_go/msg/detail/path_point__rosidl_typesupport_fastrtps_c.h
[3.025s] -- Up-to-date: /home/unitree/go2_ros2_ws/install/unitree_go/include/unitree_go/msg/detail/motor_cmd__rosidl_typesupport_fastrtps_c.h
[3.025s] -- Up-to-date: /home/unitree/go2_ros2_ws/install/unitree_go/include/unitree_go/msg/detail/req__rosidl_typesupport_fastrtps_c.h
[3.025s] -- Up-to-date: /home/unitree/go2_ros2_ws/install/unitree_go/include/unitree_go/msg/detail/uwb_state__rosidl_typesupport_fastrtps_c.h
[3.026s] -- Up-to-date: /home/unitree/go2_ros2_ws/install/unitree_go/include/unitree_go/msg/detail/interface_config__rosidl_typesupport_fastrtps_c.h
[3.026s] -- Up-to-date: /home/unitree/go2_ros2_ws/install/unitree_go/include/unitree_go/msg/detail/low_state__rosidl_typesupport_fastrtps_c.h
[3.026s] -- Up-to-date: /home/unitree/go2_ros2_ws/install/unitree_go/include/unitree_go/msg/detail/time_spec__rosidl_typesupport_fastrtps_c.h
[3.026s] -- Up-to-date: /home/unitree/go2_ros2_ws/install/unitree_go/include/unitree_go/msg/detail/wireless_controller__rosidl_typesupport_fastrtps_c.h
[3.026s] -- Up-to-date: /home/unitree/go2_ros2_ws/install/unitree_go/include/unitree_go/msg/detail/motor_state__rosidl_typesupport_fastrtps_c.h
[3.026s] -- Up-to-date: /home/unitree/go2_ros2_ws/install/unitree_go/include/unitree_go/msg/detail/bms_cmd__rosidl_typesupport_fastrtps_c.h
[3.026s] -- Up-to-date: /home/unitree/go2_ros2_ws/install/unitree_go/include/unitree_go/msg/detail/lidar_state__rosidl_typesupport_fastrtps_c.h
[3.026s] -- Up-to-date: /home/unitree/go2_ros2_ws/install/unitree_go/include/unitree_go/msg/detail/sport_mode_cmd__rosidl_typesupport_fastrtps_c.h
[3.027s] -- Up-to-date: /home/unitree/go2_ros2_ws/install/unitree_go/lib/libunitree_go__rosidl_typesupport_fastrtps_c.so
[3.027s] -- Up-to-date: /home/unitree/go2_ros2_ws/install/unitree_go/include/unitree_go
[3.027s] -- Up-to-date: /home/unitree/go2_ros2_ws/install/unitree_go/include/unitree_go/msg
[3.027s] -- Up-to-date: /home/unitree/go2_ros2_ws/install/unitree_go/include/unitree_go/msg/rosidl_typesupport_fastrtps_cpp__visibility_control.h
[3.027s] -- Up-to-date: /home/unitree/go2_ros2_ws/install/unitree_go/include/unitree_go/msg/detail
[3.027s] -- Up-to-date: /home/unitree/go2_ros2_ws/install/unitree_go/include/unitree_go/msg/detail/error__rosidl_typesupport_fastrtps_cpp.hpp
[3.027s] -- Up-to-date: /home/unitree/go2_ros2_ws/install/unitree_go/include/unitree_go/msg/detail/path_point__rosidl_typesupport_fastrtps_cpp.hpp
[3.027s] -- Up-to-date: /home/unitree/go2_ros2_ws/install/unitree_go/include/unitree_go/msg/detail/uwb_state__rosidl_typesupport_fastrtps_cpp.hpp
[3.028s] -- Up-to-date: /home/unitree/go2_ros2_ws/install/unitree_go/include/unitree_go/msg/detail/go2_front_video_data__rosidl_typesupport_fastrtps_cpp.hpp
[3.028s] -- Up-to-date: /home/unitree/go2_ros2_ws/install/unitree_go/include/unitree_go/msg/detail/low_state__rosidl_typesupport_fastrtps_cpp.hpp
[3.028s] -- Up-to-date: /home/unitree/go2_ros2_ws/install/unitree_go/include/unitree_go/msg/detail/uwb_switch__rosidl_typesupport_fastrtps_cpp.hpp
[3.028s] -- Up-to-date: /home/unitree/go2_ros2_ws/install/unitree_go/include/unitree_go/msg/detail/bms_cmd__rosidl_typesupport_fastrtps_cpp.hpp
[3.029s] -- Up-to-date: /home/unitree/go2_ros2_ws/install/unitree_go/include/unitree_go/msg/detail/bms_state__rosidl_typesupport_fastrtps_cpp.hpp
[3.029s] -- Up-to-date: /home/unitree/go2_ros2_ws/install/unitree_go/include/unitree_go/msg/detail/lidar_state__rosidl_typesupport_fastrtps_cpp.hpp
[3.029s] -- Up-to-date: /home/unitree/go2_ros2_ws/install/unitree_go/include/unitree_go/msg/detail/wireless_controller__rosidl_typesupport_fastrtps_cpp.hpp
[3.029s] -- Up-to-date: /home/unitree/go2_ros2_ws/install/unitree_go/include/unitree_go/msg/detail/interface_config__rosidl_typesupport_fastrtps_cpp.hpp
[3.029s] -- Up-to-date: /home/unitree/go2_ros2_ws/install/unitree_go/include/unitree_go/msg/detail/sport_mode_cmd__rosidl_typesupport_fastrtps_cpp.hpp
[3.029s] -- Up-to-date: /home/unitree/go2_ros2_ws/install/unitree_go/include/unitree_go/msg/detail/dds_fastrtps
[3.029s] -- Up-to-date: /home/unitree/go2_ros2_ws/install/unitree_go/include/unitree_go/msg/detail/motor_state__rosidl_typesupport_fastrtps_cpp.hpp
[3.030s] -- Up-to-date: /home/unitree/go2_ros2_ws/install/unitree_go/include/unitree_go/msg/detail/motor_cmd__rosidl_typesupport_fastrtps_cpp.hpp
[3.030s] -- Up-to-date: /home/unitree/go2_ros2_ws/install/unitree_go/include/unitree_go/msg/detail/imu_state__rosidl_typesupport_fastrtps_cpp.hpp
[3.030s] -- Up-to-date: /home/unitree/go2_ros2_ws/install/unitree_go/include/unitree_go/msg/detail/time_spec__rosidl_typesupport_fastrtps_cpp.hpp
[3.030s] -- Up-to-date: /home/unitree/go2_ros2_ws/install/unitree_go/include/unitree_go/msg/detail/req__rosidl_typesupport_fastrtps_cpp.hpp
[3.030s] -- Up-to-date: /home/unitree/go2_ros2_ws/install/unitree_go/include/unitree_go/msg/detail/sport_mode_state__rosidl_typesupport_fastrtps_cpp.hpp
[3.030s] -- Up-to-date: /home/unitree/go2_ros2_ws/install/unitree_go/include/unitree_go/msg/detail/audio_data__rosidl_typesupport_fastrtps_cpp.hpp
[3.030s] -- Up-to-date: /home/unitree/go2_ros2_ws/install/unitree_go/include/unitree_go/msg/detail/res__rosidl_typesupport_fastrtps_cpp.hpp
[3.031s] -- Up-to-date: /home/unitree/go2_ros2_ws/install/unitree_go/include/unitree_go/msg/detail/height_map__rosidl_typesupport_fastrtps_cpp.hpp
[3.031s] -- Up-to-date: /home/unitree/go2_ros2_ws/install/unitree_go/include/unitree_go/msg/detail/low_cmd__rosidl_typesupport_fastrtps_cpp.hpp
[3.031s] -- Up-to-date: /home/unitree/go2_ros2_ws/install/unitree_go/lib/libunitree_go__rosidl_typesupport_fastrtps_cpp.so
[3.031s] -- Up-to-date: /home/unitree/go2_ros2_ws/install/unitree_go/include/unitree_go
[3.031s] -- Up-to-date: /home/unitree/go2_ros2_ws/install/unitree_go/include/unitree_go/msg
[3.031s] -- Up-to-date: /home/unitree/go2_ros2_ws/install/unitree_go/include/unitree_go/msg/detail
[3.031s] -- Up-to-date: /home/unitree/go2_ros2_ws/install/unitree_go/include/unitree_go/msg/detail/sport_mode_cmd__type_support.c
[3.032s] -- Up-to-date: /home/unitree/go2_ros2_ws/install/unitree_go/include/unitree_go/msg/detail/go2_front_video_data__type_support.c
[3.032s] -- Up-to-date: /home/unitree/go2_ros2_ws/install/unitree_go/include/unitree_go/msg/detail/bms_cmd__type_support.c
[3.032s] -- Up-to-date: /home/unitree/go2_ros2_ws/install/unitree_go/include/unitree_go/msg/detail/low_state__type_support.c
[3.032s] -- Up-to-date: /home/unitree/go2_ros2_ws/install/unitree_go/include/unitree_go/msg/detail/height_map__rosidl_typesupport_introspection_c.h
[3.032s] -- Up-to-date: /home/unitree/go2_ros2_ws/install/unitree_go/include/unitree_go/msg/detail/interface_config__type_support.c
[3.032s] -- Up-to-date: /home/unitree/go2_ros2_ws/install/unitree_go/include/unitree_go/msg/detail/imu_state__type_support.c
[3.032s] -- Up-to-date: /home/unitree/go2_ros2_ws/install/unitree_go/include/unitree_go/msg/detail/req__type_support.c
[3.032s] -- Up-to-date: /home/unitree/go2_ros2_ws/install/unitree_go/include/unitree_go/msg/detail/sport_mode_cmd__rosidl_typesupport_introspection_c.h
[3.033s] -- Up-to-date: /home/unitree/go2_ros2_ws/install/unitree_go/include/unitree_go/msg/detail/sport_mode_state__rosidl_typesupport_introspection_c.h
[3.033s] -- Up-to-date: /home/unitree/go2_ros2_ws/install/unitree_go/include/unitree_go/msg/detail/time_spec__type_support.c
[3.033s] -- Up-to-date: /home/unitree/go2_ros2_ws/install/unitree_go/include/unitree_go/msg/detail/lidar_state__type_support.c
[3.033s] -- Up-to-date: /home/unitree/go2_ros2_ws/install/unitree_go/include/unitree_go/msg/detail/bms_cmd__rosidl_typesupport_introspection_c.h
[3.033s] -- Up-to-date: /home/unitree/go2_ros2_ws/install/unitree_go/include/unitree_go/msg/detail/path_point__type_support.c
[3.033s] -- Up-to-date: /home/unitree/go2_ros2_ws/install/unitree_go/include/unitree_go/msg/detail/low_cmd__type_support.c
[3.033s] -- Up-to-date: /home/unitree/go2_ros2_ws/install/unitree_go/include/unitree_go/msg/detail/sport_mode_state__type_support.c
[3.033s] -- Up-to-date: /home/unitree/go2_ros2_ws/install/unitree_go/include/unitree_go/msg/detail/low_state__rosidl_typesupport_introspection_c.h
[3.034s] -- Up-to-date: /home/unitree/go2_ros2_ws/install/unitree_go/include/unitree_go/msg/detail/time_spec__rosidl_typesupport_introspection_c.h
[3.034s] -- Up-to-date: /home/unitree/go2_ros2_ws/install/unitree_go/include/unitree_go/msg/detail/audio_data__type_support.c
[3.034s] -- Up-to-date: /home/unitree/go2_ros2_ws/install/unitree_go/include/unitree_go/msg/detail/wireless_controller__type_support.c
[3.034s] -- Up-to-date: /home/unitree/go2_ros2_ws/install/unitree_go/include/unitree_go/msg/detail/motor_cmd__rosidl_typesupport_introspection_c.h
[3.034s] -- Up-to-date: /home/unitree/go2_ros2_ws/install/unitree_go/include/unitree_go/msg/detail/uwb_state__type_support.c
[3.034s] -- Up-to-date: /home/unitree/go2_ros2_ws/install/unitree_go/include/unitree_go/msg/detail/interface_config__rosidl_typesupport_introspection_c.h
[3.034s] -- Up-to-date: /home/unitree/go2_ros2_ws/install/unitree_go/include/unitree_go/msg/detail/audio_data__rosidl_typesupport_introspection_c.h
[3.035s] -- Up-to-date: /home/unitree/go2_ros2_ws/install/unitree_go/include/unitree_go/msg/detail/path_point__rosidl_typesupport_introspection_c.h
[3.035s] -- Up-to-date: /home/unitree/go2_ros2_ws/install/unitree_go/include/unitree_go/msg/detail/motor_state__type_support.c
[3.035s] -- Up-to-date: /home/unitree/go2_ros2_ws/install/unitree_go/include/unitree_go/msg/detail/error__rosidl_typesupport_introspection_c.h
[3.035s] -- Up-to-date: /home/unitree/go2_ros2_ws/install/unitree_go/include/unitree_go/msg/detail/imu_state__rosidl_typesupport_introspection_c.h
[3.035s] -- Up-to-date: /home/unitree/go2_ros2_ws/install/unitree_go/include/unitree_go/msg/detail/req__rosidl_typesupport_introspection_c.h
[3.035s] -- Up-to-date: /home/unitree/go2_ros2_ws/install/unitree_go/include/unitree_go/msg/detail/error__type_support.c
[3.035s] -- Up-to-date: /home/unitree/go2_ros2_ws/install/unitree_go/include/unitree_go/msg/detail/uwb_state__rosidl_typesupport_introspection_c.h
[3.036s] -- Up-to-date: /home/unitree/go2_ros2_ws/install/unitree_go/include/unitree_go/msg/detail/motor_cmd__type_support.c
[3.036s] -- Up-to-date: /home/unitree/go2_ros2_ws/install/unitree_go/include/unitree_go/msg/detail/lidar_state__rosidl_typesupport_introspection_c.h
[3.036s] -- Up-to-date: /home/unitree/go2_ros2_ws/install/unitree_go/include/unitree_go/msg/detail/bms_state__type_support.c
[3.036s] -- Up-to-date: /home/unitree/go2_ros2_ws/install/unitree_go/include/unitree_go/msg/detail/low_cmd__rosidl_typesupport_introspection_c.h
[3.036s] -- Up-to-date: /home/unitree/go2_ros2_ws/install/unitree_go/include/unitree_go/msg/detail/res__rosidl_typesupport_introspection_c.h
[3.036s] -- Up-to-date: /home/unitree/go2_ros2_ws/install/unitree_go/include/unitree_go/msg/detail/go2_front_video_data__rosidl_typesupport_introspection_c.h
[3.036s] -- Up-to-date: /home/unitree/go2_ros2_ws/install/unitree_go/include/unitree_go/msg/detail/height_map__type_support.c
[3.037s] -- Up-to-date: /home/unitree/go2_ros2_ws/install/unitree_go/include/unitree_go/msg/detail/wireless_controller__rosidl_typesupport_introspection_c.h
[3.037s] -- Up-to-date: /home/unitree/go2_ros2_ws/install/unitree_go/include/unitree_go/msg/detail/uwb_switch__rosidl_typesupport_introspection_c.h
[3.037s] -- Up-to-date: /home/unitree/go2_ros2_ws/install/unitree_go/include/unitree_go/msg/detail/uwb_switch__type_support.c
[3.037s] -- Up-to-date: /home/unitree/go2_ros2_ws/install/unitree_go/include/unitree_go/msg/detail/res__type_support.c
[3.037s] -- Up-to-date: /home/unitree/go2_ros2_ws/install/unitree_go/include/unitree_go/msg/detail/bms_state__rosidl_typesupport_introspection_c.h
[3.037s] -- Up-to-date: /home/unitree/go2_ros2_ws/install/unitree_go/include/unitree_go/msg/detail/motor_state__rosidl_typesupport_introspection_c.h
[3.037s] -- Up-to-date: /home/unitree/go2_ros2_ws/install/unitree_go/include/unitree_go/msg/rosidl_typesupport_introspection_c__visibility_control.h
[3.037s] -- Up-to-date: /home/unitree/go2_ros2_ws/install/unitree_go/lib/libunitree_go__rosidl_typesupport_introspection_c.so
[3.038s] -- Up-to-date: /home/unitree/go2_ros2_ws/install/unitree_go/lib/libunitree_go__rosidl_typesupport_c.so
[3.038s] -- Up-to-date: /home/unitree/go2_ros2_ws/install/unitree_go/include/unitree_go
[3.038s] -- Up-to-date: /home/unitree/go2_ros2_ws/install/unitree_go/include/unitree_go/msg
[3.038s] -- Up-to-date: /home/unitree/go2_ros2_ws/install/unitree_go/include/unitree_go/msg/audio_data.hpp
[3.038s] -- Up-to-date: /home/unitree/go2_ros2_ws/install/unitree_go/include/unitree_go/msg/motor_cmd.hpp
[3.038s] -- Up-to-date: /home/unitree/go2_ros2_ws/install/unitree_go/include/unitree_go/msg/time_spec.hpp
[3.038s] -- Up-to-date: /home/unitree/go2_ros2_ws/install/unitree_go/include/unitree_go/msg/motor_state.hpp
[3.039s] -- Up-to-date: /home/unitree/go2_ros2_ws/install/unitree_go/include/unitree_go/msg/bms_cmd.hpp
[3.039s] -- Up-to-date: /home/unitree/go2_ros2_ws/install/unitree_go/include/unitree_go/msg/low_cmd.hpp
[3.039s] -- Up-to-date: /home/unitree/go2_ros2_ws/install/unitree_go/include/unitree_go/msg/imu_state.hpp
[3.039s] -- Up-to-date: /home/unitree/go2_ros2_ws/install/unitree_go/include/unitree_go/msg/height_map.hpp
[3.039s] -- Up-to-date: /home/unitree/go2_ros2_ws/install/unitree_go/include/unitree_go/msg/go2_front_video_data.hpp
[3.039s] -- Up-to-date: /home/unitree/go2_ros2_ws/install/unitree_go/include/unitree_go/msg/error.hpp
[3.039s] -- Up-to-date: /home/unitree/go2_ros2_ws/install/unitree_go/include/unitree_go/msg/detail
[3.039s] -- Up-to-date: /home/unitree/go2_ros2_ws/install/unitree_go/include/unitree_go/msg/detail/sport_mode_cmd__traits.hpp
[3.040s] -- Up-to-date: /home/unitree/go2_ros2_ws/install/unitree_go/include/unitree_go/msg/detail/error__builder.hpp
[3.040s] -- Up-to-date: /home/unitree/go2_ros2_ws/install/unitree_go/include/unitree_go/msg/detail/motor_cmd__traits.hpp
[3.040s] -- Up-to-date: /home/unitree/go2_ros2_ws/install/unitree_go/include/unitree_go/msg/detail/wireless_controller__struct.hpp
[3.040s] -- Up-to-date: /home/unitree/go2_ros2_ws/install/unitree_go/include/unitree_go/msg/detail/res__type_support.hpp
[3.040s] -- Up-to-date: /home/unitree/go2_ros2_ws/install/unitree_go/include/unitree_go/msg/detail/interface_config__type_support.hpp
[3.040s] -- Up-to-date: /home/unitree/go2_ros2_ws/install/unitree_go/include/unitree_go/msg/detail/audio_data__type_support.hpp
[3.041s] -- Up-to-date: /home/unitree/go2_ros2_ws/install/unitree_go/include/unitree_go/msg/detail/path_point__traits.hpp
[3.041s] -- Up-to-date: /home/unitree/go2_ros2_ws/install/unitree_go/include/unitree_go/msg/detail/low_cmd__type_support.hpp
[3.041s] -- Up-to-date: /home/unitree/go2_ros2_ws/install/unitree_go/include/unitree_go/msg/detail/req__builder.hpp
[3.041s] -- Up-to-date: /home/unitree/go2_ros2_ws/install/unitree_go/include/unitree_go/msg/detail/bms_cmd__builder.hpp
[3.041s] -- Up-to-date: /home/unitree/go2_ros2_ws/install/unitree_go/include/unitree_go/msg/detail/path_point__type_support.hpp
[3.041s] -- Up-to-date: /home/unitree/go2_ros2_ws/install/unitree_go/include/unitree_go/msg/detail/low_state__builder.hpp
[3.041s] -- Up-to-date: /home/unitree/go2_ros2_ws/install/unitree_go/include/unitree_go/msg/detail/motor_state__struct.hpp
[3.041s] -- Up-to-date: /home/unitree/go2_ros2_ws/install/unitree_go/include/unitree_go/msg/detail/audio_data__struct.hpp
[3.042s] -- Up-to-date: /home/unitree/go2_ros2_ws/install/unitree_go/include/unitree_go/msg/detail/error__type_support.hpp
[3.042s] -- Up-to-date: /home/unitree/go2_ros2_ws/install/unitree_go/include/unitree_go/msg/detail/low_state__struct.hpp
[3.042s] -- Up-to-date: /home/unitree/go2_ros2_ws/install/unitree_go/include/unitree_go/msg/detail/imu_state__type_support.hpp
[3.042s] -- Up-to-date: /home/unitree/go2_ros2_ws/install/unitree_go/include/unitree_go/msg/detail/req__traits.hpp
[3.042s] -- Up-to-date: /home/unitree/go2_ros2_ws/install/unitree_go/include/unitree_go/msg/detail/sport_mode_cmd__builder.hpp
[3.042s] -- Up-to-date: /home/unitree/go2_ros2_ws/install/unitree_go/include/unitree_go/msg/detail/low_cmd__builder.hpp
[3.042s] -- Up-to-date: /home/unitree/go2_ros2_ws/install/unitree_go/include/unitree_go/msg/detail/motor_cmd__type_support.hpp
[3.043s] -- Up-to-date: /home/unitree/go2_ros2_ws/install/unitree_go/include/unitree_go/msg/detail/path_point__builder.hpp
[3.043s] -- Up-to-date: /home/unitree/go2_ros2_ws/install/unitree_go/include/unitree_go/msg/detail/uwb_state__type_support.hpp
[3.043s] -- Up-to-date: /home/unitree/go2_ros2_ws/install/unitree_go/include/unitree_go/msg/detail/time_spec__traits.hpp
[3.043s] -- Up-to-date: /home/unitree/go2_ros2_ws/install/unitree_go/include/unitree_go/msg/detail/sport_mode_cmd__struct.hpp
[3.043s] -- Up-to-date: /home/unitree/go2_ros2_ws/install/unitree_go/include/unitree_go/msg/detail/wireless_controller__builder.hpp
[3.043s] -- Up-to-date: /home/unitree/go2_ros2_ws/install/unitree_go/include/unitree_go/msg/detail/error__traits.hpp
[3.043s] -- Up-to-date: /home/unitree/go2_ros2_ws/install/unitree_go/include/unitree_go/msg/detail/uwb_state__traits.hpp
[3.043s] -- Up-to-date: /home/unitree/go2_ros2_ws/install/unitree_go/include/unitree_go/msg/detail/imu_state__struct.hpp
[3.044s] -- Up-to-date: /home/unitree/go2_ros2_ws/install/unitree_go/include/unitree_go/msg/detail/time_spec__builder.hpp
[3.044s] -- Up-to-date: /home/unitree/go2_ros2_ws/install/unitree_go/include/unitree_go/msg/detail/go2_front_video_data__builder.hpp
[3.044s] -- Up-to-date: /home/unitree/go2_ros2_ws/install/unitree_go/include/unitree_go/msg/detail/req__struct.hpp
[3.044s] -- Up-to-date: /home/unitree/go2_ros2_ws/install/unitree_go/include/unitree_go/msg/detail/bms_state__type_support.hpp
[3.044s] -- Up-to-date: /home/unitree/go2_ros2_ws/install/unitree_go/include/unitree_go/msg/detail/lidar_state__struct.hpp
[3.044s] -- Up-to-date: /home/unitree/go2_ros2_ws/install/unitree_go/include/unitree_go/msg/detail/bms_cmd__traits.hpp
[3.044s] -- Up-to-date: /home/unitree/go2_ros2_ws/install/unitree_go/include/unitree_go/msg/detail/sport_mode_cmd__type_support.hpp
[3.045s] -- Up-to-date: /home/unitree/go2_ros2_ws/install/unitree_go/include/unitree_go/msg/detail/bms_state__builder.hpp
[3.045s] -- Up-to-date: /home/unitree/go2_ros2_ws/install/unitree_go/include/unitree_go/msg/detail/lidar_state__traits.hpp
[3.045s] -- Up-to-date: /home/unitree/go2_ros2_ws/install/unitree_go/include/unitree_go/msg/detail/sport_mode_state__builder.hpp
[3.045s] -- Up-to-date: /home/unitree/go2_ros2_ws/install/unitree_go/include/unitree_go/msg/detail/interface_config__traits.hpp
[3.045s] -- Up-to-date: /home/unitree/go2_ros2_ws/install/unitree_go/include/unitree_go/msg/detail/lidar_state__builder.hpp
[3.045s] -- Up-to-date: /home/unitree/go2_ros2_ws/install/unitree_go/include/unitree_go/msg/detail/low_cmd__struct.hpp
[3.045s] -- Up-to-date: /home/unitree/go2_ros2_ws/install/unitree_go/include/unitree_go/msg/detail/motor_state__type_support.hpp
[3.046s] -- Up-to-date: /home/unitree/go2_ros2_ws/install/unitree_go/include/unitree_go/msg/detail/height_map__type_support.hpp
[3.046s] -- Up-to-date: /home/unitree/go2_ros2_ws/install/unitree_go/include/unitree_go/msg/detail/sport_mode_state__type_support.hpp
[3.046s] -- Up-to-date: /home/unitree/go2_ros2_ws/install/unitree_go/include/unitree_go/msg/detail/uwb_switch__struct.hpp
[3.046s] -- Up-to-date: /home/unitree/go2_ros2_ws/install/unitree_go/include/unitree_go/msg/detail/req__type_support.hpp
[3.046s] -- Up-to-date: /home/unitree/go2_ros2_ws/install/unitree_go/include/unitree_go/msg/detail/go2_front_video_data__traits.hpp
[3.046s] -- Up-to-date: /home/unitree/go2_ros2_ws/install/unitree_go/include/unitree_go/msg/detail/motor_cmd__builder.hpp
[3.046s] -- Up-to-date: /home/unitree/go2_ros2_ws/install/unitree_go/include/unitree_go/msg/detail/lidar_state__type_support.hpp
[3.047s] -- Up-to-date: /home/unitree/go2_ros2_ws/install/unitree_go/include/unitree_go/msg/detail/motor_cmd__struct.hpp
[3.047s] -- Up-to-date: /home/unitree/go2_ros2_ws/install/unitree_go/include/unitree_go/msg/detail/bms_state__traits.hpp
[3.047s] -- Up-to-date: /home/unitree/go2_ros2_ws/install/unitree_go/include/unitree_go/msg/detail/motor_state__builder.hpp
[3.047s] -- Up-to-date: /home/unitree/go2_ros2_ws/install/unitree_go/include/unitree_go/msg/detail/res__builder.hpp
[3.047s] -- Up-to-date: /home/unitree/go2_ros2_ws/install/unitree_go/include/unitree_go/msg/detail/sport_mode_state__struct.hpp
[3.047s] -- Up-to-date: /home/unitree/go2_ros2_ws/install/unitree_go/include/unitree_go/msg/detail/bms_cmd__type_support.hpp
[3.047s] -- Up-to-date: /home/unitree/go2_ros2_ws/install/unitree_go/include/unitree_go/msg/detail/uwb_switch__builder.hpp
[3.047s] -- Up-to-date: /home/unitree/go2_ros2_ws/install/unitree_go/include/unitree_go/msg/detail/time_spec__type_support.hpp
[3.048s] -- Up-to-date: /home/unitree/go2_ros2_ws/install/unitree_go/include/unitree_go/msg/detail/audio_data__builder.hpp
[3.048s] -- Up-to-date: /home/unitree/go2_ros2_ws/install/unitree_go/include/unitree_go/msg/detail/time_spec__struct.hpp
[3.048s] -- Up-to-date: /home/unitree/go2_ros2_ws/install/unitree_go/include/unitree_go/msg/detail/height_map__traits.hpp
[3.048s] -- Up-to-date: /home/unitree/go2_ros2_ws/install/unitree_go/include/unitree_go/msg/detail/low_state__type_support.hpp
[3.048s] -- Up-to-date: /home/unitree/go2_ros2_ws/install/unitree_go/include/unitree_go/msg/detail/low_cmd__traits.hpp
[3.048s] -- Up-to-date: /home/unitree/go2_ros2_ws/install/unitree_go/include/unitree_go/msg/detail/uwb_switch__traits.hpp
[3.048s] -- Up-to-date: /home/unitree/go2_ros2_ws/install/unitree_go/include/unitree_go/msg/detail/go2_front_video_data__struct.hpp
[3.048s] -- Up-to-date: /home/unitree/go2_ros2_ws/install/unitree_go/include/unitree_go/msg/detail/uwb_state__builder.hpp
[3.049s] -- Up-to-date: /home/unitree/go2_ros2_ws/install/unitree_go/include/unitree_go/msg/detail/interface_config__struct.hpp
[3.049s] -- Up-to-date: /home/unitree/go2_ros2_ws/install/unitree_go/include/unitree_go/msg/detail/motor_state__traits.hpp
[3.049s] -- Up-to-date: /home/unitree/go2_ros2_ws/install/unitree_go/include/unitree_go/msg/detail/height_map__struct.hpp
[3.049s] -- Up-to-date: /home/unitree/go2_ros2_ws/install/unitree_go/include/unitree_go/msg/detail/path_point__struct.hpp
[3.049s] -- Up-to-date: /home/unitree/go2_ros2_ws/install/unitree_go/include/unitree_go/msg/detail/imu_state__builder.hpp
[3.049s] -- Up-to-date: /home/unitree/go2_ros2_ws/install/unitree_go/include/unitree_go/msg/detail/go2_front_video_data__type_support.hpp
[3.049s] -- Up-to-date: /home/unitree/go2_ros2_ws/install/unitree_go/include/unitree_go/msg/detail/res__struct.hpp
[3.050s] -- Up-to-date: /home/unitree/go2_ros2_ws/install/unitree_go/include/unitree_go/msg/detail/low_state__traits.hpp
[3.050s] -- Up-to-date: /home/unitree/go2_ros2_ws/install/unitree_go/include/unitree_go/msg/detail/interface_config__builder.hpp
[3.050s] -- Up-to-date: /home/unitree/go2_ros2_ws/install/unitree_go/include/unitree_go/msg/detail/audio_data__traits.hpp
[3.050s] -- Up-to-date: /home/unitree/go2_ros2_ws/install/unitree_go/include/unitree_go/msg/detail/res__traits.hpp
[3.050s] -- Up-to-date: /home/unitree/go2_ros2_ws/install/unitree_go/include/unitree_go/msg/detail/wireless_controller__type_support.hpp
[3.050s] -- Up-to-date: /home/unitree/go2_ros2_ws/install/unitree_go/include/unitree_go/msg/detail/sport_mode_state__traits.hpp
[3.050s] -- Up-to-date: /home/unitree/go2_ros2_ws/install/unitree_go/include/unitree_go/msg/detail/error__struct.hpp
[3.050s] -- Up-to-date: /home/unitree/go2_ros2_ws/install/unitree_go/include/unitree_go/msg/detail/bms_state__struct.hpp
[3.051s] -- Up-to-date: /home/unitree/go2_ros2_ws/install/unitree_go/include/unitree_go/msg/detail/uwb_switch__type_support.hpp
[3.051s] -- Up-to-date: /home/unitree/go2_ros2_ws/install/unitree_go/include/unitree_go/msg/detail/imu_state__traits.hpp
[3.051s] -- Up-to-date: /home/unitree/go2_ros2_ws/install/unitree_go/include/unitree_go/msg/detail/height_map__builder.hpp
[3.051s] -- Up-to-date: /home/unitree/go2_ros2_ws/install/unitree_go/include/unitree_go/msg/detail/wireless_controller__traits.hpp
[3.052s] -- Up-to-date: /home/unitree/go2_ros2_ws/install/unitree_go/include/unitree_go/msg/detail/bms_cmd__struct.hpp
[3.052s] -- Up-to-date: /home/unitree/go2_ros2_ws/install/unitree_go/include/unitree_go/msg/detail/uwb_state__struct.hpp
[3.052s] -- Up-to-date: /home/unitree/go2_ros2_ws/install/unitree_go/include/unitree_go/msg/res.hpp
[3.052s] -- Up-to-date: /home/unitree/go2_ros2_ws/install/unitree_go/include/unitree_go/msg/uwb_switch.hpp
[3.052s] -- Up-to-date: /home/unitree/go2_ros2_ws/install/unitree_go/include/unitree_go/msg/sport_mode_state.hpp
[3.052s] -- Up-to-date: /home/unitree/go2_ros2_ws/install/unitree_go/include/unitree_go/msg/uwb_state.hpp
[3.052s] -- Up-to-date: /home/unitree/go2_ros2_ws/install/unitree_go/include/unitree_go/msg/bms_state.hpp
[3.052s] -- Up-to-date: /home/unitree/go2_ros2_ws/install/unitree_go/include/unitree_go/msg/rosidl_generator_cpp__visibility_control.hpp
[3.053s] -- Up-to-date: /home/unitree/go2_ros2_ws/install/unitree_go/include/unitree_go/msg/lidar_state.hpp
[3.053s] -- Up-to-date: /home/unitree/go2_ros2_ws/install/unitree_go/include/unitree_go/msg/sport_mode_cmd.hpp
[3.053s] -- Up-to-date: /home/unitree/go2_ros2_ws/install/unitree_go/include/unitree_go/msg/path_point.hpp
[3.053s] -- Up-to-date: /home/unitree/go2_ros2_ws/install/unitree_go/include/unitree_go/msg/interface_config.hpp
[3.053s] -- Up-to-date: /home/unitree/go2_ros2_ws/install/unitree_go/include/unitree_go/msg/wireless_controller.hpp
[3.053s] -- Up-to-date: /home/unitree/go2_ros2_ws/install/unitree_go/include/unitree_go/msg/req.hpp
[3.053s] -- Up-to-date: /home/unitree/go2_ros2_ws/install/unitree_go/include/unitree_go/msg/low_state.hpp
[3.054s] -- Up-to-date: /home/unitree/go2_ros2_ws/install/unitree_go/include/unitree_go
[3.054s] -- Up-to-date: /home/unitree/go2_ros2_ws/install/unitree_go/include/unitree_go/msg
[3.054s] -- Up-to-date: /home/unitree/go2_ros2_ws/install/unitree_go/include/unitree_go/msg/detail
[3.054s] -- Up-to-date: /home/unitree/go2_ros2_ws/install/unitree_go/include/unitree_go/msg/detail/low_state__type_support.cpp
[3.054s] -- Up-to-date: /home/unitree/go2_ros2_ws/install/unitree_go/include/unitree_go/msg/detail/lidar_state__type_support.cpp
[3.054s] -- Up-to-date: /home/unitree/go2_ros2_ws/install/unitree_go/include/unitree_go/msg/detail/wireless_controller__type_support.cpp
[3.054s] -- Up-to-date: /home/unitree/go2_ros2_ws/install/unitree_go/include/unitree_go/msg/detail/sport_mode_state__type_support.cpp
[3.054s] -- Up-to-date: /home/unitree/go2_ros2_ws/install/unitree_go/include/unitree_go/msg/detail/motor_cmd__rosidl_typesupport_introspection_cpp.hpp
[3.055s] -- Up-to-date: /home/unitree/go2_ros2_ws/install/unitree_go/include/unitree_go/msg/detail/audio_data__type_support.cpp
[3.055s] -- Up-to-date: /home/unitree/go2_ros2_ws/install/unitree_go/include/unitree_go/msg/detail/lidar_state__rosidl_typesupport_introspection_cpp.hpp
[3.055s] -- Up-to-date: /home/unitree/go2_ros2_ws/install/unitree_go/include/unitree_go/msg/detail/uwb_switch__type_support.cpp
[3.055s] -- Up-to-date: /home/unitree/go2_ros2_ws/install/unitree_go/include/unitree_go/msg/detail/bms_state__rosidl_typesupport_introspection_cpp.hpp
[3.056s] -- Up-to-date: /home/unitree/go2_ros2_ws/install/unitree_go/include/unitree_go/msg/detail/motor_state__type_support.cpp
[3.056s] -- Up-to-date: /home/unitree/go2_ros2_ws/install/unitree_go/include/unitree_go/msg/detail/motor_state__rosidl_typesupport_introspection_cpp.hpp
[3.056s] -- Up-to-date: /home/unitree/go2_ros2_ws/install/unitree_go/include/unitree_go/msg/detail/height_map__type_support.cpp
[3.056s] -- Up-to-date: /home/unitree/go2_ros2_ws/install/unitree_go/include/unitree_go/msg/detail/low_cmd__type_support.cpp
[3.056s] -- Up-to-date: /home/unitree/go2_ros2_ws/install/unitree_go/include/unitree_go/msg/detail/error__rosidl_typesupport_introspection_cpp.hpp
[3.056s] -- Up-to-date: /home/unitree/go2_ros2_ws/install/unitree_go/include/unitree_go/msg/detail/interface_config__rosidl_typesupport_introspection_cpp.hpp
[3.057s] -- Up-to-date: /home/unitree/go2_ros2_ws/install/unitree_go/include/unitree_go/msg/detail/low_cmd__rosidl_typesupport_introspection_cpp.hpp
[3.057s] -- Up-to-date: /home/unitree/go2_ros2_ws/install/unitree_go/include/unitree_go/msg/detail/time_spec__type_support.cpp
[3.057s] -- Up-to-date: /home/unitree/go2_ros2_ws/install/unitree_go/include/unitree_go/msg/detail/req__type_support.cpp
[3.057s] -- Up-to-date: /home/unitree/go2_ros2_ws/install/unitree_go/include/unitree_go/msg/detail/sport_mode_cmd__rosidl_typesupport_introspection_cpp.hpp
[3.057s] -- Up-to-date: /home/unitree/go2_ros2_ws/install/unitree_go/include/unitree_go/msg/detail/uwb_state__rosidl_typesupport_introspection_cpp.hpp
[3.057s] -- Up-to-date: /home/unitree/go2_ros2_ws/install/unitree_go/include/unitree_go/msg/detail/time_spec__rosidl_typesupport_introspection_cpp.hpp
[3.057s] -- Up-to-date: /home/unitree/go2_ros2_ws/install/unitree_go/include/unitree_go/msg/detail/sport_mode_state__rosidl_typesupport_introspection_cpp.hpp
[3.057s] -- Up-to-date: /home/unitree/go2_ros2_ws/install/unitree_go/include/unitree_go/msg/detail/interface_config__type_support.cpp
[3.058s] -- Up-to-date: /home/unitree/go2_ros2_ws/install/unitree_go/include/unitree_go/msg/detail/uwb_switch__rosidl_typesupport_introspection_cpp.hpp
[3.058s] -- Up-to-date: /home/unitree/go2_ros2_ws/install/unitree_go/include/unitree_go/msg/detail/go2_front_video_data__type_support.cpp
[3.058s] -- Up-to-date: /home/unitree/go2_ros2_ws/install/unitree_go/include/unitree_go/msg/detail/sport_mode_cmd__type_support.cpp
[3.058s] -- Up-to-date: /home/unitree/go2_ros2_ws/install/unitree_go/include/unitree_go/msg/detail/motor_cmd__type_support.cpp
[3.058s] -- Up-to-date: /home/unitree/go2_ros2_ws/install/unitree_go/include/unitree_go/msg/detail/req__rosidl_typesupport_introspection_cpp.hpp
[3.058s] -- Up-to-date: /home/unitree/go2_ros2_ws/install/unitree_go/include/unitree_go/msg/detail/error__type_support.cpp
[3.058s] -- Up-to-date: /home/unitree/go2_ros2_ws/install/unitree_go/include/unitree_go/msg/detail/res__type_support.cpp
[3.059s] -- Up-to-date: /home/unitree/go2_ros2_ws/install/unitree_go/include/unitree_go/msg/detail/res__rosidl_typesupport_introspection_cpp.hpp
[3.059s] -- Up-to-date: /home/unitree/go2_ros2_ws/install/unitree_go/include/unitree_go/msg/detail/go2_front_video_data__rosidl_typesupport_introspection_cpp.hpp
[3.059s] -- Up-to-date: /home/unitree/go2_ros2_ws/install/unitree_go/include/unitree_go/msg/detail/low_state__rosidl_typesupport_introspection_cpp.hpp
[3.059s] -- Up-to-date: /home/unitree/go2_ros2_ws/install/unitree_go/include/unitree_go/msg/detail/audio_data__rosidl_typesupport_introspection_cpp.hpp
[3.059s] -- Up-to-date: /home/unitree/go2_ros2_ws/install/unitree_go/include/unitree_go/msg/detail/bms_cmd__rosidl_typesupport_introspection_cpp.hpp
[3.059s] -- Up-to-date: /home/unitree/go2_ros2_ws/install/unitree_go/include/unitree_go/msg/detail/bms_state__type_support.cpp
[3.060s] -- Up-to-date: /home/unitree/go2_ros2_ws/install/unitree_go/include/unitree_go/msg/detail/uwb_state__type_support.cpp
[3.060s] -- Up-to-date: /home/unitree/go2_ros2_ws/install/unitree_go/include/unitree_go/msg/detail/bms_cmd__type_support.cpp
[3.060s] -- Up-to-date: /home/unitree/go2_ros2_ws/install/unitree_go/include/unitree_go/msg/detail/wireless_controller__rosidl_typesupport_introspection_cpp.hpp
[3.060s] -- Up-to-date: /home/unitree/go2_ros2_ws/install/unitree_go/include/unitree_go/msg/detail/imu_state__rosidl_typesupport_introspection_cpp.hpp
[3.060s] -- Up-to-date: /home/unitree/go2_ros2_ws/install/unitree_go/include/unitree_go/msg/detail/path_point__rosidl_typesupport_introspection_cpp.hpp
[3.060s] -- Up-to-date: /home/unitree/go2_ros2_ws/install/unitree_go/include/unitree_go/msg/detail/imu_state__type_support.cpp
[3.060s] -- Up-to-date: /home/unitree/go2_ros2_ws/install/unitree_go/include/unitree_go/msg/detail/path_point__type_support.cpp
[3.061s] -- Up-to-date: /home/unitree/go2_ros2_ws/install/unitree_go/include/unitree_go/msg/detail/height_map__rosidl_typesupport_introspection_cpp.hpp
[3.061s] -- Up-to-date: /home/unitree/go2_ros2_ws/install/unitree_go/lib/libunitree_go__rosidl_typesupport_introspection_cpp.so
[3.061s] -- Up-to-date: /home/unitree/go2_ros2_ws/install/unitree_go/lib/libunitree_go__rosidl_typesupport_cpp.so
[3.061s] -- Up-to-date: /home/unitree/go2_ros2_ws/install/unitree_go/share/unitree_go/environment/pythonpath.sh
[3.061s] -- Up-to-date: /home/unitree/go2_ros2_ws/install/unitree_go/share/unitree_go/environment/pythonpath.dsv
[3.061s] -- Up-to-date: /home/unitree/go2_ros2_ws/install/unitree_go/lib/python3.8/site-packages/unitree_go/__init__.py
[3.093s] -- Up-to-date: /home/unitree/go2_ros2_ws/install/unitree_go/lib/python3.8/site-packages/unitree_go/msg
[3.094s] -- Up-to-date: /home/unitree/go2_ros2_ws/install/unitree_go/lib/python3.8/site-packages/unitree_go/msg/_motor_cmd_s.c
[3.094s] -- Up-to-date: /home/unitree/go2_ros2_ws/install/unitree_go/lib/python3.8/site-packages/unitree_go/msg/_sport_mode_cmd_s.c
[3.095s] -- Up-to-date: /home/unitree/go2_ros2_ws/install/unitree_go/lib/python3.8/site-packages/unitree_go/msg/_interface_config_s.c
[3.095s] -- Up-to-date: /home/unitree/go2_ros2_ws/install/unitree_go/lib/python3.8/site-packages/unitree_go/msg/_wireless_controller.py
[3.095s] -- Up-to-date: /home/unitree/go2_ros2_ws/install/unitree_go/lib/python3.8/site-packages/unitree_go/msg/_height_map_s.c
[3.095s] -- Up-to-date: /home/unitree/go2_ros2_ws/install/unitree_go/lib/python3.8/site-packages/unitree_go/msg/_time_spec.py
[3.095s] -- Up-to-date: /home/unitree/go2_ros2_ws/install/unitree_go/lib/python3.8/site-packages/unitree_go/msg/_audio_data_s.c
[3.095s] -- Up-to-date: /home/unitree/go2_ros2_ws/install/unitree_go/lib/python3.8/site-packages/unitree_go/msg/_low_cmd.py
[3.096s] -- Up-to-date: /home/unitree/go2_ros2_ws/install/unitree_go/lib/python3.8/site-packages/unitree_go/msg/_go2_front_video_data_s.c
[3.096s] -- Up-to-date: /home/unitree/go2_ros2_ws/install/unitree_go/lib/python3.8/site-packages/unitree_go/msg/_error_s.c
[3.096s] -- Up-to-date: /home/unitree/go2_ros2_ws/install/unitree_go/lib/python3.8/site-packages/unitree_go/msg/_lidar_state_s.c
[3.096s] -- Up-to-date: /home/unitree/go2_ros2_ws/install/unitree_go/lib/python3.8/site-packages/unitree_go/msg/_req.py
[3.096s] -- Up-to-date: /home/unitree/go2_ros2_ws/install/unitree_go/lib/python3.8/site-packages/unitree_go/msg/_imu_state.py
[3.096s] -- Up-to-date: /home/unitree/go2_ros2_ws/install/unitree_go/lib/python3.8/site-packages/unitree_go/msg/_uwb_switch.py
[3.097s] -- Up-to-date: /home/unitree/go2_ros2_ws/install/unitree_go/lib/python3.8/site-packages/unitree_go/msg/_low_state.py
[3.097s] -- Up-to-date: /home/unitree/go2_ros2_ws/install/unitree_go/lib/python3.8/site-packages/unitree_go/msg/_lidar_state.py
[3.097s] -- Up-to-date: /home/unitree/go2_ros2_ws/install/unitree_go/lib/python3.8/site-packages/unitree_go/msg/_motor_state.py
[3.097s] -- Up-to-date: /home/unitree/go2_ros2_ws/install/unitree_go/lib/python3.8/site-packages/unitree_go/msg/_path_point_s.c
[3.097s] -- Up-to-date: /home/unitree/go2_ros2_ws/install/unitree_go/lib/python3.8/site-packages/unitree_go/msg/_imu_state_s.c
[3.098s] -- Up-to-date: /home/unitree/go2_ros2_ws/install/unitree_go/lib/python3.8/site-packages/unitree_go/msg/_low_state_s.c
[3.098s] -- Up-to-date: /home/unitree/go2_ros2_ws/install/unitree_go/lib/python3.8/site-packages/unitree_go/msg/_res_s.c
[3.098s] -- Up-to-date: /home/unitree/go2_ros2_ws/install/unitree_go/lib/python3.8/site-packages/unitree_go/msg/__init__.py
[3.098s] -- Up-to-date: /home/unitree/go2_ros2_ws/install/unitree_go/lib/python3.8/site-packages/unitree_go/msg/_res.py
[3.098s] -- Up-to-date: /home/unitree/go2_ros2_ws/install/unitree_go/lib/python3.8/site-packages/unitree_go/msg/_time_spec_s.c
[3.099s] -- Up-to-date: /home/unitree/go2_ros2_ws/install/unitree_go/lib/python3.8/site-packages/unitree_go/msg/_uwb_state_s.c
[3.099s] -- Up-to-date: /home/unitree/go2_ros2_ws/install/unitree_go/lib/python3.8/site-packages/unitree_go/msg/_uwb_switch_s.c
[3.099s] -- Up-to-date: /home/unitree/go2_ros2_ws/install/unitree_go/lib/python3.8/site-packages/unitree_go/msg/_bms_state.py
[3.099s] -- Up-to-date: /home/unitree/go2_ros2_ws/install/unitree_go/lib/python3.8/site-packages/unitree_go/msg/_go2_front_video_data.py
[3.100s] -- Up-to-date: /home/unitree/go2_ros2_ws/install/unitree_go/lib/python3.8/site-packages/unitree_go/msg/_path_point.py
[3.100s] -- Up-to-date: /home/unitree/go2_ros2_ws/install/unitree_go/lib/python3.8/site-packages/unitree_go/msg/_bms_cmd.py
[3.100s] -- Up-to-date: /home/unitree/go2_ros2_ws/install/unitree_go/lib/python3.8/site-packages/unitree_go/msg/_wireless_controller_s.c
[3.100s] -- Up-to-date: /home/unitree/go2_ros2_ws/install/unitree_go/lib/python3.8/site-packages/unitree_go/msg/_bms_state_s.c
[3.101s] -- Up-to-date: /home/unitree/go2_ros2_ws/install/unitree_go/lib/python3.8/site-packages/unitree_go/msg/_bms_cmd_s.c
[3.101s] -- Up-to-date: /home/unitree/go2_ros2_ws/install/unitree_go/lib/python3.8/site-packages/unitree_go/msg/_interface_config.py
[3.101s] -- Up-to-date: /home/unitree/go2_ros2_ws/install/unitree_go/lib/python3.8/site-packages/unitree_go/msg/_req_s.c
[3.101s] -- Up-to-date: /home/unitree/go2_ros2_ws/install/unitree_go/lib/python3.8/site-packages/unitree_go/msg/_uwb_state.py
[3.102s] -- Up-to-date: /home/unitree/go2_ros2_ws/install/unitree_go/lib/python3.8/site-packages/unitree_go/msg/_low_cmd_s.c
[3.102s] -- Up-to-date: /home/unitree/go2_ros2_ws/install/unitree_go/lib/python3.8/site-packages/unitree_go/msg/_sport_mode_cmd.py
[3.102s] -- Up-to-date: /home/unitree/go2_ros2_ws/install/unitree_go/lib/python3.8/site-packages/unitree_go/msg/_sport_mode_state.py
[3.102s] -- Up-to-date: /home/unitree/go2_ros2_ws/install/unitree_go/lib/python3.8/site-packages/unitree_go/msg/_height_map.py
[3.102s] -- Up-to-date: /home/unitree/go2_ros2_ws/install/unitree_go/lib/python3.8/site-packages/unitree_go/msg/_sport_mode_state_s.c
[3.103s] -- Up-to-date: /home/unitree/go2_ros2_ws/install/unitree_go/lib/python3.8/site-packages/unitree_go/msg/_audio_data.py
[3.103s] -- Up-to-date: /home/unitree/go2_ros2_ws/install/unitree_go/lib/python3.8/site-packages/unitree_go/msg/_motor_cmd.py
[3.103s] -- Up-to-date: /home/unitree/go2_ros2_ws/install/unitree_go/lib/python3.8/site-packages/unitree_go/msg/_motor_state_s.c
[3.103s] -- Up-to-date: /home/unitree/go2_ros2_ws/install/unitree_go/lib/python3.8/site-packages/unitree_go/msg/_error.py
[3.103s] -- Up-to-date: /home/unitree/go2_ros2_ws/install/unitree_go/lib/python3.8/site-packages/unitree_go/unitree_go_s__rosidl_typesupport_fastrtps_c.cpython-38-aarch64-linux-gnu.so
[3.103s] -- Up-to-date: /home/unitree/go2_ros2_ws/install/unitree_go/lib/python3.8/site-packages/unitree_go/unitree_go_s__rosidl_typesupport_introspection_c.cpython-38-aarch64-linux-gnu.so
[3.104s] -- Up-to-date: /home/unitree/go2_ros2_ws/install/unitree_go/lib/python3.8/site-packages/unitree_go/unitree_go_s__rosidl_typesupport_c.cpython-38-aarch64-linux-gnu.so
[3.104s] -- Up-to-date: /home/unitree/go2_ros2_ws/install/unitree_go/lib/libunitree_go__python.so
[3.104s] -- Up-to-date: /home/unitree/go2_ros2_ws/install/unitree_go/share/unitree_go/msg/AudioData.idl
[3.104s] -- Up-to-date: /home/unitree/go2_ros2_ws/install/unitree_go/share/unitree_go/msg/BmsCmd.idl
[3.104s] -- Up-to-date: /home/unitree/go2_ros2_ws/install/unitree_go/share/unitree_go/msg/BmsState.idl
[3.105s] -- Up-to-date: /home/unitree/go2_ros2_ws/install/unitree_go/share/unitree_go/msg/Error.idl
[3.105s] -- Up-to-date: /home/unitree/go2_ros2_ws/install/unitree_go/share/unitree_go/msg/Go2FrontVideoData.idl
[3.105s] -- Up-to-date: /home/unitree/go2_ros2_ws/install/unitree_go/share/unitree_go/msg/HeightMap.idl
[3.105s] -- Up-to-date: /home/unitree/go2_ros2_ws/install/unitree_go/share/unitree_go/msg/IMUState.idl
[3.106s] -- Up-to-date: /home/unitree/go2_ros2_ws/install/unitree_go/share/unitree_go/msg/InterfaceConfig.idl
[3.106s] -- Up-to-date: /home/unitree/go2_ros2_ws/install/unitree_go/share/unitree_go/msg/LidarState.idl
[3.106s] -- Up-to-date: /home/unitree/go2_ros2_ws/install/unitree_go/share/unitree_go/msg/LowCmd.idl
[3.106s] -- Up-to-date: /home/unitree/go2_ros2_ws/install/unitree_go/share/unitree_go/msg/LowState.idl
[3.107s] -- Up-to-date: /home/unitree/go2_ros2_ws/install/unitree_go/share/unitree_go/msg/MotorCmd.idl
[3.107s] -- Up-to-date: /home/unitree/go2_ros2_ws/install/unitree_go/share/unitree_go/msg/MotorState.idl
[3.107s] -- Up-to-date: /home/unitree/go2_ros2_ws/install/unitree_go/share/unitree_go/msg/PathPoint.idl
[3.107s] -- Up-to-date: /home/unitree/go2_ros2_ws/install/unitree_go/share/unitree_go/msg/Req.idl
[3.107s] -- Up-to-date: /home/unitree/go2_ros2_ws/install/unitree_go/share/unitree_go/msg/Res.idl
[3.108s] -- Up-to-date: /home/unitree/go2_ros2_ws/install/unitree_go/share/unitree_go/msg/SportModeCmd.idl
[3.108s] -- Up-to-date: /home/unitree/go2_ros2_ws/install/unitree_go/share/unitree_go/msg/SportModeState.idl
[3.108s] -- Up-to-date: /home/unitree/go2_ros2_ws/install/unitree_go/share/unitree_go/msg/TimeSpec.idl
[3.108s] -- Up-to-date: /home/unitree/go2_ros2_ws/install/unitree_go/share/unitree_go/msg/UwbState.idl
[3.108s] -- Up-to-date: /home/unitree/go2_ros2_ws/install/unitree_go/share/unitree_go/msg/UwbSwitch.idl
[3.108s] -- Up-to-date: /home/unitree/go2_ros2_ws/install/unitree_go/share/unitree_go/msg/WirelessController.idl
[3.108s] -- Up-to-date: /home/unitree/go2_ros2_ws/install/unitree_go/share/unitree_go/msg/AudioData.msg
[3.109s] -- Up-to-date: /home/unitree/go2_ros2_ws/install/unitree_go/share/unitree_go/msg/BmsCmd.msg
[3.109s] -- Up-to-date: /home/unitree/go2_ros2_ws/install/unitree_go/share/unitree_go/msg/BmsState.msg
[3.109s] -- Up-to-date: /home/unitree/go2_ros2_ws/install/unitree_go/share/unitree_go/msg/Error.msg
[3.109s] -- Up-to-date: /home/unitree/go2_ros2_ws/install/unitree_go/share/unitree_go/msg/Go2FrontVideoData.msg
[3.110s] -- Up-to-date: /home/unitree/go2_ros2_ws/install/unitree_go/share/unitree_go/msg/HeightMap.msg
[3.110s] -- Up-to-date: /home/unitree/go2_ros2_ws/install/unitree_go/share/unitree_go/msg/IMUState.msg
[3.110s] -- Up-to-date: /home/unitree/go2_ros2_ws/install/unitree_go/share/unitree_go/msg/InterfaceConfig.msg
[3.110s] -- Up-to-date: /home/unitree/go2_ros2_ws/install/unitree_go/share/unitree_go/msg/LidarState.msg
[3.110s] -- Up-to-date: /home/unitree/go2_ros2_ws/install/unitree_go/share/unitree_go/msg/LowCmd.msg
[3.110s] -- Up-to-date: /home/unitree/go2_ros2_ws/install/unitree_go/share/unitree_go/msg/LowState.msg
[3.111s] -- Up-to-date: /home/unitree/go2_ros2_ws/install/unitree_go/share/unitree_go/msg/MotorCmd.msg
[3.111s] -- Up-to-date: /home/unitree/go2_ros2_ws/install/unitree_go/share/unitree_go/msg/MotorState.msg
[3.111s] -- Up-to-date: /home/unitree/go2_ros2_ws/install/unitree_go/share/unitree_go/msg/PathPoint.msg
[3.111s] -- Up-to-date: /home/unitree/go2_ros2_ws/install/unitree_go/share/unitree_go/msg/Req.msg
[3.111s] -- Up-to-date: /home/unitree/go2_ros2_ws/install/unitree_go/share/unitree_go/msg/Res.msg
[3.112s] -- Up-to-date: /home/unitree/go2_ros2_ws/install/unitree_go/share/unitree_go/msg/SportModeCmd.msg
[3.112s] -- Up-to-date: /home/unitree/go2_ros2_ws/install/unitree_go/share/unitree_go/msg/SportModeState.msg
[3.113s] -- Up-to-date: /home/unitree/go2_ros2_ws/install/unitree_go/share/unitree_go/msg/TimeSpec.msg
[3.113s] -- Up-to-date: /home/unitree/go2_ros2_ws/install/unitree_go/share/unitree_go/msg/UwbState.msg
[3.113s] -- Up-to-date: /home/unitree/go2_ros2_ws/install/unitree_go/share/unitree_go/msg/UwbSwitch.msg
[3.113s] -- Up-to-date: /home/unitree/go2_ros2_ws/install/unitree_go/share/unitree_go/msg/WirelessController.msg
[3.114s] -- Up-to-date: /home/unitree/go2_ros2_ws/install/unitree_go/share/unitree_go/msg/dds_connext
[3.114s] -- Up-to-date: /home/unitree/go2_ros2_ws/install/unitree_go/share/unitree_go/msg/dds_connext/InterfaceConfig_.idl
[3.114s] -- Up-to-date: /home/unitree/go2_ros2_ws/install/unitree_go/share/unitree_go/msg/dds_connext/WirelessController_.idl
[3.114s] -- Up-to-date: /home/unitree/go2_ros2_ws/install/unitree_go/share/unitree_go/msg/dds_connext/SportModeCmd_.idl
[3.114s] -- Up-to-date: /home/unitree/go2_ros2_ws/install/unitree_go/share/unitree_go/msg/dds_connext/MotorState_.idl
[3.114s] -- Up-to-date: /home/unitree/go2_ros2_ws/install/unitree_go/share/unitree_go/msg/dds_connext/AudioData_.idl
[3.114s] -- Up-to-date: /home/unitree/go2_ros2_ws/install/unitree_go/share/unitree_go/msg/dds_connext/HeightMap_.idl
[3.114s] -- Up-to-date: /home/unitree/go2_ros2_ws/install/unitree_go/share/unitree_go/msg/dds_connext/BmsState_.idl
[3.115s] -- Up-to-date: /home/unitree/go2_ros2_ws/install/unitree_go/share/unitree_go/msg/dds_connext/LowState_.idl
[3.115s] -- Up-to-date: /home/unitree/go2_ros2_ws/install/unitree_go/share/unitree_go/msg/dds_connext/MotorCmd_.idl
[3.115s] -- Up-to-date: /home/unitree/go2_ros2_ws/install/unitree_go/share/unitree_go/msg/dds_connext/UwbState_.idl
[3.115s] -- Up-to-date: /home/unitree/go2_ros2_ws/install/unitree_go/share/unitree_go/msg/dds_connext/Error_.idl
[3.115s] -- Up-to-date: /home/unitree/go2_ros2_ws/install/unitree_go/share/unitree_go/msg/dds_connext/Res_.idl
[3.115s] -- Up-to-date: /home/unitree/go2_ros2_ws/install/unitree_go/share/unitree_go/msg/dds_connext/UwbSwitch_.idl
[3.115s] -- Up-to-date: /home/unitree/go2_ros2_ws/install/unitree_go/share/unitree_go/msg/dds_connext/PathPoint_.idl
[3.115s] -- Up-to-date: /home/unitree/go2_ros2_ws/install/unitree_go/share/unitree_go/msg/dds_connext/TimeSpec_.idl
[3.116s] -- Up-to-date: /home/unitree/go2_ros2_ws/install/unitree_go/share/unitree_go/msg/dds_connext/LowCmd_.idl
[3.116s] -- Up-to-date: /home/unitree/go2_ros2_ws/install/unitree_go/share/unitree_go/msg/dds_connext/SportModeState_.idl
[3.116s] -- Up-to-date: /home/unitree/go2_ros2_ws/install/unitree_go/share/unitree_go/msg/dds_connext/LidarState_.idl
[3.116s] -- Up-to-date: /home/unitree/go2_ros2_ws/install/unitree_go/share/unitree_go/msg/dds_connext/IMUState_.idl
[3.117s] -- Up-to-date: /home/unitree/go2_ros2_ws/install/unitree_go/share/unitree_go/msg/dds_connext/Req_.idl
[3.117s] -- Up-to-date: /home/unitree/go2_ros2_ws/install/unitree_go/share/unitree_go/msg/dds_connext/Go2FrontVideoData_.idl
[3.118s] -- Up-to-date: /home/unitree/go2_ros2_ws/install/unitree_go/share/unitree_go/msg/dds_connext/BmsCmd_.idl
[3.120s] -- Up-to-date: /home/unitree/go2_ros2_ws/install/unitree_go/share/ament_index/resource_index/package_run_dependencies/unitree_go
[3.120s] -- Up-to-date: /home/unitree/go2_ros2_ws/install/unitree_go/share/ament_index/resource_index/parent_prefix_path/unitree_go
[3.120s] -- Up-to-date: /home/unitree/go2_ros2_ws/install/unitree_go/share/unitree_go/environment/ament_prefix_path.sh
[3.120s] -- Up-to-date: /home/unitree/go2_ros2_ws/install/unitree_go/share/unitree_go/environment/ament_prefix_path.dsv
[3.121s] -- Up-to-date: /home/unitree/go2_ros2_ws/install/unitree_go/share/unitree_go/environment/path.sh
[3.121s] -- Up-to-date: /home/unitree/go2_ros2_ws/install/unitree_go/share/unitree_go/environment/path.dsv
[3.121s] -- Up-to-date: /home/unitree/go2_ros2_ws/install/unitree_go/share/unitree_go/local_setup.bash
[3.121s] -- Up-to-date: /home/unitree/go2_ros2_ws/install/unitree_go/share/unitree_go/local_setup.sh
[3.121s] -- Up-to-date: /home/unitree/go2_ros2_ws/install/unitree_go/share/unitree_go/local_setup.zsh
[3.121s] -- Up-to-date: /home/unitree/go2_ros2_ws/install/unitree_go/share/unitree_go/local_setup.dsv
[3.122s] -- Installing: /home/unitree/go2_ros2_ws/install/unitree_go/share/unitree_go/package.dsv
[3.122s] -- Up-to-date: /home/unitree/go2_ros2_ws/install/unitree_go/share/ament_index/resource_index/packages/unitree_go
[3.122s] -- Up-to-date: /home/unitree/go2_ros2_ws/install/unitree_go/share/unitree_go/cmake/unitree_go__rosidl_generator_cExport.cmake
[3.122s] -- Up-to-date: /home/unitree/go2_ros2_ws/install/unitree_go/share/unitree_go/cmake/unitree_go__rosidl_generator_cExport-noconfig.cmake
[3.122s] -- Up-to-date: /home/unitree/go2_ros2_ws/install/unitree_go/share/unitree_go/cmake/unitree_go__rosidl_typesupport_introspection_cExport.cmake
[3.123s] -- Up-to-date: /home/unitree/go2_ros2_ws/install/unitree_go/share/unitree_go/cmake/unitree_go__rosidl_typesupport_introspection_cExport-noconfig.cmake
[3.123s] -- Up-to-date: /home/unitree/go2_ros2_ws/install/unitree_go/share/unitree_go/cmake/unitree_go__rosidl_typesupport_cExport.cmake
[3.123s] -- Up-to-date: /home/unitree/go2_ros2_ws/install/unitree_go/share/unitree_go/cmake/unitree_go__rosidl_typesupport_cExport-noconfig.cmake
[3.123s] -- Up-to-date: /home/unitree/go2_ros2_ws/install/unitree_go/share/unitree_go/cmake/unitree_go__rosidl_generator_cppExport.cmake
[3.123s] -- Up-to-date: /home/unitree/go2_ros2_ws/install/unitree_go/share/unitree_go/cmake/unitree_go__rosidl_typesupport_introspection_cppExport.cmake
[3.123s] -- Up-to-date: /home/unitree/go2_ros2_ws/install/unitree_go/share/unitree_go/cmake/unitree_go__rosidl_typesupport_introspection_cppExport-noconfig.cmake
[3.124s] -- Up-to-date: /home/unitree/go2_ros2_ws/install/unitree_go/share/unitree_go/cmake/unitree_go__rosidl_typesupport_cppExport.cmake
[3.124s] -- Up-to-date: /home/unitree/go2_ros2_ws/install/unitree_go/share/unitree_go/cmake/unitree_go__rosidl_typesupport_cppExport-noconfig.cmake
[3.124s] -- Up-to-date: /home/unitree/go2_ros2_ws/install/unitree_go/share/unitree_go/cmake/rosidl_cmake-extras.cmake
[3.124s] -- Up-to-date: /home/unitree/go2_ros2_ws/install/unitree_go/share/unitree_go/cmake/ament_cmake_export_dependencies-extras.cmake
[3.124s] -- Up-to-date: /home/unitree/go2_ros2_ws/install/unitree_go/share/unitree_go/cmake/ament_cmake_export_libraries-extras.cmake
[3.124s] -- Up-to-date: /home/unitree/go2_ros2_ws/install/unitree_go/share/unitree_go/cmake/ament_cmake_export_targets-extras.cmake
[3.125s] -- Up-to-date: /home/unitree/go2_ros2_ws/install/unitree_go/share/unitree_go/cmake/ament_cmake_export_include_directories-extras.cmake
[3.125s] -- Up-to-date: /home/unitree/go2_ros2_ws/install/unitree_go/share/unitree_go/cmake/rosidl_cmake_export_typesupport_libraries-extras.cmake
[3.125s] -- Up-to-date: /home/unitree/go2_ros2_ws/install/unitree_go/share/unitree_go/cmake/rosidl_cmake_export_typesupport_targets-extras.cmake
[3.125s] -- Up-to-date: /home/unitree/go2_ros2_ws/install/unitree_go/share/unitree_go/cmake/unitree_goConfig.cmake
[3.125s] -- Up-to-date: /home/unitree/go2_ros2_ws/install/unitree_go/share/unitree_go/cmake/unitree_goConfig-version.cmake
[3.125s] -- Up-to-date: /home/unitree/go2_ros2_ws/install/unitree_go/share/unitree_go/package.xml
[3.126s] Invoked command in '/home/unitree/go2_ros2_ws/build/unitree_go' returned '0': CMAKE_PREFIX_PATH=${CMAKE_PREFIX_PATH}:/opt/ros/foxy /usr/bin/cmake --install /home/unitree/go2_ros2_ws/build/unitree_go
