[0.358s] Invoking command in '/home/unitree/go2_ros2_ws/build/go2_navigation': AMENT_PREFIX_PATH=/home/unitree/go2_ros2_ws/install/go2_core:/home/unitree/go2_ros2_ws/install/go2_sport_api:/home/unitree/go2_ros2_ws/install/unitree_go:/home/unitree/go2_ros2_ws/install/unitree_api:/home/unitree/go2_ros2_ws/install/go2_perception:${AMENT_PREFIX_PATH} CMAKE_PREFIX_PATH=/home/unitree/go2_ros2_ws/install/go2_core:/home/unitree/go2_ros2_ws/install/go2_sport_api:/home/unitree/go2_ros2_ws/install/unitree_go:/home/unitree/go2_ros2_ws/install/unitree_api:/home/unitree/go2_ros2_ws/install/go2_perception:/home/unitree/cyclonedds_ws/install/rmw_cyclonedds_cpp:/home/unitree/cyclonedds_ws/install/cyclonedds:/opt/ros/foxy LD_LIBRARY_PATH=/home/unitree/go2_ros2_ws/install/go2_sport_api/lib:/home/unitree/go2_ros2_ws/install/unitree_go/lib:/home/unitree/go2_ros2_ws/install/unitree_api/lib:/home/unitree/go2_ros2_ws/install/go2_perception/lib:${LD_LIBRARY_PATH} PYTHONPATH=/home/unitree/go2_ros2_ws/install/go2_core/lib/python3.8/site-packages:/home/unitree/go2_ros2_ws/install/unitree_go/lib/python3.8/site-packages:/home/unitree/go2_ros2_ws/install/unitree_api/lib/python3.8/site-packages:/home/unitree/go2_ros2_ws/install/go2_perception/lib/python3.8/site-packages:${PYTHONPATH} /usr/bin/cmake /home/unitree/go2_ros2_ws/src/go2_ros2_toolbox/go2_navigation -DCMAKE_INSTALL_PREFIX=/home/unitree/go2_ros2_ws/install/go2_navigation
[0.470s] -- The C compiler identification is GNU 9.4.0
[0.570s] -- The CXX compiler identification is GNU 9.4.0
[0.579s] -- Check for working C compiler: /usr/bin/cc
[0.726s] -- Check for working C compiler: /usr/bin/cc -- works
[0.729s] -- Detecting C compiler ABI info
[0.884s] -- Detecting C compiler ABI info - done
[0.917s] -- Detecting C compile features
[0.918s] -- Detecting C compile features - done
[0.923s] -- Check for working CXX compiler: /usr/bin/c++
[1.087s] -- Check for working CXX compiler: /usr/bin/c++ -- works
[1.090s] -- Detecting CXX compiler ABI info
[1.266s] -- Detecting CXX compiler ABI info - done
[1.300s] -- Detecting CXX compile features
[1.300s] -- Detecting CXX compile features - done
[1.307s] -- Found ament_cmake: 0.9.12 (/opt/ros/foxy/share/ament_cmake/cmake)
[1.364s] -- Found PythonInterp: /usr/bin/python3 (found suitable version "3.8.10", minimum required is "3") 
[1.364s] -- Using PYTHON_EXECUTABLE: /usr/bin/python3
[1.875s] -- Found ament_lint_auto: 0.9.8 (/opt/ros/foxy/share/ament_lint_auto/cmake)
[2.046s] -- Added test 'copyright' to check source files copyright and LICENSE
[2.050s] -- Added test 'flake8' to check Python code syntax and style conventions
[2.051s] -- Added test 'lint_cmake' to check CMake code style
[2.052s] -- Added test 'pep257' to check Python code against some of the style conventions in PEP 257
[2.055s] -- Added test 'xmllint' to check XML markup files
[2.060s] -- Configuring done
[2.064s] -- Generating done
[2.065s] -- Build files have been written to: /home/unitree/go2_ros2_ws/build/go2_navigation
[2.074s] Invoked command in '/home/unitree/go2_ros2_ws/build/go2_navigation' returned '0': AMENT_PREFIX_PATH=/home/unitree/go2_ros2_ws/install/go2_core:/home/unitree/go2_ros2_ws/install/go2_sport_api:/home/unitree/go2_ros2_ws/install/unitree_go:/home/unitree/go2_ros2_ws/install/unitree_api:/home/unitree/go2_ros2_ws/install/go2_perception:${AMENT_PREFIX_PATH} CMAKE_PREFIX_PATH=/home/unitree/go2_ros2_ws/install/go2_core:/home/unitree/go2_ros2_ws/install/go2_sport_api:/home/unitree/go2_ros2_ws/install/unitree_go:/home/unitree/go2_ros2_ws/install/unitree_api:/home/unitree/go2_ros2_ws/install/go2_perception:/home/unitree/cyclonedds_ws/install/rmw_cyclonedds_cpp:/home/unitree/cyclonedds_ws/install/cyclonedds:/opt/ros/foxy LD_LIBRARY_PATH=/home/unitree/go2_ros2_ws/install/go2_sport_api/lib:/home/unitree/go2_ros2_ws/install/unitree_go/lib:/home/unitree/go2_ros2_ws/install/unitree_api/lib:/home/unitree/go2_ros2_ws/install/go2_perception/lib:${LD_LIBRARY_PATH} PYTHONPATH=/home/unitree/go2_ros2_ws/install/go2_core/lib/python3.8/site-packages:/home/unitree/go2_ros2_ws/install/unitree_go/lib/python3.8/site-packages:/home/unitree/go2_ros2_ws/install/unitree_api/lib/python3.8/site-packages:/home/unitree/go2_ros2_ws/install/go2_perception/lib/python3.8/site-packages:${PYTHONPATH} /usr/bin/cmake /home/unitree/go2_ros2_ws/src/go2_ros2_toolbox/go2_navigation -DCMAKE_INSTALL_PREFIX=/home/unitree/go2_ros2_ws/install/go2_navigation
[2.081s] Invoking command in '/home/unitree/go2_ros2_ws/build/go2_navigation': AMENT_PREFIX_PATH=/home/unitree/go2_ros2_ws/install/go2_core:/home/unitree/go2_ros2_ws/install/go2_sport_api:/home/unitree/go2_ros2_ws/install/unitree_go:/home/unitree/go2_ros2_ws/install/unitree_api:/home/unitree/go2_ros2_ws/install/go2_perception:${AMENT_PREFIX_PATH} CMAKE_PREFIX_PATH=/home/unitree/go2_ros2_ws/install/go2_core:/home/unitree/go2_ros2_ws/install/go2_sport_api:/home/unitree/go2_ros2_ws/install/unitree_go:/home/unitree/go2_ros2_ws/install/unitree_api:/home/unitree/go2_ros2_ws/install/go2_perception:/home/unitree/cyclonedds_ws/install/rmw_cyclonedds_cpp:/home/unitree/cyclonedds_ws/install/cyclonedds:/opt/ros/foxy LD_LIBRARY_PATH=/home/unitree/go2_ros2_ws/install/go2_sport_api/lib:/home/unitree/go2_ros2_ws/install/unitree_go/lib:/home/unitree/go2_ros2_ws/install/unitree_api/lib:/home/unitree/go2_ros2_ws/install/go2_perception/lib:${LD_LIBRARY_PATH} PYTHONPATH=/home/unitree/go2_ros2_ws/install/go2_core/lib/python3.8/site-packages:/home/unitree/go2_ros2_ws/install/unitree_go/lib/python3.8/site-packages:/home/unitree/go2_ros2_ws/install/unitree_api/lib/python3.8/site-packages:/home/unitree/go2_ros2_ws/install/go2_perception/lib/python3.8/site-packages:${PYTHONPATH} /usr/bin/cmake --build /home/unitree/go2_ros2_ws/build/go2_navigation -- -j6 -l6
[2.136s] -- Found ament_cmake: 0.9.12 (/opt/ros/foxy/share/ament_cmake/cmake)
[2.183s] -- Using PYTHON_EXECUTABLE: /usr/bin/python3
[2.568s] -- Found ament_lint_auto: 0.9.8 (/opt/ros/foxy/share/ament_lint_auto/cmake)
[2.699s] -- Added test 'copyright' to check source files copyright and LICENSE
[2.703s] -- Added test 'flake8' to check Python code syntax and style conventions
[2.704s] -- Added test 'lint_cmake' to check CMake code style
[2.704s] -- Added test 'pep257' to check Python code against some of the style conventions in PEP 257
[2.706s] -- Added test 'xmllint' to check XML markup files
[2.709s] -- Configuring done
[2.713s] -- Generating done
[2.716s] -- Build files have been written to: /home/unitree/go2_ros2_ws/build/go2_navigation
[2.771s] Invoked command in '/home/unitree/go2_ros2_ws/build/go2_navigation' returned '0': AMENT_PREFIX_PATH=/home/unitree/go2_ros2_ws/install/go2_core:/home/unitree/go2_ros2_ws/install/go2_sport_api:/home/unitree/go2_ros2_ws/install/unitree_go:/home/unitree/go2_ros2_ws/install/unitree_api:/home/unitree/go2_ros2_ws/install/go2_perception:${AMENT_PREFIX_PATH} CMAKE_PREFIX_PATH=/home/unitree/go2_ros2_ws/install/go2_core:/home/unitree/go2_ros2_ws/install/go2_sport_api:/home/unitree/go2_ros2_ws/install/unitree_go:/home/unitree/go2_ros2_ws/install/unitree_api:/home/unitree/go2_ros2_ws/install/go2_perception:/home/unitree/cyclonedds_ws/install/rmw_cyclonedds_cpp:/home/unitree/cyclonedds_ws/install/cyclonedds:/opt/ros/foxy LD_LIBRARY_PATH=/home/unitree/go2_ros2_ws/install/go2_sport_api/lib:/home/unitree/go2_ros2_ws/install/unitree_go/lib:/home/unitree/go2_ros2_ws/install/unitree_api/lib:/home/unitree/go2_ros2_ws/install/go2_perception/lib:${LD_LIBRARY_PATH} PYTHONPATH=/home/unitree/go2_ros2_ws/install/go2_core/lib/python3.8/site-packages:/home/unitree/go2_ros2_ws/install/unitree_go/lib/python3.8/site-packages:/home/unitree/go2_ros2_ws/install/unitree_api/lib/python3.8/site-packages:/home/unitree/go2_ros2_ws/install/go2_perception/lib/python3.8/site-packages:${PYTHONPATH} /usr/bin/cmake --build /home/unitree/go2_ros2_ws/build/go2_navigation -- -j6 -l6
[2.821s] Invoking command in '/home/unitree/go2_ros2_ws/build/go2_navigation': AMENT_PREFIX_PATH=/home/unitree/go2_ros2_ws/install/go2_core:/home/unitree/go2_ros2_ws/install/go2_sport_api:/home/unitree/go2_ros2_ws/install/unitree_go:/home/unitree/go2_ros2_ws/install/unitree_api:/home/unitree/go2_ros2_ws/install/go2_perception:${AMENT_PREFIX_PATH} CMAKE_PREFIX_PATH=/home/unitree/go2_ros2_ws/install/go2_core:/home/unitree/go2_ros2_ws/install/go2_sport_api:/home/unitree/go2_ros2_ws/install/unitree_go:/home/unitree/go2_ros2_ws/install/unitree_api:/home/unitree/go2_ros2_ws/install/go2_perception:/home/unitree/cyclonedds_ws/install/rmw_cyclonedds_cpp:/home/unitree/cyclonedds_ws/install/cyclonedds:/opt/ros/foxy LD_LIBRARY_PATH=/home/unitree/go2_ros2_ws/install/go2_sport_api/lib:/home/unitree/go2_ros2_ws/install/unitree_go/lib:/home/unitree/go2_ros2_ws/install/unitree_api/lib:/home/unitree/go2_ros2_ws/install/go2_perception/lib:${LD_LIBRARY_PATH} PYTHONPATH=/home/unitree/go2_ros2_ws/install/go2_core/lib/python3.8/site-packages:/home/unitree/go2_ros2_ws/install/unitree_go/lib/python3.8/site-packages:/home/unitree/go2_ros2_ws/install/unitree_api/lib/python3.8/site-packages:/home/unitree/go2_ros2_ws/install/go2_perception/lib/python3.8/site-packages:${PYTHONPATH} /usr/bin/cmake --install /home/unitree/go2_ros2_ws/build/go2_navigation
[2.844s] -- Install configuration: ""
[2.844s] -- Installing: /home/unitree/go2_ros2_ws/install/go2_navigation/share/go2_navigation/environment/pythonpath.sh
[2.845s] -- Installing: /home/unitree/go2_ros2_ws/install/go2_navigation/share/go2_navigation/environment/pythonpath.dsv
[2.845s] -- Installing: /home/unitree/go2_ros2_ws/install/go2_navigation/lib/python3.8/site-packages/go2_navigation
[2.845s] -- Installing: /home/unitree/go2_ros2_ws/install/go2_navigation/lib/python3.8/site-packages/go2_navigation/publish_initial_pose.py
[2.846s] -- Installing: /home/unitree/go2_ros2_ws/install/go2_navigation/lib/python3.8/site-packages/go2_navigation/auto_global_localizer.py
[2.846s] -- Installing: /home/unitree/go2_ros2_ws/install/go2_navigation/lib/python3.8/site-packages/go2_navigation/save_map_and_pose.py
[2.847s] -- Installing: /home/unitree/go2_ros2_ws/install/go2_navigation/lib/python3.8/site-packages/go2_navigation/__init__.py
[2.847s] -- Installing: /home/unitree/go2_ros2_ws/install/go2_navigation/lib/python3.8/site-packages/go2_navigation/tcp_client_standalone.py
[2.847s] -- Installing: /home/unitree/go2_ros2_ws/install/go2_navigation/lib/python3.8/site-packages/go2_navigation/navigation_command_tcpbridge.py
[2.848s] -- Installing: /home/unitree/go2_ros2_ws/install/go2_navigation/lib/python3.8/site-packages/go2_navigation/go2_dashboard.py
[2.923s] Listing '/home/unitree/go2_ros2_ws/install/go2_navigation/lib/python3.8/site-packages/go2_navigation'...
[2.923s] Compiling '/home/unitree/go2_ros2_ws/install/go2_navigation/lib/python3.8/site-packages/go2_navigation/__init__.py'...
[2.923s] Compiling '/home/unitree/go2_ros2_ws/install/go2_navigation/lib/python3.8/site-packages/go2_navigation/auto_global_localizer.py'...
[2.923s] Compiling '/home/unitree/go2_ros2_ws/install/go2_navigation/lib/python3.8/site-packages/go2_navigation/go2_dashboard.py'...
[2.924s] Compiling '/home/unitree/go2_ros2_ws/install/go2_navigation/lib/python3.8/site-packages/go2_navigation/navigation_command_tcpbridge.py'...
[2.924s] Compiling '/home/unitree/go2_ros2_ws/install/go2_navigation/lib/python3.8/site-packages/go2_navigation/publish_initial_pose.py'...
[2.924s] Compiling '/home/unitree/go2_ros2_ws/install/go2_navigation/lib/python3.8/site-packages/go2_navigation/save_map_and_pose.py'...
[2.924s] Compiling '/home/unitree/go2_ros2_ws/install/go2_navigation/lib/python3.8/site-packages/go2_navigation/tcp_client_standalone.py'...
[2.933s] -- Installing: /home/unitree/go2_ros2_ws/install/go2_navigation/share/go2_navigation/config
[2.934s] -- Installing: /home/unitree/go2_ros2_ws/install/go2_navigation/share/go2_navigation/config/nav2_params.yaml
[2.934s] -- Installing: /home/unitree/go2_ros2_ws/install/go2_navigation/share/go2_navigation/config/nav2_params.yaml.bak.20260710_190854
[2.934s] -- Installing: /home/unitree/go2_ros2_ws/install/go2_navigation/share/go2_navigation/config/nav2_params.yaml.bak.20260710_190824
[2.935s] -- Installing: /home/unitree/go2_ros2_ws/install/go2_navigation/share/go2_navigation/config/nav2_params.yaml.bak.20260710_193326
[2.935s] -- Installing: /home/unitree/go2_ros2_ws/install/go2_navigation/share/go2_navigation/launch
[2.936s] -- Installing: /home/unitree/go2_ros2_ws/install/go2_navigation/share/go2_navigation/launch/go2_nav2.launch.py
[2.936s] -- Installing: /home/unitree/go2_ros2_ws/install/go2_navigation/share/go2_navigation/launch/go2_localization_nav.launch.py
[2.937s] -- Installing: /home/unitree/go2_ros2_ws/install/go2_navigation/lib/go2_navigation/auto_global_localizer.py
[2.937s] -- Installing: /home/unitree/go2_ros2_ws/install/go2_navigation/lib/go2_navigation/go2_dashboard.py
[2.938s] -- Installing: /home/unitree/go2_ros2_ws/install/go2_navigation/lib/go2_navigation/save_map_and_pose.py
[2.938s] -- Installing: /home/unitree/go2_ros2_ws/install/go2_navigation/lib/go2_navigation/publish_initial_pose.py
[2.938s] -- Installing: /home/unitree/go2_ros2_ws/install/go2_navigation/lib/go2_navigation/go2_slam_record_session.sh
[2.939s] -- Installing: /home/unitree/go2_ros2_ws/install/go2_navigation/lib/go2_navigation/go2_start_saved_map_nav.sh
[2.939s] -- Installing: /home/unitree/go2_ros2_ws/install/go2_navigation/share/ament_index/resource_index/package_run_dependencies/go2_navigation
[2.940s] -- Installing: /home/unitree/go2_ros2_ws/install/go2_navigation/share/ament_index/resource_index/parent_prefix_path/go2_navigation
[2.940s] -- Installing: /home/unitree/go2_ros2_ws/install/go2_navigation/share/go2_navigation/environment/ament_prefix_path.sh
[2.940s] -- Installing: /home/unitree/go2_ros2_ws/install/go2_navigation/share/go2_navigation/environment/ament_prefix_path.dsv
[2.940s] -- Installing: /home/unitree/go2_ros2_ws/install/go2_navigation/share/go2_navigation/environment/path.sh
[2.941s] -- Installing: /home/unitree/go2_ros2_ws/install/go2_navigation/share/go2_navigation/environment/path.dsv
[2.941s] -- Installing: /home/unitree/go2_ros2_ws/install/go2_navigation/share/go2_navigation/local_setup.bash
[2.941s] -- Installing: /home/unitree/go2_ros2_ws/install/go2_navigation/share/go2_navigation/local_setup.sh
[2.942s] -- Installing: /home/unitree/go2_ros2_ws/install/go2_navigation/share/go2_navigation/local_setup.zsh
[2.942s] -- Installing: /home/unitree/go2_ros2_ws/install/go2_navigation/share/go2_navigation/local_setup.dsv
[2.942s] -- Installing: /home/unitree/go2_ros2_ws/install/go2_navigation/share/go2_navigation/package.dsv
[2.943s] -- Installing: /home/unitree/go2_ros2_ws/install/go2_navigation/share/ament_index/resource_index/packages/go2_navigation
[2.943s] -- Installing: /home/unitree/go2_ros2_ws/install/go2_navigation/share/go2_navigation/cmake/go2_navigationConfig.cmake
[2.943s] -- Installing: /home/unitree/go2_ros2_ws/install/go2_navigation/share/go2_navigation/cmake/go2_navigationConfig-version.cmake
[2.943s] -- Installing: /home/unitree/go2_ros2_ws/install/go2_navigation/share/go2_navigation/package.xml
[2.948s] Invoked command in '/home/unitree/go2_ros2_ws/build/go2_navigation' returned '0': AMENT_PREFIX_PATH=/home/unitree/go2_ros2_ws/install/go2_core:/home/unitree/go2_ros2_ws/install/go2_sport_api:/home/unitree/go2_ros2_ws/install/unitree_go:/home/unitree/go2_ros2_ws/install/unitree_api:/home/unitree/go2_ros2_ws/install/go2_perception:${AMENT_PREFIX_PATH} CMAKE_PREFIX_PATH=/home/unitree/go2_ros2_ws/install/go2_core:/home/unitree/go2_ros2_ws/install/go2_sport_api:/home/unitree/go2_ros2_ws/install/unitree_go:/home/unitree/go2_ros2_ws/install/unitree_api:/home/unitree/go2_ros2_ws/install/go2_perception:/home/unitree/cyclonedds_ws/install/rmw_cyclonedds_cpp:/home/unitree/cyclonedds_ws/install/cyclonedds:/opt/ros/foxy LD_LIBRARY_PATH=/home/unitree/go2_ros2_ws/install/go2_sport_api/lib:/home/unitree/go2_ros2_ws/install/unitree_go/lib:/home/unitree/go2_ros2_ws/install/unitree_api/lib:/home/unitree/go2_ros2_ws/install/go2_perception/lib:${LD_LIBRARY_PATH} PYTHONPATH=/home/unitree/go2_ros2_ws/install/go2_core/lib/python3.8/site-packages:/home/unitree/go2_ros2_ws/install/unitree_go/lib/python3.8/site-packages:/home/unitree/go2_ros2_ws/install/unitree_api/lib/python3.8/site-packages:/home/unitree/go2_ros2_ws/install/go2_perception/lib/python3.8/site-packages:${PYTHONPATH} /usr/bin/cmake --install /home/unitree/go2_ros2_ws/build/go2_navigation
