[0.463s] Invoking command in '/home/unitree/go2_ros2_ws/build/go2_navigation': CMAKE_PREFIX_PATH=/home/unitree/go2_ros2_ws/install/go2_core:/home/unitree/go2_ros2_ws/install/go2_sport_api:/home/unitree/go2_ros2_ws/install/unitree_go:/home/unitree/go2_ros2_ws/install/unitree_api:/home/unitree/go2_ros2_ws/install/go2_perception:/home/unitree/go2_ros2_ws/install/go2_navigation:/home/unitree/go2_ros2_ws/install/go2_slam:/home/unitree/go2_ros2_ws/install/go2_h264_repub:/home/unitree/cyclonedds_ws/install/rmw_cyclonedds_cpp:/home/unitree/cyclonedds_ws/install/cyclonedds:/opt/ros/foxy PYTHONPATH=/home/unitree/go2_ros2_ws/install/go2_core/lib/python3.8/site-packages:/home/unitree/go2_ros2_ws/install/unitree_go/lib/python3.8/site-packages:/home/unitree/go2_ros2_ws/install/unitree_api/lib/python3.8/site-packages:/home/unitree/go2_ros2_ws/install/go2_perception/lib/python3.8/site-packages:/home/unitree/go2_ros2_ws/install/go2_navigation/lib/python3.8/site-packages:/opt/ros/foxy/lib/python3.8/site-packages /usr/bin/cmake --build /home/unitree/go2_ros2_ws/build/go2_navigation -- -j6 -l6
[0.520s] -- Found ament_cmake: 0.9.12 (/opt/ros/foxy/share/ament_cmake/cmake)
[0.568s] -- Using PYTHON_EXECUTABLE: /usr/bin/python3
[0.985s] -- Found ament_lint_auto: 0.9.8 (/opt/ros/foxy/share/ament_lint_auto/cmake)
[1.127s] -- Added test 'copyright' to check source files copyright and LICENSE
[1.130s] -- Added test 'flake8' to check Python code syntax and style conventions
[1.131s] -- Added test 'lint_cmake' to check CMake code style
[1.132s] -- Added test 'pep257' to check Python code against some of the style conventions in PEP 257
[1.134s] -- Added test 'xmllint' to check XML markup files
[1.137s] -- Configuring done
[1.141s] -- Generating done
[1.143s] -- Build files have been written to: /home/unitree/go2_ros2_ws/build/go2_navigation
[1.197s] Invoked command in '/home/unitree/go2_ros2_ws/build/go2_navigation' returned '0': CMAKE_PREFIX_PATH=/home/unitree/go2_ros2_ws/install/go2_core:/home/unitree/go2_ros2_ws/install/go2_sport_api:/home/unitree/go2_ros2_ws/install/unitree_go:/home/unitree/go2_ros2_ws/install/unitree_api:/home/unitree/go2_ros2_ws/install/go2_perception:/home/unitree/go2_ros2_ws/install/go2_navigation:/home/unitree/go2_ros2_ws/install/go2_slam:/home/unitree/go2_ros2_ws/install/go2_h264_repub:/home/unitree/cyclonedds_ws/install/rmw_cyclonedds_cpp:/home/unitree/cyclonedds_ws/install/cyclonedds:/opt/ros/foxy PYTHONPATH=/home/unitree/go2_ros2_ws/install/go2_core/lib/python3.8/site-packages:/home/unitree/go2_ros2_ws/install/unitree_go/lib/python3.8/site-packages:/home/unitree/go2_ros2_ws/install/unitree_api/lib/python3.8/site-packages:/home/unitree/go2_ros2_ws/install/go2_perception/lib/python3.8/site-packages:/home/unitree/go2_ros2_ws/install/go2_navigation/lib/python3.8/site-packages:/opt/ros/foxy/lib/python3.8/site-packages /usr/bin/cmake --build /home/unitree/go2_ros2_ws/build/go2_navigation -- -j6 -l6
[1.255s] Invoking command in '/home/unitree/go2_ros2_ws/build/go2_navigation': CMAKE_PREFIX_PATH=/home/unitree/go2_ros2_ws/install/go2_core:/home/unitree/go2_ros2_ws/install/go2_sport_api:/home/unitree/go2_ros2_ws/install/unitree_go:/home/unitree/go2_ros2_ws/install/unitree_api:/home/unitree/go2_ros2_ws/install/go2_perception:/home/unitree/go2_ros2_ws/install/go2_navigation:/home/unitree/go2_ros2_ws/install/go2_slam:/home/unitree/go2_ros2_ws/install/go2_h264_repub:/home/unitree/cyclonedds_ws/install/rmw_cyclonedds_cpp:/home/unitree/cyclonedds_ws/install/cyclonedds:/opt/ros/foxy PYTHONPATH=/home/unitree/go2_ros2_ws/install/go2_core/lib/python3.8/site-packages:/home/unitree/go2_ros2_ws/install/unitree_go/lib/python3.8/site-packages:/home/unitree/go2_ros2_ws/install/unitree_api/lib/python3.8/site-packages:/home/unitree/go2_ros2_ws/install/go2_perception/lib/python3.8/site-packages:/home/unitree/go2_ros2_ws/install/go2_navigation/lib/python3.8/site-packages:/opt/ros/foxy/lib/python3.8/site-packages /usr/bin/cmake --install /home/unitree/go2_ros2_ws/build/go2_navigation
[1.276s] -- Install configuration: ""
[1.277s] -- Up-to-date: /home/unitree/go2_ros2_ws/install/go2_navigation/share/go2_navigation/environment/pythonpath.sh
[1.277s] -- Installing: /home/unitree/go2_ros2_ws/install/go2_navigation/share/go2_navigation/environment/pythonpath.dsv
[1.277s] -- Up-to-date: /home/unitree/go2_ros2_ws/install/go2_navigation/lib/python3.8/site-packages/go2_navigation
[1.277s] -- Installing: /home/unitree/go2_ros2_ws/install/go2_navigation/lib/python3.8/site-packages/go2_navigation/publish_initial_pose.py
[1.278s] -- Up-to-date: /home/unitree/go2_ros2_ws/install/go2_navigation/lib/python3.8/site-packages/go2_navigation/auto_global_localizer.py
[1.278s] -- Installing: /home/unitree/go2_ros2_ws/install/go2_navigation/lib/python3.8/site-packages/go2_navigation/save_map_and_pose.py
[1.278s] -- Up-to-date: /home/unitree/go2_ros2_ws/install/go2_navigation/lib/python3.8/site-packages/go2_navigation/__init__.py
[1.278s] -- Up-to-date: /home/unitree/go2_ros2_ws/install/go2_navigation/lib/python3.8/site-packages/go2_navigation/tcp_client_standalone.py
[1.278s] -- Up-to-date: /home/unitree/go2_ros2_ws/install/go2_navigation/lib/python3.8/site-packages/go2_navigation/navigation_command_tcpbridge.py
[1.346s] Listing '/home/unitree/go2_ros2_ws/install/go2_navigation/lib/python3.8/site-packages/go2_navigation'...
[1.346s] Compiling '/home/unitree/go2_ros2_ws/install/go2_navigation/lib/python3.8/site-packages/go2_navigation/publish_initial_pose.py'...
[1.347s] Compiling '/home/unitree/go2_ros2_ws/install/go2_navigation/lib/python3.8/site-packages/go2_navigation/save_map_and_pose.py'...
[1.356s] -- Up-to-date: /home/unitree/go2_ros2_ws/install/go2_navigation/share/go2_navigation/config
[1.357s] -- Installing: /home/unitree/go2_ros2_ws/install/go2_navigation/share/go2_navigation/config/nav2_params.yaml
[1.357s] -- Up-to-date: /home/unitree/go2_ros2_ws/install/go2_navigation/share/go2_navigation/launch
[1.357s] -- Up-to-date: /home/unitree/go2_ros2_ws/install/go2_navigation/share/go2_navigation/launch/go2_nav2.launch.py
[1.357s] -- Installing: /home/unitree/go2_ros2_ws/install/go2_navigation/share/go2_navigation/launch/go2_localization_nav.launch.py
[1.358s] -- Up-to-date: /home/unitree/go2_ros2_ws/install/go2_navigation/lib/go2_navigation/auto_global_localizer.py
[1.358s] -- Installing: /home/unitree/go2_ros2_ws/install/go2_navigation/lib/go2_navigation/save_map_and_pose.py
[1.358s] -- Installing: /home/unitree/go2_ros2_ws/install/go2_navigation/lib/go2_navigation/publish_initial_pose.py
[1.358s] -- Installing: /home/unitree/go2_ros2_ws/install/go2_navigation/lib/go2_navigation/go2_slam_record_session.sh
[1.358s] -- Installing: /home/unitree/go2_ros2_ws/install/go2_navigation/lib/go2_navigation/go2_start_saved_map_nav.sh
[1.359s] -- Installing: /home/unitree/go2_ros2_ws/install/go2_navigation/share/ament_index/resource_index/package_run_dependencies/go2_navigation
[1.359s] -- Up-to-date: /home/unitree/go2_ros2_ws/install/go2_navigation/share/ament_index/resource_index/parent_prefix_path/go2_navigation
[1.359s] -- Up-to-date: /home/unitree/go2_ros2_ws/install/go2_navigation/share/go2_navigation/environment/ament_prefix_path.sh
[1.359s] -- Installing: /home/unitree/go2_ros2_ws/install/go2_navigation/share/go2_navigation/environment/ament_prefix_path.dsv
[1.360s] -- Up-to-date: /home/unitree/go2_ros2_ws/install/go2_navigation/share/go2_navigation/environment/path.sh
[1.360s] -- Installing: /home/unitree/go2_ros2_ws/install/go2_navigation/share/go2_navigation/environment/path.dsv
[1.360s] -- Up-to-date: /home/unitree/go2_ros2_ws/install/go2_navigation/share/go2_navigation/local_setup.bash
[1.360s] -- Up-to-date: /home/unitree/go2_ros2_ws/install/go2_navigation/share/go2_navigation/local_setup.sh
[1.360s] -- Up-to-date: /home/unitree/go2_ros2_ws/install/go2_navigation/share/go2_navigation/local_setup.zsh
[1.360s] -- Installing: /home/unitree/go2_ros2_ws/install/go2_navigation/share/go2_navigation/local_setup.dsv
[1.362s] -- Installing: /home/unitree/go2_ros2_ws/install/go2_navigation/share/go2_navigation/package.dsv
[1.362s] -- Up-to-date: /home/unitree/go2_ros2_ws/install/go2_navigation/share/ament_index/resource_index/packages/go2_navigation
[1.362s] -- Up-to-date: /home/unitree/go2_ros2_ws/install/go2_navigation/share/go2_navigation/cmake/go2_navigationConfig.cmake
[1.363s] -- Up-to-date: /home/unitree/go2_ros2_ws/install/go2_navigation/share/go2_navigation/cmake/go2_navigationConfig-version.cmake
[1.363s] -- Installing: /home/unitree/go2_ros2_ws/install/go2_navigation/share/go2_navigation/package.xml
[1.367s] Invoked command in '/home/unitree/go2_ros2_ws/build/go2_navigation' returned '0': CMAKE_PREFIX_PATH=/home/unitree/go2_ros2_ws/install/go2_core:/home/unitree/go2_ros2_ws/install/go2_sport_api:/home/unitree/go2_ros2_ws/install/unitree_go:/home/unitree/go2_ros2_ws/install/unitree_api:/home/unitree/go2_ros2_ws/install/go2_perception:/home/unitree/go2_ros2_ws/install/go2_navigation:/home/unitree/go2_ros2_ws/install/go2_slam:/home/unitree/go2_ros2_ws/install/go2_h264_repub:/home/unitree/cyclonedds_ws/install/rmw_cyclonedds_cpp:/home/unitree/cyclonedds_ws/install/cyclonedds:/opt/ros/foxy PYTHONPATH=/home/unitree/go2_ros2_ws/install/go2_core/lib/python3.8/site-packages:/home/unitree/go2_ros2_ws/install/unitree_go/lib/python3.8/site-packages:/home/unitree/go2_ros2_ws/install/unitree_api/lib/python3.8/site-packages:/home/unitree/go2_ros2_ws/install/go2_perception/lib/python3.8/site-packages:/home/unitree/go2_ros2_ws/install/go2_navigation/lib/python3.8/site-packages:/opt/ros/foxy/lib/python3.8/site-packages /usr/bin/cmake --install /home/unitree/go2_ros2_ws/build/go2_navigation
