[0.426s] Invoking command in '/home/unitree/go2_ros2_ws/build/go2_perception': CMAKE_PREFIX_PATH=${CMAKE_PREFIX_PATH}:/opt/ros/foxy /usr/bin/cmake /home/unitree/go2_ros2_ws/src/go2_ros2_toolbox/go2_perception -DCMAKE_INSTALL_PREFIX=/home/unitree/go2_ros2_ws/install/go2_perception
[0.554s] -- The C compiler identification is GNU 9.4.0
[0.657s] -- The CXX compiler identification is GNU 9.4.0
[0.665s] -- Check for working C compiler: /usr/bin/cc
[0.812s] -- Check for working C compiler: /usr/bin/cc -- works
[0.815s] -- Detecting C compiler ABI info
[0.972s] -- Detecting C compiler ABI info - done
[1.005s] -- Detecting C compile features
[1.006s] -- Detecting C compile features - done
[1.012s] -- Check for working CXX compiler: /usr/bin/c++
[1.180s] -- Check for working CXX compiler: /usr/bin/c++ -- works
[1.183s] -- Detecting CXX compiler ABI info
[1.358s] -- Detecting CXX compiler ABI info - done
[1.392s] -- Detecting CXX compile features
[1.393s] -- Detecting CXX compile features - done
[1.400s] -- Found ament_cmake: 0.9.12 (/opt/ros/foxy/share/ament_cmake/cmake)
[1.455s] -- Found PythonInterp: /usr/bin/python3 (found suitable version "3.8.10", minimum required is "3") 
[1.455s] -- Using PYTHON_EXECUTABLE: /usr/bin/python3
[1.899s] -- Found laser_geometry: 2.2.0 (/opt/ros/foxy/share/laser_geometry/cmake)
[1.919s] -- Found message_filters: 3.2.7 (/opt/ros/foxy/share/message_filters/cmake)
[1.925s] -- Found rclcpp: 2.4.3 (/opt/ros/foxy/share/rclcpp/cmake)
[2.022s] -- Using all available rosidl_typesupport_c: rosidl_typesupport_fastrtps_c;rosidl_typesupport_introspection_c
[2.037s] -- Found rosidl_adapter: 1.3.1 (/opt/ros/foxy/share/rosidl_adapter/cmake)
[2.246s] -- Found OpenSSL: /usr/lib/aarch64-linux-gnu/libcrypto.so (found version "1.1.1f")  
[2.313s] -- Found FastRTPS: /opt/ros/foxy/include  
[2.482s] -- Using all available rosidl_typesupport_cpp: rosidl_typesupport_fastrtps_cpp;rosidl_typesupport_introspection_cpp
[2.595s] -- Found rmw_implementation_cmake: 1.0.4 (/opt/ros/foxy/share/rmw_implementation_cmake/cmake)
[2.598s] -- Using RMW implementation 'rmw_cyclonedds_cpp' as default
[2.600s] -- Looking for pthread.h
[2.752s] -- Looking for pthread.h - found
[2.753s] -- Performing Test CMAKE_HAVE_LIBC_PTHREAD
[2.911s] -- Performing Test CMAKE_HAVE_LIBC_PTHREAD - Failed
[2.911s] -- Looking for pthread_create in pthreads
[3.056s] -- Looking for pthread_create in pthreads - not found
[3.057s] -- Looking for pthread_create in pthread
[3.219s] -- Looking for pthread_create in pthread - found
[3.223s] -- Found Threads: TRUE  
[3.527s] -- Found rclcpp_components: 2.4.3 (/opt/ros/foxy/share/rclcpp_components/cmake)
[3.642s] -- Found sensor_msgs: 2.0.5 (/opt/ros/foxy/share/sensor_msgs/cmake)
[3.856s] -- Found tf2: 0.13.14 (/opt/ros/foxy/share/tf2/cmake)
[3.876s] -- Found tf2_ros: 0.13.14 (/opt/ros/foxy/share/tf2_ros/cmake)
[4.374s] -- Found tf2_sensor_msgs: 0.13.14 (/opt/ros/foxy/share/tf2_sensor_msgs/cmake)
[4.508s] -- Found ament_lint_auto: 0.9.8 (/opt/ros/foxy/share/ament_lint_auto/cmake)
[4.669s] -- Added test 'copyright' to check source files copyright and LICENSE
[4.672s] -- Added test 'cppcheck' to perform static code analysis on C / C++ code
[4.672s] -- Configured cppcheck include dirs: /home/unitree/go2_ros2_ws/src/go2_ros2_toolbox/go2_perception/include
[4.673s] -- Configured cppcheck exclude dirs and/or files: 
[4.675s] -- Added test 'cpplint' to check C / C++ code against the Google style
[4.675s] -- Configured cpplint exclude dirs and/or files: 
[4.676s] -- Added test 'flake8' to check Python code syntax and style conventions
[4.677s] -- Added test 'lint_cmake' to check CMake code style
[4.678s] -- Added test 'pep257' to check Python code against some of the style conventions in PEP 257
[4.680s] -- Added test 'uncrustify' to check C / C++ code style
[4.681s] -- Configured uncrustify additional arguments: 
[4.682s] -- Added test 'xmllint' to check XML markup files
[4.691s] -- Configuring done
[4.739s] -- Generating done
[4.742s] -- Build files have been written to: /home/unitree/go2_ros2_ws/build/go2_perception
[4.772s] Invoked command in '/home/unitree/go2_ros2_ws/build/go2_perception' returned '0': CMAKE_PREFIX_PATH=${CMAKE_PREFIX_PATH}:/opt/ros/foxy /usr/bin/cmake /home/unitree/go2_ros2_ws/src/go2_ros2_toolbox/go2_perception -DCMAKE_INSTALL_PREFIX=/home/unitree/go2_ros2_ws/install/go2_perception
[4.781s] Invoking command in '/home/unitree/go2_ros2_ws/build/go2_perception': CMAKE_PREFIX_PATH=${CMAKE_PREFIX_PATH}:/opt/ros/foxy /usr/bin/cmake --build /home/unitree/go2_ros2_ws/build/go2_perception -- -j6 -l6
[4.877s] [35m[1mScanning dependencies of target cloud_accumulation[0m
[4.877s] [35m[1mScanning dependencies of target pointcloud_to_laserscan_node[0m
[4.877s] [35m[1mScanning dependencies of target pointcloud_to_laserscan[0m
[4.954s] [ 16%] [32mBuilding CXX object CMakeFiles/cloud_accumulation.dir/src/cloud_accumulation.cpp.o[0m
[4.955s] [ 33%] [32mBuilding CXX object CMakeFiles/pointcloud_to_laserscan_node.dir/rclcpp_components/node_main_pointcloud_to_laserscan_node.cpp.o[0m
[5.016s] [ 50%] [32mBuilding CXX object CMakeFiles/pointcloud_to_laserscan.dir/src/pointcloud_to_laserscan_node.cpp.o[0m
[10.318s] [ 66%] [32m[1mLinking CXX executable pointcloud_to_laserscan_node[0m
[10.595s] [ 66%] Built target pointcloud_to_laserscan_node
[16.890s] [ 83%] [32m[1mLinking CXX executable cloud_accumulation[0m
[17.437s] [ 83%] Built target cloud_accumulation
[27.418s] [100%] [32m[1mLinking CXX shared library libpointcloud_to_laserscan.so[0m
[28.365s] [100%] Built target pointcloud_to_laserscan
[28.392s] Invoked command in '/home/unitree/go2_ros2_ws/build/go2_perception' returned '0': CMAKE_PREFIX_PATH=${CMAKE_PREFIX_PATH}:/opt/ros/foxy /usr/bin/cmake --build /home/unitree/go2_ros2_ws/build/go2_perception -- -j6 -l6
[28.489s] Invoking command in '/home/unitree/go2_ros2_ws/build/go2_perception': CMAKE_PREFIX_PATH=${CMAKE_PREFIX_PATH}:/opt/ros/foxy /usr/bin/cmake --install /home/unitree/go2_ros2_ws/build/go2_perception
[28.511s] -- Install configuration: ""
[28.511s] -- Installing: /home/unitree/go2_ros2_ws/install/go2_perception/lib/go2_perception/pointcloud_to_laserscan_node
[28.512s] -- Set runtime path of "/home/unitree/go2_ros2_ws/install/go2_perception/lib/go2_perception/pointcloud_to_laserscan_node" to ""
[28.513s] -- Installing: /home/unitree/go2_ros2_ws/install/go2_perception/lib/libpointcloud_to_laserscan.so
[28.524s] -- Set runtime path of "/home/unitree/go2_ros2_ws/install/go2_perception/lib/libpointcloud_to_laserscan.so" to ""
[28.525s] -- Installing: /home/unitree/go2_ros2_ws/install/go2_perception/lib/go2_perception/cloud_accumulation
[28.529s] -- Set runtime path of "/home/unitree/go2_ros2_ws/install/go2_perception/lib/go2_perception/cloud_accumulation" to ""
[28.529s] -- Installing: /home/unitree/go2_ros2_ws/install/go2_perception/share/go2_perception/launch
[28.530s] -- Installing: /home/unitree/go2_ros2_ws/install/go2_perception/share/go2_perception/launch/go2_pointcloud_process.launch.py.bak.20260710_193313
[28.530s] -- Installing: /home/unitree/go2_ros2_ws/install/go2_perception/share/go2_perception/launch/go2_pointcloud_process.launch.py
[28.530s] -- Installing: /home/unitree/go2_ros2_ws/install/go2_perception/share/go2_perception/environment/pythonpath.sh
[28.531s] -- Installing: /home/unitree/go2_ros2_ws/install/go2_perception/share/go2_perception/environment/pythonpath.dsv
[28.531s] -- Installing: /home/unitree/go2_ros2_ws/install/go2_perception/lib/python3.8/site-packages/go2_perception
[28.531s] -- Installing: /home/unitree/go2_ros2_ws/install/go2_perception/lib/python3.8/site-packages/go2_perception/__init__.py
[28.593s] Listing '/home/unitree/go2_ros2_ws/install/go2_perception/lib/python3.8/site-packages/go2_perception'...
[28.594s] Compiling '/home/unitree/go2_ros2_ws/install/go2_perception/lib/python3.8/site-packages/go2_perception/__init__.py'...
[28.604s] -- Installing: /home/unitree/go2_ros2_ws/install/go2_perception/share/ament_index/resource_index/package_run_dependencies/go2_perception
[28.604s] -- Installing: /home/unitree/go2_ros2_ws/install/go2_perception/share/ament_index/resource_index/parent_prefix_path/go2_perception
[28.605s] -- Installing: /home/unitree/go2_ros2_ws/install/go2_perception/share/go2_perception/environment/ament_prefix_path.sh
[28.605s] -- Installing: /home/unitree/go2_ros2_ws/install/go2_perception/share/go2_perception/environment/ament_prefix_path.dsv
[28.605s] -- Installing: /home/unitree/go2_ros2_ws/install/go2_perception/share/go2_perception/environment/path.sh
[28.606s] -- Installing: /home/unitree/go2_ros2_ws/install/go2_perception/share/go2_perception/environment/path.dsv
[28.606s] -- Installing: /home/unitree/go2_ros2_ws/install/go2_perception/share/go2_perception/local_setup.bash
[28.606s] -- Installing: /home/unitree/go2_ros2_ws/install/go2_perception/share/go2_perception/local_setup.sh
[28.607s] -- Installing: /home/unitree/go2_ros2_ws/install/go2_perception/share/go2_perception/local_setup.zsh
[28.607s] -- Installing: /home/unitree/go2_ros2_ws/install/go2_perception/share/go2_perception/local_setup.dsv
[28.607s] -- Installing: /home/unitree/go2_ros2_ws/install/go2_perception/share/go2_perception/package.dsv
[28.607s] -- Installing: /home/unitree/go2_ros2_ws/install/go2_perception/share/ament_index/resource_index/packages/go2_perception
[28.608s] -- Installing: /home/unitree/go2_ros2_ws/install/go2_perception/share/ament_index/resource_index/rclcpp_components/go2_perception
[28.608s] -- Installing: /home/unitree/go2_ros2_ws/install/go2_perception/share/go2_perception/cmake/go2_perceptionConfig.cmake
[28.608s] -- Installing: /home/unitree/go2_ros2_ws/install/go2_perception/share/go2_perception/cmake/go2_perceptionConfig-version.cmake
[28.609s] -- Installing: /home/unitree/go2_ros2_ws/install/go2_perception/share/go2_perception/package.xml
[28.614s] Invoked command in '/home/unitree/go2_ros2_ws/build/go2_perception' returned '0': CMAKE_PREFIX_PATH=${CMAKE_PREFIX_PATH}:/opt/ros/foxy /usr/bin/cmake --install /home/unitree/go2_ros2_ws/build/go2_perception
