[100%] Built target go2_base
-- Install configuration: ""
-- Up-to-date: /home/unitree/go2_ros2_ws/install/go2_core/share/go2_core/environment/pythonpath.sh
-- Up-to-date: /home/unitree/go2_ros2_ws/install/go2_core/share/go2_core/environment/pythonpath.dsv
-- Up-to-date: /home/unitree/go2_ros2_ws/install/go2_core/lib/python3.8/site-packages/go2_core
-- Up-to-date: /home/unitree/go2_ros2_ws/install/go2_core/lib/python3.8/site-packages/go2_core/video_stream_node.py
-- Up-to-date: /home/unitree/go2_ros2_ws/install/go2_core/lib/python3.8/site-packages/go2_core/__init__.py
Listing '/home/unitree/go2_ros2_ws/install/go2_core/lib/python3.8/site-packages/go2_core'...
-- Up-to-date: /home/unitree/go2_ros2_ws/install/go2_core/lib/go2_core/go2_base
-- Up-to-date: /home/unitree/go2_ros2_ws/install/go2_core/lib/go2_core/video_stream_node.py
-- Up-to-date: /home/unitree/go2_ros2_ws/install/go2_core/share/go2_core/launch
-- Up-to-date: /home/unitree/go2_ros2_ws/install/go2_core/share/go2_core/launch/go2_base.launch.py
-- Up-to-date: /home/unitree/go2_ros2_ws/install/go2_core/share/go2_core/launch/go2_startup.launch.py
-- Up-to-date: /home/unitree/go2_ros2_ws/install/go2_core/share/go2_core/config
-- Up-to-date: /home/unitree/go2_ros2_ws/install/go2_core/share/go2_core/config/default.rviz
-- Up-to-date: /home/unitree/go2_ros2_ws/install/go2_core/share/ament_index/resource_index/package_run_dependencies/go2_core
-- Up-to-date: /home/unitree/go2_ros2_ws/install/go2_core/share/ament_index/resource_index/parent_prefix_path/go2_core
-- Up-to-date: /home/unitree/go2_ros2_ws/install/go2_core/share/go2_core/environment/ament_prefix_path.sh
-- Up-to-date: /home/unitree/go2_ros2_ws/install/go2_core/share/go2_core/environment/ament_prefix_path.dsv
-- Up-to-date: /home/unitree/go2_ros2_ws/install/go2_core/share/go2_core/environment/path.sh
-- Up-to-date: /home/unitree/go2_ros2_ws/install/go2_core/share/go2_core/environment/path.dsv
-- Up-to-date: /home/unitree/go2_ros2_ws/install/go2_core/share/go2_core/local_setup.bash
-- Up-to-date: /home/unitree/go2_ros2_ws/install/go2_core/share/go2_core/local_setup.sh
-- Up-to-date: /home/unitree/go2_ros2_ws/install/go2_core/share/go2_core/local_setup.zsh
-- Up-to-date: /home/unitree/go2_ros2_ws/install/go2_core/share/go2_core/local_setup.dsv
-- Installing: /home/unitree/go2_ros2_ws/install/go2_core/share/go2_core/package.dsv
-- Up-to-date: /home/unitree/go2_ros2_ws/install/go2_core/share/ament_index/resource_index/packages/go2_core
-- Up-to-date: /home/unitree/go2_ros2_ws/install/go2_core/share/go2_core/cmake/go2_coreConfig.cmake
-- Up-to-date: /home/unitree/go2_ros2_ws/install/go2_core/share/go2_core/cmake/go2_coreConfig-version.cmake
-- Up-to-date: /home/unitree/go2_ros2_ws/install/go2_core/share/go2_core/package.xml
