[0.424s] Invoking command in '/home/unitree/go2_ros2_ws/build/go2_core': CMAKE_PREFIX_PATH=/home/unitree/go2_ros2_ws/install/go2_sport_api:/home/unitree/go2_ros2_ws/install/unitree_go:/home/unitree/go2_ros2_ws/install/unitree_api:/home/unitree/go2_ros2_ws/install/go2_navigation:/home/unitree/go2_ros2_ws/install/go2_core:/home/unitree/go2_ros2_ws/install/go2_slam:/home/unitree/go2_ros2_ws/install/go2_perception:/home/unitree/go2_ros2_ws/install/go2_h264_repub:/home/unitree/cyclonedds_ws/install/rmw_cyclonedds_cpp:/home/unitree/cyclonedds_ws/install/cyclonedds:/opt/ros/foxy PYTHONPATH=/home/unitree/go2_ros2_ws/install/unitree_go/lib/python3.8/site-packages:/home/unitree/go2_ros2_ws/install/unitree_api/lib/python3.8/site-packages:/home/unitree/go2_ros2_ws/install/go2_navigation/lib/python3.8/site-packages:/home/unitree/go2_ros2_ws/install/go2_core/lib/python3.8/site-packages:/home/unitree/go2_ros2_ws/install/go2_perception/lib/python3.8/site-packages:/opt/ros/foxy/lib/python3.8/site-packages /usr/bin/cmake --build /home/unitree/go2_ros2_ws/build/go2_core -- -j6 -l6
[0.580s] [100%] Built target go2_base
[0.609s] Invoked command in '/home/unitree/go2_ros2_ws/build/go2_core' returned '0': CMAKE_PREFIX_PATH=/home/unitree/go2_ros2_ws/install/go2_sport_api:/home/unitree/go2_ros2_ws/install/unitree_go:/home/unitree/go2_ros2_ws/install/unitree_api:/home/unitree/go2_ros2_ws/install/go2_navigation:/home/unitree/go2_ros2_ws/install/go2_core:/home/unitree/go2_ros2_ws/install/go2_slam:/home/unitree/go2_ros2_ws/install/go2_perception:/home/unitree/go2_ros2_ws/install/go2_h264_repub:/home/unitree/cyclonedds_ws/install/rmw_cyclonedds_cpp:/home/unitree/cyclonedds_ws/install/cyclonedds:/opt/ros/foxy PYTHONPATH=/home/unitree/go2_ros2_ws/install/unitree_go/lib/python3.8/site-packages:/home/unitree/go2_ros2_ws/install/unitree_api/lib/python3.8/site-packages:/home/unitree/go2_ros2_ws/install/go2_navigation/lib/python3.8/site-packages:/home/unitree/go2_ros2_ws/install/go2_core/lib/python3.8/site-packages:/home/unitree/go2_ros2_ws/install/go2_perception/lib/python3.8/site-packages:/opt/ros/foxy/lib/python3.8/site-packages /usr/bin/cmake --build /home/unitree/go2_ros2_ws/build/go2_core -- -j6 -l6
[0.678s] Invoking command in '/home/unitree/go2_ros2_ws/build/go2_core': CMAKE_PREFIX_PATH=/home/unitree/go2_ros2_ws/install/go2_sport_api:/home/unitree/go2_ros2_ws/install/unitree_go:/home/unitree/go2_ros2_ws/install/unitree_api:/home/unitree/go2_ros2_ws/install/go2_navigation:/home/unitree/go2_ros2_ws/install/go2_core:/home/unitree/go2_ros2_ws/install/go2_slam:/home/unitree/go2_ros2_ws/install/go2_perception:/home/unitree/go2_ros2_ws/install/go2_h264_repub:/home/unitree/cyclonedds_ws/install/rmw_cyclonedds_cpp:/home/unitree/cyclonedds_ws/install/cyclonedds:/opt/ros/foxy PYTHONPATH=/home/unitree/go2_ros2_ws/install/unitree_go/lib/python3.8/site-packages:/home/unitree/go2_ros2_ws/install/unitree_api/lib/python3.8/site-packages:/home/unitree/go2_ros2_ws/install/go2_navigation/lib/python3.8/site-packages:/home/unitree/go2_ros2_ws/install/go2_core/lib/python3.8/site-packages:/home/unitree/go2_ros2_ws/install/go2_perception/lib/python3.8/site-packages:/opt/ros/foxy/lib/python3.8/site-packages /usr/bin/cmake --install /home/unitree/go2_ros2_ws/build/go2_core
[0.701s] -- Install configuration: ""
[0.702s] -- Up-to-date: /home/unitree/go2_ros2_ws/install/go2_core/share/go2_core/environment/pythonpath.sh
[0.702s] -- Up-to-date: /home/unitree/go2_ros2_ws/install/go2_core/share/go2_core/environment/pythonpath.dsv
[0.702s] -- Up-to-date: /home/unitree/go2_ros2_ws/install/go2_core/lib/python3.8/site-packages/go2_core
[0.703s] -- Up-to-date: /home/unitree/go2_ros2_ws/install/go2_core/lib/python3.8/site-packages/go2_core/video_stream_node.py
[0.703s] -- Up-to-date: /home/unitree/go2_ros2_ws/install/go2_core/lib/python3.8/site-packages/go2_core/__init__.py
[0.762s] Listing '/home/unitree/go2_ros2_ws/install/go2_core/lib/python3.8/site-packages/go2_core'...
[0.774s] -- Up-to-date: /home/unitree/go2_ros2_ws/install/go2_core/lib/go2_core/go2_base
[0.775s] -- Up-to-date: /home/unitree/go2_ros2_ws/install/go2_core/lib/go2_core/video_stream_node.py
[0.775s] -- Up-to-date: /home/unitree/go2_ros2_ws/install/go2_core/share/go2_core/launch
[0.776s] -- Up-to-date: /home/unitree/go2_ros2_ws/install/go2_core/share/go2_core/launch/go2_base.launch.py
[0.776s] -- Up-to-date: /home/unitree/go2_ros2_ws/install/go2_core/share/go2_core/launch/go2_startup.launch.py
[0.776s] -- Up-to-date: /home/unitree/go2_ros2_ws/install/go2_core/share/go2_core/config
[0.777s] -- Up-to-date: /home/unitree/go2_ros2_ws/install/go2_core/share/go2_core/config/default.rviz
[0.777s] -- Up-to-date: /home/unitree/go2_ros2_ws/install/go2_core/share/ament_index/resource_index/package_run_dependencies/go2_core
[0.778s] -- Up-to-date: /home/unitree/go2_ros2_ws/install/go2_core/share/ament_index/resource_index/parent_prefix_path/go2_core
[0.778s] -- Up-to-date: /home/unitree/go2_ros2_ws/install/go2_core/share/go2_core/environment/ament_prefix_path.sh
[0.778s] -- Up-to-date: /home/unitree/go2_ros2_ws/install/go2_core/share/go2_core/environment/ament_prefix_path.dsv
[0.778s] -- Up-to-date: /home/unitree/go2_ros2_ws/install/go2_core/share/go2_core/environment/path.sh
[0.779s] -- Up-to-date: /home/unitree/go2_ros2_ws/install/go2_core/share/go2_core/environment/path.dsv
[0.779s] -- Up-to-date: /home/unitree/go2_ros2_ws/install/go2_core/share/go2_core/local_setup.bash
[0.779s] -- Up-to-date: /home/unitree/go2_ros2_ws/install/go2_core/share/go2_core/local_setup.sh
[0.780s] -- Up-to-date: /home/unitree/go2_ros2_ws/install/go2_core/share/go2_core/local_setup.zsh
[0.780s] -- Up-to-date: /home/unitree/go2_ros2_ws/install/go2_core/share/go2_core/local_setup.dsv
[0.780s] -- Installing: /home/unitree/go2_ros2_ws/install/go2_core/share/go2_core/package.dsv
[0.780s] -- Up-to-date: /home/unitree/go2_ros2_ws/install/go2_core/share/ament_index/resource_index/packages/go2_core
[0.780s] -- Up-to-date: /home/unitree/go2_ros2_ws/install/go2_core/share/go2_core/cmake/go2_coreConfig.cmake
[0.781s] -- Up-to-date: /home/unitree/go2_ros2_ws/install/go2_core/share/go2_core/cmake/go2_coreConfig-version.cmake
[0.781s] -- Up-to-date: /home/unitree/go2_ros2_ws/install/go2_core/share/go2_core/package.xml
[0.785s] Invoked command in '/home/unitree/go2_ros2_ws/build/go2_core' returned '0': CMAKE_PREFIX_PATH=/home/unitree/go2_ros2_ws/install/go2_sport_api:/home/unitree/go2_ros2_ws/install/unitree_go:/home/unitree/go2_ros2_ws/install/unitree_api:/home/unitree/go2_ros2_ws/install/go2_navigation:/home/unitree/go2_ros2_ws/install/go2_core:/home/unitree/go2_ros2_ws/install/go2_slam:/home/unitree/go2_ros2_ws/install/go2_perception:/home/unitree/go2_ros2_ws/install/go2_h264_repub:/home/unitree/cyclonedds_ws/install/rmw_cyclonedds_cpp:/home/unitree/cyclonedds_ws/install/cyclonedds:/opt/ros/foxy PYTHONPATH=/home/unitree/go2_ros2_ws/install/unitree_go/lib/python3.8/site-packages:/home/unitree/go2_ros2_ws/install/unitree_api/lib/python3.8/site-packages:/home/unitree/go2_ros2_ws/install/go2_navigation/lib/python3.8/site-packages:/home/unitree/go2_ros2_ws/install/go2_core/lib/python3.8/site-packages:/home/unitree/go2_ros2_ws/install/go2_perception/lib/python3.8/site-packages:/opt/ros/foxy/lib/python3.8/site-packages /usr/bin/cmake --install /home/unitree/go2_ros2_ws/build/go2_core
